<?xml version="1.0" encoding="UTF-8"?>
<!-- Generated by org.testng.reporters.JUnitXMLReporter -->
<testsuite ignored="0" hostname="LAPTOP-3JRU7OQF" failures="0" tests="6" name="Chrome" time="1.007" errors="0" timestamp="2023-09-28T17:58:30 IST">
  <testcase classname="test.VerifyHeaderOfMainPage" name="@BeforeTest launchBrowser" time="0.943">
    <failure type="org.openqa.selenium.SessionNotCreatedException" message="session not created: This version of ChromeDriver only supports Chrome version 103
Current browser version is 117.0.5938.92 with binary path C:\Program Files\Google\Chrome\Application\chrome.exe
Build info: version: &amp;apos;3.141.59&amp;apos;, revision: &amp;apos;e82be7d358&amp;apos;, time: &amp;apos;2018-11-14T08:17:03&amp;apos;
System info: host: &amp;apos;LAPTOP-3JRU7OQF&amp;apos;, ip: &amp;apos;192.168.1.113&amp;apos;, os.name: &amp;apos;Windows 11&amp;apos;, os.arch: &amp;apos;amd64&amp;apos;, os.version: &amp;apos;10.0&amp;apos;, java.version: &amp;apos;18.0.1.1&amp;apos;
Driver info: driver.version: ChromeDriver
remote stacktrace: Backtrace:
	Ordinal0 [0x00645FD3+2187219]
	Ordinal0 [0x005DE6D1+1763025]
	Ordinal0 [0x004F3E78+802424]
	Ordinal0 [0x005151F9+938489]
	Ordinal0 [0x00510DDC+921052]
	Ordinal0 [0x0050E691+910993]
	Ordinal0 [0x005417F0+1120240]
	Ordinal0 [0x0054144A+1119306]
	Ordinal0 [0x0053C9A6+1100198]
	Ordinal0 [0x00516F80+946048]
	Ordinal0 [0x00517E76+949878]
	GetHandleVerifier [0x008E90C2+2721218]
	GetHandleVerifier [0x008DAAF0+2662384]
	GetHandleVerifier [0x006D137A+526458]
	GetHandleVerifier [0x006D0416+522518]
	Ordinal0 [0x005E4EAB+1789611]
	Ordinal0 [0x005E97A8+1808296]
	Ordinal0 [0x005E9895+1808533]
	Ordinal0 [0x005F26C1+1844929]
	BaseThreadInitThunk [0x76C76839+25]
	RtlGetFullPathName_UEx [0x77538F0F+1215]
	RtlGetFullPathName_UEx [0x77538EDD+1165]
">
      <![CDATA[org.openqa.selenium.SessionNotCreatedException: session not created: This version of ChromeDriver only supports Chrome version 103
Current browser version is 117.0.5938.92 with binary path C:\Program Files\Google\Chrome\Application\chrome.exe
Build info: version: '3.141.59', revision: 'e82be7d358', time: '2018-11-14T08:17:03'
System info: host: 'LAPTOP-3JRU7OQF', ip: '192.168.1.113', os.name: 'Windows 11', os.arch: 'amd64', os.version: '10.0', java.version: '18.0.1.1'
Driver info: driver.version: ChromeDriver
remote stacktrace: Backtrace:
Ordinal0 [0x00645FD3+2187219]
Ordinal0 [0x005DE6D1+1763025]
Ordinal0 [0x004F3E78+802424]
Ordinal0 [0x005151F9+938489]
Ordinal0 [0x00510DDC+921052]
Ordinal0 [0x0050E691+910993]
Ordinal0 [0x005417F0+1120240]
Ordinal0 [0x0054144A+1119306]
Ordinal0 [0x0053C9A6+1100198]
Ordinal0 [0x00516F80+946048]
Ordinal0 [0x00517E76+949878]
GetHandleVerifier [0x008E90C2+2721218]
GetHandleVerifier [0x008DAAF0+2662384]
GetHandleVerifier [0x006D137A+526458]
GetHandleVerifier [0x006D0416+522518]
Ordinal0 [0x005E4EAB+1789611]
Ordinal0 [0x005E97A8+1808296]
Ordinal0 [0x005E9895+1808533]
Ordinal0 [0x005F26C1+1844929]
BaseThreadInitThunk [0x76C76839+25]
RtlGetFullPathName_UEx [0x77538F0F+1215]
RtlGetFullPathName_UEx [0x77538EDD+1165]

at org.openqa.selenium.remote.W3CHandshakeResponse.lambda$errorHandler$0(W3CHandshakeResponse.java:62)
at org.openqa.selenium.remote.HandshakeResponse.lambda$getResponseFunction$0(HandshakeResponse.java:30)
at org.openqa.selenium.remote.ProtocolHandshake.lambda$createSession$0(ProtocolHandshake.java:126)
at java.base/java.util.stream.ReferencePipeline$3$1.accept(ReferencePipeline.java:197)
at java.base/java.util.Spliterators$ArraySpliterator.tryAdvance(Spliterators.java:1002)
at java.base/java.util.stream.ReferencePipeline.forEachWithCancel(ReferencePipeline.java:129)
at java.base/java.util.stream.AbstractPipeline.copyIntoWithCancel(AbstractPipeline.java:527)
at java.base/java.util.stream.AbstractPipeline.copyInto(AbstractPipeline.java:513)
at java.base/java.util.stream.AbstractPipeline.wrapAndCopyInto(AbstractPipeline.java:499)
at java.base/java.util.stream.FindOps$FindOp.evaluateSequential(FindOps.java:150)
at java.base/java.util.stream.AbstractPipeline.evaluate(AbstractPipeline.java:234)
at java.base/java.util.stream.ReferencePipeline.findFirst(ReferencePipeline.java:647)
at org.openqa.selenium.remote.ProtocolHandshake.createSession(ProtocolHandshake.java:128)
at org.openqa.selenium.remote.ProtocolHandshake.createSession(ProtocolHandshake.java:74)
at org.openqa.selenium.remote.HttpCommandExecutor.execute(HttpCommandExecutor.java:136)
at org.openqa.selenium.remote.service.DriverCommandExecutor.execute(DriverCommandExecutor.java:83)
at org.openqa.selenium.remote.RemoteWebDriver.execute(RemoteWebDriver.java:552)
at org.openqa.selenium.remote.RemoteWebDriver.startSession(RemoteWebDriver.java:213)
at org.openqa.selenium.remote.RemoteWebDriver.<init>(RemoteWebDriver.java:131)
at org.openqa.selenium.chrome.ChromeDriver.<init>(ChromeDriver.java:181)
at org.openqa.selenium.chrome.ChromeDriver.<init>(ChromeDriver.java:168)
at org.openqa.selenium.chrome.ChromeDriver.<init>(ChromeDriver.java:123)
at browserSetup.baseBrowser.openChromeBrowser(baseBrowser.java:11)
at test.VerifyHeaderOfMainPage.launchBrowser(VerifyHeaderOfMainPage.java:28)
... Removed 25 stack frames]]>
    </failure>
  </testcase> <!-- @BeforeTest launchBrowser -->
  <testcase classname="test.Verify_Search_MobilePage" name="@BeforeTest launchBrowser" time="-1.695904110465E9">
    <skipped/>
  </testcase> <!-- @BeforeTest launchBrowser -->
  <testcase classname="test.verifyBooksAdvanceSearch" name="@BeforeTest launchBrowser" time="-1.695904110465E9">
    <skipped/>
  </testcase> <!-- @BeforeTest launchBrowser -->
  <testcase classname="test.verifyBooksAdvanceSearch" name="@BeforeClass objectClass" time="-1.695904110483E9">
    <skipped/>
  </testcase> <!-- @BeforeClass objectClass -->
  <testcase classname="test.VerifyHeaderOfMainPage" name="@BeforeClass objectPOMClass" time="-1.695904110483E9">
    <skipped/>
  </testcase> <!-- @BeforeClass objectPOMClass -->
  <testcase classname="test.Verify_Search_MobilePage" name="@BeforeClass objectPOMClass" time="-1.695904110483E9">
    <skipped/>
  </testcase> <!-- @BeforeClass objectPOMClass -->
  <testcase classname="test.verifyBooksAdvanceSearch" name="@BeforeMethod openURL" time="-1.69590411049E9">
    <skipped/>
  </testcase> <!-- @BeforeMethod openURL -->
  <testcase classname="test.Verify_Search_MobilePage" name="@BeforeMethod openURL" time="-1.69590411049E9">
    <skipped/>
  </testcase> <!-- @BeforeMethod openURL -->
  <testcase classname="test.VerifyHeaderOfMainPage" name="@BeforeMethod getURL" time="-1.69590411049E9">
    <skipped/>
  </testcase> <!-- @BeforeMethod getURL -->
  <testcase classname="test.Verify_Search_MobilePage" name="@AfterClass removeObject" time="-1.695904110498E9">
    <skipped/>
  </testcase> <!-- @AfterClass removeObject -->
  <testcase classname="test.VerifyHeaderOfMainPage" name="@BeforeMethod getURL" time="-1.695904110498E9">
    <skipped/>
  </testcase> <!-- @BeforeMethod getURL -->
  <testcase classname="test.verifyBooksAdvanceSearch" name="@AfterClass removeObject" time="-1.695904110499E9">
    <skipped/>
  </testcase> <!-- @AfterClass removeObject -->
  <testcase classname="test.VerifyHeaderOfMainPage" name="@BeforeMethod getURL" time="-1.695904110502E9">
    <skipped/>
  </testcase> <!-- @BeforeMethod getURL -->
  <testcase classname="test.VerifyHeaderOfMainPage" name="@BeforeMethod getURL" time="-1.695904110507E9">
    <skipped/>
  </testcase> <!-- @BeforeMethod getURL -->
  <testcase classname="test.VerifyHeaderOfMainPage" name="@AfterClass romoveObject" time="-1.695904110512E9">
    <skipped/>
  </testcase> <!-- @AfterClass romoveObject -->
  <testcase classname="test.VerifyHeaderOfMainPage" name="@AfterTest closeBrowser" time="-1.695904110513E9">
    <skipped/>
  </testcase> <!-- @AfterTest closeBrowser -->
  <testcase classname="test.Verify_Search_MobilePage" name="@AfterTest closeBrowser" time="-1.695904110514E9">
    <skipped/>
  </testcase> <!-- @AfterTest closeBrowser -->
  <testcase classname="test.verifyBooksAdvanceSearch" name="@AfterTest closeBrowser" time="-1.695904110514E9">
    <skipped/>
  </testcase> <!-- @AfterTest closeBrowser -->
  <testcase classname="test.Verify_Search_MobilePage" name="verifyWithoutExchangeIsSelected" time="0.0">
    <skipped/>
  </testcase> <!-- verifyWithoutExchangeIsSelected -->
  <testcase classname="test.VerifyHeaderOfMainPage" name="verifyAllTab" time="0.0">
    <skipped/>
  </testcase> <!-- verifyAllTab -->
  <testcase classname="test.verifyBooksAdvanceSearch" name="verifyAdvanceSearch" time="0.0">
    <skipped/>
  </testcase> <!-- verifyAdvanceSearch -->
  <testcase classname="test.VerifyHeaderOfMainPage" name="verifyBestSellerTab" time="0.0">
    <skipped/>
  </testcase> <!-- verifyBestSellerTab -->
  <testcase classname="test.VerifyHeaderOfMainPage" name="verifyBookTab" time="0.0">
    <skipped/>
  </testcase> <!-- verifyBookTab -->
  <testcase classname="test.VerifyHeaderOfMainPage" name="verifyCustomerServiceTab" time="0.0">
    <skipped/>
  </testcase> <!-- verifyCustomerServiceTab -->
</testsuite> <!-- Chrome -->
