<html>
<head>
<title>TestNG:  Edge</title>
<link href="../testng.css" rel="stylesheet" type="text/css" />
<link href="../my-testng.css" rel="stylesheet" type="text/css" />

<style type="text/css">
.log { display: none;} 
.stack-trace { display: none;} 
</style>
<script type="text/javascript">
<!--
function flip(e) {
  current = e.style.display;
  if (current == 'block') {
    e.style.display = 'none';
    return 0;
  }
  else {
    e.style.display = 'block';
    return 1;
  }
}

function toggleBox(szDivId, elem, msg1, msg2)
{
  var res = -1;  if (document.getElementById) {
    res = flip(document.getElementById(szDivId));
  }
  else if (document.all) {
    // this is the way old msie versions work
    res = flip(document.all[szDivId]);
  }
  if(elem) {
    if(res == 0) elem.innerHTML = msg1; else elem.innerHTML = msg2;
  }

}

function toggleAllBoxes() {
  if (document.getElementsByTagName) {
    d = document.getElementsByTagName('div');
    for (i = 0; i < d.length; i++) {
      if (d[i].className == 'log') {
        flip(d[i]);
      }
    }
  }
}

// -->
</script>

</head>
<body>
<h2 align='center'>Edge</h2><table border='1' align="center">
<tr>
<td>Tests passed/Failed/Skipped:</td><td>0/0/6</td>
</tr><tr>
<td>Started on:</td><td>Thu Sep 28 17:58:30 IST 2023</td>
</tr>
<tr><td>Total time:</td><td>2 seconds (2596 ms)</td>
</tr><tr>
<td>Included groups:</td><td></td>
</tr><tr>
<td>Excluded groups:</td><td></td>
</tr>
</table><p/>
<small><i>(Hover the method name to see the test class name)</i></small><p/>
<table width='100%' border='1' class='invocation-failed'>
<tr><td colspan='4' align='center'><b>FAILED CONFIGURATIONS</b></td></tr>
<tr><td><b>Test method</b></td>
<td width="30%"><b>Exception</b></td>
<td width="10%"><b>Time (seconds)</b></td>
<td><b>Instance</b></td>
</tr>
<tr>
<td title='test.VerifyHeaderOfMainPage.launchBrowser()'><b>launchBrowser</b><br>Test class: test.VerifyHeaderOfMainPage<br>Parameters: Edge</td>
<td><div><pre>org.openqa.selenium.SessionNotCreatedException: session not created: This version of Microsoft Edge WebDriver only supports Microsoft Edge version 105
Current browser version is 117.0.2045.43 with binary path C:\Program Files (x86)\Microsoft\Edge\Application\msedge.exe
Build info: version: &apos;3.141.59&apos;, revision: &apos;e82be7d358&apos;, time: &apos;2018-11-14T08:17:03&apos;
System info: host: &apos;LAPTOP-3JRU7OQF&apos;, ip: &apos;192.168.1.113&apos;, os.name: &apos;Windows 11&apos;, os.arch: &apos;amd64&apos;, os.version: &apos;10.0&apos;, java.version: &apos;18.0.1.1&apos;
Driver info: driver.version: EdgeDriver
remote stacktrace: Backtrace:
	Microsoft::Applications::Events::EventProperties::SetProperty [0x00007FF7DD6E1FE2+17554]
	Microsoft::Applications::Events::EventProperty::EventProperty [0x00007FF7DD67E932+1438450]
	Ordinal0 [0x00007FF7DD2A9345+627525]
	Ordinal0 [0x00007FF7DD2D73D4+816084]
	Ordinal0 [0x00007FF7DD2D28B3+796851]
	Ordinal0 [0x00007FF7DD2CD9F0+776688]
	Ordinal0 [0x00007FF7DD30969F+1021599]
	Ordinal0 [0x00007FF7DD303A43+997955]
	Ordinal0 [0x00007FF7DD2D94C0+824512]
	Ordinal0 [0x00007FF7DD2DA9F8+829944]
	Microsoft::Applications::Events::EventProperty::EventProperty [0x00007FF7DD540308+134344]
	Microsoft::Applications::Events::EventProperty::EventProperty [0x00007FF7DD529C35+42485]
	Microsoft::Applications::Events::EventProperty::EventProperty [0x00007FF7DD52CD1C+55004]
	Ordinal0 [0x00007FF7DD394F14+1593108]
	Microsoft::Applications::Events::EventProperty::EventProperty [0x00007FF7DD68407B+1460795]
	Microsoft::Applications::Events::EventProperty::EventProperty [0x00007FF7DD688044+1477124]
	Microsoft::Applications::Events::EventProperty::EventProperty [0x00007FF7DD68819D+1477469]
	Microsoft::Applications::Events::EventProperty::EventProperty [0x00007FF7DD690169+1510185]
	BaseThreadInitThunk [0x00007FFE55BE53E0+16]
	RtlUserThreadStart [0x00007FFE5682485B+43]

	at org.openqa.selenium.remote.W3CHandshakeResponse.lambda$errorHandler$0(W3CHandshakeResponse.java:62)
	at org.openqa.selenium.remote.HandshakeResponse.lambda$getResponseFunction$0(HandshakeResponse.java:30)
	at org.openqa.selenium.remote.ProtocolHandshake.lambda$createSession$0(ProtocolHandshake.java:126)
	at java.base/java.util.stream.ReferencePipeline$3$1.accept(ReferencePipeline.java:197)
	at java.base/java.util.Spliterators$ArraySpliterator.tryAdvance(Spliterators.java:1002)
	at java.base/java.util.stream.ReferencePipeline.forEachWithCancel(ReferencePipeline.java:129)
	at java.base/java.util.stream.AbstractPipeline.copyIntoWithCancel(AbstractPipeline.java:527)
	at java.base/java.util.stream.AbstractPipeline.copyInto(AbstractPipeline.java:513)
	at java.base/java.util.stream.AbstractPipeline.wrapAndCopyInto(AbstractPipeline.java:499)
	at java.base/java.util.stream.FindOps$FindOp.evaluateSequential(FindOps.java:150)
	at java.base/java.util.stream.AbstractPipeline.evaluate(AbstractPipeline.java:234)
	at java.base/java.util.stream.ReferencePipeline.findFirst(ReferencePipeline.java:647)
	at org.openqa.selenium.remote.ProtocolHandshake.createSession(ProtocolHandshake.java:128)
	at org.openqa.selenium.remote.ProtocolHandshake.createSession(ProtocolHandshake.java:74)
	at org.openqa.selenium.remote.HttpCommandExecutor.execute(HttpCommandExecutor.java:136)
	at org.openqa.selenium.remote.service.DriverCommandExecutor.execute(DriverCommandExecutor.java:83)
	at org.openqa.selenium.remote.RemoteWebDriver.execute(RemoteWebDriver.java:552)
	at org.openqa.selenium.remote.RemoteWebDriver.startSession(RemoteWebDriver.java:213)
	at org.openqa.selenium.remote.RemoteWebDriver.&lt;init&gt;(RemoteWebDriver.java:131)
	at org.openqa.selenium.edge.EdgeDriver.&lt;init&gt;(EdgeDriver.java:141)
	at org.openqa.selenium.edge.EdgeDriver.&lt;init&gt;(EdgeDriver.java:96)
	at browserSetup.baseBrowser.openEdgeBrowser(baseBrowser.java:16)
	at test.VerifyHeaderOfMainPage.launchBrowser(VerifyHeaderOfMainPage.java:31)
... Removed 25 stack frames</pre></div><a href='#' onClick='toggleBox("stack-trace544966217", this, "Click to show all stack frames", "Click to hide stack frames")'>Click to show all stack frames</a>
<div class='stack-trace' id='stack-trace544966217'><pre>org.openqa.selenium.SessionNotCreatedException: session not created: This version of Microsoft Edge WebDriver only supports Microsoft Edge version 105
Current browser version is 117.0.2045.43 with binary path C:\Program Files (x86)\Microsoft\Edge\Application\msedge.exe
Build info: version: &apos;3.141.59&apos;, revision: &apos;e82be7d358&apos;, time: &apos;2018-11-14T08:17:03&apos;
System info: host: &apos;LAPTOP-3JRU7OQF&apos;, ip: &apos;192.168.1.113&apos;, os.name: &apos;Windows 11&apos;, os.arch: &apos;amd64&apos;, os.version: &apos;10.0&apos;, java.version: &apos;18.0.1.1&apos;
Driver info: driver.version: EdgeDriver
remote stacktrace: Backtrace:
	Microsoft::Applications::Events::EventProperties::SetProperty [0x00007FF7DD6E1FE2+17554]
	Microsoft::Applications::Events::EventProperty::EventProperty [0x00007FF7DD67E932+1438450]
	Ordinal0 [0x00007FF7DD2A9345+627525]
	Ordinal0 [0x00007FF7DD2D73D4+816084]
	Ordinal0 [0x00007FF7DD2D28B3+796851]
	Ordinal0 [0x00007FF7DD2CD9F0+776688]
	Ordinal0 [0x00007FF7DD30969F+1021599]
	Ordinal0 [0x00007FF7DD303A43+997955]
	Ordinal0 [0x00007FF7DD2D94C0+824512]
	Ordinal0 [0x00007FF7DD2DA9F8+829944]
	Microsoft::Applications::Events::EventProperty::EventProperty [0x00007FF7DD540308+134344]
	Microsoft::Applications::Events::EventProperty::EventProperty [0x00007FF7DD529C35+42485]
	Microsoft::Applications::Events::EventProperty::EventProperty [0x00007FF7DD52CD1C+55004]
	Ordinal0 [0x00007FF7DD394F14+1593108]
	Microsoft::Applications::Events::EventProperty::EventProperty [0x00007FF7DD68407B+1460795]
	Microsoft::Applications::Events::EventProperty::EventProperty [0x00007FF7DD688044+1477124]
	Microsoft::Applications::Events::EventProperty::EventProperty [0x00007FF7DD68819D+1477469]
	Microsoft::Applications::Events::EventProperty::EventProperty [0x00007FF7DD690169+1510185]
	BaseThreadInitThunk [0x00007FFE55BE53E0+16]
	RtlUserThreadStart [0x00007FFE5682485B+43]

	at java.base/jdk.internal.reflect.DirectConstructorHandleAccessor.newInstance(DirectConstructorHandleAccessor.java:67)
	at java.base/java.lang.reflect.Constructor.newInstanceWithCaller(Constructor.java:499)
	at java.base/java.lang.reflect.Constructor.newInstance(Constructor.java:483)
	at org.openqa.selenium.remote.W3CHandshakeResponse.lambda$errorHandler$0(W3CHandshakeResponse.java:62)
	at org.openqa.selenium.remote.HandshakeResponse.lambda$getResponseFunction$0(HandshakeResponse.java:30)
	at org.openqa.selenium.remote.ProtocolHandshake.lambda$createSession$0(ProtocolHandshake.java:126)
	at java.base/java.util.stream.ReferencePipeline$3$1.accept(ReferencePipeline.java:197)
	at java.base/java.util.Spliterators$ArraySpliterator.tryAdvance(Spliterators.java:1002)
	at java.base/java.util.stream.ReferencePipeline.forEachWithCancel(ReferencePipeline.java:129)
	at java.base/java.util.stream.AbstractPipeline.copyIntoWithCancel(AbstractPipeline.java:527)
	at java.base/java.util.stream.AbstractPipeline.copyInto(AbstractPipeline.java:513)
	at java.base/java.util.stream.AbstractPipeline.wrapAndCopyInto(AbstractPipeline.java:499)
	at java.base/java.util.stream.FindOps$FindOp.evaluateSequential(FindOps.java:150)
	at java.base/java.util.stream.AbstractPipeline.evaluate(AbstractPipeline.java:234)
	at java.base/java.util.stream.ReferencePipeline.findFirst(ReferencePipeline.java:647)
	at org.openqa.selenium.remote.ProtocolHandshake.createSession(ProtocolHandshake.java:128)
	at org.openqa.selenium.remote.ProtocolHandshake.createSession(ProtocolHandshake.java:74)
	at org.openqa.selenium.remote.HttpCommandExecutor.execute(HttpCommandExecutor.java:136)
	at org.openqa.selenium.remote.service.DriverCommandExecutor.execute(DriverCommandExecutor.java:83)
	at org.openqa.selenium.remote.RemoteWebDriver.execute(RemoteWebDriver.java:552)
	at org.openqa.selenium.remote.RemoteWebDriver.startSession(RemoteWebDriver.java:213)
	at org.openqa.selenium.remote.RemoteWebDriver.&lt;init&gt;(RemoteWebDriver.java:131)
	at org.openqa.selenium.edge.EdgeDriver.&lt;init&gt;(EdgeDriver.java:141)
	at org.openqa.selenium.edge.EdgeDriver.&lt;init&gt;(EdgeDriver.java:96)
	at browserSetup.baseBrowser.openEdgeBrowser(baseBrowser.java:16)
	at test.VerifyHeaderOfMainPage.launchBrowser(VerifyHeaderOfMainPage.java:31)
	at java.base/jdk.internal.reflect.DirectMethodHandleAccessor.invoke(DirectMethodHandleAccessor.java:104)
	at java.base/java.lang.reflect.Method.invoke(Method.java:577)
	at org.testng.internal.MethodInvocationHelper.invokeMethod(MethodInvocationHelper.java:133)
	at org.testng.internal.MethodInvocationHelper.invokeMethodConsideringTimeout(MethodInvocationHelper.java:62)
	at org.testng.internal.ConfigInvoker.invokeConfigurationMethod(ConfigInvoker.java:385)
	at org.testng.internal.ConfigInvoker.invokeConfigurations(ConfigInvoker.java:321)
	at org.testng.TestRunner.invokeTestConfigurations(TestRunner.java:637)
	at org.testng.TestRunner.beforeRun(TestRunner.java:627)
	at org.testng.TestRunner.run(TestRunner.java:589)
	at org.testng.SuiteRunner.runTest(SuiteRunner.java:377)
	at org.testng.SuiteRunner.runSequentially(SuiteRunner.java:371)
	at org.testng.SuiteRunner.privateRun(SuiteRunner.java:332)
	at org.testng.SuiteRunner.run(SuiteRunner.java:276)
	at org.testng.SuiteRunnerWorker.runSuite(SuiteRunnerWorker.java:53)
	at org.testng.SuiteRunnerWorker.run(SuiteRunnerWorker.java:96)
	at org.testng.TestNG.runSuitesSequentially(TestNG.java:1212)
	at org.testng.TestNG.runSuitesLocally(TestNG.java:1134)
	at org.testng.TestNG.runSuites(TestNG.java:1063)
	at org.testng.TestNG.run(TestNG.java:1031)
	at org.testng.remote.AbstractRemoteTestNG.run(AbstractRemoteTestNG.java:115)
	at org.testng.remote.RemoteTestNG.initAndRun(RemoteTestNG.java:251)
	at org.testng.remote.RemoteTestNG.main(RemoteTestNG.java:77)
</pre></div></td>
<td>2</td>
<td>test.VerifyHeaderOfMainPage@7d8995e</td></tr>
</table><p>
<table width='100%' border='1' class='invocation-skipped'>
<tr><td colspan='4' align='center'><b>SKIPPED CONFIGURATIONS</b></td></tr>
<tr><td><b>Test method</b></td>
<td width="30%"><b>Exception</b></td>
<td width="10%"><b>Time (seconds)</b></td>
<td><b>Instance</b></td>
</tr>
<tr>
<td title='test.VerifyHeaderOfMainPage.getURL()'><b>getURL</b><br>Test class: test.VerifyHeaderOfMainPage</td>
<td></td>
<td>-1695904113</td>
<td>test.VerifyHeaderOfMainPage@7d8995e</td></tr>
<tr>
<td title='test.Verify_Search_MobilePage.closeBrowser()'><b>closeBrowser</b><br>Test class: test.Verify_Search_MobilePage</td>
<td></td>
<td>-1695904113</td>
<td>test.Verify_Search_MobilePage@130d63be</td></tr>
<tr>
<td title='test.VerifyHeaderOfMainPage.getURL()'><b>getURL</b><br>Test class: test.VerifyHeaderOfMainPage</td>
<td></td>
<td>-1695904113</td>
<td>test.VerifyHeaderOfMainPage@7d8995e</td></tr>
<tr>
<td title='test.Verify_Search_MobilePage.launchBrowser()'><b>launchBrowser</b><br>Test class: test.Verify_Search_MobilePage</td>
<td></td>
<td>-1695904113</td>
<td>test.Verify_Search_MobilePage@130d63be</td></tr>
<tr>
<td title='test.Verify_Search_MobilePage.openURL()'><b>openURL</b><br>Test class: test.Verify_Search_MobilePage</td>
<td></td>
<td>-1695904113</td>
<td>test.Verify_Search_MobilePage@130d63be</td></tr>
<tr>
<td title='test.verifyBooksAdvanceSearch.launchBrowser()'><b>launchBrowser</b><br>Test class: test.verifyBooksAdvanceSearch</td>
<td></td>
<td>-1695904113</td>
<td>test.verifyBooksAdvanceSearch@42a48628</td></tr>
<tr>
<td title='test.verifyBooksAdvanceSearch.openURL()'><b>openURL</b><br>Test class: test.verifyBooksAdvanceSearch</td>
<td></td>
<td>-1695904113</td>
<td>test.verifyBooksAdvanceSearch@42a48628</td></tr>
<tr>
<td title='test.Verify_Search_MobilePage.objectPOMClass()'><b>objectPOMClass</b><br>Test class: test.Verify_Search_MobilePage</td>
<td></td>
<td>-1695904113</td>
<td>test.Verify_Search_MobilePage@130d63be</td></tr>
<tr>
<td title='test.Verify_Search_MobilePage.removeObject()'><b>removeObject</b><br>Test class: test.Verify_Search_MobilePage</td>
<td></td>
<td>-1695904113</td>
<td>test.Verify_Search_MobilePage@130d63be</td></tr>
<tr>
<td title='test.verifyBooksAdvanceSearch.closeBrowser()'><b>closeBrowser</b><br>Test class: test.verifyBooksAdvanceSearch</td>
<td></td>
<td>-1695904113</td>
<td>test.verifyBooksAdvanceSearch@42a48628</td></tr>
<tr>
<td title='test.verifyBooksAdvanceSearch.objectClass()'><b>objectClass</b><br>Test class: test.verifyBooksAdvanceSearch</td>
<td></td>
<td>-1695904113</td>
<td>test.verifyBooksAdvanceSearch@42a48628</td></tr>
<tr>
<td title='test.VerifyHeaderOfMainPage.getURL()'><b>getURL</b><br>Test class: test.VerifyHeaderOfMainPage</td>
<td></td>
<td>-1695904113</td>
<td>test.VerifyHeaderOfMainPage@7d8995e</td></tr>
<tr>
<td title='test.verifyBooksAdvanceSearch.removeObject()'><b>removeObject</b><br>Test class: test.verifyBooksAdvanceSearch</td>
<td></td>
<td>-1695904113</td>
<td>test.verifyBooksAdvanceSearch@42a48628</td></tr>
<tr>
<td title='test.VerifyHeaderOfMainPage.objectPOMClass()'><b>objectPOMClass</b><br>Test class: test.VerifyHeaderOfMainPage</td>
<td></td>
<td>-1695904113</td>
<td>test.VerifyHeaderOfMainPage@7d8995e</td></tr>
<tr>
<td title='test.VerifyHeaderOfMainPage.getURL()'><b>getURL</b><br>Test class: test.VerifyHeaderOfMainPage</td>
<td></td>
<td>-1695904113</td>
<td>test.VerifyHeaderOfMainPage@7d8995e</td></tr>
<tr>
<td title='test.VerifyHeaderOfMainPage.romoveObject()'><b>romoveObject</b><br>Test class: test.VerifyHeaderOfMainPage</td>
<td></td>
<td>-1695904113</td>
<td>test.VerifyHeaderOfMainPage@7d8995e</td></tr>
<tr>
<td title='test.VerifyHeaderOfMainPage.closeBrowser()'><b>closeBrowser</b><br>Test class: test.VerifyHeaderOfMainPage</td>
<td></td>
<td>-1695904113</td>
<td>test.VerifyHeaderOfMainPage@7d8995e</td></tr>
</table><p>
<table width='100%' border='1' class='invocation-skipped'>
<tr><td colspan='4' align='center'><b>SKIPPED TESTS</b></td></tr>
<tr><td><b>Test method</b></td>
<td width="30%"><b>Exception</b></td>
<td width="10%"><b>Time (seconds)</b></td>
<td><b>Instance</b></td>
</tr>
<tr>
<td title='test.VerifyHeaderOfMainPage.verifyAllTab()'><b>verifyAllTab</b><br>Test class: test.VerifyHeaderOfMainPage</td>
<td><div><pre>org.openqa.selenium.SessionNotCreatedException: session not created: This version of Microsoft Edge WebDriver only supports Microsoft Edge version 105
Current browser version is 117.0.2045.43 with binary path C:\Program Files (x86)\Microsoft\Edge\Application\msedge.exe
Build info: version: &apos;3.141.59&apos;, revision: &apos;e82be7d358&apos;, time: &apos;2018-11-14T08:17:03&apos;
System info: host: &apos;LAPTOP-3JRU7OQF&apos;, ip: &apos;192.168.1.113&apos;, os.name: &apos;Windows 11&apos;, os.arch: &apos;amd64&apos;, os.version: &apos;10.0&apos;, java.version: &apos;18.0.1.1&apos;
Driver info: driver.version: EdgeDriver
remote stacktrace: Backtrace:
	Microsoft::Applications::Events::EventProperties::SetProperty [0x00007FF7DD6E1FE2+17554]
	Microsoft::Applications::Events::EventProperty::EventProperty [0x00007FF7DD67E932+1438450]
	Ordinal0 [0x00007FF7DD2A9345+627525]
	Ordinal0 [0x00007FF7DD2D73D4+816084]
	Ordinal0 [0x00007FF7DD2D28B3+796851]
	Ordinal0 [0x00007FF7DD2CD9F0+776688]
	Ordinal0 [0x00007FF7DD30969F+1021599]
	Ordinal0 [0x00007FF7DD303A43+997955]
	Ordinal0 [0x00007FF7DD2D94C0+824512]
	Ordinal0 [0x00007FF7DD2DA9F8+829944]
	Microsoft::Applications::Events::EventProperty::EventProperty [0x00007FF7DD540308+134344]
	Microsoft::Applications::Events::EventProperty::EventProperty [0x00007FF7DD529C35+42485]
	Microsoft::Applications::Events::EventProperty::EventProperty [0x00007FF7DD52CD1C+55004]
	Ordinal0 [0x00007FF7DD394F14+1593108]
	Microsoft::Applications::Events::EventProperty::EventProperty [0x00007FF7DD68407B+1460795]
	Microsoft::Applications::Events::EventProperty::EventProperty [0x00007FF7DD688044+1477124]
	Microsoft::Applications::Events::EventProperty::EventProperty [0x00007FF7DD68819D+1477469]
	Microsoft::Applications::Events::EventProperty::EventProperty [0x00007FF7DD690169+1510185]
	BaseThreadInitThunk [0x00007FFE55BE53E0+16]
	RtlUserThreadStart [0x00007FFE5682485B+43]

	at org.openqa.selenium.remote.W3CHandshakeResponse.lambda$errorHandler$0(W3CHandshakeResponse.java:62)
	at org.openqa.selenium.remote.HandshakeResponse.lambda$getResponseFunction$0(HandshakeResponse.java:30)
	at org.openqa.selenium.remote.ProtocolHandshake.lambda$createSession$0(ProtocolHandshake.java:126)
	at java.base/java.util.stream.ReferencePipeline$3$1.accept(ReferencePipeline.java:197)
	at java.base/java.util.Spliterators$ArraySpliterator.tryAdvance(Spliterators.java:1002)
	at java.base/java.util.stream.ReferencePipeline.forEachWithCancel(ReferencePipeline.java:129)
	at java.base/java.util.stream.AbstractPipeline.copyIntoWithCancel(AbstractPipeline.java:527)
	at java.base/java.util.stream.AbstractPipeline.copyInto(AbstractPipeline.java:513)
	at java.base/java.util.stream.AbstractPipeline.wrapAndCopyInto(AbstractPipeline.java:499)
	at java.base/java.util.stream.FindOps$FindOp.evaluateSequential(FindOps.java:150)
	at java.base/java.util.stream.AbstractPipeline.evaluate(AbstractPipeline.java:234)
	at java.base/java.util.stream.ReferencePipeline.findFirst(ReferencePipeline.java:647)
	at org.openqa.selenium.remote.ProtocolHandshake.createSession(ProtocolHandshake.java:128)
	at org.openqa.selenium.remote.ProtocolHandshake.createSession(ProtocolHandshake.java:74)
	at org.openqa.selenium.remote.HttpCommandExecutor.execute(HttpCommandExecutor.java:136)
	at org.openqa.selenium.remote.service.DriverCommandExecutor.execute(DriverCommandExecutor.java:83)
	at org.openqa.selenium.remote.RemoteWebDriver.execute(RemoteWebDriver.java:552)
	at org.openqa.selenium.remote.RemoteWebDriver.startSession(RemoteWebDriver.java:213)
	at org.openqa.selenium.remote.RemoteWebDriver.&lt;init&gt;(RemoteWebDriver.java:131)
	at org.openqa.selenium.edge.EdgeDriver.&lt;init&gt;(EdgeDriver.java:141)
	at org.openqa.selenium.edge.EdgeDriver.&lt;init&gt;(EdgeDriver.java:96)
	at browserSetup.baseBrowser.openEdgeBrowser(baseBrowser.java:16)
	at test.VerifyHeaderOfMainPage.launchBrowser(VerifyHeaderOfMainPage.java:31)
... Removed 25 stack frames</pre></div><a href='#' onClick='toggleBox("stack-trace2128685299", this, "Click to show all stack frames", "Click to hide stack frames")'>Click to show all stack frames</a>
<div class='stack-trace' id='stack-trace2128685299'><pre>org.openqa.selenium.SessionNotCreatedException: session not created: This version of Microsoft Edge WebDriver only supports Microsoft Edge version 105
Current browser version is 117.0.2045.43 with binary path C:\Program Files (x86)\Microsoft\Edge\Application\msedge.exe
Build info: version: &apos;3.141.59&apos;, revision: &apos;e82be7d358&apos;, time: &apos;2018-11-14T08:17:03&apos;
System info: host: &apos;LAPTOP-3JRU7OQF&apos;, ip: &apos;192.168.1.113&apos;, os.name: &apos;Windows 11&apos;, os.arch: &apos;amd64&apos;, os.version: &apos;10.0&apos;, java.version: &apos;18.0.1.1&apos;
Driver info: driver.version: EdgeDriver
remote stacktrace: Backtrace:
	Microsoft::Applications::Events::EventProperties::SetProperty [0x00007FF7DD6E1FE2+17554]
	Microsoft::Applications::Events::EventProperty::EventProperty [0x00007FF7DD67E932+1438450]
	Ordinal0 [0x00007FF7DD2A9345+627525]
	Ordinal0 [0x00007FF7DD2D73D4+816084]
	Ordinal0 [0x00007FF7DD2D28B3+796851]
	Ordinal0 [0x00007FF7DD2CD9F0+776688]
	Ordinal0 [0x00007FF7DD30969F+1021599]
	Ordinal0 [0x00007FF7DD303A43+997955]
	Ordinal0 [0x00007FF7DD2D94C0+824512]
	Ordinal0 [0x00007FF7DD2DA9F8+829944]
	Microsoft::Applications::Events::EventProperty::EventProperty [0x00007FF7DD540308+134344]
	Microsoft::Applications::Events::EventProperty::EventProperty [0x00007FF7DD529C35+42485]
	Microsoft::Applications::Events::EventProperty::EventProperty [0x00007FF7DD52CD1C+55004]
	Ordinal0 [0x00007FF7DD394F14+1593108]
	Microsoft::Applications::Events::EventProperty::EventProperty [0x00007FF7DD68407B+1460795]
	Microsoft::Applications::Events::EventProperty::EventProperty [0x00007FF7DD688044+1477124]
	Microsoft::Applications::Events::EventProperty::EventProperty [0x00007FF7DD68819D+1477469]
	Microsoft::Applications::Events::EventProperty::EventProperty [0x00007FF7DD690169+1510185]
	BaseThreadInitThunk [0x00007FFE55BE53E0+16]
	RtlUserThreadStart [0x00007FFE5682485B+43]

	at java.base/jdk.internal.reflect.DirectConstructorHandleAccessor.newInstance(DirectConstructorHandleAccessor.java:67)
	at java.base/java.lang.reflect.Constructor.newInstanceWithCaller(Constructor.java:499)
	at java.base/java.lang.reflect.Constructor.newInstance(Constructor.java:483)
	at org.openqa.selenium.remote.W3CHandshakeResponse.lambda$errorHandler$0(W3CHandshakeResponse.java:62)
	at org.openqa.selenium.remote.HandshakeResponse.lambda$getResponseFunction$0(HandshakeResponse.java:30)
	at org.openqa.selenium.remote.ProtocolHandshake.lambda$createSession$0(ProtocolHandshake.java:126)
	at java.base/java.util.stream.ReferencePipeline$3$1.accept(ReferencePipeline.java:197)
	at java.base/java.util.Spliterators$ArraySpliterator.tryAdvance(Spliterators.java:1002)
	at java.base/java.util.stream.ReferencePipeline.forEachWithCancel(ReferencePipeline.java:129)
	at java.base/java.util.stream.AbstractPipeline.copyIntoWithCancel(AbstractPipeline.java:527)
	at java.base/java.util.stream.AbstractPipeline.copyInto(AbstractPipeline.java:513)
	at java.base/java.util.stream.AbstractPipeline.wrapAndCopyInto(AbstractPipeline.java:499)
	at java.base/java.util.stream.FindOps$FindOp.evaluateSequential(FindOps.java:150)
	at java.base/java.util.stream.AbstractPipeline.evaluate(AbstractPipeline.java:234)
	at java.base/java.util.stream.ReferencePipeline.findFirst(ReferencePipeline.java:647)
	at org.openqa.selenium.remote.ProtocolHandshake.createSession(ProtocolHandshake.java:128)
	at org.openqa.selenium.remote.ProtocolHandshake.createSession(ProtocolHandshake.java:74)
	at org.openqa.selenium.remote.HttpCommandExecutor.execute(HttpCommandExecutor.java:136)
	at org.openqa.selenium.remote.service.DriverCommandExecutor.execute(DriverCommandExecutor.java:83)
	at org.openqa.selenium.remote.RemoteWebDriver.execute(RemoteWebDriver.java:552)
	at org.openqa.selenium.remote.RemoteWebDriver.startSession(RemoteWebDriver.java:213)
	at org.openqa.selenium.remote.RemoteWebDriver.&lt;init&gt;(RemoteWebDriver.java:131)
	at org.openqa.selenium.edge.EdgeDriver.&lt;init&gt;(EdgeDriver.java:141)
	at org.openqa.selenium.edge.EdgeDriver.&lt;init&gt;(EdgeDriver.java:96)
	at browserSetup.baseBrowser.openEdgeBrowser(baseBrowser.java:16)
	at test.VerifyHeaderOfMainPage.launchBrowser(VerifyHeaderOfMainPage.java:31)
	at java.base/jdk.internal.reflect.DirectMethodHandleAccessor.invoke(DirectMethodHandleAccessor.java:104)
	at java.base/java.lang.reflect.Method.invoke(Method.java:577)
	at org.testng.internal.MethodInvocationHelper.invokeMethod(MethodInvocationHelper.java:133)
	at org.testng.internal.MethodInvocationHelper.invokeMethodConsideringTimeout(MethodInvocationHelper.java:62)
	at org.testng.internal.ConfigInvoker.invokeConfigurationMethod(ConfigInvoker.java:385)
	at org.testng.internal.ConfigInvoker.invokeConfigurations(ConfigInvoker.java:321)
	at org.testng.TestRunner.invokeTestConfigurations(TestRunner.java:637)
	at org.testng.TestRunner.beforeRun(TestRunner.java:627)
	at org.testng.TestRunner.run(TestRunner.java:589)
	at org.testng.SuiteRunner.runTest(SuiteRunner.java:377)
	at org.testng.SuiteRunner.runSequentially(SuiteRunner.java:371)
	at org.testng.SuiteRunner.privateRun(SuiteRunner.java:332)
	at org.testng.SuiteRunner.run(SuiteRunner.java:276)
	at org.testng.SuiteRunnerWorker.runSuite(SuiteRunnerWorker.java:53)
	at org.testng.SuiteRunnerWorker.run(SuiteRunnerWorker.java:96)
	at org.testng.TestNG.runSuitesSequentially(TestNG.java:1212)
	at org.testng.TestNG.runSuitesLocally(TestNG.java:1134)
	at org.testng.TestNG.runSuites(TestNG.java:1063)
	at org.testng.TestNG.run(TestNG.java:1031)
	at org.testng.remote.AbstractRemoteTestNG.run(AbstractRemoteTestNG.java:115)
	at org.testng.remote.RemoteTestNG.initAndRun(RemoteTestNG.java:251)
	at org.testng.remote.RemoteTestNG.main(RemoteTestNG.java:77)
</pre></div></td>
<td>0</td>
<td>test.VerifyHeaderOfMainPage@7d8995e</td></tr>
<tr>
<td title='test.Verify_Search_MobilePage.verifyWithoutExchangeIsSelected()'><b>verifyWithoutExchangeIsSelected</b><br>Test class: test.Verify_Search_MobilePage</td>
<td><div><pre>org.openqa.selenium.SessionNotCreatedException: session not created: This version of Microsoft Edge WebDriver only supports Microsoft Edge version 105
Current browser version is 117.0.2045.43 with binary path C:\Program Files (x86)\Microsoft\Edge\Application\msedge.exe
Build info: version: &apos;3.141.59&apos;, revision: &apos;e82be7d358&apos;, time: &apos;2018-11-14T08:17:03&apos;
System info: host: &apos;LAPTOP-3JRU7OQF&apos;, ip: &apos;192.168.1.113&apos;, os.name: &apos;Windows 11&apos;, os.arch: &apos;amd64&apos;, os.version: &apos;10.0&apos;, java.version: &apos;18.0.1.1&apos;
Driver info: driver.version: EdgeDriver
remote stacktrace: Backtrace:
	Microsoft::Applications::Events::EventProperties::SetProperty [0x00007FF7DD6E1FE2+17554]
	Microsoft::Applications::Events::EventProperty::EventProperty [0x00007FF7DD67E932+1438450]
	Ordinal0 [0x00007FF7DD2A9345+627525]
	Ordinal0 [0x00007FF7DD2D73D4+816084]
	Ordinal0 [0x00007FF7DD2D28B3+796851]
	Ordinal0 [0x00007FF7DD2CD9F0+776688]
	Ordinal0 [0x00007FF7DD30969F+1021599]
	Ordinal0 [0x00007FF7DD303A43+997955]
	Ordinal0 [0x00007FF7DD2D94C0+824512]
	Ordinal0 [0x00007FF7DD2DA9F8+829944]
	Microsoft::Applications::Events::EventProperty::EventProperty [0x00007FF7DD540308+134344]
	Microsoft::Applications::Events::EventProperty::EventProperty [0x00007FF7DD529C35+42485]
	Microsoft::Applications::Events::EventProperty::EventProperty [0x00007FF7DD52CD1C+55004]
	Ordinal0 [0x00007FF7DD394F14+1593108]
	Microsoft::Applications::Events::EventProperty::EventProperty [0x00007FF7DD68407B+1460795]
	Microsoft::Applications::Events::EventProperty::EventProperty [0x00007FF7DD688044+1477124]
	Microsoft::Applications::Events::EventProperty::EventProperty [0x00007FF7DD68819D+1477469]
	Microsoft::Applications::Events::EventProperty::EventProperty [0x00007FF7DD690169+1510185]
	BaseThreadInitThunk [0x00007FFE55BE53E0+16]
	RtlUserThreadStart [0x00007FFE5682485B+43]

	at org.openqa.selenium.remote.W3CHandshakeResponse.lambda$errorHandler$0(W3CHandshakeResponse.java:62)
	at org.openqa.selenium.remote.HandshakeResponse.lambda$getResponseFunction$0(HandshakeResponse.java:30)
	at org.openqa.selenium.remote.ProtocolHandshake.lambda$createSession$0(ProtocolHandshake.java:126)
	at java.base/java.util.stream.ReferencePipeline$3$1.accept(ReferencePipeline.java:197)
	at java.base/java.util.Spliterators$ArraySpliterator.tryAdvance(Spliterators.java:1002)
	at java.base/java.util.stream.ReferencePipeline.forEachWithCancel(ReferencePipeline.java:129)
	at java.base/java.util.stream.AbstractPipeline.copyIntoWithCancel(AbstractPipeline.java:527)
	at java.base/java.util.stream.AbstractPipeline.copyInto(AbstractPipeline.java:513)
	at java.base/java.util.stream.AbstractPipeline.wrapAndCopyInto(AbstractPipeline.java:499)
	at java.base/java.util.stream.FindOps$FindOp.evaluateSequential(FindOps.java:150)
	at java.base/java.util.stream.AbstractPipeline.evaluate(AbstractPipeline.java:234)
	at java.base/java.util.stream.ReferencePipeline.findFirst(ReferencePipeline.java:647)
	at org.openqa.selenium.remote.ProtocolHandshake.createSession(ProtocolHandshake.java:128)
	at org.openqa.selenium.remote.ProtocolHandshake.createSession(ProtocolHandshake.java:74)
	at org.openqa.selenium.remote.HttpCommandExecutor.execute(HttpCommandExecutor.java:136)
	at org.openqa.selenium.remote.service.DriverCommandExecutor.execute(DriverCommandExecutor.java:83)
	at org.openqa.selenium.remote.RemoteWebDriver.execute(RemoteWebDriver.java:552)
	at org.openqa.selenium.remote.RemoteWebDriver.startSession(RemoteWebDriver.java:213)
	at org.openqa.selenium.remote.RemoteWebDriver.&lt;init&gt;(RemoteWebDriver.java:131)
	at org.openqa.selenium.edge.EdgeDriver.&lt;init&gt;(EdgeDriver.java:141)
	at org.openqa.selenium.edge.EdgeDriver.&lt;init&gt;(EdgeDriver.java:96)
	at browserSetup.baseBrowser.openEdgeBrowser(baseBrowser.java:16)
	at test.VerifyHeaderOfMainPage.launchBrowser(VerifyHeaderOfMainPage.java:31)
... Removed 25 stack frames</pre></div><a href='#' onClick='toggleBox("stack-trace885678687", this, "Click to show all stack frames", "Click to hide stack frames")'>Click to show all stack frames</a>
<div class='stack-trace' id='stack-trace885678687'><pre>org.openqa.selenium.SessionNotCreatedException: session not created: This version of Microsoft Edge WebDriver only supports Microsoft Edge version 105
Current browser version is 117.0.2045.43 with binary path C:\Program Files (x86)\Microsoft\Edge\Application\msedge.exe
Build info: version: &apos;3.141.59&apos;, revision: &apos;e82be7d358&apos;, time: &apos;2018-11-14T08:17:03&apos;
System info: host: &apos;LAPTOP-3JRU7OQF&apos;, ip: &apos;192.168.1.113&apos;, os.name: &apos;Windows 11&apos;, os.arch: &apos;amd64&apos;, os.version: &apos;10.0&apos;, java.version: &apos;18.0.1.1&apos;
Driver info: driver.version: EdgeDriver
remote stacktrace: Backtrace:
	Microsoft::Applications::Events::EventProperties::SetProperty [0x00007FF7DD6E1FE2+17554]
	Microsoft::Applications::Events::EventProperty::EventProperty [0x00007FF7DD67E932+1438450]
	Ordinal0 [0x00007FF7DD2A9345+627525]
	Ordinal0 [0x00007FF7DD2D73D4+816084]
	Ordinal0 [0x00007FF7DD2D28B3+796851]
	Ordinal0 [0x00007FF7DD2CD9F0+776688]
	Ordinal0 [0x00007FF7DD30969F+1021599]
	Ordinal0 [0x00007FF7DD303A43+997955]
	Ordinal0 [0x00007FF7DD2D94C0+824512]
	Ordinal0 [0x00007FF7DD2DA9F8+829944]
	Microsoft::Applications::Events::EventProperty::EventProperty [0x00007FF7DD540308+134344]
	Microsoft::Applications::Events::EventProperty::EventProperty [0x00007FF7DD529C35+42485]
	Microsoft::Applications::Events::EventProperty::EventProperty [0x00007FF7DD52CD1C+55004]
	Ordinal0 [0x00007FF7DD394F14+1593108]
	Microsoft::Applications::Events::EventProperty::EventProperty [0x00007FF7DD68407B+1460795]
	Microsoft::Applications::Events::EventProperty::EventProperty [0x00007FF7DD688044+1477124]
	Microsoft::Applications::Events::EventProperty::EventProperty [0x00007FF7DD68819D+1477469]
	Microsoft::Applications::Events::EventProperty::EventProperty [0x00007FF7DD690169+1510185]
	BaseThreadInitThunk [0x00007FFE55BE53E0+16]
	RtlUserThreadStart [0x00007FFE5682485B+43]

	at java.base/jdk.internal.reflect.DirectConstructorHandleAccessor.newInstance(DirectConstructorHandleAccessor.java:67)
	at java.base/java.lang.reflect.Constructor.newInstanceWithCaller(Constructor.java:499)
	at java.base/java.lang.reflect.Constructor.newInstance(Constructor.java:483)
	at org.openqa.selenium.remote.W3CHandshakeResponse.lambda$errorHandler$0(W3CHandshakeResponse.java:62)
	at org.openqa.selenium.remote.HandshakeResponse.lambda$getResponseFunction$0(HandshakeResponse.java:30)
	at org.openqa.selenium.remote.ProtocolHandshake.lambda$createSession$0(ProtocolHandshake.java:126)
	at java.base/java.util.stream.ReferencePipeline$3$1.accept(ReferencePipeline.java:197)
	at java.base/java.util.Spliterators$ArraySpliterator.tryAdvance(Spliterators.java:1002)
	at java.base/java.util.stream.ReferencePipeline.forEachWithCancel(ReferencePipeline.java:129)
	at java.base/java.util.stream.AbstractPipeline.copyIntoWithCancel(AbstractPipeline.java:527)
	at java.base/java.util.stream.AbstractPipeline.copyInto(AbstractPipeline.java:513)
	at java.base/java.util.stream.AbstractPipeline.wrapAndCopyInto(AbstractPipeline.java:499)
	at java.base/java.util.stream.FindOps$FindOp.evaluateSequential(FindOps.java:150)
	at java.base/java.util.stream.AbstractPipeline.evaluate(AbstractPipeline.java:234)
	at java.base/java.util.stream.ReferencePipeline.findFirst(ReferencePipeline.java:647)
	at org.openqa.selenium.remote.ProtocolHandshake.createSession(ProtocolHandshake.java:128)
	at org.openqa.selenium.remote.ProtocolHandshake.createSession(ProtocolHandshake.java:74)
	at org.openqa.selenium.remote.HttpCommandExecutor.execute(HttpCommandExecutor.java:136)
	at org.openqa.selenium.remote.service.DriverCommandExecutor.execute(DriverCommandExecutor.java:83)
	at org.openqa.selenium.remote.RemoteWebDriver.execute(RemoteWebDriver.java:552)
	at org.openqa.selenium.remote.RemoteWebDriver.startSession(RemoteWebDriver.java:213)
	at org.openqa.selenium.remote.RemoteWebDriver.&lt;init&gt;(RemoteWebDriver.java:131)
	at org.openqa.selenium.edge.EdgeDriver.&lt;init&gt;(EdgeDriver.java:141)
	at org.openqa.selenium.edge.EdgeDriver.&lt;init&gt;(EdgeDriver.java:96)
	at browserSetup.baseBrowser.openEdgeBrowser(baseBrowser.java:16)
	at test.VerifyHeaderOfMainPage.launchBrowser(VerifyHeaderOfMainPage.java:31)
	at java.base/jdk.internal.reflect.DirectMethodHandleAccessor.invoke(DirectMethodHandleAccessor.java:104)
	at java.base/java.lang.reflect.Method.invoke(Method.java:577)
	at org.testng.internal.MethodInvocationHelper.invokeMethod(MethodInvocationHelper.java:133)
	at org.testng.internal.MethodInvocationHelper.invokeMethodConsideringTimeout(MethodInvocationHelper.java:62)
	at org.testng.internal.ConfigInvoker.invokeConfigurationMethod(ConfigInvoker.java:385)
	at org.testng.internal.ConfigInvoker.invokeConfigurations(ConfigInvoker.java:321)
	at org.testng.TestRunner.invokeTestConfigurations(TestRunner.java:637)
	at org.testng.TestRunner.beforeRun(TestRunner.java:627)
	at org.testng.TestRunner.run(TestRunner.java:589)
	at org.testng.SuiteRunner.runTest(SuiteRunner.java:377)
	at org.testng.SuiteRunner.runSequentially(SuiteRunner.java:371)
	at org.testng.SuiteRunner.privateRun(SuiteRunner.java:332)
	at org.testng.SuiteRunner.run(SuiteRunner.java:276)
	at org.testng.SuiteRunnerWorker.runSuite(SuiteRunnerWorker.java:53)
	at org.testng.SuiteRunnerWorker.run(SuiteRunnerWorker.java:96)
	at org.testng.TestNG.runSuitesSequentially(TestNG.java:1212)
	at org.testng.TestNG.runSuitesLocally(TestNG.java:1134)
	at org.testng.TestNG.runSuites(TestNG.java:1063)
	at org.testng.TestNG.run(TestNG.java:1031)
	at org.testng.remote.AbstractRemoteTestNG.run(AbstractRemoteTestNG.java:115)
	at org.testng.remote.RemoteTestNG.initAndRun(RemoteTestNG.java:251)
	at org.testng.remote.RemoteTestNG.main(RemoteTestNG.java:77)
</pre></div></td>
<td>0</td>
<td>test.Verify_Search_MobilePage@130d63be</td></tr>
<tr>
<td title='test.VerifyHeaderOfMainPage.verifyBestSellerTab()'><b>verifyBestSellerTab</b><br>Test class: test.VerifyHeaderOfMainPage</td>
<td><div><pre>org.openqa.selenium.SessionNotCreatedException: session not created: This version of Microsoft Edge WebDriver only supports Microsoft Edge version 105
Current browser version is 117.0.2045.43 with binary path C:\Program Files (x86)\Microsoft\Edge\Application\msedge.exe
Build info: version: &apos;3.141.59&apos;, revision: &apos;e82be7d358&apos;, time: &apos;2018-11-14T08:17:03&apos;
System info: host: &apos;LAPTOP-3JRU7OQF&apos;, ip: &apos;192.168.1.113&apos;, os.name: &apos;Windows 11&apos;, os.arch: &apos;amd64&apos;, os.version: &apos;10.0&apos;, java.version: &apos;18.0.1.1&apos;
Driver info: driver.version: EdgeDriver
remote stacktrace: Backtrace:
	Microsoft::Applications::Events::EventProperties::SetProperty [0x00007FF7DD6E1FE2+17554]
	Microsoft::Applications::Events::EventProperty::EventProperty [0x00007FF7DD67E932+1438450]
	Ordinal0 [0x00007FF7DD2A9345+627525]
	Ordinal0 [0x00007FF7DD2D73D4+816084]
	Ordinal0 [0x00007FF7DD2D28B3+796851]
	Ordinal0 [0x00007FF7DD2CD9F0+776688]
	Ordinal0 [0x00007FF7DD30969F+1021599]
	Ordinal0 [0x00007FF7DD303A43+997955]
	Ordinal0 [0x00007FF7DD2D94C0+824512]
	Ordinal0 [0x00007FF7DD2DA9F8+829944]
	Microsoft::Applications::Events::EventProperty::EventProperty [0x00007FF7DD540308+134344]
	Microsoft::Applications::Events::EventProperty::EventProperty [0x00007FF7DD529C35+42485]
	Microsoft::Applications::Events::EventProperty::EventProperty [0x00007FF7DD52CD1C+55004]
	Ordinal0 [0x00007FF7DD394F14+1593108]
	Microsoft::Applications::Events::EventProperty::EventProperty [0x00007FF7DD68407B+1460795]
	Microsoft::Applications::Events::EventProperty::EventProperty [0x00007FF7DD688044+1477124]
	Microsoft::Applications::Events::EventProperty::EventProperty [0x00007FF7DD68819D+1477469]
	Microsoft::Applications::Events::EventProperty::EventProperty [0x00007FF7DD690169+1510185]
	BaseThreadInitThunk [0x00007FFE55BE53E0+16]
	RtlUserThreadStart [0x00007FFE5682485B+43]

	at org.openqa.selenium.remote.W3CHandshakeResponse.lambda$errorHandler$0(W3CHandshakeResponse.java:62)
	at org.openqa.selenium.remote.HandshakeResponse.lambda$getResponseFunction$0(HandshakeResponse.java:30)
	at org.openqa.selenium.remote.ProtocolHandshake.lambda$createSession$0(ProtocolHandshake.java:126)
	at java.base/java.util.stream.ReferencePipeline$3$1.accept(ReferencePipeline.java:197)
	at java.base/java.util.Spliterators$ArraySpliterator.tryAdvance(Spliterators.java:1002)
	at java.base/java.util.stream.ReferencePipeline.forEachWithCancel(ReferencePipeline.java:129)
	at java.base/java.util.stream.AbstractPipeline.copyIntoWithCancel(AbstractPipeline.java:527)
	at java.base/java.util.stream.AbstractPipeline.copyInto(AbstractPipeline.java:513)
	at java.base/java.util.stream.AbstractPipeline.wrapAndCopyInto(AbstractPipeline.java:499)
	at java.base/java.util.stream.FindOps$FindOp.evaluateSequential(FindOps.java:150)
	at java.base/java.util.stream.AbstractPipeline.evaluate(AbstractPipeline.java:234)
	at java.base/java.util.stream.ReferencePipeline.findFirst(ReferencePipeline.java:647)
	at org.openqa.selenium.remote.ProtocolHandshake.createSession(ProtocolHandshake.java:128)
	at org.openqa.selenium.remote.ProtocolHandshake.createSession(ProtocolHandshake.java:74)
	at org.openqa.selenium.remote.HttpCommandExecutor.execute(HttpCommandExecutor.java:136)
	at org.openqa.selenium.remote.service.DriverCommandExecutor.execute(DriverCommandExecutor.java:83)
	at org.openqa.selenium.remote.RemoteWebDriver.execute(RemoteWebDriver.java:552)
	at org.openqa.selenium.remote.RemoteWebDriver.startSession(RemoteWebDriver.java:213)
	at org.openqa.selenium.remote.RemoteWebDriver.&lt;init&gt;(RemoteWebDriver.java:131)
	at org.openqa.selenium.edge.EdgeDriver.&lt;init&gt;(EdgeDriver.java:141)
	at org.openqa.selenium.edge.EdgeDriver.&lt;init&gt;(EdgeDriver.java:96)
	at browserSetup.baseBrowser.openEdgeBrowser(baseBrowser.java:16)
	at test.VerifyHeaderOfMainPage.launchBrowser(VerifyHeaderOfMainPage.java:31)
... Removed 25 stack frames</pre></div><a href='#' onClick='toggleBox("stack-trace1893375087", this, "Click to show all stack frames", "Click to hide stack frames")'>Click to show all stack frames</a>
<div class='stack-trace' id='stack-trace1893375087'><pre>org.openqa.selenium.SessionNotCreatedException: session not created: This version of Microsoft Edge WebDriver only supports Microsoft Edge version 105
Current browser version is 117.0.2045.43 with binary path C:\Program Files (x86)\Microsoft\Edge\Application\msedge.exe
Build info: version: &apos;3.141.59&apos;, revision: &apos;e82be7d358&apos;, time: &apos;2018-11-14T08:17:03&apos;
System info: host: &apos;LAPTOP-3JRU7OQF&apos;, ip: &apos;192.168.1.113&apos;, os.name: &apos;Windows 11&apos;, os.arch: &apos;amd64&apos;, os.version: &apos;10.0&apos;, java.version: &apos;18.0.1.1&apos;
Driver info: driver.version: EdgeDriver
remote stacktrace: Backtrace:
	Microsoft::Applications::Events::EventProperties::SetProperty [0x00007FF7DD6E1FE2+17554]
	Microsoft::Applications::Events::EventProperty::EventProperty [0x00007FF7DD67E932+1438450]
	Ordinal0 [0x00007FF7DD2A9345+627525]
	Ordinal0 [0x00007FF7DD2D73D4+816084]
	Ordinal0 [0x00007FF7DD2D28B3+796851]
	Ordinal0 [0x00007FF7DD2CD9F0+776688]
	Ordinal0 [0x00007FF7DD30969F+1021599]
	Ordinal0 [0x00007FF7DD303A43+997955]
	Ordinal0 [0x00007FF7DD2D94C0+824512]
	Ordinal0 [0x00007FF7DD2DA9F8+829944]
	Microsoft::Applications::Events::EventProperty::EventProperty [0x00007FF7DD540308+134344]
	Microsoft::Applications::Events::EventProperty::EventProperty [0x00007FF7DD529C35+42485]
	Microsoft::Applications::Events::EventProperty::EventProperty [0x00007FF7DD52CD1C+55004]
	Ordinal0 [0x00007FF7DD394F14+1593108]
	Microsoft::Applications::Events::EventProperty::EventProperty [0x00007FF7DD68407B+1460795]
	Microsoft::Applications::Events::EventProperty::EventProperty [0x00007FF7DD688044+1477124]
	Microsoft::Applications::Events::EventProperty::EventProperty [0x00007FF7DD68819D+1477469]
	Microsoft::Applications::Events::EventProperty::EventProperty [0x00007FF7DD690169+1510185]
	BaseThreadInitThunk [0x00007FFE55BE53E0+16]
	RtlUserThreadStart [0x00007FFE5682485B+43]

	at java.base/jdk.internal.reflect.DirectConstructorHandleAccessor.newInstance(DirectConstructorHandleAccessor.java:67)
	at java.base/java.lang.reflect.Constructor.newInstanceWithCaller(Constructor.java:499)
	at java.base/java.lang.reflect.Constructor.newInstance(Constructor.java:483)
	at org.openqa.selenium.remote.W3CHandshakeResponse.lambda$errorHandler$0(W3CHandshakeResponse.java:62)
	at org.openqa.selenium.remote.HandshakeResponse.lambda$getResponseFunction$0(HandshakeResponse.java:30)
	at org.openqa.selenium.remote.ProtocolHandshake.lambda$createSession$0(ProtocolHandshake.java:126)
	at java.base/java.util.stream.ReferencePipeline$3$1.accept(ReferencePipeline.java:197)
	at java.base/java.util.Spliterators$ArraySpliterator.tryAdvance(Spliterators.java:1002)
	at java.base/java.util.stream.ReferencePipeline.forEachWithCancel(ReferencePipeline.java:129)
	at java.base/java.util.stream.AbstractPipeline.copyIntoWithCancel(AbstractPipeline.java:527)
	at java.base/java.util.stream.AbstractPipeline.copyInto(AbstractPipeline.java:513)
	at java.base/java.util.stream.AbstractPipeline.wrapAndCopyInto(AbstractPipeline.java:499)
	at java.base/java.util.stream.FindOps$FindOp.evaluateSequential(FindOps.java:150)
	at java.base/java.util.stream.AbstractPipeline.evaluate(AbstractPipeline.java:234)
	at java.base/java.util.stream.ReferencePipeline.findFirst(ReferencePipeline.java:647)
	at org.openqa.selenium.remote.ProtocolHandshake.createSession(ProtocolHandshake.java:128)
	at org.openqa.selenium.remote.ProtocolHandshake.createSession(ProtocolHandshake.java:74)
	at org.openqa.selenium.remote.HttpCommandExecutor.execute(HttpCommandExecutor.java:136)
	at org.openqa.selenium.remote.service.DriverCommandExecutor.execute(DriverCommandExecutor.java:83)
	at org.openqa.selenium.remote.RemoteWebDriver.execute(RemoteWebDriver.java:552)
	at org.openqa.selenium.remote.RemoteWebDriver.startSession(RemoteWebDriver.java:213)
	at org.openqa.selenium.remote.RemoteWebDriver.&lt;init&gt;(RemoteWebDriver.java:131)
	at org.openqa.selenium.edge.EdgeDriver.&lt;init&gt;(EdgeDriver.java:141)
	at org.openqa.selenium.edge.EdgeDriver.&lt;init&gt;(EdgeDriver.java:96)
	at browserSetup.baseBrowser.openEdgeBrowser(baseBrowser.java:16)
	at test.VerifyHeaderOfMainPage.launchBrowser(VerifyHeaderOfMainPage.java:31)
	at java.base/jdk.internal.reflect.DirectMethodHandleAccessor.invoke(DirectMethodHandleAccessor.java:104)
	at java.base/java.lang.reflect.Method.invoke(Method.java:577)
	at org.testng.internal.MethodInvocationHelper.invokeMethod(MethodInvocationHelper.java:133)
	at org.testng.internal.MethodInvocationHelper.invokeMethodConsideringTimeout(MethodInvocationHelper.java:62)
	at org.testng.internal.ConfigInvoker.invokeConfigurationMethod(ConfigInvoker.java:385)
	at org.testng.internal.ConfigInvoker.invokeConfigurations(ConfigInvoker.java:321)
	at org.testng.TestRunner.invokeTestConfigurations(TestRunner.java:637)
	at org.testng.TestRunner.beforeRun(TestRunner.java:627)
	at org.testng.TestRunner.run(TestRunner.java:589)
	at org.testng.SuiteRunner.runTest(SuiteRunner.java:377)
	at org.testng.SuiteRunner.runSequentially(SuiteRunner.java:371)
	at org.testng.SuiteRunner.privateRun(SuiteRunner.java:332)
	at org.testng.SuiteRunner.run(SuiteRunner.java:276)
	at org.testng.SuiteRunnerWorker.runSuite(SuiteRunnerWorker.java:53)
	at org.testng.SuiteRunnerWorker.run(SuiteRunnerWorker.java:96)
	at org.testng.TestNG.runSuitesSequentially(TestNG.java:1212)
	at org.testng.TestNG.runSuitesLocally(TestNG.java:1134)
	at org.testng.TestNG.runSuites(TestNG.java:1063)
	at org.testng.TestNG.run(TestNG.java:1031)
	at org.testng.remote.AbstractRemoteTestNG.run(AbstractRemoteTestNG.java:115)
	at org.testng.remote.RemoteTestNG.initAndRun(RemoteTestNG.java:251)
	at org.testng.remote.RemoteTestNG.main(RemoteTestNG.java:77)
</pre></div></td>
<td>0</td>
<td>test.VerifyHeaderOfMainPage@7d8995e</td></tr>
<tr>
<td title='test.VerifyHeaderOfMainPage.verifyCustomerServiceTab()'><b>verifyCustomerServiceTab</b><br>Test class: test.VerifyHeaderOfMainPage</td>
<td><div><pre>org.openqa.selenium.SessionNotCreatedException: session not created: This version of Microsoft Edge WebDriver only supports Microsoft Edge version 105
Current browser version is 117.0.2045.43 with binary path C:\Program Files (x86)\Microsoft\Edge\Application\msedge.exe
Build info: version: &apos;3.141.59&apos;, revision: &apos;e82be7d358&apos;, time: &apos;2018-11-14T08:17:03&apos;
System info: host: &apos;LAPTOP-3JRU7OQF&apos;, ip: &apos;192.168.1.113&apos;, os.name: &apos;Windows 11&apos;, os.arch: &apos;amd64&apos;, os.version: &apos;10.0&apos;, java.version: &apos;18.0.1.1&apos;
Driver info: driver.version: EdgeDriver
remote stacktrace: Backtrace:
	Microsoft::Applications::Events::EventProperties::SetProperty [0x00007FF7DD6E1FE2+17554]
	Microsoft::Applications::Events::EventProperty::EventProperty [0x00007FF7DD67E932+1438450]
	Ordinal0 [0x00007FF7DD2A9345+627525]
	Ordinal0 [0x00007FF7DD2D73D4+816084]
	Ordinal0 [0x00007FF7DD2D28B3+796851]
	Ordinal0 [0x00007FF7DD2CD9F0+776688]
	Ordinal0 [0x00007FF7DD30969F+1021599]
	Ordinal0 [0x00007FF7DD303A43+997955]
	Ordinal0 [0x00007FF7DD2D94C0+824512]
	Ordinal0 [0x00007FF7DD2DA9F8+829944]
	Microsoft::Applications::Events::EventProperty::EventProperty [0x00007FF7DD540308+134344]
	Microsoft::Applications::Events::EventProperty::EventProperty [0x00007FF7DD529C35+42485]
	Microsoft::Applications::Events::EventProperty::EventProperty [0x00007FF7DD52CD1C+55004]
	Ordinal0 [0x00007FF7DD394F14+1593108]
	Microsoft::Applications::Events::EventProperty::EventProperty [0x00007FF7DD68407B+1460795]
	Microsoft::Applications::Events::EventProperty::EventProperty [0x00007FF7DD688044+1477124]
	Microsoft::Applications::Events::EventProperty::EventProperty [0x00007FF7DD68819D+1477469]
	Microsoft::Applications::Events::EventProperty::EventProperty [0x00007FF7DD690169+1510185]
	BaseThreadInitThunk [0x00007FFE55BE53E0+16]
	RtlUserThreadStart [0x00007FFE5682485B+43]

	at org.openqa.selenium.remote.W3CHandshakeResponse.lambda$errorHandler$0(W3CHandshakeResponse.java:62)
	at org.openqa.selenium.remote.HandshakeResponse.lambda$getResponseFunction$0(HandshakeResponse.java:30)
	at org.openqa.selenium.remote.ProtocolHandshake.lambda$createSession$0(ProtocolHandshake.java:126)
	at java.base/java.util.stream.ReferencePipeline$3$1.accept(ReferencePipeline.java:197)
	at java.base/java.util.Spliterators$ArraySpliterator.tryAdvance(Spliterators.java:1002)
	at java.base/java.util.stream.ReferencePipeline.forEachWithCancel(ReferencePipeline.java:129)
	at java.base/java.util.stream.AbstractPipeline.copyIntoWithCancel(AbstractPipeline.java:527)
	at java.base/java.util.stream.AbstractPipeline.copyInto(AbstractPipeline.java:513)
	at java.base/java.util.stream.AbstractPipeline.wrapAndCopyInto(AbstractPipeline.java:499)
	at java.base/java.util.stream.FindOps$FindOp.evaluateSequential(FindOps.java:150)
	at java.base/java.util.stream.AbstractPipeline.evaluate(AbstractPipeline.java:234)
	at java.base/java.util.stream.ReferencePipeline.findFirst(ReferencePipeline.java:647)
	at org.openqa.selenium.remote.ProtocolHandshake.createSession(ProtocolHandshake.java:128)
	at org.openqa.selenium.remote.ProtocolHandshake.createSession(ProtocolHandshake.java:74)
	at org.openqa.selenium.remote.HttpCommandExecutor.execute(HttpCommandExecutor.java:136)
	at org.openqa.selenium.remote.service.DriverCommandExecutor.execute(DriverCommandExecutor.java:83)
	at org.openqa.selenium.remote.RemoteWebDriver.execute(RemoteWebDriver.java:552)
	at org.openqa.selenium.remote.RemoteWebDriver.startSession(RemoteWebDriver.java:213)
	at org.openqa.selenium.remote.RemoteWebDriver.&lt;init&gt;(RemoteWebDriver.java:131)
	at org.openqa.selenium.edge.EdgeDriver.&lt;init&gt;(EdgeDriver.java:141)
	at org.openqa.selenium.edge.EdgeDriver.&lt;init&gt;(EdgeDriver.java:96)
	at browserSetup.baseBrowser.openEdgeBrowser(baseBrowser.java:16)
	at test.VerifyHeaderOfMainPage.launchBrowser(VerifyHeaderOfMainPage.java:31)
... Removed 25 stack frames</pre></div><a href='#' onClick='toggleBox("stack-trace1886520666", this, "Click to show all stack frames", "Click to hide stack frames")'>Click to show all stack frames</a>
<div class='stack-trace' id='stack-trace1886520666'><pre>org.openqa.selenium.SessionNotCreatedException: session not created: This version of Microsoft Edge WebDriver only supports Microsoft Edge version 105
Current browser version is 117.0.2045.43 with binary path C:\Program Files (x86)\Microsoft\Edge\Application\msedge.exe
Build info: version: &apos;3.141.59&apos;, revision: &apos;e82be7d358&apos;, time: &apos;2018-11-14T08:17:03&apos;
System info: host: &apos;LAPTOP-3JRU7OQF&apos;, ip: &apos;192.168.1.113&apos;, os.name: &apos;Windows 11&apos;, os.arch: &apos;amd64&apos;, os.version: &apos;10.0&apos;, java.version: &apos;18.0.1.1&apos;
Driver info: driver.version: EdgeDriver
remote stacktrace: Backtrace:
	Microsoft::Applications::Events::EventProperties::SetProperty [0x00007FF7DD6E1FE2+17554]
	Microsoft::Applications::Events::EventProperty::EventProperty [0x00007FF7DD67E932+1438450]
	Ordinal0 [0x00007FF7DD2A9345+627525]
	Ordinal0 [0x00007FF7DD2D73D4+816084]
	Ordinal0 [0x00007FF7DD2D28B3+796851]
	Ordinal0 [0x00007FF7DD2CD9F0+776688]
	Ordinal0 [0x00007FF7DD30969F+1021599]
	Ordinal0 [0x00007FF7DD303A43+997955]
	Ordinal0 [0x00007FF7DD2D94C0+824512]
	Ordinal0 [0x00007FF7DD2DA9F8+829944]
	Microsoft::Applications::Events::EventProperty::EventProperty [0x00007FF7DD540308+134344]
	Microsoft::Applications::Events::EventProperty::EventProperty [0x00007FF7DD529C35+42485]
	Microsoft::Applications::Events::EventProperty::EventProperty [0x00007FF7DD52CD1C+55004]
	Ordinal0 [0x00007FF7DD394F14+1593108]
	Microsoft::Applications::Events::EventProperty::EventProperty [0x00007FF7DD68407B+1460795]
	Microsoft::Applications::Events::EventProperty::EventProperty [0x00007FF7DD688044+1477124]
	Microsoft::Applications::Events::EventProperty::EventProperty [0x00007FF7DD68819D+1477469]
	Microsoft::Applications::Events::EventProperty::EventProperty [0x00007FF7DD690169+1510185]
	BaseThreadInitThunk [0x00007FFE55BE53E0+16]
	RtlUserThreadStart [0x00007FFE5682485B+43]

	at java.base/jdk.internal.reflect.DirectConstructorHandleAccessor.newInstance(DirectConstructorHandleAccessor.java:67)
	at java.base/java.lang.reflect.Constructor.newInstanceWithCaller(Constructor.java:499)
	at java.base/java.lang.reflect.Constructor.newInstance(Constructor.java:483)
	at org.openqa.selenium.remote.W3CHandshakeResponse.lambda$errorHandler$0(W3CHandshakeResponse.java:62)
	at org.openqa.selenium.remote.HandshakeResponse.lambda$getResponseFunction$0(HandshakeResponse.java:30)
	at org.openqa.selenium.remote.ProtocolHandshake.lambda$createSession$0(ProtocolHandshake.java:126)
	at java.base/java.util.stream.ReferencePipeline$3$1.accept(ReferencePipeline.java:197)
	at java.base/java.util.Spliterators$ArraySpliterator.tryAdvance(Spliterators.java:1002)
	at java.base/java.util.stream.ReferencePipeline.forEachWithCancel(ReferencePipeline.java:129)
	at java.base/java.util.stream.AbstractPipeline.copyIntoWithCancel(AbstractPipeline.java:527)
	at java.base/java.util.stream.AbstractPipeline.copyInto(AbstractPipeline.java:513)
	at java.base/java.util.stream.AbstractPipeline.wrapAndCopyInto(AbstractPipeline.java:499)
	at java.base/java.util.stream.FindOps$FindOp.evaluateSequential(FindOps.java:150)
	at java.base/java.util.stream.AbstractPipeline.evaluate(AbstractPipeline.java:234)
	at java.base/java.util.stream.ReferencePipeline.findFirst(ReferencePipeline.java:647)
	at org.openqa.selenium.remote.ProtocolHandshake.createSession(ProtocolHandshake.java:128)
	at org.openqa.selenium.remote.ProtocolHandshake.createSession(ProtocolHandshake.java:74)
	at org.openqa.selenium.remote.HttpCommandExecutor.execute(HttpCommandExecutor.java:136)
	at org.openqa.selenium.remote.service.DriverCommandExecutor.execute(DriverCommandExecutor.java:83)
	at org.openqa.selenium.remote.RemoteWebDriver.execute(RemoteWebDriver.java:552)
	at org.openqa.selenium.remote.RemoteWebDriver.startSession(RemoteWebDriver.java:213)
	at org.openqa.selenium.remote.RemoteWebDriver.&lt;init&gt;(RemoteWebDriver.java:131)
	at org.openqa.selenium.edge.EdgeDriver.&lt;init&gt;(EdgeDriver.java:141)
	at org.openqa.selenium.edge.EdgeDriver.&lt;init&gt;(EdgeDriver.java:96)
	at browserSetup.baseBrowser.openEdgeBrowser(baseBrowser.java:16)
	at test.VerifyHeaderOfMainPage.launchBrowser(VerifyHeaderOfMainPage.java:31)
	at java.base/jdk.internal.reflect.DirectMethodHandleAccessor.invoke(DirectMethodHandleAccessor.java:104)
	at java.base/java.lang.reflect.Method.invoke(Method.java:577)
	at org.testng.internal.MethodInvocationHelper.invokeMethod(MethodInvocationHelper.java:133)
	at org.testng.internal.MethodInvocationHelper.invokeMethodConsideringTimeout(MethodInvocationHelper.java:62)
	at org.testng.internal.ConfigInvoker.invokeConfigurationMethod(ConfigInvoker.java:385)
	at org.testng.internal.ConfigInvoker.invokeConfigurations(ConfigInvoker.java:321)
	at org.testng.TestRunner.invokeTestConfigurations(TestRunner.java:637)
	at org.testng.TestRunner.beforeRun(TestRunner.java:627)
	at org.testng.TestRunner.run(TestRunner.java:589)
	at org.testng.SuiteRunner.runTest(SuiteRunner.java:377)
	at org.testng.SuiteRunner.runSequentially(SuiteRunner.java:371)
	at org.testng.SuiteRunner.privateRun(SuiteRunner.java:332)
	at org.testng.SuiteRunner.run(SuiteRunner.java:276)
	at org.testng.SuiteRunnerWorker.runSuite(SuiteRunnerWorker.java:53)
	at org.testng.SuiteRunnerWorker.run(SuiteRunnerWorker.java:96)
	at org.testng.TestNG.runSuitesSequentially(TestNG.java:1212)
	at org.testng.TestNG.runSuitesLocally(TestNG.java:1134)
	at org.testng.TestNG.runSuites(TestNG.java:1063)
	at org.testng.TestNG.run(TestNG.java:1031)
	at org.testng.remote.AbstractRemoteTestNG.run(AbstractRemoteTestNG.java:115)
	at org.testng.remote.RemoteTestNG.initAndRun(RemoteTestNG.java:251)
	at org.testng.remote.RemoteTestNG.main(RemoteTestNG.java:77)
</pre></div></td>
<td>0</td>
<td>test.VerifyHeaderOfMainPage@7d8995e</td></tr>
<tr>
<td title='test.verifyBooksAdvanceSearch.verifyAdvanceSearch()'><b>verifyAdvanceSearch</b><br>Test class: test.verifyBooksAdvanceSearch</td>
<td><div><pre>org.openqa.selenium.SessionNotCreatedException: session not created: This version of Microsoft Edge WebDriver only supports Microsoft Edge version 105
Current browser version is 117.0.2045.43 with binary path C:\Program Files (x86)\Microsoft\Edge\Application\msedge.exe
Build info: version: &apos;3.141.59&apos;, revision: &apos;e82be7d358&apos;, time: &apos;2018-11-14T08:17:03&apos;
System info: host: &apos;LAPTOP-3JRU7OQF&apos;, ip: &apos;192.168.1.113&apos;, os.name: &apos;Windows 11&apos;, os.arch: &apos;amd64&apos;, os.version: &apos;10.0&apos;, java.version: &apos;18.0.1.1&apos;
Driver info: driver.version: EdgeDriver
remote stacktrace: Backtrace:
	Microsoft::Applications::Events::EventProperties::SetProperty [0x00007FF7DD6E1FE2+17554]
	Microsoft::Applications::Events::EventProperty::EventProperty [0x00007FF7DD67E932+1438450]
	Ordinal0 [0x00007FF7DD2A9345+627525]
	Ordinal0 [0x00007FF7DD2D73D4+816084]
	Ordinal0 [0x00007FF7DD2D28B3+796851]
	Ordinal0 [0x00007FF7DD2CD9F0+776688]
	Ordinal0 [0x00007FF7DD30969F+1021599]
	Ordinal0 [0x00007FF7DD303A43+997955]
	Ordinal0 [0x00007FF7DD2D94C0+824512]
	Ordinal0 [0x00007FF7DD2DA9F8+829944]
	Microsoft::Applications::Events::EventProperty::EventProperty [0x00007FF7DD540308+134344]
	Microsoft::Applications::Events::EventProperty::EventProperty [0x00007FF7DD529C35+42485]
	Microsoft::Applications::Events::EventProperty::EventProperty [0x00007FF7DD52CD1C+55004]
	Ordinal0 [0x00007FF7DD394F14+1593108]
	Microsoft::Applications::Events::EventProperty::EventProperty [0x00007FF7DD68407B+1460795]
	Microsoft::Applications::Events::EventProperty::EventProperty [0x00007FF7DD688044+1477124]
	Microsoft::Applications::Events::EventProperty::EventProperty [0x00007FF7DD68819D+1477469]
	Microsoft::Applications::Events::EventProperty::EventProperty [0x00007FF7DD690169+1510185]
	BaseThreadInitThunk [0x00007FFE55BE53E0+16]
	RtlUserThreadStart [0x00007FFE5682485B+43]

	at org.openqa.selenium.remote.W3CHandshakeResponse.lambda$errorHandler$0(W3CHandshakeResponse.java:62)
	at org.openqa.selenium.remote.HandshakeResponse.lambda$getResponseFunction$0(HandshakeResponse.java:30)
	at org.openqa.selenium.remote.ProtocolHandshake.lambda$createSession$0(ProtocolHandshake.java:126)
	at java.base/java.util.stream.ReferencePipeline$3$1.accept(ReferencePipeline.java:197)
	at java.base/java.util.Spliterators$ArraySpliterator.tryAdvance(Spliterators.java:1002)
	at java.base/java.util.stream.ReferencePipeline.forEachWithCancel(ReferencePipeline.java:129)
	at java.base/java.util.stream.AbstractPipeline.copyIntoWithCancel(AbstractPipeline.java:527)
	at java.base/java.util.stream.AbstractPipeline.copyInto(AbstractPipeline.java:513)
	at java.base/java.util.stream.AbstractPipeline.wrapAndCopyInto(AbstractPipeline.java:499)
	at java.base/java.util.stream.FindOps$FindOp.evaluateSequential(FindOps.java:150)
	at java.base/java.util.stream.AbstractPipeline.evaluate(AbstractPipeline.java:234)
	at java.base/java.util.stream.ReferencePipeline.findFirst(ReferencePipeline.java:647)
	at org.openqa.selenium.remote.ProtocolHandshake.createSession(ProtocolHandshake.java:128)
	at org.openqa.selenium.remote.ProtocolHandshake.createSession(ProtocolHandshake.java:74)
	at org.openqa.selenium.remote.HttpCommandExecutor.execute(HttpCommandExecutor.java:136)
	at org.openqa.selenium.remote.service.DriverCommandExecutor.execute(DriverCommandExecutor.java:83)
	at org.openqa.selenium.remote.RemoteWebDriver.execute(RemoteWebDriver.java:552)
	at org.openqa.selenium.remote.RemoteWebDriver.startSession(RemoteWebDriver.java:213)
	at org.openqa.selenium.remote.RemoteWebDriver.&lt;init&gt;(RemoteWebDriver.java:131)
	at org.openqa.selenium.edge.EdgeDriver.&lt;init&gt;(EdgeDriver.java:141)
	at org.openqa.selenium.edge.EdgeDriver.&lt;init&gt;(EdgeDriver.java:96)
	at browserSetup.baseBrowser.openEdgeBrowser(baseBrowser.java:16)
	at test.VerifyHeaderOfMainPage.launchBrowser(VerifyHeaderOfMainPage.java:31)
... Removed 25 stack frames</pre></div><a href='#' onClick='toggleBox("stack-trace2132753252", this, "Click to show all stack frames", "Click to hide stack frames")'>Click to show all stack frames</a>
<div class='stack-trace' id='stack-trace2132753252'><pre>org.openqa.selenium.SessionNotCreatedException: session not created: This version of Microsoft Edge WebDriver only supports Microsoft Edge version 105
Current browser version is 117.0.2045.43 with binary path C:\Program Files (x86)\Microsoft\Edge\Application\msedge.exe
Build info: version: &apos;3.141.59&apos;, revision: &apos;e82be7d358&apos;, time: &apos;2018-11-14T08:17:03&apos;
System info: host: &apos;LAPTOP-3JRU7OQF&apos;, ip: &apos;192.168.1.113&apos;, os.name: &apos;Windows 11&apos;, os.arch: &apos;amd64&apos;, os.version: &apos;10.0&apos;, java.version: &apos;18.0.1.1&apos;
Driver info: driver.version: EdgeDriver
remote stacktrace: Backtrace:
	Microsoft::Applications::Events::EventProperties::SetProperty [0x00007FF7DD6E1FE2+17554]
	Microsoft::Applications::Events::EventProperty::EventProperty [0x00007FF7DD67E932+1438450]
	Ordinal0 [0x00007FF7DD2A9345+627525]
	Ordinal0 [0x00007FF7DD2D73D4+816084]
	Ordinal0 [0x00007FF7DD2D28B3+796851]
	Ordinal0 [0x00007FF7DD2CD9F0+776688]
	Ordinal0 [0x00007FF7DD30969F+1021599]
	Ordinal0 [0x00007FF7DD303A43+997955]
	Ordinal0 [0x00007FF7DD2D94C0+824512]
	Ordinal0 [0x00007FF7DD2DA9F8+829944]
	Microsoft::Applications::Events::EventProperty::EventProperty [0x00007FF7DD540308+134344]
	Microsoft::Applications::Events::EventProperty::EventProperty [0x00007FF7DD529C35+42485]
	Microsoft::Applications::Events::EventProperty::EventProperty [0x00007FF7DD52CD1C+55004]
	Ordinal0 [0x00007FF7DD394F14+1593108]
	Microsoft::Applications::Events::EventProperty::EventProperty [0x00007FF7DD68407B+1460795]
	Microsoft::Applications::Events::EventProperty::EventProperty [0x00007FF7DD688044+1477124]
	Microsoft::Applications::Events::EventProperty::EventProperty [0x00007FF7DD68819D+1477469]
	Microsoft::Applications::Events::EventProperty::EventProperty [0x00007FF7DD690169+1510185]
	BaseThreadInitThunk [0x00007FFE55BE53E0+16]
	RtlUserThreadStart [0x00007FFE5682485B+43]

	at java.base/jdk.internal.reflect.DirectConstructorHandleAccessor.newInstance(DirectConstructorHandleAccessor.java:67)
	at java.base/java.lang.reflect.Constructor.newInstanceWithCaller(Constructor.java:499)
	at java.base/java.lang.reflect.Constructor.newInstance(Constructor.java:483)
	at org.openqa.selenium.remote.W3CHandshakeResponse.lambda$errorHandler$0(W3CHandshakeResponse.java:62)
	at org.openqa.selenium.remote.HandshakeResponse.lambda$getResponseFunction$0(HandshakeResponse.java:30)
	at org.openqa.selenium.remote.ProtocolHandshake.lambda$createSession$0(ProtocolHandshake.java:126)
	at java.base/java.util.stream.ReferencePipeline$3$1.accept(ReferencePipeline.java:197)
	at java.base/java.util.Spliterators$ArraySpliterator.tryAdvance(Spliterators.java:1002)
	at java.base/java.util.stream.ReferencePipeline.forEachWithCancel(ReferencePipeline.java:129)
	at java.base/java.util.stream.AbstractPipeline.copyIntoWithCancel(AbstractPipeline.java:527)
	at java.base/java.util.stream.AbstractPipeline.copyInto(AbstractPipeline.java:513)
	at java.base/java.util.stream.AbstractPipeline.wrapAndCopyInto(AbstractPipeline.java:499)
	at java.base/java.util.stream.FindOps$FindOp.evaluateSequential(FindOps.java:150)
	at java.base/java.util.stream.AbstractPipeline.evaluate(AbstractPipeline.java:234)
	at java.base/java.util.stream.ReferencePipeline.findFirst(ReferencePipeline.java:647)
	at org.openqa.selenium.remote.ProtocolHandshake.createSession(ProtocolHandshake.java:128)
	at org.openqa.selenium.remote.ProtocolHandshake.createSession(ProtocolHandshake.java:74)
	at org.openqa.selenium.remote.HttpCommandExecutor.execute(HttpCommandExecutor.java:136)
	at org.openqa.selenium.remote.service.DriverCommandExecutor.execute(DriverCommandExecutor.java:83)
	at org.openqa.selenium.remote.RemoteWebDriver.execute(RemoteWebDriver.java:552)
	at org.openqa.selenium.remote.RemoteWebDriver.startSession(RemoteWebDriver.java:213)
	at org.openqa.selenium.remote.RemoteWebDriver.&lt;init&gt;(RemoteWebDriver.java:131)
	at org.openqa.selenium.edge.EdgeDriver.&lt;init&gt;(EdgeDriver.java:141)
	at org.openqa.selenium.edge.EdgeDriver.&lt;init&gt;(EdgeDriver.java:96)
	at browserSetup.baseBrowser.openEdgeBrowser(baseBrowser.java:16)
	at test.VerifyHeaderOfMainPage.launchBrowser(VerifyHeaderOfMainPage.java:31)
	at java.base/jdk.internal.reflect.DirectMethodHandleAccessor.invoke(DirectMethodHandleAccessor.java:104)
	at java.base/java.lang.reflect.Method.invoke(Method.java:577)
	at org.testng.internal.MethodInvocationHelper.invokeMethod(MethodInvocationHelper.java:133)
	at org.testng.internal.MethodInvocationHelper.invokeMethodConsideringTimeout(MethodInvocationHelper.java:62)
	at org.testng.internal.ConfigInvoker.invokeConfigurationMethod(ConfigInvoker.java:385)
	at org.testng.internal.ConfigInvoker.invokeConfigurations(ConfigInvoker.java:321)
	at org.testng.TestRunner.invokeTestConfigurations(TestRunner.java:637)
	at org.testng.TestRunner.beforeRun(TestRunner.java:627)
	at org.testng.TestRunner.run(TestRunner.java:589)
	at org.testng.SuiteRunner.runTest(SuiteRunner.java:377)
	at org.testng.SuiteRunner.runSequentially(SuiteRunner.java:371)
	at org.testng.SuiteRunner.privateRun(SuiteRunner.java:332)
	at org.testng.SuiteRunner.run(SuiteRunner.java:276)
	at org.testng.SuiteRunnerWorker.runSuite(SuiteRunnerWorker.java:53)
	at org.testng.SuiteRunnerWorker.run(SuiteRunnerWorker.java:96)
	at org.testng.TestNG.runSuitesSequentially(TestNG.java:1212)
	at org.testng.TestNG.runSuitesLocally(TestNG.java:1134)
	at org.testng.TestNG.runSuites(TestNG.java:1063)
	at org.testng.TestNG.run(TestNG.java:1031)
	at org.testng.remote.AbstractRemoteTestNG.run(AbstractRemoteTestNG.java:115)
	at org.testng.remote.RemoteTestNG.initAndRun(RemoteTestNG.java:251)
	at org.testng.remote.RemoteTestNG.main(RemoteTestNG.java:77)
</pre></div></td>
<td>0</td>
<td>test.verifyBooksAdvanceSearch@42a48628</td></tr>
<tr>
<td title='test.VerifyHeaderOfMainPage.verifyBookTab()'><b>verifyBookTab</b><br>Test class: test.VerifyHeaderOfMainPage</td>
<td><div><pre>org.openqa.selenium.SessionNotCreatedException: session not created: This version of Microsoft Edge WebDriver only supports Microsoft Edge version 105
Current browser version is 117.0.2045.43 with binary path C:\Program Files (x86)\Microsoft\Edge\Application\msedge.exe
Build info: version: &apos;3.141.59&apos;, revision: &apos;e82be7d358&apos;, time: &apos;2018-11-14T08:17:03&apos;
System info: host: &apos;LAPTOP-3JRU7OQF&apos;, ip: &apos;192.168.1.113&apos;, os.name: &apos;Windows 11&apos;, os.arch: &apos;amd64&apos;, os.version: &apos;10.0&apos;, java.version: &apos;18.0.1.1&apos;
Driver info: driver.version: EdgeDriver
remote stacktrace: Backtrace:
	Microsoft::Applications::Events::EventProperties::SetProperty [0x00007FF7DD6E1FE2+17554]
	Microsoft::Applications::Events::EventProperty::EventProperty [0x00007FF7DD67E932+1438450]
	Ordinal0 [0x00007FF7DD2A9345+627525]
	Ordinal0 [0x00007FF7DD2D73D4+816084]
	Ordinal0 [0x00007FF7DD2D28B3+796851]
	Ordinal0 [0x00007FF7DD2CD9F0+776688]
	Ordinal0 [0x00007FF7DD30969F+1021599]
	Ordinal0 [0x00007FF7DD303A43+997955]
	Ordinal0 [0x00007FF7DD2D94C0+824512]
	Ordinal0 [0x00007FF7DD2DA9F8+829944]
	Microsoft::Applications::Events::EventProperty::EventProperty [0x00007FF7DD540308+134344]
	Microsoft::Applications::Events::EventProperty::EventProperty [0x00007FF7DD529C35+42485]
	Microsoft::Applications::Events::EventProperty::EventProperty [0x00007FF7DD52CD1C+55004]
	Ordinal0 [0x00007FF7DD394F14+1593108]
	Microsoft::Applications::Events::EventProperty::EventProperty [0x00007FF7DD68407B+1460795]
	Microsoft::Applications::Events::EventProperty::EventProperty [0x00007FF7DD688044+1477124]
	Microsoft::Applications::Events::EventProperty::EventProperty [0x00007FF7DD68819D+1477469]
	Microsoft::Applications::Events::EventProperty::EventProperty [0x00007FF7DD690169+1510185]
	BaseThreadInitThunk [0x00007FFE55BE53E0+16]
	RtlUserThreadStart [0x00007FFE5682485B+43]

	at org.openqa.selenium.remote.W3CHandshakeResponse.lambda$errorHandler$0(W3CHandshakeResponse.java:62)
	at org.openqa.selenium.remote.HandshakeResponse.lambda$getResponseFunction$0(HandshakeResponse.java:30)
	at org.openqa.selenium.remote.ProtocolHandshake.lambda$createSession$0(ProtocolHandshake.java:126)
	at java.base/java.util.stream.ReferencePipeline$3$1.accept(ReferencePipeline.java:197)
	at java.base/java.util.Spliterators$ArraySpliterator.tryAdvance(Spliterators.java:1002)
	at java.base/java.util.stream.ReferencePipeline.forEachWithCancel(ReferencePipeline.java:129)
	at java.base/java.util.stream.AbstractPipeline.copyIntoWithCancel(AbstractPipeline.java:527)
	at java.base/java.util.stream.AbstractPipeline.copyInto(AbstractPipeline.java:513)
	at java.base/java.util.stream.AbstractPipeline.wrapAndCopyInto(AbstractPipeline.java:499)
	at java.base/java.util.stream.FindOps$FindOp.evaluateSequential(FindOps.java:150)
	at java.base/java.util.stream.AbstractPipeline.evaluate(AbstractPipeline.java:234)
	at java.base/java.util.stream.ReferencePipeline.findFirst(ReferencePipeline.java:647)
	at org.openqa.selenium.remote.ProtocolHandshake.createSession(ProtocolHandshake.java:128)
	at org.openqa.selenium.remote.ProtocolHandshake.createSession(ProtocolHandshake.java:74)
	at org.openqa.selenium.remote.HttpCommandExecutor.execute(HttpCommandExecutor.java:136)
	at org.openqa.selenium.remote.service.DriverCommandExecutor.execute(DriverCommandExecutor.java:83)
	at org.openqa.selenium.remote.RemoteWebDriver.execute(RemoteWebDriver.java:552)
	at org.openqa.selenium.remote.RemoteWebDriver.startSession(RemoteWebDriver.java:213)
	at org.openqa.selenium.remote.RemoteWebDriver.&lt;init&gt;(RemoteWebDriver.java:131)
	at org.openqa.selenium.edge.EdgeDriver.&lt;init&gt;(EdgeDriver.java:141)
	at org.openqa.selenium.edge.EdgeDriver.&lt;init&gt;(EdgeDriver.java:96)
	at browserSetup.baseBrowser.openEdgeBrowser(baseBrowser.java:16)
	at test.VerifyHeaderOfMainPage.launchBrowser(VerifyHeaderOfMainPage.java:31)
... Removed 25 stack frames</pre></div><a href='#' onClick='toggleBox("stack-trace1239737114", this, "Click to show all stack frames", "Click to hide stack frames")'>Click to show all stack frames</a>
<div class='stack-trace' id='stack-trace1239737114'><pre>org.openqa.selenium.SessionNotCreatedException: session not created: This version of Microsoft Edge WebDriver only supports Microsoft Edge version 105
Current browser version is 117.0.2045.43 with binary path C:\Program Files (x86)\Microsoft\Edge\Application\msedge.exe
Build info: version: &apos;3.141.59&apos;, revision: &apos;e82be7d358&apos;, time: &apos;2018-11-14T08:17:03&apos;
System info: host: &apos;LAPTOP-3JRU7OQF&apos;, ip: &apos;192.168.1.113&apos;, os.name: &apos;Windows 11&apos;, os.arch: &apos;amd64&apos;, os.version: &apos;10.0&apos;, java.version: &apos;18.0.1.1&apos;
Driver info: driver.version: EdgeDriver
remote stacktrace: Backtrace:
	Microsoft::Applications::Events::EventProperties::SetProperty [0x00007FF7DD6E1FE2+17554]
	Microsoft::Applications::Events::EventProperty::EventProperty [0x00007FF7DD67E932+1438450]
	Ordinal0 [0x00007FF7DD2A9345+627525]
	Ordinal0 [0x00007FF7DD2D73D4+816084]
	Ordinal0 [0x00007FF7DD2D28B3+796851]
	Ordinal0 [0x00007FF7DD2CD9F0+776688]
	Ordinal0 [0x00007FF7DD30969F+1021599]
	Ordinal0 [0x00007FF7DD303A43+997955]
	Ordinal0 [0x00007FF7DD2D94C0+824512]
	Ordinal0 [0x00007FF7DD2DA9F8+829944]
	Microsoft::Applications::Events::EventProperty::EventProperty [0x00007FF7DD540308+134344]
	Microsoft::Applications::Events::EventProperty::EventProperty [0x00007FF7DD529C35+42485]
	Microsoft::Applications::Events::EventProperty::EventProperty [0x00007FF7DD52CD1C+55004]
	Ordinal0 [0x00007FF7DD394F14+1593108]
	Microsoft::Applications::Events::EventProperty::EventProperty [0x00007FF7DD68407B+1460795]
	Microsoft::Applications::Events::EventProperty::EventProperty [0x00007FF7DD688044+1477124]
	Microsoft::Applications::Events::EventProperty::EventProperty [0x00007FF7DD68819D+1477469]
	Microsoft::Applications::Events::EventProperty::EventProperty [0x00007FF7DD690169+1510185]
	BaseThreadInitThunk [0x00007FFE55BE53E0+16]
	RtlUserThreadStart [0x00007FFE5682485B+43]

	at java.base/jdk.internal.reflect.DirectConstructorHandleAccessor.newInstance(DirectConstructorHandleAccessor.java:67)
	at java.base/java.lang.reflect.Constructor.newInstanceWithCaller(Constructor.java:499)
	at java.base/java.lang.reflect.Constructor.newInstance(Constructor.java:483)
	at org.openqa.selenium.remote.W3CHandshakeResponse.lambda$errorHandler$0(W3CHandshakeResponse.java:62)
	at org.openqa.selenium.remote.HandshakeResponse.lambda$getResponseFunction$0(HandshakeResponse.java:30)
	at org.openqa.selenium.remote.ProtocolHandshake.lambda$createSession$0(ProtocolHandshake.java:126)
	at java.base/java.util.stream.ReferencePipeline$3$1.accept(ReferencePipeline.java:197)
	at java.base/java.util.Spliterators$ArraySpliterator.tryAdvance(Spliterators.java:1002)
	at java.base/java.util.stream.ReferencePipeline.forEachWithCancel(ReferencePipeline.java:129)
	at java.base/java.util.stream.AbstractPipeline.copyIntoWithCancel(AbstractPipeline.java:527)
	at java.base/java.util.stream.AbstractPipeline.copyInto(AbstractPipeline.java:513)
	at java.base/java.util.stream.AbstractPipeline.wrapAndCopyInto(AbstractPipeline.java:499)
	at java.base/java.util.stream.FindOps$FindOp.evaluateSequential(FindOps.java:150)
	at java.base/java.util.stream.AbstractPipeline.evaluate(AbstractPipeline.java:234)
	at java.base/java.util.stream.ReferencePipeline.findFirst(ReferencePipeline.java:647)
	at org.openqa.selenium.remote.ProtocolHandshake.createSession(ProtocolHandshake.java:128)
	at org.openqa.selenium.remote.ProtocolHandshake.createSession(ProtocolHandshake.java:74)
	at org.openqa.selenium.remote.HttpCommandExecutor.execute(HttpCommandExecutor.java:136)
	at org.openqa.selenium.remote.service.DriverCommandExecutor.execute(DriverCommandExecutor.java:83)
	at org.openqa.selenium.remote.RemoteWebDriver.execute(RemoteWebDriver.java:552)
	at org.openqa.selenium.remote.RemoteWebDriver.startSession(RemoteWebDriver.java:213)
	at org.openqa.selenium.remote.RemoteWebDriver.&lt;init&gt;(RemoteWebDriver.java:131)
	at org.openqa.selenium.edge.EdgeDriver.&lt;init&gt;(EdgeDriver.java:141)
	at org.openqa.selenium.edge.EdgeDriver.&lt;init&gt;(EdgeDriver.java:96)
	at browserSetup.baseBrowser.openEdgeBrowser(baseBrowser.java:16)
	at test.VerifyHeaderOfMainPage.launchBrowser(VerifyHeaderOfMainPage.java:31)
	at java.base/jdk.internal.reflect.DirectMethodHandleAccessor.invoke(DirectMethodHandleAccessor.java:104)
	at java.base/java.lang.reflect.Method.invoke(Method.java:577)
	at org.testng.internal.MethodInvocationHelper.invokeMethod(MethodInvocationHelper.java:133)
	at org.testng.internal.MethodInvocationHelper.invokeMethodConsideringTimeout(MethodInvocationHelper.java:62)
	at org.testng.internal.ConfigInvoker.invokeConfigurationMethod(ConfigInvoker.java:385)
	at org.testng.internal.ConfigInvoker.invokeConfigurations(ConfigInvoker.java:321)
	at org.testng.TestRunner.invokeTestConfigurations(TestRunner.java:637)
	at org.testng.TestRunner.beforeRun(TestRunner.java:627)
	at org.testng.TestRunner.run(TestRunner.java:589)
	at org.testng.SuiteRunner.runTest(SuiteRunner.java:377)
	at org.testng.SuiteRunner.runSequentially(SuiteRunner.java:371)
	at org.testng.SuiteRunner.privateRun(SuiteRunner.java:332)
	at org.testng.SuiteRunner.run(SuiteRunner.java:276)
	at org.testng.SuiteRunnerWorker.runSuite(SuiteRunnerWorker.java:53)
	at org.testng.SuiteRunnerWorker.run(SuiteRunnerWorker.java:96)
	at org.testng.TestNG.runSuitesSequentially(TestNG.java:1212)
	at org.testng.TestNG.runSuitesLocally(TestNG.java:1134)
	at org.testng.TestNG.runSuites(TestNG.java:1063)
	at org.testng.TestNG.run(TestNG.java:1031)
	at org.testng.remote.AbstractRemoteTestNG.run(AbstractRemoteTestNG.java:115)
	at org.testng.remote.RemoteTestNG.initAndRun(RemoteTestNG.java:251)
	at org.testng.remote.RemoteTestNG.main(RemoteTestNG.java:77)
</pre></div></td>
<td>0</td>
<td>test.VerifyHeaderOfMainPage@7d8995e</td></tr>
</table><p>
</body>
</html>