<?xml version="1.0" encoding="UTF-8"?>
<!-- Generated by org.testng.reporters.JUnitXMLReporter -->
<testsuite ignored="0" hostname="LAPTOP-3JRU7OQF" failures="0" tests="6" name="Edge" time="2.596" errors="0" timestamp="2023-09-28T17:58:33 IST">
  <testcase classname="test.VerifyHeaderOfMainPage" name="@BeforeTest launchBrowser" time="2.545">
    <failure type="org.openqa.selenium.SessionNotCreatedException" message="session not created: This version of Microsoft Edge WebDriver only supports Microsoft Edge version 105
Current browser version is 117.0.2045.43 with binary path C:\Program Files (x86)\Microsoft\Edge\Application\msedge.exe
Build info: version: &amp;apos;3.141.59&amp;apos;, revision: &amp;apos;e82be7d358&amp;apos;, time: &amp;apos;2018-11-14T08:17:03&amp;apos;
System info: host: &amp;apos;LAPTOP-3JRU7OQF&amp;apos;, ip: &amp;apos;192.168.1.113&amp;apos;, os.name: &amp;apos;Windows 11&amp;apos;, os.arch: &amp;apos;amd64&amp;apos;, os.version: &amp;apos;10.0&amp;apos;, java.version: &amp;apos;18.0.1.1&amp;apos;
Driver info: driver.version: EdgeDriver
remote stacktrace: Backtrace:
	Microsoft::Applications::Events::EventProperties::SetProperty [0x00007FF7DD6E1FE2+17554]
	Microsoft::Applications::Events::EventProperty::EventProperty [0x00007FF7DD67E932+1438450]
	Ordinal0 [0x00007FF7DD2A9345+627525]
	Ordinal0 [0x00007FF7DD2D73D4+816084]
	Ordinal0 [0x00007FF7DD2D28B3+796851]
	Ordinal0 [0x00007FF7DD2CD9F0+776688]
	Ordinal0 [0x00007FF7DD30969F+1021599]
	Ordinal0 [0x00007FF7DD303A43+997955]
	Ordinal0 [0x00007FF7DD2D94C0+824512]
	Ordinal0 [0x00007FF7DD2DA9F8+829944]
	Microsoft::Applications::Events::EventProperty::EventProperty [0x00007FF7DD540308+134344]
	Microsoft::Applications::Events::EventProperty::EventProperty [0x00007FF7DD529C35+42485]
	Microsoft::Applications::Events::EventProperty::EventProperty [0x00007FF7DD52CD1C+55004]
	Ordinal0 [0x00007FF7DD394F14+1593108]
	Microsoft::Applications::Events::EventProperty::EventProperty [0x00007FF7DD68407B+1460795]
	Microsoft::Applications::Events::EventProperty::EventProperty [0x00007FF7DD688044+1477124]
	Microsoft::Applications::Events::EventProperty::EventProperty [0x00007FF7DD68819D+1477469]
	Microsoft::Applications::Events::EventProperty::EventProperty [0x00007FF7DD690169+1510185]
	BaseThreadInitThunk [0x00007FFE55BE53E0+16]
	RtlUserThreadStart [0x00007FFE5682485B+43]
">
      <![CDATA[org.openqa.selenium.SessionNotCreatedException: session not created: This version of Microsoft Edge WebDriver only supports Microsoft Edge version 105
Current browser version is 117.0.2045.43 with binary path C:\Program Files (x86)\Microsoft\Edge\Application\msedge.exe
Build info: version: '3.141.59', revision: 'e82be7d358', time: '2018-11-14T08:17:03'
System info: host: 'LAPTOP-3JRU7OQF', ip: '192.168.1.113', os.name: 'Windows 11', os.arch: 'amd64', os.version: '10.0', java.version: '18.0.1.1'
Driver info: driver.version: EdgeDriver
remote stacktrace: Backtrace:
Microsoft::Applications::Events::EventProperties::SetProperty [0x00007FF7DD6E1FE2+17554]
Microsoft::Applications::Events::EventProperty::EventProperty [0x00007FF7DD67E932+1438450]
Ordinal0 [0x00007FF7DD2A9345+627525]
Ordinal0 [0x00007FF7DD2D73D4+816084]
Ordinal0 [0x00007FF7DD2D28B3+796851]
Ordinal0 [0x00007FF7DD2CD9F0+776688]
Ordinal0 [0x00007FF7DD30969F+1021599]
Ordinal0 [0x00007FF7DD303A43+997955]
Ordinal0 [0x00007FF7DD2D94C0+824512]
Ordinal0 [0x00007FF7DD2DA9F8+829944]
Microsoft::Applications::Events::EventProperty::EventProperty [0x00007FF7DD540308+134344]
Microsoft::Applications::Events::EventProperty::EventProperty [0x00007FF7DD529C35+42485]
Microsoft::Applications::Events::EventProperty::EventProperty [0x00007FF7DD52CD1C+55004]
Ordinal0 [0x00007FF7DD394F14+1593108]
Microsoft::Applications::Events::EventProperty::EventProperty [0x00007FF7DD68407B+1460795]
Microsoft::Applications::Events::EventProperty::EventProperty [0x00007FF7DD688044+1477124]
Microsoft::Applications::Events::EventProperty::EventProperty [0x00007FF7DD68819D+1477469]
Microsoft::Applications::Events::EventProperty::EventProperty [0x00007FF7DD690169+1510185]
BaseThreadInitThunk [0x00007FFE55BE53E0+16]
RtlUserThreadStart [0x00007FFE5682485B+43]

at org.openqa.selenium.remote.W3CHandshakeResponse.lambda$errorHandler$0(W3CHandshakeResponse.java:62)
at org.openqa.selenium.remote.HandshakeResponse.lambda$getResponseFunction$0(HandshakeResponse.java:30)
at org.openqa.selenium.remote.ProtocolHandshake.lambda$createSession$0(ProtocolHandshake.java:126)
at java.base/java.util.stream.ReferencePipeline$3$1.accept(ReferencePipeline.java:197)
at java.base/java.util.Spliterators$ArraySpliterator.tryAdvance(Spliterators.java:1002)
at java.base/java.util.stream.ReferencePipeline.forEachWithCancel(ReferencePipeline.java:129)
at java.base/java.util.stream.AbstractPipeline.copyIntoWithCancel(AbstractPipeline.java:527)
at java.base/java.util.stream.AbstractPipeline.copyInto(AbstractPipeline.java:513)
at java.base/java.util.stream.AbstractPipeline.wrapAndCopyInto(AbstractPipeline.java:499)
at java.base/java.util.stream.FindOps$FindOp.evaluateSequential(FindOps.java:150)
at java.base/java.util.stream.AbstractPipeline.evaluate(AbstractPipeline.java:234)
at java.base/java.util.stream.ReferencePipeline.findFirst(ReferencePipeline.java:647)
at org.openqa.selenium.remote.ProtocolHandshake.createSession(ProtocolHandshake.java:128)
at org.openqa.selenium.remote.ProtocolHandshake.createSession(ProtocolHandshake.java:74)
at org.openqa.selenium.remote.HttpCommandExecutor.execute(HttpCommandExecutor.java:136)
at org.openqa.selenium.remote.service.DriverCommandExecutor.execute(DriverCommandExecutor.java:83)
at org.openqa.selenium.remote.RemoteWebDriver.execute(RemoteWebDriver.java:552)
at org.openqa.selenium.remote.RemoteWebDriver.startSession(RemoteWebDriver.java:213)
at org.openqa.selenium.remote.RemoteWebDriver.<init>(RemoteWebDriver.java:131)
at org.openqa.selenium.edge.EdgeDriver.<init>(EdgeDriver.java:141)
at org.openqa.selenium.edge.EdgeDriver.<init>(EdgeDriver.java:96)
at browserSetup.baseBrowser.openEdgeBrowser(baseBrowser.java:16)
at test.VerifyHeaderOfMainPage.launchBrowser(VerifyHeaderOfMainPage.java:31)
... Removed 25 stack frames]]>
    </failure>
  </testcase> <!-- @BeforeTest launchBrowser -->
  <testcase classname="test.Verify_Search_MobilePage" name="@BeforeTest launchBrowser" time="-1.695904113116E9">
    <skipped/>
  </testcase> <!-- @BeforeTest launchBrowser -->
  <testcase classname="test.verifyBooksAdvanceSearch" name="@BeforeTest launchBrowser" time="-1.695904113117E9">
    <skipped/>
  </testcase> <!-- @BeforeTest launchBrowser -->
  <testcase classname="test.verifyBooksAdvanceSearch" name="@BeforeClass objectClass" time="-1.695904113119E9">
    <skipped/>
  </testcase> <!-- @BeforeClass objectClass -->
  <testcase classname="test.verifyBooksAdvanceSearch" name="@BeforeMethod openURL" time="-1.695904113121E9">
    <skipped/>
  </testcase> <!-- @BeforeMethod openURL -->
  <testcase classname="test.verifyBooksAdvanceSearch" name="@AfterClass removeObject" time="-1.695904113124E9">
    <skipped/>
  </testcase> <!-- @AfterClass removeObject -->
  <testcase classname="test.Verify_Search_MobilePage" name="@BeforeClass objectPOMClass" time="-1.695904113127E9">
    <skipped/>
  </testcase> <!-- @BeforeClass objectPOMClass -->
  <testcase classname="test.Verify_Search_MobilePage" name="@BeforeMethod openURL" time="-1.695904113129E9">
    <skipped/>
  </testcase> <!-- @BeforeMethod openURL -->
  <testcase classname="test.Verify_Search_MobilePage" name="@AfterClass removeObject" time="-1.695904113133E9">
    <skipped/>
  </testcase> <!-- @AfterClass removeObject -->
  <testcase classname="test.VerifyHeaderOfMainPage" name="@BeforeClass objectPOMClass" time="-1.695904113134E9">
    <skipped/>
  </testcase> <!-- @BeforeClass objectPOMClass -->
  <testcase classname="test.VerifyHeaderOfMainPage" name="@BeforeMethod getURL" time="-1.695904113135E9">
    <skipped/>
  </testcase> <!-- @BeforeMethod getURL -->
  <testcase classname="test.VerifyHeaderOfMainPage" name="@BeforeMethod getURL" time="-1.695904113141E9">
    <skipped/>
  </testcase> <!-- @BeforeMethod getURL -->
  <testcase classname="test.VerifyHeaderOfMainPage" name="@BeforeMethod getURL" time="-1.695904113146E9">
    <skipped/>
  </testcase> <!-- @BeforeMethod getURL -->
  <testcase classname="test.VerifyHeaderOfMainPage" name="@BeforeMethod getURL" time="-1.695904113153E9">
    <skipped/>
  </testcase> <!-- @BeforeMethod getURL -->
  <testcase classname="test.VerifyHeaderOfMainPage" name="@AfterClass romoveObject" time="-1.695904113157E9">
    <skipped/>
  </testcase> <!-- @AfterClass romoveObject -->
  <testcase classname="test.VerifyHeaderOfMainPage" name="@AfterTest closeBrowser" time="-1.695904113159E9">
    <skipped/>
  </testcase> <!-- @AfterTest closeBrowser -->
  <testcase classname="test.Verify_Search_MobilePage" name="@AfterTest closeBrowser" time="-1.695904113161E9">
    <skipped/>
  </testcase> <!-- @AfterTest closeBrowser -->
  <testcase classname="test.verifyBooksAdvanceSearch" name="@AfterTest closeBrowser" time="-1.695904113163E9">
    <skipped/>
  </testcase> <!-- @AfterTest closeBrowser -->
  <testcase classname="test.verifyBooksAdvanceSearch" name="verifyAdvanceSearch" time="0.0">
    <skipped/>
  </testcase> <!-- verifyAdvanceSearch -->
  <testcase classname="test.Verify_Search_MobilePage" name="verifyWithoutExchangeIsSelected" time="0.0">
    <skipped/>
  </testcase> <!-- verifyWithoutExchangeIsSelected -->
  <testcase classname="test.VerifyHeaderOfMainPage" name="verifyAllTab" time="0.0">
    <skipped/>
  </testcase> <!-- verifyAllTab -->
  <testcase classname="test.VerifyHeaderOfMainPage" name="verifyBestSellerTab" time="0.0">
    <skipped/>
  </testcase> <!-- verifyBestSellerTab -->
  <testcase classname="test.VerifyHeaderOfMainPage" name="verifyBookTab" time="0.0">
    <skipped/>
  </testcase> <!-- verifyBookTab -->
  <testcase classname="test.VerifyHeaderOfMainPage" name="verifyCustomerServiceTab" time="0.0">
    <skipped/>
  </testcase> <!-- verifyCustomerServiceTab -->
</testsuite> <!-- Edge -->
