<?xml version="1.0" encoding="UTF-8"?>
<!-- Generated by org.testng.reporters.JUnitXMLReporter -->
<testsuite ignored="0" hostname="LAPTOP-3JRU7OQF" failures="1" tests="6" name="Test" time="58.179" errors="0" timestamp="2022-09-23T20:24:40 IST">
  <testcase classname="test.verifyBooksAdvanceSearch" name="verifyAdvanceSearch" time="7.517"/>
  <testcase classname="test.Verify_Search_MobilePage" name="verifyWithoutExchangeIsSelected" time="8.495">
    <failure type="java.lang.AssertionError" message="expected [true] but found [false]">
      <![CDATA[java.lang.AssertionError: expected [true] but found [false]
at test.Verify_Search_MobilePage.verifyWithoutExchangeIsSelected(Verify_Search_MobilePage.java:53)
at java.base/java.util.ArrayList.forEach(ArrayList.java:1511)
... Removed 29 stack frames]]>
    </failure>
  </testcase> <!-- verifyWithoutExchangeIsSelected -->
  <testcase classname="test.VerifyHeaderOfMainPage" name="verifyAllTab" time="1.445"/>
  <testcase classname="test.VerifyHeaderOfMainPage" name="verifyBestSellerTab" time="4.045"/>
  <testcase classname="test.VerifyHeaderOfMainPage" name="verifyBookTab" time="9.852"/>
  <testcase classname="test.VerifyHeaderOfMainPage" name="verifyCustomerServiceTab" time="5.024"/>
</testsuite> <!-- Test -->
