<!DOCTYPE html PUBLIC "-//W3C//DTD XHTML 1.1//EN" "https://www.w3.org/TR/xhtml11/DTD/xhtml11.dtd">
<html xmlns="https://www.w3.org/1999/xhtml">
<head>
<meta http-equiv="content-type" content="text/html; charset=UTF-8"/>
<title>TestNG Report</title>
<style type="text/css">table {margin-bottom:10px;border-collapse:collapse;empty-cells:show}th,td {border:1px solid #009;padding:.25em .5em}th {vertical-align:bottom}td {vertical-align:top}table a {font-weight:bold}.stripe td {background-color: #E6EBF9}.num {text-align:right}.passedodd td {background-color: #3F3}.passedeven td {background-color: #0A0}.skippedodd td {background-color: #DDD}.skippedeven td {background-color: #CCC}.failedodd td,.attn {background-color: #F33}.failedeven td,.stripe .attn {background-color: #D00}.stacktrace {white-space:pre;font-family:monospace}.totop {font-size:85%;text-align:center;border-bottom:2px solid #000}.invisible {display:none}</style>
</head>
<body>
<table>
<tr><th>Test</th><th># Passed</th><th># Skipped</th><th># Retried</th><th># Failed</th><th>Time (ms)</th><th>Included Groups</th><th>Excluded Groups</th></tr>
<tr><th colspan="8">456</th></tr>
<tr><td><a href="#t0">Chrome</a></td><td class="num">0</td><td class="num attn">6</td><td class="num">0</td><td class="num">0</td><td class="num">1,007</td><td></td><td></td></tr>
<tr class="stripe"><td><a href="#t1">Edge</a></td><td class="num">0</td><td class="num attn">6</td><td class="num">0</td><td class="num">0</td><td class="num">2,596</td><td></td><td></td></tr>
<tr><th>Total</th><th class="num">0</th><th class="num attn">12</th><th class="num">0</th><th class="num">0</th><th class="num">3,603</th><th colspan="2"></th></tr>
</table>
<table id='summary'><thead><tr><th>Class</th><th>Method</th><th>Start</th><th>Time (ms)</th></tr></thead><tbody><tr><th colspan="4">456</th></tr></tbody><tbody id="t0"><tr><th colspan="4">Chrome &#8212; failed (configuration methods)</th></tr><tr class="failedeven"><td rowspan="1">test.VerifyHeaderOfMainPage</td><td><a href="#m0">launchBrowser</a></td><td rowspan="1">1695904109513</td><td rowspan="1">943</td></tr><tr><th colspan="4">Chrome &#8212; skipped (configuration methods)</th></tr><tr class="skippedeven"><td rowspan="7">test.VerifyHeaderOfMainPage</td><td><a href="#m1">closeBrowser</a></td><td rowspan="1">1695904110513</td><td rowspan="1">-1695904110513</td></tr><tr class="skippedeven"><td><a href="#m2">getURL</a></td><td rowspan="4">1695904110490</td><td rowspan="4">-1695904110490</td></tr><tr class="skippedeven"><td><a href="#m3">getURL</a></td></tr><tr class="skippedeven"><td><a href="#m4">getURL</a></td></tr><tr class="skippedeven"><td><a href="#m5">getURL</a></td></tr><tr class="skippedeven"><td><a href="#m6">objectPOMClass</a></td><td rowspan="1">1695904110483</td><td rowspan="1">-1695904110483</td></tr><tr class="skippedeven"><td><a href="#m7">romoveObject</a></td><td rowspan="1">1695904110512</td><td rowspan="1">-1695904110512</td></tr><tr class="skippedodd"><td rowspan="5">test.Verify_Search_MobilePage</td><td><a href="#m8">closeBrowser</a></td><td rowspan="1">1695904110514</td><td rowspan="1">-1695904110514</td></tr><tr class="skippedodd"><td><a href="#m9">launchBrowser</a></td><td rowspan="1">1695904110465</td><td rowspan="1">-1695904110465</td></tr><tr class="skippedodd"><td><a href="#m10">objectPOMClass</a></td><td rowspan="1">1695904110483</td><td rowspan="1">-1695904110483</td></tr><tr class="skippedodd"><td><a href="#m11">openURL</a></td><td rowspan="1">1695904110490</td><td rowspan="1">-1695904110490</td></tr><tr class="skippedodd"><td><a href="#m12">removeObject</a></td><td rowspan="1">1695904110498</td><td rowspan="1">-1695904110498</td></tr><tr class="skippedeven"><td rowspan="5">test.verifyBooksAdvanceSearch</td><td><a href="#m13">closeBrowser</a></td><td rowspan="1">1695904110514</td><td rowspan="1">-1695904110514</td></tr><tr class="skippedeven"><td><a href="#m14">launchBrowser</a></td><td rowspan="1">1695904110465</td><td rowspan="1">-1695904110465</td></tr><tr class="skippedeven"><td><a href="#m15">objectClass</a></td><td rowspan="1">1695904110483</td><td rowspan="1">-1695904110483</td></tr><tr class="skippedeven"><td><a href="#m16">openURL</a></td><td rowspan="1">1695904110490</td><td rowspan="1">-1695904110490</td></tr><tr class="skippedeven"><td><a href="#m17">removeObject</a></td><td rowspan="1">1695904110499</td><td rowspan="1">-1695904110499</td></tr><tr><th colspan="4">Chrome &#8212; skipped</th></tr><tr class="skippedeven"><td rowspan="4">test.VerifyHeaderOfMainPage</td><td><a href="#m18">verifyAllTab</a></td><td rowspan="1">1695904110492</td><td rowspan="1">0</td></tr><tr class="skippedeven"><td><a href="#m19">verifyBestSellerTab</a></td><td rowspan="1">1695904110499</td><td rowspan="1">0</td></tr><tr class="skippedeven"><td><a href="#m20">verifyBookTab</a></td><td rowspan="1">1695904110503</td><td rowspan="1">0</td></tr><tr class="skippedeven"><td><a href="#m21">verifyCustomerServiceTab</a></td><td rowspan="1">1695904110508</td><td rowspan="1">0</td></tr><tr class="skippedodd"><td rowspan="1">test.Verify_Search_MobilePage</td><td><a href="#m22">verifyWithoutExchangeIsSelected</a></td><td rowspan="1">1695904110491</td><td rowspan="1">0</td></tr><tr class="skippedeven"><td rowspan="1">test.verifyBooksAdvanceSearch</td><td><a href="#m23">verifyAdvanceSearch</a></td><td rowspan="1">1695904110491</td><td rowspan="1">0</td></tr></tbody>
<tbody id="t1"><tr><th colspan="4">Edge &#8212; failed (configuration methods)</th></tr><tr class="failedeven"><td rowspan="1">test.VerifyHeaderOfMainPage</td><td><a href="#m24">launchBrowser</a></td><td rowspan="1">1695904110569</td><td rowspan="1">2545</td></tr><tr><th colspan="4">Edge &#8212; skipped (configuration methods)</th></tr><tr class="skippedeven"><td rowspan="7">test.VerifyHeaderOfMainPage</td><td><a href="#m25">closeBrowser</a></td><td rowspan="1">1695904113159</td><td rowspan="1">-1695904113159</td></tr><tr class="skippedeven"><td><a href="#m26">getURL</a></td><td rowspan="4">1695904113153</td><td rowspan="4">-1695904113153</td></tr><tr class="skippedeven"><td><a href="#m27">getURL</a></td></tr><tr class="skippedeven"><td><a href="#m28">getURL</a></td></tr><tr class="skippedeven"><td><a href="#m29">getURL</a></td></tr><tr class="skippedeven"><td><a href="#m30">objectPOMClass</a></td><td rowspan="1">1695904113134</td><td rowspan="1">-1695904113134</td></tr><tr class="skippedeven"><td><a href="#m31">romoveObject</a></td><td rowspan="1">1695904113157</td><td rowspan="1">-1695904113157</td></tr><tr class="skippedodd"><td rowspan="5">test.Verify_Search_MobilePage</td><td><a href="#m32">closeBrowser</a></td><td rowspan="1">1695904113161</td><td rowspan="1">-1695904113161</td></tr><tr class="skippedodd"><td><a href="#m33">launchBrowser</a></td><td rowspan="1">1695904113116</td><td rowspan="1">-1695904113116</td></tr><tr class="skippedodd"><td><a href="#m34">objectPOMClass</a></td><td rowspan="1">1695904113127</td><td rowspan="1">-1695904113127</td></tr><tr class="skippedodd"><td><a href="#m35">openURL</a></td><td rowspan="1">1695904113129</td><td rowspan="1">-1695904113129</td></tr><tr class="skippedodd"><td><a href="#m36">removeObject</a></td><td rowspan="1">1695904113133</td><td rowspan="1">-1695904113133</td></tr><tr class="skippedeven"><td rowspan="5">test.verifyBooksAdvanceSearch</td><td><a href="#m37">closeBrowser</a></td><td rowspan="1">1695904113163</td><td rowspan="1">-1695904113163</td></tr><tr class="skippedeven"><td><a href="#m38">launchBrowser</a></td><td rowspan="1">1695904113117</td><td rowspan="1">-1695904113117</td></tr><tr class="skippedeven"><td><a href="#m39">objectClass</a></td><td rowspan="1">1695904113119</td><td rowspan="1">-1695904113119</td></tr><tr class="skippedeven"><td><a href="#m40">openURL</a></td><td rowspan="1">1695904113121</td><td rowspan="1">-1695904113121</td></tr><tr class="skippedeven"><td><a href="#m41">removeObject</a></td><td rowspan="1">1695904113124</td><td rowspan="1">-1695904113124</td></tr><tr><th colspan="4">Edge &#8212; skipped</th></tr><tr class="skippedeven"><td rowspan="4">test.VerifyHeaderOfMainPage</td><td><a href="#m42">verifyAllTab</a></td><td rowspan="1">1695904113137</td><td rowspan="1">0</td></tr><tr class="skippedeven"><td><a href="#m43">verifyBestSellerTab</a></td><td rowspan="1">1695904113142</td><td rowspan="1">0</td></tr><tr class="skippedeven"><td><a href="#m44">verifyBookTab</a></td><td rowspan="1">1695904113151</td><td rowspan="1">0</td></tr><tr class="skippedeven"><td><a href="#m45">verifyCustomerServiceTab</a></td><td rowspan="1">1695904113154</td><td rowspan="1">0</td></tr><tr class="skippedodd"><td rowspan="1">test.Verify_Search_MobilePage</td><td><a href="#m46">verifyWithoutExchangeIsSelected</a></td><td rowspan="1">1695904113131</td><td rowspan="1">0</td></tr><tr class="skippedeven"><td rowspan="1">test.verifyBooksAdvanceSearch</td><td><a href="#m47">verifyAdvanceSearch</a></td><td rowspan="1">1695904113123</td><td rowspan="1">0</td></tr></tbody>
</table>
<h2>Chrome</h2><h3 id="m0">test.VerifyHeaderOfMainPage#launchBrowser</h3><table class="result"><tr class="param"><th>Parameter #1</th></tr><tr class="param stripe"><td>Chrome</td></tr><tr><th>Exception</th></tr><tr><td><div class="stacktrace">org.openqa.selenium.SessionNotCreatedException: session not created: This version of ChromeDriver only supports Chrome version 103
Current browser version is 117.0.5938.92 with binary path C:\Program Files\Google\Chrome\Application\chrome.exe
Build info: version: &apos;3.141.59&apos;, revision: &apos;e82be7d358&apos;, time: &apos;2018-11-14T08:17:03&apos;
System info: host: &apos;LAPTOP-3JRU7OQF&apos;, ip: &apos;192.168.1.113&apos;, os.name: &apos;Windows 11&apos;, os.arch: &apos;amd64&apos;, os.version: &apos;10.0&apos;, java.version: &apos;18.0.1.1&apos;
Driver info: driver.version: ChromeDriver
remote stacktrace: Backtrace:
	Ordinal0 [0x00645FD3+2187219]
	Ordinal0 [0x005DE6D1+1763025]
	Ordinal0 [0x004F3E78+802424]
	Ordinal0 [0x005151F9+938489]
	Ordinal0 [0x00510DDC+921052]
	Ordinal0 [0x0050E691+910993]
	Ordinal0 [0x005417F0+1120240]
	Ordinal0 [0x0054144A+1119306]
	Ordinal0 [0x0053C9A6+1100198]
	Ordinal0 [0x00516F80+946048]
	Ordinal0 [0x00517E76+949878]
	GetHandleVerifier [0x008E90C2+2721218]
	GetHandleVerifier [0x008DAAF0+2662384]
	GetHandleVerifier [0x006D137A+526458]
	GetHandleVerifier [0x006D0416+522518]
	Ordinal0 [0x005E4EAB+1789611]
	Ordinal0 [0x005E97A8+1808296]
	Ordinal0 [0x005E9895+1808533]
	Ordinal0 [0x005F26C1+1844929]
	BaseThreadInitThunk [0x76C76839+25]
	RtlGetFullPathName_UEx [0x77538F0F+1215]
	RtlGetFullPathName_UEx [0x77538EDD+1165]

	at org.openqa.selenium.remote.W3CHandshakeResponse.lambda$errorHandler$0(W3CHandshakeResponse.java:62)
	at org.openqa.selenium.remote.HandshakeResponse.lambda$getResponseFunction$0(HandshakeResponse.java:30)
	at org.openqa.selenium.remote.ProtocolHandshake.lambda$createSession$0(ProtocolHandshake.java:126)
	at java.base/java.util.stream.ReferencePipeline$3$1.accept(ReferencePipeline.java:197)
	at java.base/java.util.Spliterators$ArraySpliterator.tryAdvance(Spliterators.java:1002)
	at java.base/java.util.stream.ReferencePipeline.forEachWithCancel(ReferencePipeline.java:129)
	at java.base/java.util.stream.AbstractPipeline.copyIntoWithCancel(AbstractPipeline.java:527)
	at java.base/java.util.stream.AbstractPipeline.copyInto(AbstractPipeline.java:513)
	at java.base/java.util.stream.AbstractPipeline.wrapAndCopyInto(AbstractPipeline.java:499)
	at java.base/java.util.stream.FindOps$FindOp.evaluateSequential(FindOps.java:150)
	at java.base/java.util.stream.AbstractPipeline.evaluate(AbstractPipeline.java:234)
	at java.base/java.util.stream.ReferencePipeline.findFirst(ReferencePipeline.java:647)
	at org.openqa.selenium.remote.ProtocolHandshake.createSession(ProtocolHandshake.java:128)
	at org.openqa.selenium.remote.ProtocolHandshake.createSession(ProtocolHandshake.java:74)
	at org.openqa.selenium.remote.HttpCommandExecutor.execute(HttpCommandExecutor.java:136)
	at org.openqa.selenium.remote.service.DriverCommandExecutor.execute(DriverCommandExecutor.java:83)
	at org.openqa.selenium.remote.RemoteWebDriver.execute(RemoteWebDriver.java:552)
	at org.openqa.selenium.remote.RemoteWebDriver.startSession(RemoteWebDriver.java:213)
	at org.openqa.selenium.remote.RemoteWebDriver.&lt;init&gt;(RemoteWebDriver.java:131)
	at org.openqa.selenium.chrome.ChromeDriver.&lt;init&gt;(ChromeDriver.java:181)
	at org.openqa.selenium.chrome.ChromeDriver.&lt;init&gt;(ChromeDriver.java:168)
	at org.openqa.selenium.chrome.ChromeDriver.&lt;init&gt;(ChromeDriver.java:123)
	at browserSetup.baseBrowser.openChromeBrowser(baseBrowser.java:11)
	at test.VerifyHeaderOfMainPage.launchBrowser(VerifyHeaderOfMainPage.java:28)
... Removed 25 stack frames</div></td></tr></table><p class="totop"><a href="#summary">back to summary</a></p>
<h3 id="m1">test.VerifyHeaderOfMainPage#closeBrowser</h3><table class="result"><tr><th class="invisible"/></tr></table><p class="totop"><a href="#summary">back to summary</a></p>
<h3 id="m2">test.VerifyHeaderOfMainPage#getURL</h3><table class="result"><tr><th class="invisible"/></tr></table><p class="totop"><a href="#summary">back to summary</a></p>
<h3 id="m3">test.VerifyHeaderOfMainPage#getURL</h3><table class="result"><tr><th class="invisible"/></tr></table><p class="totop"><a href="#summary">back to summary</a></p>
<h3 id="m4">test.VerifyHeaderOfMainPage#getURL</h3><table class="result"><tr><th class="invisible"/></tr></table><p class="totop"><a href="#summary">back to summary</a></p>
<h3 id="m5">test.VerifyHeaderOfMainPage#getURL</h3><table class="result"><tr><th class="invisible"/></tr></table><p class="totop"><a href="#summary">back to summary</a></p>
<h3 id="m6">test.VerifyHeaderOfMainPage#objectPOMClass</h3><table class="result"><tr><th class="invisible"/></tr></table><p class="totop"><a href="#summary">back to summary</a></p>
<h3 id="m7">test.VerifyHeaderOfMainPage#romoveObject</h3><table class="result"><tr><th class="invisible"/></tr></table><p class="totop"><a href="#summary">back to summary</a></p>
<h3 id="m8">test.Verify_Search_MobilePage#closeBrowser</h3><table class="result"><tr><th class="invisible"/></tr></table><p class="totop"><a href="#summary">back to summary</a></p>
<h3 id="m9">test.Verify_Search_MobilePage#launchBrowser</h3><table class="result"><tr><th class="invisible"/></tr></table><p class="totop"><a href="#summary">back to summary</a></p>
<h3 id="m10">test.Verify_Search_MobilePage#objectPOMClass</h3><table class="result"><tr><th class="invisible"/></tr></table><p class="totop"><a href="#summary">back to summary</a></p>
<h3 id="m11">test.Verify_Search_MobilePage#openURL</h3><table class="result"><tr><th class="invisible"/></tr></table><p class="totop"><a href="#summary">back to summary</a></p>
<h3 id="m12">test.Verify_Search_MobilePage#removeObject</h3><table class="result"><tr><th class="invisible"/></tr></table><p class="totop"><a href="#summary">back to summary</a></p>
<h3 id="m13">test.verifyBooksAdvanceSearch#closeBrowser</h3><table class="result"><tr><th class="invisible"/></tr></table><p class="totop"><a href="#summary">back to summary</a></p>
<h3 id="m14">test.verifyBooksAdvanceSearch#launchBrowser</h3><table class="result"><tr><th class="invisible"/></tr></table><p class="totop"><a href="#summary">back to summary</a></p>
<h3 id="m15">test.verifyBooksAdvanceSearch#objectClass</h3><table class="result"><tr><th class="invisible"/></tr></table><p class="totop"><a href="#summary">back to summary</a></p>
<h3 id="m16">test.verifyBooksAdvanceSearch#openURL</h3><table class="result"><tr><th class="invisible"/></tr></table><p class="totop"><a href="#summary">back to summary</a></p>
<h3 id="m17">test.verifyBooksAdvanceSearch#removeObject</h3><table class="result"><tr><th class="invisible"/></tr></table><p class="totop"><a href="#summary">back to summary</a></p>
<h3 id="m18">test.VerifyHeaderOfMainPage#verifyAllTab</h3><table class="result"><tr><th>Exception</th></tr><tr><td><div class="stacktrace">org.openqa.selenium.SessionNotCreatedException: session not created: This version of ChromeDriver only supports Chrome version 103
Current browser version is 117.0.5938.92 with binary path C:\Program Files\Google\Chrome\Application\chrome.exe
Build info: version: &apos;3.141.59&apos;, revision: &apos;e82be7d358&apos;, time: &apos;2018-11-14T08:17:03&apos;
System info: host: &apos;LAPTOP-3JRU7OQF&apos;, ip: &apos;192.168.1.113&apos;, os.name: &apos;Windows 11&apos;, os.arch: &apos;amd64&apos;, os.version: &apos;10.0&apos;, java.version: &apos;18.0.1.1&apos;
Driver info: driver.version: ChromeDriver
remote stacktrace: Backtrace:
	Ordinal0 [0x00645FD3+2187219]
	Ordinal0 [0x005DE6D1+1763025]
	Ordinal0 [0x004F3E78+802424]
	Ordinal0 [0x005151F9+938489]
	Ordinal0 [0x00510DDC+921052]
	Ordinal0 [0x0050E691+910993]
	Ordinal0 [0x005417F0+1120240]
	Ordinal0 [0x0054144A+1119306]
	Ordinal0 [0x0053C9A6+1100198]
	Ordinal0 [0x00516F80+946048]
	Ordinal0 [0x00517E76+949878]
	GetHandleVerifier [0x008E90C2+2721218]
	GetHandleVerifier [0x008DAAF0+2662384]
	GetHandleVerifier [0x006D137A+526458]
	GetHandleVerifier [0x006D0416+522518]
	Ordinal0 [0x005E4EAB+1789611]
	Ordinal0 [0x005E97A8+1808296]
	Ordinal0 [0x005E9895+1808533]
	Ordinal0 [0x005F26C1+1844929]
	BaseThreadInitThunk [0x76C76839+25]
	RtlGetFullPathName_UEx [0x77538F0F+1215]
	RtlGetFullPathName_UEx [0x77538EDD+1165]

	at org.openqa.selenium.remote.W3CHandshakeResponse.lambda$errorHandler$0(W3CHandshakeResponse.java:62)
	at org.openqa.selenium.remote.HandshakeResponse.lambda$getResponseFunction$0(HandshakeResponse.java:30)
	at org.openqa.selenium.remote.ProtocolHandshake.lambda$createSession$0(ProtocolHandshake.java:126)
	at java.base/java.util.stream.ReferencePipeline$3$1.accept(ReferencePipeline.java:197)
	at java.base/java.util.Spliterators$ArraySpliterator.tryAdvance(Spliterators.java:1002)
	at java.base/java.util.stream.ReferencePipeline.forEachWithCancel(ReferencePipeline.java:129)
	at java.base/java.util.stream.AbstractPipeline.copyIntoWithCancel(AbstractPipeline.java:527)
	at java.base/java.util.stream.AbstractPipeline.copyInto(AbstractPipeline.java:513)
	at java.base/java.util.stream.AbstractPipeline.wrapAndCopyInto(AbstractPipeline.java:499)
	at java.base/java.util.stream.FindOps$FindOp.evaluateSequential(FindOps.java:150)
	at java.base/java.util.stream.AbstractPipeline.evaluate(AbstractPipeline.java:234)
	at java.base/java.util.stream.ReferencePipeline.findFirst(ReferencePipeline.java:647)
	at org.openqa.selenium.remote.ProtocolHandshake.createSession(ProtocolHandshake.java:128)
	at org.openqa.selenium.remote.ProtocolHandshake.createSession(ProtocolHandshake.java:74)
	at org.openqa.selenium.remote.HttpCommandExecutor.execute(HttpCommandExecutor.java:136)
	at org.openqa.selenium.remote.service.DriverCommandExecutor.execute(DriverCommandExecutor.java:83)
	at org.openqa.selenium.remote.RemoteWebDriver.execute(RemoteWebDriver.java:552)
	at org.openqa.selenium.remote.RemoteWebDriver.startSession(RemoteWebDriver.java:213)
	at org.openqa.selenium.remote.RemoteWebDriver.&lt;init&gt;(RemoteWebDriver.java:131)
	at org.openqa.selenium.chrome.ChromeDriver.&lt;init&gt;(ChromeDriver.java:181)
	at org.openqa.selenium.chrome.ChromeDriver.&lt;init&gt;(ChromeDriver.java:168)
	at org.openqa.selenium.chrome.ChromeDriver.&lt;init&gt;(ChromeDriver.java:123)
	at browserSetup.baseBrowser.openChromeBrowser(baseBrowser.java:11)
	at test.VerifyHeaderOfMainPage.launchBrowser(VerifyHeaderOfMainPage.java:28)
... Removed 25 stack frames</div></td></tr></table><p class="totop"><a href="#summary">back to summary</a></p>
<h3 id="m19">test.VerifyHeaderOfMainPage#verifyBestSellerTab</h3><table class="result"><tr><th>Exception</th></tr><tr><td><div class="stacktrace">org.openqa.selenium.SessionNotCreatedException: session not created: This version of ChromeDriver only supports Chrome version 103
Current browser version is 117.0.5938.92 with binary path C:\Program Files\Google\Chrome\Application\chrome.exe
Build info: version: &apos;3.141.59&apos;, revision: &apos;e82be7d358&apos;, time: &apos;2018-11-14T08:17:03&apos;
System info: host: &apos;LAPTOP-3JRU7OQF&apos;, ip: &apos;192.168.1.113&apos;, os.name: &apos;Windows 11&apos;, os.arch: &apos;amd64&apos;, os.version: &apos;10.0&apos;, java.version: &apos;18.0.1.1&apos;
Driver info: driver.version: ChromeDriver
remote stacktrace: Backtrace:
	Ordinal0 [0x00645FD3+2187219]
	Ordinal0 [0x005DE6D1+1763025]
	Ordinal0 [0x004F3E78+802424]
	Ordinal0 [0x005151F9+938489]
	Ordinal0 [0x00510DDC+921052]
	Ordinal0 [0x0050E691+910993]
	Ordinal0 [0x005417F0+1120240]
	Ordinal0 [0x0054144A+1119306]
	Ordinal0 [0x0053C9A6+1100198]
	Ordinal0 [0x00516F80+946048]
	Ordinal0 [0x00517E76+949878]
	GetHandleVerifier [0x008E90C2+2721218]
	GetHandleVerifier [0x008DAAF0+2662384]
	GetHandleVerifier [0x006D137A+526458]
	GetHandleVerifier [0x006D0416+522518]
	Ordinal0 [0x005E4EAB+1789611]
	Ordinal0 [0x005E97A8+1808296]
	Ordinal0 [0x005E9895+1808533]
	Ordinal0 [0x005F26C1+1844929]
	BaseThreadInitThunk [0x76C76839+25]
	RtlGetFullPathName_UEx [0x77538F0F+1215]
	RtlGetFullPathName_UEx [0x77538EDD+1165]

	at org.openqa.selenium.remote.W3CHandshakeResponse.lambda$errorHandler$0(W3CHandshakeResponse.java:62)
	at org.openqa.selenium.remote.HandshakeResponse.lambda$getResponseFunction$0(HandshakeResponse.java:30)
	at org.openqa.selenium.remote.ProtocolHandshake.lambda$createSession$0(ProtocolHandshake.java:126)
	at java.base/java.util.stream.ReferencePipeline$3$1.accept(ReferencePipeline.java:197)
	at java.base/java.util.Spliterators$ArraySpliterator.tryAdvance(Spliterators.java:1002)
	at java.base/java.util.stream.ReferencePipeline.forEachWithCancel(ReferencePipeline.java:129)
	at java.base/java.util.stream.AbstractPipeline.copyIntoWithCancel(AbstractPipeline.java:527)
	at java.base/java.util.stream.AbstractPipeline.copyInto(AbstractPipeline.java:513)
	at java.base/java.util.stream.AbstractPipeline.wrapAndCopyInto(AbstractPipeline.java:499)
	at java.base/java.util.stream.FindOps$FindOp.evaluateSequential(FindOps.java:150)
	at java.base/java.util.stream.AbstractPipeline.evaluate(AbstractPipeline.java:234)
	at java.base/java.util.stream.ReferencePipeline.findFirst(ReferencePipeline.java:647)
	at org.openqa.selenium.remote.ProtocolHandshake.createSession(ProtocolHandshake.java:128)
	at org.openqa.selenium.remote.ProtocolHandshake.createSession(ProtocolHandshake.java:74)
	at org.openqa.selenium.remote.HttpCommandExecutor.execute(HttpCommandExecutor.java:136)
	at org.openqa.selenium.remote.service.DriverCommandExecutor.execute(DriverCommandExecutor.java:83)
	at org.openqa.selenium.remote.RemoteWebDriver.execute(RemoteWebDriver.java:552)
	at org.openqa.selenium.remote.RemoteWebDriver.startSession(RemoteWebDriver.java:213)
	at org.openqa.selenium.remote.RemoteWebDriver.&lt;init&gt;(RemoteWebDriver.java:131)
	at org.openqa.selenium.chrome.ChromeDriver.&lt;init&gt;(ChromeDriver.java:181)
	at org.openqa.selenium.chrome.ChromeDriver.&lt;init&gt;(ChromeDriver.java:168)
	at org.openqa.selenium.chrome.ChromeDriver.&lt;init&gt;(ChromeDriver.java:123)
	at browserSetup.baseBrowser.openChromeBrowser(baseBrowser.java:11)
	at test.VerifyHeaderOfMainPage.launchBrowser(VerifyHeaderOfMainPage.java:28)
... Removed 25 stack frames</div></td></tr></table><p class="totop"><a href="#summary">back to summary</a></p>
<h3 id="m20">test.VerifyHeaderOfMainPage#verifyBookTab</h3><table class="result"><tr><th>Exception</th></tr><tr><td><div class="stacktrace">org.openqa.selenium.SessionNotCreatedException: session not created: This version of ChromeDriver only supports Chrome version 103
Current browser version is 117.0.5938.92 with binary path C:\Program Files\Google\Chrome\Application\chrome.exe
Build info: version: &apos;3.141.59&apos;, revision: &apos;e82be7d358&apos;, time: &apos;2018-11-14T08:17:03&apos;
System info: host: &apos;LAPTOP-3JRU7OQF&apos;, ip: &apos;192.168.1.113&apos;, os.name: &apos;Windows 11&apos;, os.arch: &apos;amd64&apos;, os.version: &apos;10.0&apos;, java.version: &apos;18.0.1.1&apos;
Driver info: driver.version: ChromeDriver
remote stacktrace: Backtrace:
	Ordinal0 [0x00645FD3+2187219]
	Ordinal0 [0x005DE6D1+1763025]
	Ordinal0 [0x004F3E78+802424]
	Ordinal0 [0x005151F9+938489]
	Ordinal0 [0x00510DDC+921052]
	Ordinal0 [0x0050E691+910993]
	Ordinal0 [0x005417F0+1120240]
	Ordinal0 [0x0054144A+1119306]
	Ordinal0 [0x0053C9A6+1100198]
	Ordinal0 [0x00516F80+946048]
	Ordinal0 [0x00517E76+949878]
	GetHandleVerifier [0x008E90C2+2721218]
	GetHandleVerifier [0x008DAAF0+2662384]
	GetHandleVerifier [0x006D137A+526458]
	GetHandleVerifier [0x006D0416+522518]
	Ordinal0 [0x005E4EAB+1789611]
	Ordinal0 [0x005E97A8+1808296]
	Ordinal0 [0x005E9895+1808533]
	Ordinal0 [0x005F26C1+1844929]
	BaseThreadInitThunk [0x76C76839+25]
	RtlGetFullPathName_UEx [0x77538F0F+1215]
	RtlGetFullPathName_UEx [0x77538EDD+1165]

	at org.openqa.selenium.remote.W3CHandshakeResponse.lambda$errorHandler$0(W3CHandshakeResponse.java:62)
	at org.openqa.selenium.remote.HandshakeResponse.lambda$getResponseFunction$0(HandshakeResponse.java:30)
	at org.openqa.selenium.remote.ProtocolHandshake.lambda$createSession$0(ProtocolHandshake.java:126)
	at java.base/java.util.stream.ReferencePipeline$3$1.accept(ReferencePipeline.java:197)
	at java.base/java.util.Spliterators$ArraySpliterator.tryAdvance(Spliterators.java:1002)
	at java.base/java.util.stream.ReferencePipeline.forEachWithCancel(ReferencePipeline.java:129)
	at java.base/java.util.stream.AbstractPipeline.copyIntoWithCancel(AbstractPipeline.java:527)
	at java.base/java.util.stream.AbstractPipeline.copyInto(AbstractPipeline.java:513)
	at java.base/java.util.stream.AbstractPipeline.wrapAndCopyInto(AbstractPipeline.java:499)
	at java.base/java.util.stream.FindOps$FindOp.evaluateSequential(FindOps.java:150)
	at java.base/java.util.stream.AbstractPipeline.evaluate(AbstractPipeline.java:234)
	at java.base/java.util.stream.ReferencePipeline.findFirst(ReferencePipeline.java:647)
	at org.openqa.selenium.remote.ProtocolHandshake.createSession(ProtocolHandshake.java:128)
	at org.openqa.selenium.remote.ProtocolHandshake.createSession(ProtocolHandshake.java:74)
	at org.openqa.selenium.remote.HttpCommandExecutor.execute(HttpCommandExecutor.java:136)
	at org.openqa.selenium.remote.service.DriverCommandExecutor.execute(DriverCommandExecutor.java:83)
	at org.openqa.selenium.remote.RemoteWebDriver.execute(RemoteWebDriver.java:552)
	at org.openqa.selenium.remote.RemoteWebDriver.startSession(RemoteWebDriver.java:213)
	at org.openqa.selenium.remote.RemoteWebDriver.&lt;init&gt;(RemoteWebDriver.java:131)
	at org.openqa.selenium.chrome.ChromeDriver.&lt;init&gt;(ChromeDriver.java:181)
	at org.openqa.selenium.chrome.ChromeDriver.&lt;init&gt;(ChromeDriver.java:168)
	at org.openqa.selenium.chrome.ChromeDriver.&lt;init&gt;(ChromeDriver.java:123)
	at browserSetup.baseBrowser.openChromeBrowser(baseBrowser.java:11)
	at test.VerifyHeaderOfMainPage.launchBrowser(VerifyHeaderOfMainPage.java:28)
... Removed 25 stack frames</div></td></tr></table><p class="totop"><a href="#summary">back to summary</a></p>
<h3 id="m21">test.VerifyHeaderOfMainPage#verifyCustomerServiceTab</h3><table class="result"><tr><th>Exception</th></tr><tr><td><div class="stacktrace">org.openqa.selenium.SessionNotCreatedException: session not created: This version of ChromeDriver only supports Chrome version 103
Current browser version is 117.0.5938.92 with binary path C:\Program Files\Google\Chrome\Application\chrome.exe
Build info: version: &apos;3.141.59&apos;, revision: &apos;e82be7d358&apos;, time: &apos;2018-11-14T08:17:03&apos;
System info: host: &apos;LAPTOP-3JRU7OQF&apos;, ip: &apos;192.168.1.113&apos;, os.name: &apos;Windows 11&apos;, os.arch: &apos;amd64&apos;, os.version: &apos;10.0&apos;, java.version: &apos;18.0.1.1&apos;
Driver info: driver.version: ChromeDriver
remote stacktrace: Backtrace:
	Ordinal0 [0x00645FD3+2187219]
	Ordinal0 [0x005DE6D1+1763025]
	Ordinal0 [0x004F3E78+802424]
	Ordinal0 [0x005151F9+938489]
	Ordinal0 [0x00510DDC+921052]
	Ordinal0 [0x0050E691+910993]
	Ordinal0 [0x005417F0+1120240]
	Ordinal0 [0x0054144A+1119306]
	Ordinal0 [0x0053C9A6+1100198]
	Ordinal0 [0x00516F80+946048]
	Ordinal0 [0x00517E76+949878]
	GetHandleVerifier [0x008E90C2+2721218]
	GetHandleVerifier [0x008DAAF0+2662384]
	GetHandleVerifier [0x006D137A+526458]
	GetHandleVerifier [0x006D0416+522518]
	Ordinal0 [0x005E4EAB+1789611]
	Ordinal0 [0x005E97A8+1808296]
	Ordinal0 [0x005E9895+1808533]
	Ordinal0 [0x005F26C1+1844929]
	BaseThreadInitThunk [0x76C76839+25]
	RtlGetFullPathName_UEx [0x77538F0F+1215]
	RtlGetFullPathName_UEx [0x77538EDD+1165]

	at org.openqa.selenium.remote.W3CHandshakeResponse.lambda$errorHandler$0(W3CHandshakeResponse.java:62)
	at org.openqa.selenium.remote.HandshakeResponse.lambda$getResponseFunction$0(HandshakeResponse.java:30)
	at org.openqa.selenium.remote.ProtocolHandshake.lambda$createSession$0(ProtocolHandshake.java:126)
	at java.base/java.util.stream.ReferencePipeline$3$1.accept(ReferencePipeline.java:197)
	at java.base/java.util.Spliterators$ArraySpliterator.tryAdvance(Spliterators.java:1002)
	at java.base/java.util.stream.ReferencePipeline.forEachWithCancel(ReferencePipeline.java:129)
	at java.base/java.util.stream.AbstractPipeline.copyIntoWithCancel(AbstractPipeline.java:527)
	at java.base/java.util.stream.AbstractPipeline.copyInto(AbstractPipeline.java:513)
	at java.base/java.util.stream.AbstractPipeline.wrapAndCopyInto(AbstractPipeline.java:499)
	at java.base/java.util.stream.FindOps$FindOp.evaluateSequential(FindOps.java:150)
	at java.base/java.util.stream.AbstractPipeline.evaluate(AbstractPipeline.java:234)
	at java.base/java.util.stream.ReferencePipeline.findFirst(ReferencePipeline.java:647)
	at org.openqa.selenium.remote.ProtocolHandshake.createSession(ProtocolHandshake.java:128)
	at org.openqa.selenium.remote.ProtocolHandshake.createSession(ProtocolHandshake.java:74)
	at org.openqa.selenium.remote.HttpCommandExecutor.execute(HttpCommandExecutor.java:136)
	at org.openqa.selenium.remote.service.DriverCommandExecutor.execute(DriverCommandExecutor.java:83)
	at org.openqa.selenium.remote.RemoteWebDriver.execute(RemoteWebDriver.java:552)
	at org.openqa.selenium.remote.RemoteWebDriver.startSession(RemoteWebDriver.java:213)
	at org.openqa.selenium.remote.RemoteWebDriver.&lt;init&gt;(RemoteWebDriver.java:131)
	at org.openqa.selenium.chrome.ChromeDriver.&lt;init&gt;(ChromeDriver.java:181)
	at org.openqa.selenium.chrome.ChromeDriver.&lt;init&gt;(ChromeDriver.java:168)
	at org.openqa.selenium.chrome.ChromeDriver.&lt;init&gt;(ChromeDriver.java:123)
	at browserSetup.baseBrowser.openChromeBrowser(baseBrowser.java:11)
	at test.VerifyHeaderOfMainPage.launchBrowser(VerifyHeaderOfMainPage.java:28)
... Removed 25 stack frames</div></td></tr></table><p class="totop"><a href="#summary">back to summary</a></p>
<h3 id="m22">test.Verify_Search_MobilePage#verifyWithoutExchangeIsSelected</h3><table class="result"><tr><th>Exception</th></tr><tr><td><div class="stacktrace">org.openqa.selenium.SessionNotCreatedException: session not created: This version of ChromeDriver only supports Chrome version 103
Current browser version is 117.0.5938.92 with binary path C:\Program Files\Google\Chrome\Application\chrome.exe
Build info: version: &apos;3.141.59&apos;, revision: &apos;e82be7d358&apos;, time: &apos;2018-11-14T08:17:03&apos;
System info: host: &apos;LAPTOP-3JRU7OQF&apos;, ip: &apos;192.168.1.113&apos;, os.name: &apos;Windows 11&apos;, os.arch: &apos;amd64&apos;, os.version: &apos;10.0&apos;, java.version: &apos;18.0.1.1&apos;
Driver info: driver.version: ChromeDriver
remote stacktrace: Backtrace:
	Ordinal0 [0x00645FD3+2187219]
	Ordinal0 [0x005DE6D1+1763025]
	Ordinal0 [0x004F3E78+802424]
	Ordinal0 [0x005151F9+938489]
	Ordinal0 [0x00510DDC+921052]
	Ordinal0 [0x0050E691+910993]
	Ordinal0 [0x005417F0+1120240]
	Ordinal0 [0x0054144A+1119306]
	Ordinal0 [0x0053C9A6+1100198]
	Ordinal0 [0x00516F80+946048]
	Ordinal0 [0x00517E76+949878]
	GetHandleVerifier [0x008E90C2+2721218]
	GetHandleVerifier [0x008DAAF0+2662384]
	GetHandleVerifier [0x006D137A+526458]
	GetHandleVerifier [0x006D0416+522518]
	Ordinal0 [0x005E4EAB+1789611]
	Ordinal0 [0x005E97A8+1808296]
	Ordinal0 [0x005E9895+1808533]
	Ordinal0 [0x005F26C1+1844929]
	BaseThreadInitThunk [0x76C76839+25]
	RtlGetFullPathName_UEx [0x77538F0F+1215]
	RtlGetFullPathName_UEx [0x77538EDD+1165]

	at org.openqa.selenium.remote.W3CHandshakeResponse.lambda$errorHandler$0(W3CHandshakeResponse.java:62)
	at org.openqa.selenium.remote.HandshakeResponse.lambda$getResponseFunction$0(HandshakeResponse.java:30)
	at org.openqa.selenium.remote.ProtocolHandshake.lambda$createSession$0(ProtocolHandshake.java:126)
	at java.base/java.util.stream.ReferencePipeline$3$1.accept(ReferencePipeline.java:197)
	at java.base/java.util.Spliterators$ArraySpliterator.tryAdvance(Spliterators.java:1002)
	at java.base/java.util.stream.ReferencePipeline.forEachWithCancel(ReferencePipeline.java:129)
	at java.base/java.util.stream.AbstractPipeline.copyIntoWithCancel(AbstractPipeline.java:527)
	at java.base/java.util.stream.AbstractPipeline.copyInto(AbstractPipeline.java:513)
	at java.base/java.util.stream.AbstractPipeline.wrapAndCopyInto(AbstractPipeline.java:499)
	at java.base/java.util.stream.FindOps$FindOp.evaluateSequential(FindOps.java:150)
	at java.base/java.util.stream.AbstractPipeline.evaluate(AbstractPipeline.java:234)
	at java.base/java.util.stream.ReferencePipeline.findFirst(ReferencePipeline.java:647)
	at org.openqa.selenium.remote.ProtocolHandshake.createSession(ProtocolHandshake.java:128)
	at org.openqa.selenium.remote.ProtocolHandshake.createSession(ProtocolHandshake.java:74)
	at org.openqa.selenium.remote.HttpCommandExecutor.execute(HttpCommandExecutor.java:136)
	at org.openqa.selenium.remote.service.DriverCommandExecutor.execute(DriverCommandExecutor.java:83)
	at org.openqa.selenium.remote.RemoteWebDriver.execute(RemoteWebDriver.java:552)
	at org.openqa.selenium.remote.RemoteWebDriver.startSession(RemoteWebDriver.java:213)
	at org.openqa.selenium.remote.RemoteWebDriver.&lt;init&gt;(RemoteWebDriver.java:131)
	at org.openqa.selenium.chrome.ChromeDriver.&lt;init&gt;(ChromeDriver.java:181)
	at org.openqa.selenium.chrome.ChromeDriver.&lt;init&gt;(ChromeDriver.java:168)
	at org.openqa.selenium.chrome.ChromeDriver.&lt;init&gt;(ChromeDriver.java:123)
	at browserSetup.baseBrowser.openChromeBrowser(baseBrowser.java:11)
	at test.VerifyHeaderOfMainPage.launchBrowser(VerifyHeaderOfMainPage.java:28)
... Removed 25 stack frames</div></td></tr></table><p class="totop"><a href="#summary">back to summary</a></p>
<h3 id="m23">test.verifyBooksAdvanceSearch#verifyAdvanceSearch</h3><table class="result"><tr><th>Exception</th></tr><tr><td><div class="stacktrace">org.openqa.selenium.SessionNotCreatedException: session not created: This version of ChromeDriver only supports Chrome version 103
Current browser version is 117.0.5938.92 with binary path C:\Program Files\Google\Chrome\Application\chrome.exe
Build info: version: &apos;3.141.59&apos;, revision: &apos;e82be7d358&apos;, time: &apos;2018-11-14T08:17:03&apos;
System info: host: &apos;LAPTOP-3JRU7OQF&apos;, ip: &apos;192.168.1.113&apos;, os.name: &apos;Windows 11&apos;, os.arch: &apos;amd64&apos;, os.version: &apos;10.0&apos;, java.version: &apos;18.0.1.1&apos;
Driver info: driver.version: ChromeDriver
remote stacktrace: Backtrace:
	Ordinal0 [0x00645FD3+2187219]
	Ordinal0 [0x005DE6D1+1763025]
	Ordinal0 [0x004F3E78+802424]
	Ordinal0 [0x005151F9+938489]
	Ordinal0 [0x00510DDC+921052]
	Ordinal0 [0x0050E691+910993]
	Ordinal0 [0x005417F0+1120240]
	Ordinal0 [0x0054144A+1119306]
	Ordinal0 [0x0053C9A6+1100198]
	Ordinal0 [0x00516F80+946048]
	Ordinal0 [0x00517E76+949878]
	GetHandleVerifier [0x008E90C2+2721218]
	GetHandleVerifier [0x008DAAF0+2662384]
	GetHandleVerifier [0x006D137A+526458]
	GetHandleVerifier [0x006D0416+522518]
	Ordinal0 [0x005E4EAB+1789611]
	Ordinal0 [0x005E97A8+1808296]
	Ordinal0 [0x005E9895+1808533]
	Ordinal0 [0x005F26C1+1844929]
	BaseThreadInitThunk [0x76C76839+25]
	RtlGetFullPathName_UEx [0x77538F0F+1215]
	RtlGetFullPathName_UEx [0x77538EDD+1165]

	at org.openqa.selenium.remote.W3CHandshakeResponse.lambda$errorHandler$0(W3CHandshakeResponse.java:62)
	at org.openqa.selenium.remote.HandshakeResponse.lambda$getResponseFunction$0(HandshakeResponse.java:30)
	at org.openqa.selenium.remote.ProtocolHandshake.lambda$createSession$0(ProtocolHandshake.java:126)
	at java.base/java.util.stream.ReferencePipeline$3$1.accept(ReferencePipeline.java:197)
	at java.base/java.util.Spliterators$ArraySpliterator.tryAdvance(Spliterators.java:1002)
	at java.base/java.util.stream.ReferencePipeline.forEachWithCancel(ReferencePipeline.java:129)
	at java.base/java.util.stream.AbstractPipeline.copyIntoWithCancel(AbstractPipeline.java:527)
	at java.base/java.util.stream.AbstractPipeline.copyInto(AbstractPipeline.java:513)
	at java.base/java.util.stream.AbstractPipeline.wrapAndCopyInto(AbstractPipeline.java:499)
	at java.base/java.util.stream.FindOps$FindOp.evaluateSequential(FindOps.java:150)
	at java.base/java.util.stream.AbstractPipeline.evaluate(AbstractPipeline.java:234)
	at java.base/java.util.stream.ReferencePipeline.findFirst(ReferencePipeline.java:647)
	at org.openqa.selenium.remote.ProtocolHandshake.createSession(ProtocolHandshake.java:128)
	at org.openqa.selenium.remote.ProtocolHandshake.createSession(ProtocolHandshake.java:74)
	at org.openqa.selenium.remote.HttpCommandExecutor.execute(HttpCommandExecutor.java:136)
	at org.openqa.selenium.remote.service.DriverCommandExecutor.execute(DriverCommandExecutor.java:83)
	at org.openqa.selenium.remote.RemoteWebDriver.execute(RemoteWebDriver.java:552)
	at org.openqa.selenium.remote.RemoteWebDriver.startSession(RemoteWebDriver.java:213)
	at org.openqa.selenium.remote.RemoteWebDriver.&lt;init&gt;(RemoteWebDriver.java:131)
	at org.openqa.selenium.chrome.ChromeDriver.&lt;init&gt;(ChromeDriver.java:181)
	at org.openqa.selenium.chrome.ChromeDriver.&lt;init&gt;(ChromeDriver.java:168)
	at org.openqa.selenium.chrome.ChromeDriver.&lt;init&gt;(ChromeDriver.java:123)
	at browserSetup.baseBrowser.openChromeBrowser(baseBrowser.java:11)
	at test.VerifyHeaderOfMainPage.launchBrowser(VerifyHeaderOfMainPage.java:28)
... Removed 25 stack frames</div></td></tr></table><p class="totop"><a href="#summary">back to summary</a></p>
<h2>Edge</h2><h3 id="m24">test.VerifyHeaderOfMainPage#launchBrowser</h3><table class="result"><tr class="param"><th>Parameter #1</th></tr><tr class="param stripe"><td>Edge</td></tr><tr><th>Exception</th></tr><tr><td><div class="stacktrace">org.openqa.selenium.SessionNotCreatedException: session not created: This version of Microsoft Edge WebDriver only supports Microsoft Edge version 105
Current browser version is 117.0.2045.43 with binary path C:\Program Files (x86)\Microsoft\Edge\Application\msedge.exe
Build info: version: &apos;3.141.59&apos;, revision: &apos;e82be7d358&apos;, time: &apos;2018-11-14T08:17:03&apos;
System info: host: &apos;LAPTOP-3JRU7OQF&apos;, ip: &apos;192.168.1.113&apos;, os.name: &apos;Windows 11&apos;, os.arch: &apos;amd64&apos;, os.version: &apos;10.0&apos;, java.version: &apos;18.0.1.1&apos;
Driver info: driver.version: EdgeDriver
remote stacktrace: Backtrace:
	Microsoft::Applications::Events::EventProperties::SetProperty [0x00007FF7DD6E1FE2+17554]
	Microsoft::Applications::Events::EventProperty::EventProperty [0x00007FF7DD67E932+1438450]
	Ordinal0 [0x00007FF7DD2A9345+627525]
	Ordinal0 [0x00007FF7DD2D73D4+816084]
	Ordinal0 [0x00007FF7DD2D28B3+796851]
	Ordinal0 [0x00007FF7DD2CD9F0+776688]
	Ordinal0 [0x00007FF7DD30969F+1021599]
	Ordinal0 [0x00007FF7DD303A43+997955]
	Ordinal0 [0x00007FF7DD2D94C0+824512]
	Ordinal0 [0x00007FF7DD2DA9F8+829944]
	Microsoft::Applications::Events::EventProperty::EventProperty [0x00007FF7DD540308+134344]
	Microsoft::Applications::Events::EventProperty::EventProperty [0x00007FF7DD529C35+42485]
	Microsoft::Applications::Events::EventProperty::EventProperty [0x00007FF7DD52CD1C+55004]
	Ordinal0 [0x00007FF7DD394F14+1593108]
	Microsoft::Applications::Events::EventProperty::EventProperty [0x00007FF7DD68407B+1460795]
	Microsoft::Applications::Events::EventProperty::EventProperty [0x00007FF7DD688044+1477124]
	Microsoft::Applications::Events::EventProperty::EventProperty [0x00007FF7DD68819D+1477469]
	Microsoft::Applications::Events::EventProperty::EventProperty [0x00007FF7DD690169+1510185]
	BaseThreadInitThunk [0x00007FFE55BE53E0+16]
	RtlUserThreadStart [0x00007FFE5682485B+43]

	at org.openqa.selenium.remote.W3CHandshakeResponse.lambda$errorHandler$0(W3CHandshakeResponse.java:62)
	at org.openqa.selenium.remote.HandshakeResponse.lambda$getResponseFunction$0(HandshakeResponse.java:30)
	at org.openqa.selenium.remote.ProtocolHandshake.lambda$createSession$0(ProtocolHandshake.java:126)
	at java.base/java.util.stream.ReferencePipeline$3$1.accept(ReferencePipeline.java:197)
	at java.base/java.util.Spliterators$ArraySpliterator.tryAdvance(Spliterators.java:1002)
	at java.base/java.util.stream.ReferencePipeline.forEachWithCancel(ReferencePipeline.java:129)
	at java.base/java.util.stream.AbstractPipeline.copyIntoWithCancel(AbstractPipeline.java:527)
	at java.base/java.util.stream.AbstractPipeline.copyInto(AbstractPipeline.java:513)
	at java.base/java.util.stream.AbstractPipeline.wrapAndCopyInto(AbstractPipeline.java:499)
	at java.base/java.util.stream.FindOps$FindOp.evaluateSequential(FindOps.java:150)
	at java.base/java.util.stream.AbstractPipeline.evaluate(AbstractPipeline.java:234)
	at java.base/java.util.stream.ReferencePipeline.findFirst(ReferencePipeline.java:647)
	at org.openqa.selenium.remote.ProtocolHandshake.createSession(ProtocolHandshake.java:128)
	at org.openqa.selenium.remote.ProtocolHandshake.createSession(ProtocolHandshake.java:74)
	at org.openqa.selenium.remote.HttpCommandExecutor.execute(HttpCommandExecutor.java:136)
	at org.openqa.selenium.remote.service.DriverCommandExecutor.execute(DriverCommandExecutor.java:83)
	at org.openqa.selenium.remote.RemoteWebDriver.execute(RemoteWebDriver.java:552)
	at org.openqa.selenium.remote.RemoteWebDriver.startSession(RemoteWebDriver.java:213)
	at org.openqa.selenium.remote.RemoteWebDriver.&lt;init&gt;(RemoteWebDriver.java:131)
	at org.openqa.selenium.edge.EdgeDriver.&lt;init&gt;(EdgeDriver.java:141)
	at org.openqa.selenium.edge.EdgeDriver.&lt;init&gt;(EdgeDriver.java:96)
	at browserSetup.baseBrowser.openEdgeBrowser(baseBrowser.java:16)
	at test.VerifyHeaderOfMainPage.launchBrowser(VerifyHeaderOfMainPage.java:31)
... Removed 25 stack frames</div></td></tr></table><p class="totop"><a href="#summary">back to summary</a></p>
<h3 id="m25">test.VerifyHeaderOfMainPage#closeBrowser</h3><table class="result"><tr><th class="invisible"/></tr></table><p class="totop"><a href="#summary">back to summary</a></p>
<h3 id="m26">test.VerifyHeaderOfMainPage#getURL</h3><table class="result"><tr><th class="invisible"/></tr></table><p class="totop"><a href="#summary">back to summary</a></p>
<h3 id="m27">test.VerifyHeaderOfMainPage#getURL</h3><table class="result"><tr><th class="invisible"/></tr></table><p class="totop"><a href="#summary">back to summary</a></p>
<h3 id="m28">test.VerifyHeaderOfMainPage#getURL</h3><table class="result"><tr><th class="invisible"/></tr></table><p class="totop"><a href="#summary">back to summary</a></p>
<h3 id="m29">test.VerifyHeaderOfMainPage#getURL</h3><table class="result"><tr><th class="invisible"/></tr></table><p class="totop"><a href="#summary">back to summary</a></p>
<h3 id="m30">test.VerifyHeaderOfMainPage#objectPOMClass</h3><table class="result"><tr><th class="invisible"/></tr></table><p class="totop"><a href="#summary">back to summary</a></p>
<h3 id="m31">test.VerifyHeaderOfMainPage#romoveObject</h3><table class="result"><tr><th class="invisible"/></tr></table><p class="totop"><a href="#summary">back to summary</a></p>
<h3 id="m32">test.Verify_Search_MobilePage#closeBrowser</h3><table class="result"><tr><th class="invisible"/></tr></table><p class="totop"><a href="#summary">back to summary</a></p>
<h3 id="m33">test.Verify_Search_MobilePage#launchBrowser</h3><table class="result"><tr><th class="invisible"/></tr></table><p class="totop"><a href="#summary">back to summary</a></p>
<h3 id="m34">test.Verify_Search_MobilePage#objectPOMClass</h3><table class="result"><tr><th class="invisible"/></tr></table><p class="totop"><a href="#summary">back to summary</a></p>
<h3 id="m35">test.Verify_Search_MobilePage#openURL</h3><table class="result"><tr><th class="invisible"/></tr></table><p class="totop"><a href="#summary">back to summary</a></p>
<h3 id="m36">test.Verify_Search_MobilePage#removeObject</h3><table class="result"><tr><th class="invisible"/></tr></table><p class="totop"><a href="#summary">back to summary</a></p>
<h3 id="m37">test.verifyBooksAdvanceSearch#closeBrowser</h3><table class="result"><tr><th class="invisible"/></tr></table><p class="totop"><a href="#summary">back to summary</a></p>
<h3 id="m38">test.verifyBooksAdvanceSearch#launchBrowser</h3><table class="result"><tr><th class="invisible"/></tr></table><p class="totop"><a href="#summary">back to summary</a></p>
<h3 id="m39">test.verifyBooksAdvanceSearch#objectClass</h3><table class="result"><tr><th class="invisible"/></tr></table><p class="totop"><a href="#summary">back to summary</a></p>
<h3 id="m40">test.verifyBooksAdvanceSearch#openURL</h3><table class="result"><tr><th class="invisible"/></tr></table><p class="totop"><a href="#summary">back to summary</a></p>
<h3 id="m41">test.verifyBooksAdvanceSearch#removeObject</h3><table class="result"><tr><th class="invisible"/></tr></table><p class="totop"><a href="#summary">back to summary</a></p>
<h3 id="m42">test.VerifyHeaderOfMainPage#verifyAllTab</h3><table class="result"><tr><th>Exception</th></tr><tr><td><div class="stacktrace">org.openqa.selenium.SessionNotCreatedException: session not created: This version of Microsoft Edge WebDriver only supports Microsoft Edge version 105
Current browser version is 117.0.2045.43 with binary path C:\Program Files (x86)\Microsoft\Edge\Application\msedge.exe
Build info: version: &apos;3.141.59&apos;, revision: &apos;e82be7d358&apos;, time: &apos;2018-11-14T08:17:03&apos;
System info: host: &apos;LAPTOP-3JRU7OQF&apos;, ip: &apos;192.168.1.113&apos;, os.name: &apos;Windows 11&apos;, os.arch: &apos;amd64&apos;, os.version: &apos;10.0&apos;, java.version: &apos;18.0.1.1&apos;
Driver info: driver.version: EdgeDriver
remote stacktrace: Backtrace:
	Microsoft::Applications::Events::EventProperties::SetProperty [0x00007FF7DD6E1FE2+17554]
	Microsoft::Applications::Events::EventProperty::EventProperty [0x00007FF7DD67E932+1438450]
	Ordinal0 [0x00007FF7DD2A9345+627525]
	Ordinal0 [0x00007FF7DD2D73D4+816084]
	Ordinal0 [0x00007FF7DD2D28B3+796851]
	Ordinal0 [0x00007FF7DD2CD9F0+776688]
	Ordinal0 [0x00007FF7DD30969F+1021599]
	Ordinal0 [0x00007FF7DD303A43+997955]
	Ordinal0 [0x00007FF7DD2D94C0+824512]
	Ordinal0 [0x00007FF7DD2DA9F8+829944]
	Microsoft::Applications::Events::EventProperty::EventProperty [0x00007FF7DD540308+134344]
	Microsoft::Applications::Events::EventProperty::EventProperty [0x00007FF7DD529C35+42485]
	Microsoft::Applications::Events::EventProperty::EventProperty [0x00007FF7DD52CD1C+55004]
	Ordinal0 [0x00007FF7DD394F14+1593108]
	Microsoft::Applications::Events::EventProperty::EventProperty [0x00007FF7DD68407B+1460795]
	Microsoft::Applications::Events::EventProperty::EventProperty [0x00007FF7DD688044+1477124]
	Microsoft::Applications::Events::EventProperty::EventProperty [0x00007FF7DD68819D+1477469]
	Microsoft::Applications::Events::EventProperty::EventProperty [0x00007FF7DD690169+1510185]
	BaseThreadInitThunk [0x00007FFE55BE53E0+16]
	RtlUserThreadStart [0x00007FFE5682485B+43]

	at org.openqa.selenium.remote.W3CHandshakeResponse.lambda$errorHandler$0(W3CHandshakeResponse.java:62)
	at org.openqa.selenium.remote.HandshakeResponse.lambda$getResponseFunction$0(HandshakeResponse.java:30)
	at org.openqa.selenium.remote.ProtocolHandshake.lambda$createSession$0(ProtocolHandshake.java:126)
	at java.base/java.util.stream.ReferencePipeline$3$1.accept(ReferencePipeline.java:197)
	at java.base/java.util.Spliterators$ArraySpliterator.tryAdvance(Spliterators.java:1002)
	at java.base/java.util.stream.ReferencePipeline.forEachWithCancel(ReferencePipeline.java:129)
	at java.base/java.util.stream.AbstractPipeline.copyIntoWithCancel(AbstractPipeline.java:527)
	at java.base/java.util.stream.AbstractPipeline.copyInto(AbstractPipeline.java:513)
	at java.base/java.util.stream.AbstractPipeline.wrapAndCopyInto(AbstractPipeline.java:499)
	at java.base/java.util.stream.FindOps$FindOp.evaluateSequential(FindOps.java:150)
	at java.base/java.util.stream.AbstractPipeline.evaluate(AbstractPipeline.java:234)
	at java.base/java.util.stream.ReferencePipeline.findFirst(ReferencePipeline.java:647)
	at org.openqa.selenium.remote.ProtocolHandshake.createSession(ProtocolHandshake.java:128)
	at org.openqa.selenium.remote.ProtocolHandshake.createSession(ProtocolHandshake.java:74)
	at org.openqa.selenium.remote.HttpCommandExecutor.execute(HttpCommandExecutor.java:136)
	at org.openqa.selenium.remote.service.DriverCommandExecutor.execute(DriverCommandExecutor.java:83)
	at org.openqa.selenium.remote.RemoteWebDriver.execute(RemoteWebDriver.java:552)
	at org.openqa.selenium.remote.RemoteWebDriver.startSession(RemoteWebDriver.java:213)
	at org.openqa.selenium.remote.RemoteWebDriver.&lt;init&gt;(RemoteWebDriver.java:131)
	at org.openqa.selenium.edge.EdgeDriver.&lt;init&gt;(EdgeDriver.java:141)
	at org.openqa.selenium.edge.EdgeDriver.&lt;init&gt;(EdgeDriver.java:96)
	at browserSetup.baseBrowser.openEdgeBrowser(baseBrowser.java:16)
	at test.VerifyHeaderOfMainPage.launchBrowser(VerifyHeaderOfMainPage.java:31)
... Removed 25 stack frames</div></td></tr></table><p class="totop"><a href="#summary">back to summary</a></p>
<h3 id="m43">test.VerifyHeaderOfMainPage#verifyBestSellerTab</h3><table class="result"><tr><th>Exception</th></tr><tr><td><div class="stacktrace">org.openqa.selenium.SessionNotCreatedException: session not created: This version of Microsoft Edge WebDriver only supports Microsoft Edge version 105
Current browser version is 117.0.2045.43 with binary path C:\Program Files (x86)\Microsoft\Edge\Application\msedge.exe
Build info: version: &apos;3.141.59&apos;, revision: &apos;e82be7d358&apos;, time: &apos;2018-11-14T08:17:03&apos;
System info: host: &apos;LAPTOP-3JRU7OQF&apos;, ip: &apos;192.168.1.113&apos;, os.name: &apos;Windows 11&apos;, os.arch: &apos;amd64&apos;, os.version: &apos;10.0&apos;, java.version: &apos;18.0.1.1&apos;
Driver info: driver.version: EdgeDriver
remote stacktrace: Backtrace:
	Microsoft::Applications::Events::EventProperties::SetProperty [0x00007FF7DD6E1FE2+17554]
	Microsoft::Applications::Events::EventProperty::EventProperty [0x00007FF7DD67E932+1438450]
	Ordinal0 [0x00007FF7DD2A9345+627525]
	Ordinal0 [0x00007FF7DD2D73D4+816084]
	Ordinal0 [0x00007FF7DD2D28B3+796851]
	Ordinal0 [0x00007FF7DD2CD9F0+776688]
	Ordinal0 [0x00007FF7DD30969F+1021599]
	Ordinal0 [0x00007FF7DD303A43+997955]
	Ordinal0 [0x00007FF7DD2D94C0+824512]
	Ordinal0 [0x00007FF7DD2DA9F8+829944]
	Microsoft::Applications::Events::EventProperty::EventProperty [0x00007FF7DD540308+134344]
	Microsoft::Applications::Events::EventProperty::EventProperty [0x00007FF7DD529C35+42485]
	Microsoft::Applications::Events::EventProperty::EventProperty [0x00007FF7DD52CD1C+55004]
	Ordinal0 [0x00007FF7DD394F14+1593108]
	Microsoft::Applications::Events::EventProperty::EventProperty [0x00007FF7DD68407B+1460795]
	Microsoft::Applications::Events::EventProperty::EventProperty [0x00007FF7DD688044+1477124]
	Microsoft::Applications::Events::EventProperty::EventProperty [0x00007FF7DD68819D+1477469]
	Microsoft::Applications::Events::EventProperty::EventProperty [0x00007FF7DD690169+1510185]
	BaseThreadInitThunk [0x00007FFE55BE53E0+16]
	RtlUserThreadStart [0x00007FFE5682485B+43]

	at org.openqa.selenium.remote.W3CHandshakeResponse.lambda$errorHandler$0(W3CHandshakeResponse.java:62)
	at org.openqa.selenium.remote.HandshakeResponse.lambda$getResponseFunction$0(HandshakeResponse.java:30)
	at org.openqa.selenium.remote.ProtocolHandshake.lambda$createSession$0(ProtocolHandshake.java:126)
	at java.base/java.util.stream.ReferencePipeline$3$1.accept(ReferencePipeline.java:197)
	at java.base/java.util.Spliterators$ArraySpliterator.tryAdvance(Spliterators.java:1002)
	at java.base/java.util.stream.ReferencePipeline.forEachWithCancel(ReferencePipeline.java:129)
	at java.base/java.util.stream.AbstractPipeline.copyIntoWithCancel(AbstractPipeline.java:527)
	at java.base/java.util.stream.AbstractPipeline.copyInto(AbstractPipeline.java:513)
	at java.base/java.util.stream.AbstractPipeline.wrapAndCopyInto(AbstractPipeline.java:499)
	at java.base/java.util.stream.FindOps$FindOp.evaluateSequential(FindOps.java:150)
	at java.base/java.util.stream.AbstractPipeline.evaluate(AbstractPipeline.java:234)
	at java.base/java.util.stream.ReferencePipeline.findFirst(ReferencePipeline.java:647)
	at org.openqa.selenium.remote.ProtocolHandshake.createSession(ProtocolHandshake.java:128)
	at org.openqa.selenium.remote.ProtocolHandshake.createSession(ProtocolHandshake.java:74)
	at org.openqa.selenium.remote.HttpCommandExecutor.execute(HttpCommandExecutor.java:136)
	at org.openqa.selenium.remote.service.DriverCommandExecutor.execute(DriverCommandExecutor.java:83)
	at org.openqa.selenium.remote.RemoteWebDriver.execute(RemoteWebDriver.java:552)
	at org.openqa.selenium.remote.RemoteWebDriver.startSession(RemoteWebDriver.java:213)
	at org.openqa.selenium.remote.RemoteWebDriver.&lt;init&gt;(RemoteWebDriver.java:131)
	at org.openqa.selenium.edge.EdgeDriver.&lt;init&gt;(EdgeDriver.java:141)
	at org.openqa.selenium.edge.EdgeDriver.&lt;init&gt;(EdgeDriver.java:96)
	at browserSetup.baseBrowser.openEdgeBrowser(baseBrowser.java:16)
	at test.VerifyHeaderOfMainPage.launchBrowser(VerifyHeaderOfMainPage.java:31)
... Removed 25 stack frames</div></td></tr></table><p class="totop"><a href="#summary">back to summary</a></p>
<h3 id="m44">test.VerifyHeaderOfMainPage#verifyBookTab</h3><table class="result"><tr><th>Exception</th></tr><tr><td><div class="stacktrace">org.openqa.selenium.SessionNotCreatedException: session not created: This version of Microsoft Edge WebDriver only supports Microsoft Edge version 105
Current browser version is 117.0.2045.43 with binary path C:\Program Files (x86)\Microsoft\Edge\Application\msedge.exe
Build info: version: &apos;3.141.59&apos;, revision: &apos;e82be7d358&apos;, time: &apos;2018-11-14T08:17:03&apos;
System info: host: &apos;LAPTOP-3JRU7OQF&apos;, ip: &apos;192.168.1.113&apos;, os.name: &apos;Windows 11&apos;, os.arch: &apos;amd64&apos;, os.version: &apos;10.0&apos;, java.version: &apos;18.0.1.1&apos;
Driver info: driver.version: EdgeDriver
remote stacktrace: Backtrace:
	Microsoft::Applications::Events::EventProperties::SetProperty [0x00007FF7DD6E1FE2+17554]
	Microsoft::Applications::Events::EventProperty::EventProperty [0x00007FF7DD67E932+1438450]
	Ordinal0 [0x00007FF7DD2A9345+627525]
	Ordinal0 [0x00007FF7DD2D73D4+816084]
	Ordinal0 [0x00007FF7DD2D28B3+796851]
	Ordinal0 [0x00007FF7DD2CD9F0+776688]
	Ordinal0 [0x00007FF7DD30969F+1021599]
	Ordinal0 [0x00007FF7DD303A43+997955]
	Ordinal0 [0x00007FF7DD2D94C0+824512]
	Ordinal0 [0x00007FF7DD2DA9F8+829944]
	Microsoft::Applications::Events::EventProperty::EventProperty [0x00007FF7DD540308+134344]
	Microsoft::Applications::Events::EventProperty::EventProperty [0x00007FF7DD529C35+42485]
	Microsoft::Applications::Events::EventProperty::EventProperty [0x00007FF7DD52CD1C+55004]
	Ordinal0 [0x00007FF7DD394F14+1593108]
	Microsoft::Applications::Events::EventProperty::EventProperty [0x00007FF7DD68407B+1460795]
	Microsoft::Applications::Events::EventProperty::EventProperty [0x00007FF7DD688044+1477124]
	Microsoft::Applications::Events::EventProperty::EventProperty [0x00007FF7DD68819D+1477469]
	Microsoft::Applications::Events::EventProperty::EventProperty [0x00007FF7DD690169+1510185]
	BaseThreadInitThunk [0x00007FFE55BE53E0+16]
	RtlUserThreadStart [0x00007FFE5682485B+43]

	at org.openqa.selenium.remote.W3CHandshakeResponse.lambda$errorHandler$0(W3CHandshakeResponse.java:62)
	at org.openqa.selenium.remote.HandshakeResponse.lambda$getResponseFunction$0(HandshakeResponse.java:30)
	at org.openqa.selenium.remote.ProtocolHandshake.lambda$createSession$0(ProtocolHandshake.java:126)
	at java.base/java.util.stream.ReferencePipeline$3$1.accept(ReferencePipeline.java:197)
	at java.base/java.util.Spliterators$ArraySpliterator.tryAdvance(Spliterators.java:1002)
	at java.base/java.util.stream.ReferencePipeline.forEachWithCancel(ReferencePipeline.java:129)
	at java.base/java.util.stream.AbstractPipeline.copyIntoWithCancel(AbstractPipeline.java:527)
	at java.base/java.util.stream.AbstractPipeline.copyInto(AbstractPipeline.java:513)
	at java.base/java.util.stream.AbstractPipeline.wrapAndCopyInto(AbstractPipeline.java:499)
	at java.base/java.util.stream.FindOps$FindOp.evaluateSequential(FindOps.java:150)
	at java.base/java.util.stream.AbstractPipeline.evaluate(AbstractPipeline.java:234)
	at java.base/java.util.stream.ReferencePipeline.findFirst(ReferencePipeline.java:647)
	at org.openqa.selenium.remote.ProtocolHandshake.createSession(ProtocolHandshake.java:128)
	at org.openqa.selenium.remote.ProtocolHandshake.createSession(ProtocolHandshake.java:74)
	at org.openqa.selenium.remote.HttpCommandExecutor.execute(HttpCommandExecutor.java:136)
	at org.openqa.selenium.remote.service.DriverCommandExecutor.execute(DriverCommandExecutor.java:83)
	at org.openqa.selenium.remote.RemoteWebDriver.execute(RemoteWebDriver.java:552)
	at org.openqa.selenium.remote.RemoteWebDriver.startSession(RemoteWebDriver.java:213)
	at org.openqa.selenium.remote.RemoteWebDriver.&lt;init&gt;(RemoteWebDriver.java:131)
	at org.openqa.selenium.edge.EdgeDriver.&lt;init&gt;(EdgeDriver.java:141)
	at org.openqa.selenium.edge.EdgeDriver.&lt;init&gt;(EdgeDriver.java:96)
	at browserSetup.baseBrowser.openEdgeBrowser(baseBrowser.java:16)
	at test.VerifyHeaderOfMainPage.launchBrowser(VerifyHeaderOfMainPage.java:31)
... Removed 25 stack frames</div></td></tr></table><p class="totop"><a href="#summary">back to summary</a></p>
<h3 id="m45">test.VerifyHeaderOfMainPage#verifyCustomerServiceTab</h3><table class="result"><tr><th>Exception</th></tr><tr><td><div class="stacktrace">org.openqa.selenium.SessionNotCreatedException: session not created: This version of Microsoft Edge WebDriver only supports Microsoft Edge version 105
Current browser version is 117.0.2045.43 with binary path C:\Program Files (x86)\Microsoft\Edge\Application\msedge.exe
Build info: version: &apos;3.141.59&apos;, revision: &apos;e82be7d358&apos;, time: &apos;2018-11-14T08:17:03&apos;
System info: host: &apos;LAPTOP-3JRU7OQF&apos;, ip: &apos;192.168.1.113&apos;, os.name: &apos;Windows 11&apos;, os.arch: &apos;amd64&apos;, os.version: &apos;10.0&apos;, java.version: &apos;18.0.1.1&apos;
Driver info: driver.version: EdgeDriver
remote stacktrace: Backtrace:
	Microsoft::Applications::Events::EventProperties::SetProperty [0x00007FF7DD6E1FE2+17554]
	Microsoft::Applications::Events::EventProperty::EventProperty [0x00007FF7DD67E932+1438450]
	Ordinal0 [0x00007FF7DD2A9345+627525]
	Ordinal0 [0x00007FF7DD2D73D4+816084]
	Ordinal0 [0x00007FF7DD2D28B3+796851]
	Ordinal0 [0x00007FF7DD2CD9F0+776688]
	Ordinal0 [0x00007FF7DD30969F+1021599]
	Ordinal0 [0x00007FF7DD303A43+997955]
	Ordinal0 [0x00007FF7DD2D94C0+824512]
	Ordinal0 [0x00007FF7DD2DA9F8+829944]
	Microsoft::Applications::Events::EventProperty::EventProperty [0x00007FF7DD540308+134344]
	Microsoft::Applications::Events::EventProperty::EventProperty [0x00007FF7DD529C35+42485]
	Microsoft::Applications::Events::EventProperty::EventProperty [0x00007FF7DD52CD1C+55004]
	Ordinal0 [0x00007FF7DD394F14+1593108]
	Microsoft::Applications::Events::EventProperty::EventProperty [0x00007FF7DD68407B+1460795]
	Microsoft::Applications::Events::EventProperty::EventProperty [0x00007FF7DD688044+1477124]
	Microsoft::Applications::Events::EventProperty::EventProperty [0x00007FF7DD68819D+1477469]
	Microsoft::Applications::Events::EventProperty::EventProperty [0x00007FF7DD690169+1510185]
	BaseThreadInitThunk [0x00007FFE55BE53E0+16]
	RtlUserThreadStart [0x00007FFE5682485B+43]

	at org.openqa.selenium.remote.W3CHandshakeResponse.lambda$errorHandler$0(W3CHandshakeResponse.java:62)
	at org.openqa.selenium.remote.HandshakeResponse.lambda$getResponseFunction$0(HandshakeResponse.java:30)
	at org.openqa.selenium.remote.ProtocolHandshake.lambda$createSession$0(ProtocolHandshake.java:126)
	at java.base/java.util.stream.ReferencePipeline$3$1.accept(ReferencePipeline.java:197)
	at java.base/java.util.Spliterators$ArraySpliterator.tryAdvance(Spliterators.java:1002)
	at java.base/java.util.stream.ReferencePipeline.forEachWithCancel(ReferencePipeline.java:129)
	at java.base/java.util.stream.AbstractPipeline.copyIntoWithCancel(AbstractPipeline.java:527)
	at java.base/java.util.stream.AbstractPipeline.copyInto(AbstractPipeline.java:513)
	at java.base/java.util.stream.AbstractPipeline.wrapAndCopyInto(AbstractPipeline.java:499)
	at java.base/java.util.stream.FindOps$FindOp.evaluateSequential(FindOps.java:150)
	at java.base/java.util.stream.AbstractPipeline.evaluate(AbstractPipeline.java:234)
	at java.base/java.util.stream.ReferencePipeline.findFirst(ReferencePipeline.java:647)
	at org.openqa.selenium.remote.ProtocolHandshake.createSession(ProtocolHandshake.java:128)
	at org.openqa.selenium.remote.ProtocolHandshake.createSession(ProtocolHandshake.java:74)
	at org.openqa.selenium.remote.HttpCommandExecutor.execute(HttpCommandExecutor.java:136)
	at org.openqa.selenium.remote.service.DriverCommandExecutor.execute(DriverCommandExecutor.java:83)
	at org.openqa.selenium.remote.RemoteWebDriver.execute(RemoteWebDriver.java:552)
	at org.openqa.selenium.remote.RemoteWebDriver.startSession(RemoteWebDriver.java:213)
	at org.openqa.selenium.remote.RemoteWebDriver.&lt;init&gt;(RemoteWebDriver.java:131)
	at org.openqa.selenium.edge.EdgeDriver.&lt;init&gt;(EdgeDriver.java:141)
	at org.openqa.selenium.edge.EdgeDriver.&lt;init&gt;(EdgeDriver.java:96)
	at browserSetup.baseBrowser.openEdgeBrowser(baseBrowser.java:16)
	at test.VerifyHeaderOfMainPage.launchBrowser(VerifyHeaderOfMainPage.java:31)
... Removed 25 stack frames</div></td></tr></table><p class="totop"><a href="#summary">back to summary</a></p>
<h3 id="m46">test.Verify_Search_MobilePage#verifyWithoutExchangeIsSelected</h3><table class="result"><tr><th>Exception</th></tr><tr><td><div class="stacktrace">org.openqa.selenium.SessionNotCreatedException: session not created: This version of Microsoft Edge WebDriver only supports Microsoft Edge version 105
Current browser version is 117.0.2045.43 with binary path C:\Program Files (x86)\Microsoft\Edge\Application\msedge.exe
Build info: version: &apos;3.141.59&apos;, revision: &apos;e82be7d358&apos;, time: &apos;2018-11-14T08:17:03&apos;
System info: host: &apos;LAPTOP-3JRU7OQF&apos;, ip: &apos;192.168.1.113&apos;, os.name: &apos;Windows 11&apos;, os.arch: &apos;amd64&apos;, os.version: &apos;10.0&apos;, java.version: &apos;18.0.1.1&apos;
Driver info: driver.version: EdgeDriver
remote stacktrace: Backtrace:
	Microsoft::Applications::Events::EventProperties::SetProperty [0x00007FF7DD6E1FE2+17554]
	Microsoft::Applications::Events::EventProperty::EventProperty [0x00007FF7DD67E932+1438450]
	Ordinal0 [0x00007FF7DD2A9345+627525]
	Ordinal0 [0x00007FF7DD2D73D4+816084]
	Ordinal0 [0x00007FF7DD2D28B3+796851]
	Ordinal0 [0x00007FF7DD2CD9F0+776688]
	Ordinal0 [0x00007FF7DD30969F+1021599]
	Ordinal0 [0x00007FF7DD303A43+997955]
	Ordinal0 [0x00007FF7DD2D94C0+824512]
	Ordinal0 [0x00007FF7DD2DA9F8+829944]
	Microsoft::Applications::Events::EventProperty::EventProperty [0x00007FF7DD540308+134344]
	Microsoft::Applications::Events::EventProperty::EventProperty [0x00007FF7DD529C35+42485]
	Microsoft::Applications::Events::EventProperty::EventProperty [0x00007FF7DD52CD1C+55004]
	Ordinal0 [0x00007FF7DD394F14+1593108]
	Microsoft::Applications::Events::EventProperty::EventProperty [0x00007FF7DD68407B+1460795]
	Microsoft::Applications::Events::EventProperty::EventProperty [0x00007FF7DD688044+1477124]
	Microsoft::Applications::Events::EventProperty::EventProperty [0x00007FF7DD68819D+1477469]
	Microsoft::Applications::Events::EventProperty::EventProperty [0x00007FF7DD690169+1510185]
	BaseThreadInitThunk [0x00007FFE55BE53E0+16]
	RtlUserThreadStart [0x00007FFE5682485B+43]

	at org.openqa.selenium.remote.W3CHandshakeResponse.lambda$errorHandler$0(W3CHandshakeResponse.java:62)
	at org.openqa.selenium.remote.HandshakeResponse.lambda$getResponseFunction$0(HandshakeResponse.java:30)
	at org.openqa.selenium.remote.ProtocolHandshake.lambda$createSession$0(ProtocolHandshake.java:126)
	at java.base/java.util.stream.ReferencePipeline$3$1.accept(ReferencePipeline.java:197)
	at java.base/java.util.Spliterators$ArraySpliterator.tryAdvance(Spliterators.java:1002)
	at java.base/java.util.stream.ReferencePipeline.forEachWithCancel(ReferencePipeline.java:129)
	at java.base/java.util.stream.AbstractPipeline.copyIntoWithCancel(AbstractPipeline.java:527)
	at java.base/java.util.stream.AbstractPipeline.copyInto(AbstractPipeline.java:513)
	at java.base/java.util.stream.AbstractPipeline.wrapAndCopyInto(AbstractPipeline.java:499)
	at java.base/java.util.stream.FindOps$FindOp.evaluateSequential(FindOps.java:150)
	at java.base/java.util.stream.AbstractPipeline.evaluate(AbstractPipeline.java:234)
	at java.base/java.util.stream.ReferencePipeline.findFirst(ReferencePipeline.java:647)
	at org.openqa.selenium.remote.ProtocolHandshake.createSession(ProtocolHandshake.java:128)
	at org.openqa.selenium.remote.ProtocolHandshake.createSession(ProtocolHandshake.java:74)
	at org.openqa.selenium.remote.HttpCommandExecutor.execute(HttpCommandExecutor.java:136)
	at org.openqa.selenium.remote.service.DriverCommandExecutor.execute(DriverCommandExecutor.java:83)
	at org.openqa.selenium.remote.RemoteWebDriver.execute(RemoteWebDriver.java:552)
	at org.openqa.selenium.remote.RemoteWebDriver.startSession(RemoteWebDriver.java:213)
	at org.openqa.selenium.remote.RemoteWebDriver.&lt;init&gt;(RemoteWebDriver.java:131)
	at org.openqa.selenium.edge.EdgeDriver.&lt;init&gt;(EdgeDriver.java:141)
	at org.openqa.selenium.edge.EdgeDriver.&lt;init&gt;(EdgeDriver.java:96)
	at browserSetup.baseBrowser.openEdgeBrowser(baseBrowser.java:16)
	at test.VerifyHeaderOfMainPage.launchBrowser(VerifyHeaderOfMainPage.java:31)
... Removed 25 stack frames</div></td></tr></table><p class="totop"><a href="#summary">back to summary</a></p>
<h3 id="m47">test.verifyBooksAdvanceSearch#verifyAdvanceSearch</h3><table class="result"><tr><th>Exception</th></tr><tr><td><div class="stacktrace">org.openqa.selenium.SessionNotCreatedException: session not created: This version of Microsoft Edge WebDriver only supports Microsoft Edge version 105
Current browser version is 117.0.2045.43 with binary path C:\Program Files (x86)\Microsoft\Edge\Application\msedge.exe
Build info: version: &apos;3.141.59&apos;, revision: &apos;e82be7d358&apos;, time: &apos;2018-11-14T08:17:03&apos;
System info: host: &apos;LAPTOP-3JRU7OQF&apos;, ip: &apos;192.168.1.113&apos;, os.name: &apos;Windows 11&apos;, os.arch: &apos;amd64&apos;, os.version: &apos;10.0&apos;, java.version: &apos;18.0.1.1&apos;
Driver info: driver.version: EdgeDriver
remote stacktrace: Backtrace:
	Microsoft::Applications::Events::EventProperties::SetProperty [0x00007FF7DD6E1FE2+17554]
	Microsoft::Applications::Events::EventProperty::EventProperty [0x00007FF7DD67E932+1438450]
	Ordinal0 [0x00007FF7DD2A9345+627525]
	Ordinal0 [0x00007FF7DD2D73D4+816084]
	Ordinal0 [0x00007FF7DD2D28B3+796851]
	Ordinal0 [0x00007FF7DD2CD9F0+776688]
	Ordinal0 [0x00007FF7DD30969F+1021599]
	Ordinal0 [0x00007FF7DD303A43+997955]
	Ordinal0 [0x00007FF7DD2D94C0+824512]
	Ordinal0 [0x00007FF7DD2DA9F8+829944]
	Microsoft::Applications::Events::EventProperty::EventProperty [0x00007FF7DD540308+134344]
	Microsoft::Applications::Events::EventProperty::EventProperty [0x00007FF7DD529C35+42485]
	Microsoft::Applications::Events::EventProperty::EventProperty [0x00007FF7DD52CD1C+55004]
	Ordinal0 [0x00007FF7DD394F14+1593108]
	Microsoft::Applications::Events::EventProperty::EventProperty [0x00007FF7DD68407B+1460795]
	Microsoft::Applications::Events::EventProperty::EventProperty [0x00007FF7DD688044+1477124]
	Microsoft::Applications::Events::EventProperty::EventProperty [0x00007FF7DD68819D+1477469]
	Microsoft::Applications::Events::EventProperty::EventProperty [0x00007FF7DD690169+1510185]
	BaseThreadInitThunk [0x00007FFE55BE53E0+16]
	RtlUserThreadStart [0x00007FFE5682485B+43]

	at org.openqa.selenium.remote.W3CHandshakeResponse.lambda$errorHandler$0(W3CHandshakeResponse.java:62)
	at org.openqa.selenium.remote.HandshakeResponse.lambda$getResponseFunction$0(HandshakeResponse.java:30)
	at org.openqa.selenium.remote.ProtocolHandshake.lambda$createSession$0(ProtocolHandshake.java:126)
	at java.base/java.util.stream.ReferencePipeline$3$1.accept(ReferencePipeline.java:197)
	at java.base/java.util.Spliterators$ArraySpliterator.tryAdvance(Spliterators.java:1002)
	at java.base/java.util.stream.ReferencePipeline.forEachWithCancel(ReferencePipeline.java:129)
	at java.base/java.util.stream.AbstractPipeline.copyIntoWithCancel(AbstractPipeline.java:527)
	at java.base/java.util.stream.AbstractPipeline.copyInto(AbstractPipeline.java:513)
	at java.base/java.util.stream.AbstractPipeline.wrapAndCopyInto(AbstractPipeline.java:499)
	at java.base/java.util.stream.FindOps$FindOp.evaluateSequential(FindOps.java:150)
	at java.base/java.util.stream.AbstractPipeline.evaluate(AbstractPipeline.java:234)
	at java.base/java.util.stream.ReferencePipeline.findFirst(ReferencePipeline.java:647)
	at org.openqa.selenium.remote.ProtocolHandshake.createSession(ProtocolHandshake.java:128)
	at org.openqa.selenium.remote.ProtocolHandshake.createSession(ProtocolHandshake.java:74)
	at org.openqa.selenium.remote.HttpCommandExecutor.execute(HttpCommandExecutor.java:136)
	at org.openqa.selenium.remote.service.DriverCommandExecutor.execute(DriverCommandExecutor.java:83)
	at org.openqa.selenium.remote.RemoteWebDriver.execute(RemoteWebDriver.java:552)
	at org.openqa.selenium.remote.RemoteWebDriver.startSession(RemoteWebDriver.java:213)
	at org.openqa.selenium.remote.RemoteWebDriver.&lt;init&gt;(RemoteWebDriver.java:131)
	at org.openqa.selenium.edge.EdgeDriver.&lt;init&gt;(EdgeDriver.java:141)
	at org.openqa.selenium.edge.EdgeDriver.&lt;init&gt;(EdgeDriver.java:96)
	at browserSetup.baseBrowser.openEdgeBrowser(baseBrowser.java:16)
	at test.VerifyHeaderOfMainPage.launchBrowser(VerifyHeaderOfMainPage.java:31)
... Removed 25 stack frames</div></td></tr></table><p class="totop"><a href="#summary">back to summary</a></p>
</body>
</html>
