<!DOCTYPE html>

<html>
  <head>
  <meta charset='utf-8'>
  <title>TestNG reports</title>

    <link type="text/css" href="testng-reports1.css" rel="stylesheet" id="ultra" />
    <link type="text/css" href="testng-reports.css" rel="stylesheet" id="retro" disabled="false"/>
    <script type="text/javascript" src="jquery.min.js"></script>
    <script type="text/javascript" src="testng-reports.js"></script>
    <script type="text/javascript" src="https://www.google.com/jsapi"></script>
    <script type='text/javascript'>
      google.load('visualization', '1', {packages:['table']});
      google.setOnLoadCallback(drawTable);
      var suiteTableInitFunctions = new Array();
      var suiteTableData = new Array();
    </script>
    <!--
      <script type="text/javascript" src="jquery-ui/js/jquery-ui-1.8.16.custom.min.js"></script>
     -->
  </head>

  <body>
    <div class="top-banner-root">
      <span class="top-banner-title-font">Test results</span>
      <button id="button" class="button">Switch Retro Theme</button> <!-- button -->
      <br/>
      <span class="top-banner-font-1">1 suite</span>
    </div> <!-- top-banner-root -->
    <div class="navigator-root">
      <div class="navigator-suite-header">
        <span>All suites</span>
        <a href="#" title="Collapse/expand all the suites" class="collapse-all-link">
          <img src="collapseall.gif" class="collapse-all-icon">
          </img> <!-- collapse-all-icon -->
        </a> <!-- collapse-all-link -->
      </div> <!-- navigator-suite-header -->
      <div class="suite">
        <div class="rounded-window">
          <div class="suite-header light-rounded-window-top">
            <a href="#" panel-name="suite-456" class="navigator-link">
              <span class="suite-name border-skipped">456</span>
            </a> <!-- navigator-link -->
          </div> <!-- suite-header light-rounded-window-top -->
          <div class="navigator-suite-content">
            <div class="suite-section-title">
              <span>Info</span>
            </div> <!-- suite-section-title -->
            <div class="suite-section-content">
              <ul>
                <li>
                  <a href="#" panel-name="test-xml-456" class="navigator-link ">
                    <span>C:\Users\Ganesh_Pradeep\eclipse-workspace\amazon123\testng.xml</span>
                  </a> <!-- navigator-link  -->
                </li>
                <li>
                  <a href="#" panel-name="testlist-456" class="navigator-link ">
                    <span class="test-stats">2 tests</span>
                  </a> <!-- navigator-link  -->
                </li>
                <li>
                  <a href="#" panel-name="group-456" class="navigator-link ">
                    <span>0 groups</span>
                  </a> <!-- navigator-link  -->
                </li>
                <li>
                  <a href="#" panel-name="times-456" class="navigator-link ">
                    <span>Times</span>
                  </a> <!-- navigator-link  -->
                </li>
                <li>
                  <a href="#" panel-name="reporter-456" class="navigator-link ">
                    <span>Reporter output</span>
                  </a> <!-- navigator-link  -->
                </li>
                <li>
                  <a href="#" panel-name="ignored-methods-456" class="navigator-link ">
                    <span>Ignored methods</span>
                  </a> <!-- navigator-link  -->
                </li>
                <li>
                  <a href="#" panel-name="chronological-456" class="navigator-link ">
                    <span>Chronological view</span>
                  </a> <!-- navigator-link  -->
                </li>
              </ul>
            </div> <!-- suite-section-content -->
            <div class="result-section">
              <div class="suite-section-title">
                <span>Results</span>
              </div> <!-- suite-section-title -->
              <div class="suite-section-content">
                <ul>
                  <li>
                    <span class="method-stats">12 methods,  12 skipped,  </span>
                  </li>
                  <li>
                    <span class="method-list-title skipped">Skipped methods</span>
                    <span class="show-or-hide-methods skipped">
                      <a href="#" panel-name="suite-456" class="hide-methods skipped suite-456"> (hide)</a> <!-- hide-methods skipped suite-456 -->
                      <a href="#" panel-name="suite-456" class="show-methods skipped suite-456"> (show)</a> <!-- show-methods skipped suite-456 -->
                    </span>
                    <div class="method-list-content skipped suite-456">
                      <span>
                        <img src="skipped.png" width="3%"/>
                        <a href="#" panel-name="suite-456" title="test.verifyBooksAdvanceSearch" class="method navigator-link" hash-for-method="verifyAdvanceSearch">verifyAdvanceSearch</a> <!-- method navigator-link -->
                      </span>
                      <br/>
                      <span>
                        <img src="skipped.png" width="3%"/>
                        <a href="#" panel-name="suite-456" title="test.verifyBooksAdvanceSearch" class="method navigator-link" hash-for-method="verifyAdvanceSearch">verifyAdvanceSearch</a> <!-- method navigator-link -->
                      </span>
                      <br/>
                      <span>
                        <img src="skipped.png" width="3%"/>
                        <a href="#" panel-name="suite-456" title="test.VerifyHeaderOfMainPage" class="method navigator-link" hash-for-method="verifyAllTab">verifyAllTab</a> <!-- method navigator-link -->
                      </span>
                      <br/>
                      <span>
                        <img src="skipped.png" width="3%"/>
                        <a href="#" panel-name="suite-456" title="test.VerifyHeaderOfMainPage" class="method navigator-link" hash-for-method="verifyAllTab">verifyAllTab</a> <!-- method navigator-link -->
                      </span>
                      <br/>
                      <span>
                        <img src="skipped.png" width="3%"/>
                        <a href="#" panel-name="suite-456" title="test.VerifyHeaderOfMainPage" class="method navigator-link" hash-for-method="verifyBestSellerTab">verifyBestSellerTab</a> <!-- method navigator-link -->
                      </span>
                      <br/>
                      <span>
                        <img src="skipped.png" width="3%"/>
                        <a href="#" panel-name="suite-456" title="test.VerifyHeaderOfMainPage" class="method navigator-link" hash-for-method="verifyBestSellerTab">verifyBestSellerTab</a> <!-- method navigator-link -->
                      </span>
                      <br/>
                      <span>
                        <img src="skipped.png" width="3%"/>
                        <a href="#" panel-name="suite-456" title="test.VerifyHeaderOfMainPage" class="method navigator-link" hash-for-method="verifyBookTab">verifyBookTab</a> <!-- method navigator-link -->
                      </span>
                      <br/>
                      <span>
                        <img src="skipped.png" width="3%"/>
                        <a href="#" panel-name="suite-456" title="test.VerifyHeaderOfMainPage" class="method navigator-link" hash-for-method="verifyBookTab">verifyBookTab</a> <!-- method navigator-link -->
                      </span>
                      <br/>
                      <span>
                        <img src="skipped.png" width="3%"/>
                        <a href="#" panel-name="suite-456" title="test.VerifyHeaderOfMainPage" class="method navigator-link" hash-for-method="verifyCustomerServiceTab">verifyCustomerServiceTab</a> <!-- method navigator-link -->
                      </span>
                      <br/>
                      <span>
                        <img src="skipped.png" width="3%"/>
                        <a href="#" panel-name="suite-456" title="test.VerifyHeaderOfMainPage" class="method navigator-link" hash-for-method="verifyCustomerServiceTab">verifyCustomerServiceTab</a> <!-- method navigator-link -->
                      </span>
                      <br/>
                      <span>
                        <img src="skipped.png" width="3%"/>
                        <a href="#" panel-name="suite-456" title="test.Verify_Search_MobilePage" class="method navigator-link" hash-for-method="verifyWithoutExchangeIsSelected">verifyWithoutExchangeIsSelected</a> <!-- method navigator-link -->
                      </span>
                      <br/>
                      <span>
                        <img src="skipped.png" width="3%"/>
                        <a href="#" panel-name="suite-456" title="test.Verify_Search_MobilePage" class="method navigator-link" hash-for-method="verifyWithoutExchangeIsSelected">verifyWithoutExchangeIsSelected</a> <!-- method navigator-link -->
                      </span>
                      <br/>
                    </div> <!-- method-list-content skipped suite-456 -->
                  </li>
                </ul>
              </div> <!-- suite-section-content -->
            </div> <!-- result-section -->
          </div> <!-- navigator-suite-content -->
        </div> <!-- rounded-window -->
      </div> <!-- suite -->
    </div> <!-- navigator-root -->
    <div class="wrapper">
      <div class="main-panel-root">
        <div panel-name="suite-456" class="panel 456">
          <div class="suite-456-class-skipped">
            <div class="main-panel-header rounded-window-top">
              <img src="skipped.png"/>
              <span class="class-name">test.Verify_Search_MobilePage</span>
            </div> <!-- main-panel-header rounded-window-top -->
            <div class="main-panel-content rounded-window-bottom">
              <div class="method">
                <div class="method-content">
                  <a name="verifyWithoutExchangeIsSelected">
                  </a> <!-- verifyWithoutExchangeIsSelected -->
                  <span class="method-name">verifyWithoutExchangeIsSelected</span>
                  <div class="stack-trace">org.openqa.selenium.SessionNotCreatedException: session not created: This version of ChromeDriver only supports Chrome version 103
Current browser version is 117.0.5938.92 with binary path C:\Program Files\Google\Chrome\Application\chrome.exe
Build info: version: &apos;3.141.59&apos;, revision: &apos;e82be7d358&apos;, time: &apos;2018-11-14T08:17:03&apos;
System info: host: &apos;LAPTOP-3JRU7OQF&apos;, ip: &apos;192.168.1.113&apos;, os.name: &apos;Windows 11&apos;, os.arch: &apos;amd64&apos;, os.version: &apos;10.0&apos;, java.version: &apos;18.0.1.1&apos;
Driver info: driver.version: ChromeDriver
remote stacktrace: Backtrace:
	Ordinal0 [0x00645FD3+2187219]
	Ordinal0 [0x005DE6D1+1763025]
	Ordinal0 [0x004F3E78+802424]
	Ordinal0 [0x005151F9+938489]
	Ordinal0 [0x00510DDC+921052]
	Ordinal0 [0x0050E691+910993]
	Ordinal0 [0x005417F0+1120240]
	Ordinal0 [0x0054144A+1119306]
	Ordinal0 [0x0053C9A6+1100198]
	Ordinal0 [0x00516F80+946048]
	Ordinal0 [0x00517E76+949878]
	GetHandleVerifier [0x008E90C2+2721218]
	GetHandleVerifier [0x008DAAF0+2662384]
	GetHandleVerifier [0x006D137A+526458]
	GetHandleVerifier [0x006D0416+522518]
	Ordinal0 [0x005E4EAB+1789611]
	Ordinal0 [0x005E97A8+1808296]
	Ordinal0 [0x005E9895+1808533]
	Ordinal0 [0x005F26C1+1844929]
	BaseThreadInitThunk [0x76C76839+25]
	RtlGetFullPathName_UEx [0x77538F0F+1215]
	RtlGetFullPathName_UEx [0x77538EDD+1165]

	at org.openqa.selenium.remote.W3CHandshakeResponse.lambda$errorHandler$0(W3CHandshakeResponse.java:62)
	at org.openqa.selenium.remote.HandshakeResponse.lambda$getResponseFunction$0(HandshakeResponse.java:30)
	at org.openqa.selenium.remote.ProtocolHandshake.lambda$createSession$0(ProtocolHandshake.java:126)
	at java.base/java.util.stream.ReferencePipeline$3$1.accept(ReferencePipeline.java:197)
	at java.base/java.util.Spliterators$ArraySpliterator.tryAdvance(Spliterators.java:1002)
	at java.base/java.util.stream.ReferencePipeline.forEachWithCancel(ReferencePipeline.java:129)
	at java.base/java.util.stream.AbstractPipeline.copyIntoWithCancel(AbstractPipeline.java:527)
	at java.base/java.util.stream.AbstractPipeline.copyInto(AbstractPipeline.java:513)
	at java.base/java.util.stream.AbstractPipeline.wrapAndCopyInto(AbstractPipeline.java:499)
	at java.base/java.util.stream.FindOps$FindOp.evaluateSequential(FindOps.java:150)
	at java.base/java.util.stream.AbstractPipeline.evaluate(AbstractPipeline.java:234)
	at java.base/java.util.stream.ReferencePipeline.findFirst(ReferencePipeline.java:647)
	at org.openqa.selenium.remote.ProtocolHandshake.createSession(ProtocolHandshake.java:128)
	at org.openqa.selenium.remote.ProtocolHandshake.createSession(ProtocolHandshake.java:74)
	at org.openqa.selenium.remote.HttpCommandExecutor.execute(HttpCommandExecutor.java:136)
	at org.openqa.selenium.remote.service.DriverCommandExecutor.execute(DriverCommandExecutor.java:83)
	at org.openqa.selenium.remote.RemoteWebDriver.execute(RemoteWebDriver.java:552)
	at org.openqa.selenium.remote.RemoteWebDriver.startSession(RemoteWebDriver.java:213)
	at org.openqa.selenium.remote.RemoteWebDriver.&lt;init&gt;(RemoteWebDriver.java:131)
	at org.openqa.selenium.chrome.ChromeDriver.&lt;init&gt;(ChromeDriver.java:181)
	at org.openqa.selenium.chrome.ChromeDriver.&lt;init&gt;(ChromeDriver.java:168)
	at org.openqa.selenium.chrome.ChromeDriver.&lt;init&gt;(ChromeDriver.java:123)
	at browserSetup.baseBrowser.openChromeBrowser(baseBrowser.java:11)
	at test.VerifyHeaderOfMainPage.launchBrowser(VerifyHeaderOfMainPage.java:28)
... Removed 25 stack frames
</div> <!-- stack-trace -->
                </div> <!-- method-content -->
              </div> <!-- method -->
              <div class="method">
                <div class="method-content">
                  <a name="verifyWithoutExchangeIsSelected">
                  </a> <!-- verifyWithoutExchangeIsSelected -->
                  <span class="method-name">verifyWithoutExchangeIsSelected</span>
                  <div class="stack-trace">org.openqa.selenium.SessionNotCreatedException: session not created: This version of Microsoft Edge WebDriver only supports Microsoft Edge version 105
Current browser version is 117.0.2045.43 with binary path C:\Program Files (x86)\Microsoft\Edge\Application\msedge.exe
Build info: version: &apos;3.141.59&apos;, revision: &apos;e82be7d358&apos;, time: &apos;2018-11-14T08:17:03&apos;
System info: host: &apos;LAPTOP-3JRU7OQF&apos;, ip: &apos;192.168.1.113&apos;, os.name: &apos;Windows 11&apos;, os.arch: &apos;amd64&apos;, os.version: &apos;10.0&apos;, java.version: &apos;18.0.1.1&apos;
Driver info: driver.version: EdgeDriver
remote stacktrace: Backtrace:
	Microsoft::Applications::Events::EventProperties::SetProperty [0x00007FF7DD6E1FE2+17554]
	Microsoft::Applications::Events::EventProperty::EventProperty [0x00007FF7DD67E932+1438450]
	Ordinal0 [0x00007FF7DD2A9345+627525]
	Ordinal0 [0x00007FF7DD2D73D4+816084]
	Ordinal0 [0x00007FF7DD2D28B3+796851]
	Ordinal0 [0x00007FF7DD2CD9F0+776688]
	Ordinal0 [0x00007FF7DD30969F+1021599]
	Ordinal0 [0x00007FF7DD303A43+997955]
	Ordinal0 [0x00007FF7DD2D94C0+824512]
	Ordinal0 [0x00007FF7DD2DA9F8+829944]
	Microsoft::Applications::Events::EventProperty::EventProperty [0x00007FF7DD540308+134344]
	Microsoft::Applications::Events::EventProperty::EventProperty [0x00007FF7DD529C35+42485]
	Microsoft::Applications::Events::EventProperty::EventProperty [0x00007FF7DD52CD1C+55004]
	Ordinal0 [0x00007FF7DD394F14+1593108]
	Microsoft::Applications::Events::EventProperty::EventProperty [0x00007FF7DD68407B+1460795]
	Microsoft::Applications::Events::EventProperty::EventProperty [0x00007FF7DD688044+1477124]
	Microsoft::Applications::Events::EventProperty::EventProperty [0x00007FF7DD68819D+1477469]
	Microsoft::Applications::Events::EventProperty::EventProperty [0x00007FF7DD690169+1510185]
	BaseThreadInitThunk [0x00007FFE55BE53E0+16]
	RtlUserThreadStart [0x00007FFE5682485B+43]

	at org.openqa.selenium.remote.W3CHandshakeResponse.lambda$errorHandler$0(W3CHandshakeResponse.java:62)
	at org.openqa.selenium.remote.HandshakeResponse.lambda$getResponseFunction$0(HandshakeResponse.java:30)
	at org.openqa.selenium.remote.ProtocolHandshake.lambda$createSession$0(ProtocolHandshake.java:126)
	at java.base/java.util.stream.ReferencePipeline$3$1.accept(ReferencePipeline.java:197)
	at java.base/java.util.Spliterators$ArraySpliterator.tryAdvance(Spliterators.java:1002)
	at java.base/java.util.stream.ReferencePipeline.forEachWithCancel(ReferencePipeline.java:129)
	at java.base/java.util.stream.AbstractPipeline.copyIntoWithCancel(AbstractPipeline.java:527)
	at java.base/java.util.stream.AbstractPipeline.copyInto(AbstractPipeline.java:513)
	at java.base/java.util.stream.AbstractPipeline.wrapAndCopyInto(AbstractPipeline.java:499)
	at java.base/java.util.stream.FindOps$FindOp.evaluateSequential(FindOps.java:150)
	at java.base/java.util.stream.AbstractPipeline.evaluate(AbstractPipeline.java:234)
	at java.base/java.util.stream.ReferencePipeline.findFirst(ReferencePipeline.java:647)
	at org.openqa.selenium.remote.ProtocolHandshake.createSession(ProtocolHandshake.java:128)
	at org.openqa.selenium.remote.ProtocolHandshake.createSession(ProtocolHandshake.java:74)
	at org.openqa.selenium.remote.HttpCommandExecutor.execute(HttpCommandExecutor.java:136)
	at org.openqa.selenium.remote.service.DriverCommandExecutor.execute(DriverCommandExecutor.java:83)
	at org.openqa.selenium.remote.RemoteWebDriver.execute(RemoteWebDriver.java:552)
	at org.openqa.selenium.remote.RemoteWebDriver.startSession(RemoteWebDriver.java:213)
	at org.openqa.selenium.remote.RemoteWebDriver.&lt;init&gt;(RemoteWebDriver.java:131)
	at org.openqa.selenium.edge.EdgeDriver.&lt;init&gt;(EdgeDriver.java:141)
	at org.openqa.selenium.edge.EdgeDriver.&lt;init&gt;(EdgeDriver.java:96)
	at browserSetup.baseBrowser.openEdgeBrowser(baseBrowser.java:16)
	at test.VerifyHeaderOfMainPage.launchBrowser(VerifyHeaderOfMainPage.java:31)
... Removed 25 stack frames
</div> <!-- stack-trace -->
                </div> <!-- method-content -->
              </div> <!-- method -->
            </div> <!-- main-panel-content rounded-window-bottom -->
          </div> <!-- suite-456-class-skipped -->
          <div class="suite-456-class-skipped">
            <div class="main-panel-header rounded-window-top">
              <img src="skipped.png"/>
              <span class="class-name">test.VerifyHeaderOfMainPage</span>
            </div> <!-- main-panel-header rounded-window-top -->
            <div class="main-panel-content rounded-window-bottom">
              <div class="method">
                <div class="method-content">
                  <a name="verifyAllTab">
                  </a> <!-- verifyAllTab -->
                  <span class="method-name">verifyAllTab</span>
                  <div class="stack-trace">org.openqa.selenium.SessionNotCreatedException: session not created: This version of ChromeDriver only supports Chrome version 103
Current browser version is 117.0.5938.92 with binary path C:\Program Files\Google\Chrome\Application\chrome.exe
Build info: version: &apos;3.141.59&apos;, revision: &apos;e82be7d358&apos;, time: &apos;2018-11-14T08:17:03&apos;
System info: host: &apos;LAPTOP-3JRU7OQF&apos;, ip: &apos;192.168.1.113&apos;, os.name: &apos;Windows 11&apos;, os.arch: &apos;amd64&apos;, os.version: &apos;10.0&apos;, java.version: &apos;18.0.1.1&apos;
Driver info: driver.version: ChromeDriver
remote stacktrace: Backtrace:
	Ordinal0 [0x00645FD3+2187219]
	Ordinal0 [0x005DE6D1+1763025]
	Ordinal0 [0x004F3E78+802424]
	Ordinal0 [0x005151F9+938489]
	Ordinal0 [0x00510DDC+921052]
	Ordinal0 [0x0050E691+910993]
	Ordinal0 [0x005417F0+1120240]
	Ordinal0 [0x0054144A+1119306]
	Ordinal0 [0x0053C9A6+1100198]
	Ordinal0 [0x00516F80+946048]
	Ordinal0 [0x00517E76+949878]
	GetHandleVerifier [0x008E90C2+2721218]
	GetHandleVerifier [0x008DAAF0+2662384]
	GetHandleVerifier [0x006D137A+526458]
	GetHandleVerifier [0x006D0416+522518]
	Ordinal0 [0x005E4EAB+1789611]
	Ordinal0 [0x005E97A8+1808296]
	Ordinal0 [0x005E9895+1808533]
	Ordinal0 [0x005F26C1+1844929]
	BaseThreadInitThunk [0x76C76839+25]
	RtlGetFullPathName_UEx [0x77538F0F+1215]
	RtlGetFullPathName_UEx [0x77538EDD+1165]

	at org.openqa.selenium.remote.W3CHandshakeResponse.lambda$errorHandler$0(W3CHandshakeResponse.java:62)
	at org.openqa.selenium.remote.HandshakeResponse.lambda$getResponseFunction$0(HandshakeResponse.java:30)
	at org.openqa.selenium.remote.ProtocolHandshake.lambda$createSession$0(ProtocolHandshake.java:126)
	at java.base/java.util.stream.ReferencePipeline$3$1.accept(ReferencePipeline.java:197)
	at java.base/java.util.Spliterators$ArraySpliterator.tryAdvance(Spliterators.java:1002)
	at java.base/java.util.stream.ReferencePipeline.forEachWithCancel(ReferencePipeline.java:129)
	at java.base/java.util.stream.AbstractPipeline.copyIntoWithCancel(AbstractPipeline.java:527)
	at java.base/java.util.stream.AbstractPipeline.copyInto(AbstractPipeline.java:513)
	at java.base/java.util.stream.AbstractPipeline.wrapAndCopyInto(AbstractPipeline.java:499)
	at java.base/java.util.stream.FindOps$FindOp.evaluateSequential(FindOps.java:150)
	at java.base/java.util.stream.AbstractPipeline.evaluate(AbstractPipeline.java:234)
	at java.base/java.util.stream.ReferencePipeline.findFirst(ReferencePipeline.java:647)
	at org.openqa.selenium.remote.ProtocolHandshake.createSession(ProtocolHandshake.java:128)
	at org.openqa.selenium.remote.ProtocolHandshake.createSession(ProtocolHandshake.java:74)
	at org.openqa.selenium.remote.HttpCommandExecutor.execute(HttpCommandExecutor.java:136)
	at org.openqa.selenium.remote.service.DriverCommandExecutor.execute(DriverCommandExecutor.java:83)
	at org.openqa.selenium.remote.RemoteWebDriver.execute(RemoteWebDriver.java:552)
	at org.openqa.selenium.remote.RemoteWebDriver.startSession(RemoteWebDriver.java:213)
	at org.openqa.selenium.remote.RemoteWebDriver.&lt;init&gt;(RemoteWebDriver.java:131)
	at org.openqa.selenium.chrome.ChromeDriver.&lt;init&gt;(ChromeDriver.java:181)
	at org.openqa.selenium.chrome.ChromeDriver.&lt;init&gt;(ChromeDriver.java:168)
	at org.openqa.selenium.chrome.ChromeDriver.&lt;init&gt;(ChromeDriver.java:123)
	at browserSetup.baseBrowser.openChromeBrowser(baseBrowser.java:11)
	at test.VerifyHeaderOfMainPage.launchBrowser(VerifyHeaderOfMainPage.java:28)
... Removed 25 stack frames
</div> <!-- stack-trace -->
                </div> <!-- method-content -->
              </div> <!-- method -->
              <div class="method">
                <div class="method-content">
                  <a name="verifyAllTab">
                  </a> <!-- verifyAllTab -->
                  <span class="method-name">verifyAllTab</span>
                  <div class="stack-trace">org.openqa.selenium.SessionNotCreatedException: session not created: This version of Microsoft Edge WebDriver only supports Microsoft Edge version 105
Current browser version is 117.0.2045.43 with binary path C:\Program Files (x86)\Microsoft\Edge\Application\msedge.exe
Build info: version: &apos;3.141.59&apos;, revision: &apos;e82be7d358&apos;, time: &apos;2018-11-14T08:17:03&apos;
System info: host: &apos;LAPTOP-3JRU7OQF&apos;, ip: &apos;192.168.1.113&apos;, os.name: &apos;Windows 11&apos;, os.arch: &apos;amd64&apos;, os.version: &apos;10.0&apos;, java.version: &apos;18.0.1.1&apos;
Driver info: driver.version: EdgeDriver
remote stacktrace: Backtrace:
	Microsoft::Applications::Events::EventProperties::SetProperty [0x00007FF7DD6E1FE2+17554]
	Microsoft::Applications::Events::EventProperty::EventProperty [0x00007FF7DD67E932+1438450]
	Ordinal0 [0x00007FF7DD2A9345+627525]
	Ordinal0 [0x00007FF7DD2D73D4+816084]
	Ordinal0 [0x00007FF7DD2D28B3+796851]
	Ordinal0 [0x00007FF7DD2CD9F0+776688]
	Ordinal0 [0x00007FF7DD30969F+1021599]
	Ordinal0 [0x00007FF7DD303A43+997955]
	Ordinal0 [0x00007FF7DD2D94C0+824512]
	Ordinal0 [0x00007FF7DD2DA9F8+829944]
	Microsoft::Applications::Events::EventProperty::EventProperty [0x00007FF7DD540308+134344]
	Microsoft::Applications::Events::EventProperty::EventProperty [0x00007FF7DD529C35+42485]
	Microsoft::Applications::Events::EventProperty::EventProperty [0x00007FF7DD52CD1C+55004]
	Ordinal0 [0x00007FF7DD394F14+1593108]
	Microsoft::Applications::Events::EventProperty::EventProperty [0x00007FF7DD68407B+1460795]
	Microsoft::Applications::Events::EventProperty::EventProperty [0x00007FF7DD688044+1477124]
	Microsoft::Applications::Events::EventProperty::EventProperty [0x00007FF7DD68819D+1477469]
	Microsoft::Applications::Events::EventProperty::EventProperty [0x00007FF7DD690169+1510185]
	BaseThreadInitThunk [0x00007FFE55BE53E0+16]
	RtlUserThreadStart [0x00007FFE5682485B+43]

	at org.openqa.selenium.remote.W3CHandshakeResponse.lambda$errorHandler$0(W3CHandshakeResponse.java:62)
	at org.openqa.selenium.remote.HandshakeResponse.lambda$getResponseFunction$0(HandshakeResponse.java:30)
	at org.openqa.selenium.remote.ProtocolHandshake.lambda$createSession$0(ProtocolHandshake.java:126)
	at java.base/java.util.stream.ReferencePipeline$3$1.accept(ReferencePipeline.java:197)
	at java.base/java.util.Spliterators$ArraySpliterator.tryAdvance(Spliterators.java:1002)
	at java.base/java.util.stream.ReferencePipeline.forEachWithCancel(ReferencePipeline.java:129)
	at java.base/java.util.stream.AbstractPipeline.copyIntoWithCancel(AbstractPipeline.java:527)
	at java.base/java.util.stream.AbstractPipeline.copyInto(AbstractPipeline.java:513)
	at java.base/java.util.stream.AbstractPipeline.wrapAndCopyInto(AbstractPipeline.java:499)
	at java.base/java.util.stream.FindOps$FindOp.evaluateSequential(FindOps.java:150)
	at java.base/java.util.stream.AbstractPipeline.evaluate(AbstractPipeline.java:234)
	at java.base/java.util.stream.ReferencePipeline.findFirst(ReferencePipeline.java:647)
	at org.openqa.selenium.remote.ProtocolHandshake.createSession(ProtocolHandshake.java:128)
	at org.openqa.selenium.remote.ProtocolHandshake.createSession(ProtocolHandshake.java:74)
	at org.openqa.selenium.remote.HttpCommandExecutor.execute(HttpCommandExecutor.java:136)
	at org.openqa.selenium.remote.service.DriverCommandExecutor.execute(DriverCommandExecutor.java:83)
	at org.openqa.selenium.remote.RemoteWebDriver.execute(RemoteWebDriver.java:552)
	at org.openqa.selenium.remote.RemoteWebDriver.startSession(RemoteWebDriver.java:213)
	at org.openqa.selenium.remote.RemoteWebDriver.&lt;init&gt;(RemoteWebDriver.java:131)
	at org.openqa.selenium.edge.EdgeDriver.&lt;init&gt;(EdgeDriver.java:141)
	at org.openqa.selenium.edge.EdgeDriver.&lt;init&gt;(EdgeDriver.java:96)
	at browserSetup.baseBrowser.openEdgeBrowser(baseBrowser.java:16)
	at test.VerifyHeaderOfMainPage.launchBrowser(VerifyHeaderOfMainPage.java:31)
... Removed 25 stack frames
</div> <!-- stack-trace -->
                </div> <!-- method-content -->
              </div> <!-- method -->
              <div class="method">
                <div class="method-content">
                  <a name="verifyBestSellerTab">
                  </a> <!-- verifyBestSellerTab -->
                  <span class="method-name">verifyBestSellerTab</span>
                  <div class="stack-trace">org.openqa.selenium.SessionNotCreatedException: session not created: This version of ChromeDriver only supports Chrome version 103
Current browser version is 117.0.5938.92 with binary path C:\Program Files\Google\Chrome\Application\chrome.exe
Build info: version: &apos;3.141.59&apos;, revision: &apos;e82be7d358&apos;, time: &apos;2018-11-14T08:17:03&apos;
System info: host: &apos;LAPTOP-3JRU7OQF&apos;, ip: &apos;192.168.1.113&apos;, os.name: &apos;Windows 11&apos;, os.arch: &apos;amd64&apos;, os.version: &apos;10.0&apos;, java.version: &apos;18.0.1.1&apos;
Driver info: driver.version: ChromeDriver
remote stacktrace: Backtrace:
	Ordinal0 [0x00645FD3+2187219]
	Ordinal0 [0x005DE6D1+1763025]
	Ordinal0 [0x004F3E78+802424]
	Ordinal0 [0x005151F9+938489]
	Ordinal0 [0x00510DDC+921052]
	Ordinal0 [0x0050E691+910993]
	Ordinal0 [0x005417F0+1120240]
	Ordinal0 [0x0054144A+1119306]
	Ordinal0 [0x0053C9A6+1100198]
	Ordinal0 [0x00516F80+946048]
	Ordinal0 [0x00517E76+949878]
	GetHandleVerifier [0x008E90C2+2721218]
	GetHandleVerifier [0x008DAAF0+2662384]
	GetHandleVerifier [0x006D137A+526458]
	GetHandleVerifier [0x006D0416+522518]
	Ordinal0 [0x005E4EAB+1789611]
	Ordinal0 [0x005E97A8+1808296]
	Ordinal0 [0x005E9895+1808533]
	Ordinal0 [0x005F26C1+1844929]
	BaseThreadInitThunk [0x76C76839+25]
	RtlGetFullPathName_UEx [0x77538F0F+1215]
	RtlGetFullPathName_UEx [0x77538EDD+1165]

	at org.openqa.selenium.remote.W3CHandshakeResponse.lambda$errorHandler$0(W3CHandshakeResponse.java:62)
	at org.openqa.selenium.remote.HandshakeResponse.lambda$getResponseFunction$0(HandshakeResponse.java:30)
	at org.openqa.selenium.remote.ProtocolHandshake.lambda$createSession$0(ProtocolHandshake.java:126)
	at java.base/java.util.stream.ReferencePipeline$3$1.accept(ReferencePipeline.java:197)
	at java.base/java.util.Spliterators$ArraySpliterator.tryAdvance(Spliterators.java:1002)
	at java.base/java.util.stream.ReferencePipeline.forEachWithCancel(ReferencePipeline.java:129)
	at java.base/java.util.stream.AbstractPipeline.copyIntoWithCancel(AbstractPipeline.java:527)
	at java.base/java.util.stream.AbstractPipeline.copyInto(AbstractPipeline.java:513)
	at java.base/java.util.stream.AbstractPipeline.wrapAndCopyInto(AbstractPipeline.java:499)
	at java.base/java.util.stream.FindOps$FindOp.evaluateSequential(FindOps.java:150)
	at java.base/java.util.stream.AbstractPipeline.evaluate(AbstractPipeline.java:234)
	at java.base/java.util.stream.ReferencePipeline.findFirst(ReferencePipeline.java:647)
	at org.openqa.selenium.remote.ProtocolHandshake.createSession(ProtocolHandshake.java:128)
	at org.openqa.selenium.remote.ProtocolHandshake.createSession(ProtocolHandshake.java:74)
	at org.openqa.selenium.remote.HttpCommandExecutor.execute(HttpCommandExecutor.java:136)
	at org.openqa.selenium.remote.service.DriverCommandExecutor.execute(DriverCommandExecutor.java:83)
	at org.openqa.selenium.remote.RemoteWebDriver.execute(RemoteWebDriver.java:552)
	at org.openqa.selenium.remote.RemoteWebDriver.startSession(RemoteWebDriver.java:213)
	at org.openqa.selenium.remote.RemoteWebDriver.&lt;init&gt;(RemoteWebDriver.java:131)
	at org.openqa.selenium.chrome.ChromeDriver.&lt;init&gt;(ChromeDriver.java:181)
	at org.openqa.selenium.chrome.ChromeDriver.&lt;init&gt;(ChromeDriver.java:168)
	at org.openqa.selenium.chrome.ChromeDriver.&lt;init&gt;(ChromeDriver.java:123)
	at browserSetup.baseBrowser.openChromeBrowser(baseBrowser.java:11)
	at test.VerifyHeaderOfMainPage.launchBrowser(VerifyHeaderOfMainPage.java:28)
... Removed 25 stack frames
</div> <!-- stack-trace -->
                </div> <!-- method-content -->
              </div> <!-- method -->
              <div class="method">
                <div class="method-content">
                  <a name="verifyBestSellerTab">
                  </a> <!-- verifyBestSellerTab -->
                  <span class="method-name">verifyBestSellerTab</span>
                  <div class="stack-trace">org.openqa.selenium.SessionNotCreatedException: session not created: This version of Microsoft Edge WebDriver only supports Microsoft Edge version 105
Current browser version is 117.0.2045.43 with binary path C:\Program Files (x86)\Microsoft\Edge\Application\msedge.exe
Build info: version: &apos;3.141.59&apos;, revision: &apos;e82be7d358&apos;, time: &apos;2018-11-14T08:17:03&apos;
System info: host: &apos;LAPTOP-3JRU7OQF&apos;, ip: &apos;192.168.1.113&apos;, os.name: &apos;Windows 11&apos;, os.arch: &apos;amd64&apos;, os.version: &apos;10.0&apos;, java.version: &apos;18.0.1.1&apos;
Driver info: driver.version: EdgeDriver
remote stacktrace: Backtrace:
	Microsoft::Applications::Events::EventProperties::SetProperty [0x00007FF7DD6E1FE2+17554]
	Microsoft::Applications::Events::EventProperty::EventProperty [0x00007FF7DD67E932+1438450]
	Ordinal0 [0x00007FF7DD2A9345+627525]
	Ordinal0 [0x00007FF7DD2D73D4+816084]
	Ordinal0 [0x00007FF7DD2D28B3+796851]
	Ordinal0 [0x00007FF7DD2CD9F0+776688]
	Ordinal0 [0x00007FF7DD30969F+1021599]
	Ordinal0 [0x00007FF7DD303A43+997955]
	Ordinal0 [0x00007FF7DD2D94C0+824512]
	Ordinal0 [0x00007FF7DD2DA9F8+829944]
	Microsoft::Applications::Events::EventProperty::EventProperty [0x00007FF7DD540308+134344]
	Microsoft::Applications::Events::EventProperty::EventProperty [0x00007FF7DD529C35+42485]
	Microsoft::Applications::Events::EventProperty::EventProperty [0x00007FF7DD52CD1C+55004]
	Ordinal0 [0x00007FF7DD394F14+1593108]
	Microsoft::Applications::Events::EventProperty::EventProperty [0x00007FF7DD68407B+1460795]
	Microsoft::Applications::Events::EventProperty::EventProperty [0x00007FF7DD688044+1477124]
	Microsoft::Applications::Events::EventProperty::EventProperty [0x00007FF7DD68819D+1477469]
	Microsoft::Applications::Events::EventProperty::EventProperty [0x00007FF7DD690169+1510185]
	BaseThreadInitThunk [0x00007FFE55BE53E0+16]
	RtlUserThreadStart [0x00007FFE5682485B+43]

	at org.openqa.selenium.remote.W3CHandshakeResponse.lambda$errorHandler$0(W3CHandshakeResponse.java:62)
	at org.openqa.selenium.remote.HandshakeResponse.lambda$getResponseFunction$0(HandshakeResponse.java:30)
	at org.openqa.selenium.remote.ProtocolHandshake.lambda$createSession$0(ProtocolHandshake.java:126)
	at java.base/java.util.stream.ReferencePipeline$3$1.accept(ReferencePipeline.java:197)
	at java.base/java.util.Spliterators$ArraySpliterator.tryAdvance(Spliterators.java:1002)
	at java.base/java.util.stream.ReferencePipeline.forEachWithCancel(ReferencePipeline.java:129)
	at java.base/java.util.stream.AbstractPipeline.copyIntoWithCancel(AbstractPipeline.java:527)
	at java.base/java.util.stream.AbstractPipeline.copyInto(AbstractPipeline.java:513)
	at java.base/java.util.stream.AbstractPipeline.wrapAndCopyInto(AbstractPipeline.java:499)
	at java.base/java.util.stream.FindOps$FindOp.evaluateSequential(FindOps.java:150)
	at java.base/java.util.stream.AbstractPipeline.evaluate(AbstractPipeline.java:234)
	at java.base/java.util.stream.ReferencePipeline.findFirst(ReferencePipeline.java:647)
	at org.openqa.selenium.remote.ProtocolHandshake.createSession(ProtocolHandshake.java:128)
	at org.openqa.selenium.remote.ProtocolHandshake.createSession(ProtocolHandshake.java:74)
	at org.openqa.selenium.remote.HttpCommandExecutor.execute(HttpCommandExecutor.java:136)
	at org.openqa.selenium.remote.service.DriverCommandExecutor.execute(DriverCommandExecutor.java:83)
	at org.openqa.selenium.remote.RemoteWebDriver.execute(RemoteWebDriver.java:552)
	at org.openqa.selenium.remote.RemoteWebDriver.startSession(RemoteWebDriver.java:213)
	at org.openqa.selenium.remote.RemoteWebDriver.&lt;init&gt;(RemoteWebDriver.java:131)
	at org.openqa.selenium.edge.EdgeDriver.&lt;init&gt;(EdgeDriver.java:141)
	at org.openqa.selenium.edge.EdgeDriver.&lt;init&gt;(EdgeDriver.java:96)
	at browserSetup.baseBrowser.openEdgeBrowser(baseBrowser.java:16)
	at test.VerifyHeaderOfMainPage.launchBrowser(VerifyHeaderOfMainPage.java:31)
... Removed 25 stack frames
</div> <!-- stack-trace -->
                </div> <!-- method-content -->
              </div> <!-- method -->
              <div class="method">
                <div class="method-content">
                  <a name="verifyBookTab">
                  </a> <!-- verifyBookTab -->
                  <span class="method-name">verifyBookTab</span>
                  <div class="stack-trace">org.openqa.selenium.SessionNotCreatedException: session not created: This version of ChromeDriver only supports Chrome version 103
Current browser version is 117.0.5938.92 with binary path C:\Program Files\Google\Chrome\Application\chrome.exe
Build info: version: &apos;3.141.59&apos;, revision: &apos;e82be7d358&apos;, time: &apos;2018-11-14T08:17:03&apos;
System info: host: &apos;LAPTOP-3JRU7OQF&apos;, ip: &apos;192.168.1.113&apos;, os.name: &apos;Windows 11&apos;, os.arch: &apos;amd64&apos;, os.version: &apos;10.0&apos;, java.version: &apos;18.0.1.1&apos;
Driver info: driver.version: ChromeDriver
remote stacktrace: Backtrace:
	Ordinal0 [0x00645FD3+2187219]
	Ordinal0 [0x005DE6D1+1763025]
	Ordinal0 [0x004F3E78+802424]
	Ordinal0 [0x005151F9+938489]
	Ordinal0 [0x00510DDC+921052]
	Ordinal0 [0x0050E691+910993]
	Ordinal0 [0x005417F0+1120240]
	Ordinal0 [0x0054144A+1119306]
	Ordinal0 [0x0053C9A6+1100198]
	Ordinal0 [0x00516F80+946048]
	Ordinal0 [0x00517E76+949878]
	GetHandleVerifier [0x008E90C2+2721218]
	GetHandleVerifier [0x008DAAF0+2662384]
	GetHandleVerifier [0x006D137A+526458]
	GetHandleVerifier [0x006D0416+522518]
	Ordinal0 [0x005E4EAB+1789611]
	Ordinal0 [0x005E97A8+1808296]
	Ordinal0 [0x005E9895+1808533]
	Ordinal0 [0x005F26C1+1844929]
	BaseThreadInitThunk [0x76C76839+25]
	RtlGetFullPathName_UEx [0x77538F0F+1215]
	RtlGetFullPathName_UEx [0x77538EDD+1165]

	at org.openqa.selenium.remote.W3CHandshakeResponse.lambda$errorHandler$0(W3CHandshakeResponse.java:62)
	at org.openqa.selenium.remote.HandshakeResponse.lambda$getResponseFunction$0(HandshakeResponse.java:30)
	at org.openqa.selenium.remote.ProtocolHandshake.lambda$createSession$0(ProtocolHandshake.java:126)
	at java.base/java.util.stream.ReferencePipeline$3$1.accept(ReferencePipeline.java:197)
	at java.base/java.util.Spliterators$ArraySpliterator.tryAdvance(Spliterators.java:1002)
	at java.base/java.util.stream.ReferencePipeline.forEachWithCancel(ReferencePipeline.java:129)
	at java.base/java.util.stream.AbstractPipeline.copyIntoWithCancel(AbstractPipeline.java:527)
	at java.base/java.util.stream.AbstractPipeline.copyInto(AbstractPipeline.java:513)
	at java.base/java.util.stream.AbstractPipeline.wrapAndCopyInto(AbstractPipeline.java:499)
	at java.base/java.util.stream.FindOps$FindOp.evaluateSequential(FindOps.java:150)
	at java.base/java.util.stream.AbstractPipeline.evaluate(AbstractPipeline.java:234)
	at java.base/java.util.stream.ReferencePipeline.findFirst(ReferencePipeline.java:647)
	at org.openqa.selenium.remote.ProtocolHandshake.createSession(ProtocolHandshake.java:128)
	at org.openqa.selenium.remote.ProtocolHandshake.createSession(ProtocolHandshake.java:74)
	at org.openqa.selenium.remote.HttpCommandExecutor.execute(HttpCommandExecutor.java:136)
	at org.openqa.selenium.remote.service.DriverCommandExecutor.execute(DriverCommandExecutor.java:83)
	at org.openqa.selenium.remote.RemoteWebDriver.execute(RemoteWebDriver.java:552)
	at org.openqa.selenium.remote.RemoteWebDriver.startSession(RemoteWebDriver.java:213)
	at org.openqa.selenium.remote.RemoteWebDriver.&lt;init&gt;(RemoteWebDriver.java:131)
	at org.openqa.selenium.chrome.ChromeDriver.&lt;init&gt;(ChromeDriver.java:181)
	at org.openqa.selenium.chrome.ChromeDriver.&lt;init&gt;(ChromeDriver.java:168)
	at org.openqa.selenium.chrome.ChromeDriver.&lt;init&gt;(ChromeDriver.java:123)
	at browserSetup.baseBrowser.openChromeBrowser(baseBrowser.java:11)
	at test.VerifyHeaderOfMainPage.launchBrowser(VerifyHeaderOfMainPage.java:28)
... Removed 25 stack frames
</div> <!-- stack-trace -->
                </div> <!-- method-content -->
              </div> <!-- method -->
              <div class="method">
                <div class="method-content">
                  <a name="verifyBookTab">
                  </a> <!-- verifyBookTab -->
                  <span class="method-name">verifyBookTab</span>
                  <div class="stack-trace">org.openqa.selenium.SessionNotCreatedException: session not created: This version of Microsoft Edge WebDriver only supports Microsoft Edge version 105
Current browser version is 117.0.2045.43 with binary path C:\Program Files (x86)\Microsoft\Edge\Application\msedge.exe
Build info: version: &apos;3.141.59&apos;, revision: &apos;e82be7d358&apos;, time: &apos;2018-11-14T08:17:03&apos;
System info: host: &apos;LAPTOP-3JRU7OQF&apos;, ip: &apos;192.168.1.113&apos;, os.name: &apos;Windows 11&apos;, os.arch: &apos;amd64&apos;, os.version: &apos;10.0&apos;, java.version: &apos;18.0.1.1&apos;
Driver info: driver.version: EdgeDriver
remote stacktrace: Backtrace:
	Microsoft::Applications::Events::EventProperties::SetProperty [0x00007FF7DD6E1FE2+17554]
	Microsoft::Applications::Events::EventProperty::EventProperty [0x00007FF7DD67E932+1438450]
	Ordinal0 [0x00007FF7DD2A9345+627525]
	Ordinal0 [0x00007FF7DD2D73D4+816084]
	Ordinal0 [0x00007FF7DD2D28B3+796851]
	Ordinal0 [0x00007FF7DD2CD9F0+776688]
	Ordinal0 [0x00007FF7DD30969F+1021599]
	Ordinal0 [0x00007FF7DD303A43+997955]
	Ordinal0 [0x00007FF7DD2D94C0+824512]
	Ordinal0 [0x00007FF7DD2DA9F8+829944]
	Microsoft::Applications::Events::EventProperty::EventProperty [0x00007FF7DD540308+134344]
	Microsoft::Applications::Events::EventProperty::EventProperty [0x00007FF7DD529C35+42485]
	Microsoft::Applications::Events::EventProperty::EventProperty [0x00007FF7DD52CD1C+55004]
	Ordinal0 [0x00007FF7DD394F14+1593108]
	Microsoft::Applications::Events::EventProperty::EventProperty [0x00007FF7DD68407B+1460795]
	Microsoft::Applications::Events::EventProperty::EventProperty [0x00007FF7DD688044+1477124]
	Microsoft::Applications::Events::EventProperty::EventProperty [0x00007FF7DD68819D+1477469]
	Microsoft::Applications::Events::EventProperty::EventProperty [0x00007FF7DD690169+1510185]
	BaseThreadInitThunk [0x00007FFE55BE53E0+16]
	RtlUserThreadStart [0x00007FFE5682485B+43]

	at org.openqa.selenium.remote.W3CHandshakeResponse.lambda$errorHandler$0(W3CHandshakeResponse.java:62)
	at org.openqa.selenium.remote.HandshakeResponse.lambda$getResponseFunction$0(HandshakeResponse.java:30)
	at org.openqa.selenium.remote.ProtocolHandshake.lambda$createSession$0(ProtocolHandshake.java:126)
	at java.base/java.util.stream.ReferencePipeline$3$1.accept(ReferencePipeline.java:197)
	at java.base/java.util.Spliterators$ArraySpliterator.tryAdvance(Spliterators.java:1002)
	at java.base/java.util.stream.ReferencePipeline.forEachWithCancel(ReferencePipeline.java:129)
	at java.base/java.util.stream.AbstractPipeline.copyIntoWithCancel(AbstractPipeline.java:527)
	at java.base/java.util.stream.AbstractPipeline.copyInto(AbstractPipeline.java:513)
	at java.base/java.util.stream.AbstractPipeline.wrapAndCopyInto(AbstractPipeline.java:499)
	at java.base/java.util.stream.FindOps$FindOp.evaluateSequential(FindOps.java:150)
	at java.base/java.util.stream.AbstractPipeline.evaluate(AbstractPipeline.java:234)
	at java.base/java.util.stream.ReferencePipeline.findFirst(ReferencePipeline.java:647)
	at org.openqa.selenium.remote.ProtocolHandshake.createSession(ProtocolHandshake.java:128)
	at org.openqa.selenium.remote.ProtocolHandshake.createSession(ProtocolHandshake.java:74)
	at org.openqa.selenium.remote.HttpCommandExecutor.execute(HttpCommandExecutor.java:136)
	at org.openqa.selenium.remote.service.DriverCommandExecutor.execute(DriverCommandExecutor.java:83)
	at org.openqa.selenium.remote.RemoteWebDriver.execute(RemoteWebDriver.java:552)
	at org.openqa.selenium.remote.RemoteWebDriver.startSession(RemoteWebDriver.java:213)
	at org.openqa.selenium.remote.RemoteWebDriver.&lt;init&gt;(RemoteWebDriver.java:131)
	at org.openqa.selenium.edge.EdgeDriver.&lt;init&gt;(EdgeDriver.java:141)
	at org.openqa.selenium.edge.EdgeDriver.&lt;init&gt;(EdgeDriver.java:96)
	at browserSetup.baseBrowser.openEdgeBrowser(baseBrowser.java:16)
	at test.VerifyHeaderOfMainPage.launchBrowser(VerifyHeaderOfMainPage.java:31)
... Removed 25 stack frames
</div> <!-- stack-trace -->
                </div> <!-- method-content -->
              </div> <!-- method -->
              <div class="method">
                <div class="method-content">
                  <a name="verifyCustomerServiceTab">
                  </a> <!-- verifyCustomerServiceTab -->
                  <span class="method-name">verifyCustomerServiceTab</span>
                  <div class="stack-trace">org.openqa.selenium.SessionNotCreatedException: session not created: This version of ChromeDriver only supports Chrome version 103
Current browser version is 117.0.5938.92 with binary path C:\Program Files\Google\Chrome\Application\chrome.exe
Build info: version: &apos;3.141.59&apos;, revision: &apos;e82be7d358&apos;, time: &apos;2018-11-14T08:17:03&apos;
System info: host: &apos;LAPTOP-3JRU7OQF&apos;, ip: &apos;192.168.1.113&apos;, os.name: &apos;Windows 11&apos;, os.arch: &apos;amd64&apos;, os.version: &apos;10.0&apos;, java.version: &apos;18.0.1.1&apos;
Driver info: driver.version: ChromeDriver
remote stacktrace: Backtrace:
	Ordinal0 [0x00645FD3+2187219]
	Ordinal0 [0x005DE6D1+1763025]
	Ordinal0 [0x004F3E78+802424]
	Ordinal0 [0x005151F9+938489]
	Ordinal0 [0x00510DDC+921052]
	Ordinal0 [0x0050E691+910993]
	Ordinal0 [0x005417F0+1120240]
	Ordinal0 [0x0054144A+1119306]
	Ordinal0 [0x0053C9A6+1100198]
	Ordinal0 [0x00516F80+946048]
	Ordinal0 [0x00517E76+949878]
	GetHandleVerifier [0x008E90C2+2721218]
	GetHandleVerifier [0x008DAAF0+2662384]
	GetHandleVerifier [0x006D137A+526458]
	GetHandleVerifier [0x006D0416+522518]
	Ordinal0 [0x005E4EAB+1789611]
	Ordinal0 [0x005E97A8+1808296]
	Ordinal0 [0x005E9895+1808533]
	Ordinal0 [0x005F26C1+1844929]
	BaseThreadInitThunk [0x76C76839+25]
	RtlGetFullPathName_UEx [0x77538F0F+1215]
	RtlGetFullPathName_UEx [0x77538EDD+1165]

	at org.openqa.selenium.remote.W3CHandshakeResponse.lambda$errorHandler$0(W3CHandshakeResponse.java:62)
	at org.openqa.selenium.remote.HandshakeResponse.lambda$getResponseFunction$0(HandshakeResponse.java:30)
	at org.openqa.selenium.remote.ProtocolHandshake.lambda$createSession$0(ProtocolHandshake.java:126)
	at java.base/java.util.stream.ReferencePipeline$3$1.accept(ReferencePipeline.java:197)
	at java.base/java.util.Spliterators$ArraySpliterator.tryAdvance(Spliterators.java:1002)
	at java.base/java.util.stream.ReferencePipeline.forEachWithCancel(ReferencePipeline.java:129)
	at java.base/java.util.stream.AbstractPipeline.copyIntoWithCancel(AbstractPipeline.java:527)
	at java.base/java.util.stream.AbstractPipeline.copyInto(AbstractPipeline.java:513)
	at java.base/java.util.stream.AbstractPipeline.wrapAndCopyInto(AbstractPipeline.java:499)
	at java.base/java.util.stream.FindOps$FindOp.evaluateSequential(FindOps.java:150)
	at java.base/java.util.stream.AbstractPipeline.evaluate(AbstractPipeline.java:234)
	at java.base/java.util.stream.ReferencePipeline.findFirst(ReferencePipeline.java:647)
	at org.openqa.selenium.remote.ProtocolHandshake.createSession(ProtocolHandshake.java:128)
	at org.openqa.selenium.remote.ProtocolHandshake.createSession(ProtocolHandshake.java:74)
	at org.openqa.selenium.remote.HttpCommandExecutor.execute(HttpCommandExecutor.java:136)
	at org.openqa.selenium.remote.service.DriverCommandExecutor.execute(DriverCommandExecutor.java:83)
	at org.openqa.selenium.remote.RemoteWebDriver.execute(RemoteWebDriver.java:552)
	at org.openqa.selenium.remote.RemoteWebDriver.startSession(RemoteWebDriver.java:213)
	at org.openqa.selenium.remote.RemoteWebDriver.&lt;init&gt;(RemoteWebDriver.java:131)
	at org.openqa.selenium.chrome.ChromeDriver.&lt;init&gt;(ChromeDriver.java:181)
	at org.openqa.selenium.chrome.ChromeDriver.&lt;init&gt;(ChromeDriver.java:168)
	at org.openqa.selenium.chrome.ChromeDriver.&lt;init&gt;(ChromeDriver.java:123)
	at browserSetup.baseBrowser.openChromeBrowser(baseBrowser.java:11)
	at test.VerifyHeaderOfMainPage.launchBrowser(VerifyHeaderOfMainPage.java:28)
... Removed 25 stack frames
</div> <!-- stack-trace -->
                </div> <!-- method-content -->
              </div> <!-- method -->
              <div class="method">
                <div class="method-content">
                  <a name="verifyCustomerServiceTab">
                  </a> <!-- verifyCustomerServiceTab -->
                  <span class="method-name">verifyCustomerServiceTab</span>
                  <div class="stack-trace">org.openqa.selenium.SessionNotCreatedException: session not created: This version of Microsoft Edge WebDriver only supports Microsoft Edge version 105
Current browser version is 117.0.2045.43 with binary path C:\Program Files (x86)\Microsoft\Edge\Application\msedge.exe
Build info: version: &apos;3.141.59&apos;, revision: &apos;e82be7d358&apos;, time: &apos;2018-11-14T08:17:03&apos;
System info: host: &apos;LAPTOP-3JRU7OQF&apos;, ip: &apos;192.168.1.113&apos;, os.name: &apos;Windows 11&apos;, os.arch: &apos;amd64&apos;, os.version: &apos;10.0&apos;, java.version: &apos;18.0.1.1&apos;
Driver info: driver.version: EdgeDriver
remote stacktrace: Backtrace:
	Microsoft::Applications::Events::EventProperties::SetProperty [0x00007FF7DD6E1FE2+17554]
	Microsoft::Applications::Events::EventProperty::EventProperty [0x00007FF7DD67E932+1438450]
	Ordinal0 [0x00007FF7DD2A9345+627525]
	Ordinal0 [0x00007FF7DD2D73D4+816084]
	Ordinal0 [0x00007FF7DD2D28B3+796851]
	Ordinal0 [0x00007FF7DD2CD9F0+776688]
	Ordinal0 [0x00007FF7DD30969F+1021599]
	Ordinal0 [0x00007FF7DD303A43+997955]
	Ordinal0 [0x00007FF7DD2D94C0+824512]
	Ordinal0 [0x00007FF7DD2DA9F8+829944]
	Microsoft::Applications::Events::EventProperty::EventProperty [0x00007FF7DD540308+134344]
	Microsoft::Applications::Events::EventProperty::EventProperty [0x00007FF7DD529C35+42485]
	Microsoft::Applications::Events::EventProperty::EventProperty [0x00007FF7DD52CD1C+55004]
	Ordinal0 [0x00007FF7DD394F14+1593108]
	Microsoft::Applications::Events::EventProperty::EventProperty [0x00007FF7DD68407B+1460795]
	Microsoft::Applications::Events::EventProperty::EventProperty [0x00007FF7DD688044+1477124]
	Microsoft::Applications::Events::EventProperty::EventProperty [0x00007FF7DD68819D+1477469]
	Microsoft::Applications::Events::EventProperty::EventProperty [0x00007FF7DD690169+1510185]
	BaseThreadInitThunk [0x00007FFE55BE53E0+16]
	RtlUserThreadStart [0x00007FFE5682485B+43]

	at org.openqa.selenium.remote.W3CHandshakeResponse.lambda$errorHandler$0(W3CHandshakeResponse.java:62)
	at org.openqa.selenium.remote.HandshakeResponse.lambda$getResponseFunction$0(HandshakeResponse.java:30)
	at org.openqa.selenium.remote.ProtocolHandshake.lambda$createSession$0(ProtocolHandshake.java:126)
	at java.base/java.util.stream.ReferencePipeline$3$1.accept(ReferencePipeline.java:197)
	at java.base/java.util.Spliterators$ArraySpliterator.tryAdvance(Spliterators.java:1002)
	at java.base/java.util.stream.ReferencePipeline.forEachWithCancel(ReferencePipeline.java:129)
	at java.base/java.util.stream.AbstractPipeline.copyIntoWithCancel(AbstractPipeline.java:527)
	at java.base/java.util.stream.AbstractPipeline.copyInto(AbstractPipeline.java:513)
	at java.base/java.util.stream.AbstractPipeline.wrapAndCopyInto(AbstractPipeline.java:499)
	at java.base/java.util.stream.FindOps$FindOp.evaluateSequential(FindOps.java:150)
	at java.base/java.util.stream.AbstractPipeline.evaluate(AbstractPipeline.java:234)
	at java.base/java.util.stream.ReferencePipeline.findFirst(ReferencePipeline.java:647)
	at org.openqa.selenium.remote.ProtocolHandshake.createSession(ProtocolHandshake.java:128)
	at org.openqa.selenium.remote.ProtocolHandshake.createSession(ProtocolHandshake.java:74)
	at org.openqa.selenium.remote.HttpCommandExecutor.execute(HttpCommandExecutor.java:136)
	at org.openqa.selenium.remote.service.DriverCommandExecutor.execute(DriverCommandExecutor.java:83)
	at org.openqa.selenium.remote.RemoteWebDriver.execute(RemoteWebDriver.java:552)
	at org.openqa.selenium.remote.RemoteWebDriver.startSession(RemoteWebDriver.java:213)
	at org.openqa.selenium.remote.RemoteWebDriver.&lt;init&gt;(RemoteWebDriver.java:131)
	at org.openqa.selenium.edge.EdgeDriver.&lt;init&gt;(EdgeDriver.java:141)
	at org.openqa.selenium.edge.EdgeDriver.&lt;init&gt;(EdgeDriver.java:96)
	at browserSetup.baseBrowser.openEdgeBrowser(baseBrowser.java:16)
	at test.VerifyHeaderOfMainPage.launchBrowser(VerifyHeaderOfMainPage.java:31)
... Removed 25 stack frames
</div> <!-- stack-trace -->
                </div> <!-- method-content -->
              </div> <!-- method -->
            </div> <!-- main-panel-content rounded-window-bottom -->
          </div> <!-- suite-456-class-skipped -->
          <div class="suite-456-class-skipped">
            <div class="main-panel-header rounded-window-top">
              <img src="skipped.png"/>
              <span class="class-name">test.verifyBooksAdvanceSearch</span>
            </div> <!-- main-panel-header rounded-window-top -->
            <div class="main-panel-content rounded-window-bottom">
              <div class="method">
                <div class="method-content">
                  <a name="verifyAdvanceSearch">
                  </a> <!-- verifyAdvanceSearch -->
                  <span class="method-name">verifyAdvanceSearch</span>
                  <div class="stack-trace">org.openqa.selenium.SessionNotCreatedException: session not created: This version of ChromeDriver only supports Chrome version 103
Current browser version is 117.0.5938.92 with binary path C:\Program Files\Google\Chrome\Application\chrome.exe
Build info: version: &apos;3.141.59&apos;, revision: &apos;e82be7d358&apos;, time: &apos;2018-11-14T08:17:03&apos;
System info: host: &apos;LAPTOP-3JRU7OQF&apos;, ip: &apos;192.168.1.113&apos;, os.name: &apos;Windows 11&apos;, os.arch: &apos;amd64&apos;, os.version: &apos;10.0&apos;, java.version: &apos;18.0.1.1&apos;
Driver info: driver.version: ChromeDriver
remote stacktrace: Backtrace:
	Ordinal0 [0x00645FD3+2187219]
	Ordinal0 [0x005DE6D1+1763025]
	Ordinal0 [0x004F3E78+802424]
	Ordinal0 [0x005151F9+938489]
	Ordinal0 [0x00510DDC+921052]
	Ordinal0 [0x0050E691+910993]
	Ordinal0 [0x005417F0+1120240]
	Ordinal0 [0x0054144A+1119306]
	Ordinal0 [0x0053C9A6+1100198]
	Ordinal0 [0x00516F80+946048]
	Ordinal0 [0x00517E76+949878]
	GetHandleVerifier [0x008E90C2+2721218]
	GetHandleVerifier [0x008DAAF0+2662384]
	GetHandleVerifier [0x006D137A+526458]
	GetHandleVerifier [0x006D0416+522518]
	Ordinal0 [0x005E4EAB+1789611]
	Ordinal0 [0x005E97A8+1808296]
	Ordinal0 [0x005E9895+1808533]
	Ordinal0 [0x005F26C1+1844929]
	BaseThreadInitThunk [0x76C76839+25]
	RtlGetFullPathName_UEx [0x77538F0F+1215]
	RtlGetFullPathName_UEx [0x77538EDD+1165]

	at org.openqa.selenium.remote.W3CHandshakeResponse.lambda$errorHandler$0(W3CHandshakeResponse.java:62)
	at org.openqa.selenium.remote.HandshakeResponse.lambda$getResponseFunction$0(HandshakeResponse.java:30)
	at org.openqa.selenium.remote.ProtocolHandshake.lambda$createSession$0(ProtocolHandshake.java:126)
	at java.base/java.util.stream.ReferencePipeline$3$1.accept(ReferencePipeline.java:197)
	at java.base/java.util.Spliterators$ArraySpliterator.tryAdvance(Spliterators.java:1002)
	at java.base/java.util.stream.ReferencePipeline.forEachWithCancel(ReferencePipeline.java:129)
	at java.base/java.util.stream.AbstractPipeline.copyIntoWithCancel(AbstractPipeline.java:527)
	at java.base/java.util.stream.AbstractPipeline.copyInto(AbstractPipeline.java:513)
	at java.base/java.util.stream.AbstractPipeline.wrapAndCopyInto(AbstractPipeline.java:499)
	at java.base/java.util.stream.FindOps$FindOp.evaluateSequential(FindOps.java:150)
	at java.base/java.util.stream.AbstractPipeline.evaluate(AbstractPipeline.java:234)
	at java.base/java.util.stream.ReferencePipeline.findFirst(ReferencePipeline.java:647)
	at org.openqa.selenium.remote.ProtocolHandshake.createSession(ProtocolHandshake.java:128)
	at org.openqa.selenium.remote.ProtocolHandshake.createSession(ProtocolHandshake.java:74)
	at org.openqa.selenium.remote.HttpCommandExecutor.execute(HttpCommandExecutor.java:136)
	at org.openqa.selenium.remote.service.DriverCommandExecutor.execute(DriverCommandExecutor.java:83)
	at org.openqa.selenium.remote.RemoteWebDriver.execute(RemoteWebDriver.java:552)
	at org.openqa.selenium.remote.RemoteWebDriver.startSession(RemoteWebDriver.java:213)
	at org.openqa.selenium.remote.RemoteWebDriver.&lt;init&gt;(RemoteWebDriver.java:131)
	at org.openqa.selenium.chrome.ChromeDriver.&lt;init&gt;(ChromeDriver.java:181)
	at org.openqa.selenium.chrome.ChromeDriver.&lt;init&gt;(ChromeDriver.java:168)
	at org.openqa.selenium.chrome.ChromeDriver.&lt;init&gt;(ChromeDriver.java:123)
	at browserSetup.baseBrowser.openChromeBrowser(baseBrowser.java:11)
	at test.VerifyHeaderOfMainPage.launchBrowser(VerifyHeaderOfMainPage.java:28)
... Removed 25 stack frames
</div> <!-- stack-trace -->
                </div> <!-- method-content -->
              </div> <!-- method -->
              <div class="method">
                <div class="method-content">
                  <a name="verifyAdvanceSearch">
                  </a> <!-- verifyAdvanceSearch -->
                  <span class="method-name">verifyAdvanceSearch</span>
                  <div class="stack-trace">org.openqa.selenium.SessionNotCreatedException: session not created: This version of Microsoft Edge WebDriver only supports Microsoft Edge version 105
Current browser version is 117.0.2045.43 with binary path C:\Program Files (x86)\Microsoft\Edge\Application\msedge.exe
Build info: version: &apos;3.141.59&apos;, revision: &apos;e82be7d358&apos;, time: &apos;2018-11-14T08:17:03&apos;
System info: host: &apos;LAPTOP-3JRU7OQF&apos;, ip: &apos;192.168.1.113&apos;, os.name: &apos;Windows 11&apos;, os.arch: &apos;amd64&apos;, os.version: &apos;10.0&apos;, java.version: &apos;18.0.1.1&apos;
Driver info: driver.version: EdgeDriver
remote stacktrace: Backtrace:
	Microsoft::Applications::Events::EventProperties::SetProperty [0x00007FF7DD6E1FE2+17554]
	Microsoft::Applications::Events::EventProperty::EventProperty [0x00007FF7DD67E932+1438450]
	Ordinal0 [0x00007FF7DD2A9345+627525]
	Ordinal0 [0x00007FF7DD2D73D4+816084]
	Ordinal0 [0x00007FF7DD2D28B3+796851]
	Ordinal0 [0x00007FF7DD2CD9F0+776688]
	Ordinal0 [0x00007FF7DD30969F+1021599]
	Ordinal0 [0x00007FF7DD303A43+997955]
	Ordinal0 [0x00007FF7DD2D94C0+824512]
	Ordinal0 [0x00007FF7DD2DA9F8+829944]
	Microsoft::Applications::Events::EventProperty::EventProperty [0x00007FF7DD540308+134344]
	Microsoft::Applications::Events::EventProperty::EventProperty [0x00007FF7DD529C35+42485]
	Microsoft::Applications::Events::EventProperty::EventProperty [0x00007FF7DD52CD1C+55004]
	Ordinal0 [0x00007FF7DD394F14+1593108]
	Microsoft::Applications::Events::EventProperty::EventProperty [0x00007FF7DD68407B+1460795]
	Microsoft::Applications::Events::EventProperty::EventProperty [0x00007FF7DD688044+1477124]
	Microsoft::Applications::Events::EventProperty::EventProperty [0x00007FF7DD68819D+1477469]
	Microsoft::Applications::Events::EventProperty::EventProperty [0x00007FF7DD690169+1510185]
	BaseThreadInitThunk [0x00007FFE55BE53E0+16]
	RtlUserThreadStart [0x00007FFE5682485B+43]

	at org.openqa.selenium.remote.W3CHandshakeResponse.lambda$errorHandler$0(W3CHandshakeResponse.java:62)
	at org.openqa.selenium.remote.HandshakeResponse.lambda$getResponseFunction$0(HandshakeResponse.java:30)
	at org.openqa.selenium.remote.ProtocolHandshake.lambda$createSession$0(ProtocolHandshake.java:126)
	at java.base/java.util.stream.ReferencePipeline$3$1.accept(ReferencePipeline.java:197)
	at java.base/java.util.Spliterators$ArraySpliterator.tryAdvance(Spliterators.java:1002)
	at java.base/java.util.stream.ReferencePipeline.forEachWithCancel(ReferencePipeline.java:129)
	at java.base/java.util.stream.AbstractPipeline.copyIntoWithCancel(AbstractPipeline.java:527)
	at java.base/java.util.stream.AbstractPipeline.copyInto(AbstractPipeline.java:513)
	at java.base/java.util.stream.AbstractPipeline.wrapAndCopyInto(AbstractPipeline.java:499)
	at java.base/java.util.stream.FindOps$FindOp.evaluateSequential(FindOps.java:150)
	at java.base/java.util.stream.AbstractPipeline.evaluate(AbstractPipeline.java:234)
	at java.base/java.util.stream.ReferencePipeline.findFirst(ReferencePipeline.java:647)
	at org.openqa.selenium.remote.ProtocolHandshake.createSession(ProtocolHandshake.java:128)
	at org.openqa.selenium.remote.ProtocolHandshake.createSession(ProtocolHandshake.java:74)
	at org.openqa.selenium.remote.HttpCommandExecutor.execute(HttpCommandExecutor.java:136)
	at org.openqa.selenium.remote.service.DriverCommandExecutor.execute(DriverCommandExecutor.java:83)
	at org.openqa.selenium.remote.RemoteWebDriver.execute(RemoteWebDriver.java:552)
	at org.openqa.selenium.remote.RemoteWebDriver.startSession(RemoteWebDriver.java:213)
	at org.openqa.selenium.remote.RemoteWebDriver.&lt;init&gt;(RemoteWebDriver.java:131)
	at org.openqa.selenium.edge.EdgeDriver.&lt;init&gt;(EdgeDriver.java:141)
	at org.openqa.selenium.edge.EdgeDriver.&lt;init&gt;(EdgeDriver.java:96)
	at browserSetup.baseBrowser.openEdgeBrowser(baseBrowser.java:16)
	at test.VerifyHeaderOfMainPage.launchBrowser(VerifyHeaderOfMainPage.java:31)
... Removed 25 stack frames
</div> <!-- stack-trace -->
                </div> <!-- method-content -->
              </div> <!-- method -->
            </div> <!-- main-panel-content rounded-window-bottom -->
          </div> <!-- suite-456-class-skipped -->
        </div> <!-- panel 456 -->
        <div panel-name="test-xml-456" class="panel">
          <div class="main-panel-header rounded-window-top">
            <span class="header-content">C:\Users\Ganesh_Pradeep\eclipse-workspace\amazon123\testng.xml</span>
          </div> <!-- main-panel-header rounded-window-top -->
          <div class="main-panel-content rounded-window-bottom">
            <pre>
&lt;?xml version=&quot;1.0&quot; encoding=&quot;UTF-8&quot;?&gt;
&lt;!DOCTYPE suite SYSTEM &quot;https://testng.org/testng-1.0.dtd&quot;&gt;
&lt;suite thread-count=&quot;1&quot; parallel=&quot;classes&quot; name=&quot;456&quot; guice-stage=&quot;DEVELOPMENT&quot;&gt;
  &lt;test thread-count=&quot;5&quot; parallel=&quot;classes&quot; name=&quot;Chrome&quot;&gt;
    &lt;parameter name=&quot;browser&quot; value=&quot;Chrome&quot;/&gt;
    &lt;classes&gt;
      &lt;class name=&quot;test.VerifyHeaderOfMainPage&quot;/&gt;
      &lt;class name=&quot;test.Verify_Search_MobilePage&quot;/&gt;
      &lt;class name=&quot;test.verifyBooksAdvanceSearch&quot;/&gt;
    &lt;/classes&gt;
  &lt;/test&gt; &lt;!-- Chrome --&gt;
  &lt;test thread-count=&quot;1&quot; parallel=&quot;classes&quot; name=&quot;Edge&quot;&gt;
    &lt;parameter name=&quot;browser&quot; value=&quot;Edge&quot;/&gt;
    &lt;classes&gt;
      &lt;class name=&quot;test.VerifyHeaderOfMainPage&quot;/&gt;
      &lt;class name=&quot;test.Verify_Search_MobilePage&quot;/&gt;
      &lt;class name=&quot;test.verifyBooksAdvanceSearch&quot;/&gt;
    &lt;/classes&gt;
  &lt;/test&gt; &lt;!-- Edge --&gt;
&lt;/suite&gt; &lt;!-- 456 --&gt;
            </pre>
          </div> <!-- main-panel-content rounded-window-bottom -->
        </div> <!-- panel -->
        <div panel-name="testlist-456" class="panel">
          <div class="main-panel-header rounded-window-top">
            <span class="header-content">Tests for 456</span>
          </div> <!-- main-panel-header rounded-window-top -->
          <div class="main-panel-content rounded-window-bottom">
            <ul>
              <li>
                <span class="test-name">Chrome (3 classes)</span>
              </li>
              <li>
                <span class="test-name">Edge (3 classes)</span>
              </li>
            </ul>
          </div> <!-- main-panel-content rounded-window-bottom -->
        </div> <!-- panel -->
        <div panel-name="group-456" class="panel">
          <div class="main-panel-header rounded-window-top">
            <span class="header-content">Groups for 456</span>
          </div> <!-- main-panel-header rounded-window-top -->
          <div class="main-panel-content rounded-window-bottom">
          </div> <!-- main-panel-content rounded-window-bottom -->
        </div> <!-- panel -->
        <div panel-name="times-456" class="panel">
          <div class="main-panel-header rounded-window-top">
            <span class="header-content">Times for 456</span>
          </div> <!-- main-panel-header rounded-window-top -->
          <div class="main-panel-content rounded-window-bottom">
            <div class="times-div">
              <script type="text/javascript">
suiteTableInitFunctions.push('tableData_456');
function tableData_456() {
var data = new google.visualization.DataTable();
data.addColumn('number', 'Number');
data.addColumn('string', 'Method');
data.addColumn('string', 'Class');
data.addColumn('number', 'Time (ms)');
data.addRows(12);
data.setCell(0, 0, 0)
data.setCell(0, 1, 'verifyBestSellerTab')
data.setCell(0, 2, 'test.VerifyHeaderOfMainPage')
data.setCell(0, 3, 0);
data.setCell(1, 0, 1)
data.setCell(1, 1, 'verifyAdvanceSearch')
data.setCell(1, 2, 'test.verifyBooksAdvanceSearch')
data.setCell(1, 3, 0);
data.setCell(2, 0, 2)
data.setCell(2, 1, 'verifyBookTab')
data.setCell(2, 2, 'test.VerifyHeaderOfMainPage')
data.setCell(2, 3, 0);
data.setCell(3, 0, 3)
data.setCell(3, 1, 'verifyAllTab')
data.setCell(3, 2, 'test.VerifyHeaderOfMainPage')
data.setCell(3, 3, 0);
data.setCell(4, 0, 4)
data.setCell(4, 1, 'verifyCustomerServiceTab')
data.setCell(4, 2, 'test.VerifyHeaderOfMainPage')
data.setCell(4, 3, 0);
data.setCell(5, 0, 5)
data.setCell(5, 1, 'verifyWithoutExchangeIsSelected')
data.setCell(5, 2, 'test.Verify_Search_MobilePage')
data.setCell(5, 3, 0);
data.setCell(6, 0, 6)
data.setCell(6, 1, 'verifyAllTab')
data.setCell(6, 2, 'test.VerifyHeaderOfMainPage')
data.setCell(6, 3, 0);
data.setCell(7, 0, 7)
data.setCell(7, 1, 'verifyWithoutExchangeIsSelected')
data.setCell(7, 2, 'test.Verify_Search_MobilePage')
data.setCell(7, 3, 0);
data.setCell(8, 0, 8)
data.setCell(8, 1, 'verifyBestSellerTab')
data.setCell(8, 2, 'test.VerifyHeaderOfMainPage')
data.setCell(8, 3, 0);
data.setCell(9, 0, 9)
data.setCell(9, 1, 'verifyCustomerServiceTab')
data.setCell(9, 2, 'test.VerifyHeaderOfMainPage')
data.setCell(9, 3, 0);
data.setCell(10, 0, 10)
data.setCell(10, 1, 'verifyAdvanceSearch')
data.setCell(10, 2, 'test.verifyBooksAdvanceSearch')
data.setCell(10, 3, 0);
data.setCell(11, 0, 11)
data.setCell(11, 1, 'verifyBookTab')
data.setCell(11, 2, 'test.VerifyHeaderOfMainPage')
data.setCell(11, 3, 0);
window.suiteTableData['456']= { tableData: data, tableDiv: 'times-div-456'}
return data;
}
              </script>
              <span class="suite-total-time">Total running time: 0 ms</span>
              <div id="times-div-456">
              </div> <!-- times-div-456 -->
            </div> <!-- times-div -->
          </div> <!-- main-panel-content rounded-window-bottom -->
        </div> <!-- panel -->
        <div panel-name="reporter-456" class="panel">
          <div class="main-panel-header rounded-window-top">
            <span class="header-content">Reporter output for 456</span>
          </div> <!-- main-panel-header rounded-window-top -->
          <div class="main-panel-content rounded-window-bottom">
          </div> <!-- main-panel-content rounded-window-bottom -->
        </div> <!-- panel -->
        <div panel-name="ignored-methods-456" class="panel">
          <div class="main-panel-header rounded-window-top">
            <span class="header-content">0 ignored methods</span>
          </div> <!-- main-panel-header rounded-window-top -->
          <div class="main-panel-content rounded-window-bottom">
          </div> <!-- main-panel-content rounded-window-bottom -->
        </div> <!-- panel -->
        <div panel-name="chronological-456" class="panel">
          <div class="main-panel-header rounded-window-top">
            <span class="header-content">Methods in chronological order</span>
          </div> <!-- main-panel-header rounded-window-top -->
          <div class="main-panel-content rounded-window-bottom">
            <div class="chronological-class">
              <div class="chronological-class-name">test.VerifyHeaderOfMainPage</div> <!-- chronological-class-name -->
              <div class="configuration-test before">
                <img src="failed.png">
                </img>
                <span class="method-name">launchBrowser(Chrome)</span>
                <span class="method-start">0 ms</span>
              </div> <!-- configuration-test before -->
            </div> <!-- chronological-class -->
            <div class="chronological-class">
              <div class="chronological-class-name">test.verifyBooksAdvanceSearch</div> <!-- chronological-class-name -->
              <div class="configuration-test before">
                <span class="method-name">launchBrowser</span>
                <span class="method-start">952 ms</span>
              </div> <!-- configuration-test before -->
            </div> <!-- chronological-class -->
            <div class="chronological-class">
              <div class="chronological-class-name">test.Verify_Search_MobilePage</div> <!-- chronological-class-name -->
              <div class="configuration-test before">
                <span class="method-name">launchBrowser</span>
                <span class="method-start">952 ms</span>
              </div> <!-- configuration-test before -->
            </div> <!-- chronological-class -->
            <div class="chronological-class">
              <div class="chronological-class-name">test.verifyBooksAdvanceSearch</div> <!-- chronological-class-name -->
              <div class="configuration-class before">
                <span class="method-name">objectClass</span>
                <span class="method-start">970 ms</span>
              </div> <!-- configuration-class before -->
            </div> <!-- chronological-class -->
            <div class="chronological-class">
              <div class="chronological-class-name">test.Verify_Search_MobilePage</div> <!-- chronological-class-name -->
              <div class="configuration-class before">
                <span class="method-name">objectPOMClass</span>
                <span class="method-start">970 ms</span>
              </div> <!-- configuration-class before -->
            </div> <!-- chronological-class -->
            <div class="chronological-class">
              <div class="chronological-class-name">test.VerifyHeaderOfMainPage</div> <!-- chronological-class-name -->
              <div class="configuration-class before">
                <span class="method-name">objectPOMClass</span>
                <span class="method-start">970 ms</span>
              </div> <!-- configuration-class before -->
              <div class="configuration-method before">
                <span class="method-name">getURL</span>
                <span class="method-start">977 ms</span>
              </div> <!-- configuration-method before -->
            </div> <!-- chronological-class -->
            <div class="chronological-class">
              <div class="chronological-class-name">test.Verify_Search_MobilePage</div> <!-- chronological-class-name -->
              <div class="configuration-method before">
                <span class="method-name">openURL</span>
                <span class="method-start">977 ms</span>
              </div> <!-- configuration-method before -->
            </div> <!-- chronological-class -->
            <div class="chronological-class">
              <div class="chronological-class-name">test.verifyBooksAdvanceSearch</div> <!-- chronological-class-name -->
              <div class="configuration-method before">
                <span class="method-name">openURL</span>
                <span class="method-start">977 ms</span>
              </div> <!-- configuration-method before -->
              <div class="test-method">
                <span class="method-name">verifyAdvanceSearch</span>
                <span class="method-start">978 ms</span>
              </div> <!-- test-method -->
            </div> <!-- chronological-class -->
            <div class="chronological-class">
              <div class="chronological-class-name">test.Verify_Search_MobilePage</div> <!-- chronological-class-name -->
              <div class="test-method">
                <span class="method-name">verifyWithoutExchangeIsSelected</span>
                <span class="method-start">978 ms</span>
              </div> <!-- test-method -->
            </div> <!-- chronological-class -->
            <div class="chronological-class">
              <div class="chronological-class-name">test.VerifyHeaderOfMainPage</div> <!-- chronological-class-name -->
              <div class="test-method">
                <span class="method-name">verifyAllTab</span>
                <span class="method-start">979 ms</span>
              </div> <!-- test-method -->
              <div class="configuration-method before">
                <span class="method-name">getURL</span>
                <span class="method-start">985 ms</span>
              </div> <!-- configuration-method before -->
            </div> <!-- chronological-class -->
            <div class="chronological-class">
              <div class="chronological-class-name">test.Verify_Search_MobilePage</div> <!-- chronological-class-name -->
              <div class="configuration-class after">
                <span class="method-name">removeObject</span>
                <span class="method-start">985 ms</span>
              </div> <!-- configuration-class after -->
            </div> <!-- chronological-class -->
            <div class="chronological-class">
              <div class="chronological-class-name">test.VerifyHeaderOfMainPage</div> <!-- chronological-class-name -->
              <div class="test-method">
                <span class="method-name">verifyBestSellerTab</span>
                <span class="method-start">986 ms</span>
              </div> <!-- test-method -->
            </div> <!-- chronological-class -->
            <div class="chronological-class">
              <div class="chronological-class-name">test.verifyBooksAdvanceSearch</div> <!-- chronological-class-name -->
              <div class="configuration-class after">
                <span class="method-name">removeObject</span>
                <span class="method-start">986 ms</span>
              </div> <!-- configuration-class after -->
            </div> <!-- chronological-class -->
            <div class="chronological-class">
              <div class="chronological-class-name">test.VerifyHeaderOfMainPage</div> <!-- chronological-class-name -->
              <div class="configuration-method before">
                <span class="method-name">getURL</span>
                <span class="method-start">989 ms</span>
              </div> <!-- configuration-method before -->
              <div class="test-method">
                <span class="method-name">verifyBookTab</span>
                <span class="method-start">990 ms</span>
              </div> <!-- test-method -->
              <div class="configuration-method before">
                <span class="method-name">getURL</span>
                <span class="method-start">994 ms</span>
              </div> <!-- configuration-method before -->
              <div class="test-method">
                <span class="method-name">verifyCustomerServiceTab</span>
                <span class="method-start">995 ms</span>
              </div> <!-- test-method -->
              <div class="configuration-class after">
                <span class="method-name">romoveObject</span>
                <span class="method-start">999 ms</span>
              </div> <!-- configuration-class after -->
              <div class="configuration-test after">
                <span class="method-name">closeBrowser</span>
                <span class="method-start">1000 ms</span>
              </div> <!-- configuration-test after -->
            </div> <!-- chronological-class -->
            <div class="chronological-class">
              <div class="chronological-class-name">test.verifyBooksAdvanceSearch</div> <!-- chronological-class-name -->
              <div class="configuration-test after">
                <span class="method-name">closeBrowser</span>
                <span class="method-start">1001 ms</span>
              </div> <!-- configuration-test after -->
            </div> <!-- chronological-class -->
            <div class="chronological-class">
              <div class="chronological-class-name">test.Verify_Search_MobilePage</div> <!-- chronological-class-name -->
              <div class="configuration-test after">
                <span class="method-name">closeBrowser</span>
                <span class="method-start">1001 ms</span>
              </div> <!-- configuration-test after -->
            </div> <!-- chronological-class -->
            <div class="chronological-class">
              <div class="chronological-class-name">test.VerifyHeaderOfMainPage</div> <!-- chronological-class-name -->
              <div class="configuration-test before">
                <img src="failed.png">
                </img>
                <span class="method-name">launchBrowser(Edge)</span>
                <span class="method-start">1056 ms</span>
              </div> <!-- configuration-test before -->
            </div> <!-- chronological-class -->
            <div class="chronological-class">
              <div class="chronological-class-name">test.Verify_Search_MobilePage</div> <!-- chronological-class-name -->
              <div class="configuration-test before">
                <span class="method-name">launchBrowser</span>
                <span class="method-start">3603 ms</span>
              </div> <!-- configuration-test before -->
            </div> <!-- chronological-class -->
            <div class="chronological-class">
              <div class="chronological-class-name">test.verifyBooksAdvanceSearch</div> <!-- chronological-class-name -->
              <div class="configuration-test before">
                <span class="method-name">launchBrowser</span>
                <span class="method-start">3604 ms</span>
              </div> <!-- configuration-test before -->
              <div class="configuration-class before">
                <span class="method-name">objectClass</span>
                <span class="method-start">3606 ms</span>
              </div> <!-- configuration-class before -->
              <div class="configuration-method before">
                <span class="method-name">openURL</span>
                <span class="method-start">3608 ms</span>
              </div> <!-- configuration-method before -->
              <div class="test-method">
                <span class="method-name">verifyAdvanceSearch</span>
                <span class="method-start">3610 ms</span>
              </div> <!-- test-method -->
              <div class="configuration-class after">
                <span class="method-name">removeObject</span>
                <span class="method-start">3611 ms</span>
              </div> <!-- configuration-class after -->
            </div> <!-- chronological-class -->
            <div class="chronological-class">
              <div class="chronological-class-name">test.Verify_Search_MobilePage</div> <!-- chronological-class-name -->
              <div class="configuration-class before">
                <span class="method-name">objectPOMClass</span>
                <span class="method-start">3614 ms</span>
              </div> <!-- configuration-class before -->
              <div class="configuration-method before">
                <span class="method-name">openURL</span>
                <span class="method-start">3616 ms</span>
              </div> <!-- configuration-method before -->
              <div class="test-method">
                <span class="method-name">verifyWithoutExchangeIsSelected</span>
                <span class="method-start">3618 ms</span>
              </div> <!-- test-method -->
              <div class="configuration-class after">
                <span class="method-name">removeObject</span>
                <span class="method-start">3620 ms</span>
              </div> <!-- configuration-class after -->
            </div> <!-- chronological-class -->
            <div class="chronological-class">
              <div class="chronological-class-name">test.VerifyHeaderOfMainPage</div> <!-- chronological-class-name -->
              <div class="configuration-class before">
                <span class="method-name">objectPOMClass</span>
                <span class="method-start">3621 ms</span>
              </div> <!-- configuration-class before -->
              <div class="configuration-method before">
                <span class="method-name">getURL</span>
                <span class="method-start">3622 ms</span>
              </div> <!-- configuration-method before -->
              <div class="test-method">
                <span class="method-name">verifyAllTab</span>
                <span class="method-start">3624 ms</span>
              </div> <!-- test-method -->
              <div class="configuration-method before">
                <span class="method-name">getURL</span>
                <span class="method-start">3628 ms</span>
              </div> <!-- configuration-method before -->
              <div class="test-method">
                <span class="method-name">verifyBestSellerTab</span>
                <span class="method-start">3629 ms</span>
              </div> <!-- test-method -->
              <div class="configuration-method before">
                <span class="method-name">getURL</span>
                <span class="method-start">3633 ms</span>
              </div> <!-- configuration-method before -->
              <div class="test-method">
                <span class="method-name">verifyBookTab</span>
                <span class="method-start">3638 ms</span>
              </div> <!-- test-method -->
              <div class="configuration-method before">
                <span class="method-name">getURL</span>
                <span class="method-start">3640 ms</span>
              </div> <!-- configuration-method before -->
              <div class="test-method">
                <span class="method-name">verifyCustomerServiceTab</span>
                <span class="method-start">3641 ms</span>
              </div> <!-- test-method -->
              <div class="configuration-class after">
                <span class="method-name">romoveObject</span>
                <span class="method-start">3644 ms</span>
              </div> <!-- configuration-class after -->
              <div class="configuration-test after">
                <span class="method-name">closeBrowser</span>
                <span class="method-start">3646 ms</span>
              </div> <!-- configuration-test after -->
            </div> <!-- chronological-class -->
            <div class="chronological-class">
              <div class="chronological-class-name">test.Verify_Search_MobilePage</div> <!-- chronological-class-name -->
              <div class="configuration-test after">
                <span class="method-name">closeBrowser</span>
                <span class="method-start">3648 ms</span>
              </div> <!-- configuration-test after -->
            </div> <!-- chronological-class -->
            <div class="chronological-class">
              <div class="chronological-class-name">test.verifyBooksAdvanceSearch</div> <!-- chronological-class-name -->
              <div class="configuration-test after">
                <span class="method-name">closeBrowser</span>
                <span class="method-start">3650 ms</span>
              </div> <!-- configuration-test after -->
          </div> <!-- main-panel-content rounded-window-bottom -->
        </div> <!-- panel -->
      </div> <!-- main-panel-root -->
    </div> <!-- wrapper -->
  </body>
<script type="text/javascript" src="testng-reports2.js"></script>
</html>
