<?xml version="1.0" encoding="UTF-8"?>
<testng-results ignored="0" total="12" passed="0" failed="0" skipped="12">
  <reporter-output>
  </reporter-output>
  <suite started-at="2023-09-28T17:58:29 IST" name="456" finished-at="2023-09-28T17:58:33 IST" duration-ms="3656">
    <groups>
    </groups>
    <test started-at="2023-09-28T17:58:29 IST" name="Chrome" finished-at="2023-09-28T17:58:30 IST" duration-ms="1007">
      <class name="test.VerifyHeaderOfMainPage">
        <test-method is-config="true" signature="launchBrowser(java.lang.String)[pri:0, instance:test.VerifyHeaderOfMainPage@a514af7]" started-at="2023-09-28T17:58:29 IST" name="launchBrowser" finished-at="2023-09-28T17:58:30 IST" duration-ms="943" status="FAIL">
          <params>
            <param index="0">
              <value>
                <![CDATA[Chrome]]>
              </value>
            </param>
          </params>
          <exception class="org.openqa.selenium.SessionNotCreatedException">
            <message>
              <![CDATA[session not created: This version of ChromeDriver only supports Chrome version 103
Current browser version is 117.0.5938.92 with binary path C:\Program Files\Google\Chrome\Application\chrome.exe
Build info: version: '3.141.59', revision: 'e82be7d358', time: '2018-11-14T08:17:03'
System info: host: 'LAPTOP-3JRU7OQF', ip: '192.168.1.113', os.name: 'Windows 11', os.arch: 'amd64', os.version: '10.0', java.version: '18.0.1.1'
Driver info: driver.version: ChromeDriver
remote stacktrace: Backtrace:
Ordinal0 [0x00645FD3+2187219]
Ordinal0 [0x005DE6D1+1763025]
Ordinal0 [0x004F3E78+802424]
Ordinal0 [0x005151F9+938489]
Ordinal0 [0x00510DDC+921052]
Ordinal0 [0x0050E691+910993]
Ordinal0 [0x005417F0+1120240]
Ordinal0 [0x0054144A+1119306]
Ordinal0 [0x0053C9A6+1100198]
Ordinal0 [0x00516F80+946048]
Ordinal0 [0x00517E76+949878]
GetHandleVerifier [0x008E90C2+2721218]
GetHandleVerifier [0x008DAAF0+2662384]
GetHandleVerifier [0x006D137A+526458]
GetHandleVerifier [0x006D0416+522518]
Ordinal0 [0x005E4EAB+1789611]
Ordinal0 [0x005E97A8+1808296]
Ordinal0 [0x005E9895+1808533]
Ordinal0 [0x005F26C1+1844929]
BaseThreadInitThunk [0x76C76839+25]
RtlGetFullPathName_UEx [0x77538F0F+1215]
RtlGetFullPathName_UEx [0x77538EDD+1165]
]]>
            </message>
            <full-stacktrace>
              <![CDATA[org.openqa.selenium.SessionNotCreatedException: session not created: This version of ChromeDriver only supports Chrome version 103
Current browser version is 117.0.5938.92 with binary path C:\Program Files\Google\Chrome\Application\chrome.exe
Build info: version: '3.141.59', revision: 'e82be7d358', time: '2018-11-14T08:17:03'
System info: host: 'LAPTOP-3JRU7OQF', ip: '192.168.1.113', os.name: 'Windows 11', os.arch: 'amd64', os.version: '10.0', java.version: '18.0.1.1'
Driver info: driver.version: ChromeDriver
remote stacktrace: Backtrace:
Ordinal0 [0x00645FD3+2187219]
Ordinal0 [0x005DE6D1+1763025]
Ordinal0 [0x004F3E78+802424]
Ordinal0 [0x005151F9+938489]
Ordinal0 [0x00510DDC+921052]
Ordinal0 [0x0050E691+910993]
Ordinal0 [0x005417F0+1120240]
Ordinal0 [0x0054144A+1119306]
Ordinal0 [0x0053C9A6+1100198]
Ordinal0 [0x00516F80+946048]
Ordinal0 [0x00517E76+949878]
GetHandleVerifier [0x008E90C2+2721218]
GetHandleVerifier [0x008DAAF0+2662384]
GetHandleVerifier [0x006D137A+526458]
GetHandleVerifier [0x006D0416+522518]
Ordinal0 [0x005E4EAB+1789611]
Ordinal0 [0x005E97A8+1808296]
Ordinal0 [0x005E9895+1808533]
Ordinal0 [0x005F26C1+1844929]
BaseThreadInitThunk [0x76C76839+25]
RtlGetFullPathName_UEx [0x77538F0F+1215]
RtlGetFullPathName_UEx [0x77538EDD+1165]

at java.base/jdk.internal.reflect.DirectConstructorHandleAccessor.newInstance(DirectConstructorHandleAccessor.java:67)
at java.base/java.lang.reflect.Constructor.newInstanceWithCaller(Constructor.java:499)
at java.base/java.lang.reflect.Constructor.newInstance(Constructor.java:483)
at org.openqa.selenium.remote.W3CHandshakeResponse.lambda$errorHandler$0(W3CHandshakeResponse.java:62)
at org.openqa.selenium.remote.HandshakeResponse.lambda$getResponseFunction$0(HandshakeResponse.java:30)
at org.openqa.selenium.remote.ProtocolHandshake.lambda$createSession$0(ProtocolHandshake.java:126)
at java.base/java.util.stream.ReferencePipeline$3$1.accept(ReferencePipeline.java:197)
at java.base/java.util.Spliterators$ArraySpliterator.tryAdvance(Spliterators.java:1002)
at java.base/java.util.stream.ReferencePipeline.forEachWithCancel(ReferencePipeline.java:129)
at java.base/java.util.stream.AbstractPipeline.copyIntoWithCancel(AbstractPipeline.java:527)
at java.base/java.util.stream.AbstractPipeline.copyInto(AbstractPipeline.java:513)
at java.base/java.util.stream.AbstractPipeline.wrapAndCopyInto(AbstractPipeline.java:499)
at java.base/java.util.stream.FindOps$FindOp.evaluateSequential(FindOps.java:150)
at java.base/java.util.stream.AbstractPipeline.evaluate(AbstractPipeline.java:234)
at java.base/java.util.stream.ReferencePipeline.findFirst(ReferencePipeline.java:647)
at org.openqa.selenium.remote.ProtocolHandshake.createSession(ProtocolHandshake.java:128)
at org.openqa.selenium.remote.ProtocolHandshake.createSession(ProtocolHandshake.java:74)
at org.openqa.selenium.remote.HttpCommandExecutor.execute(HttpCommandExecutor.java:136)
at org.openqa.selenium.remote.service.DriverCommandExecutor.execute(DriverCommandExecutor.java:83)
at org.openqa.selenium.remote.RemoteWebDriver.execute(RemoteWebDriver.java:552)
at org.openqa.selenium.remote.RemoteWebDriver.startSession(RemoteWebDriver.java:213)
at org.openqa.selenium.remote.RemoteWebDriver.<init>(RemoteWebDriver.java:131)
at org.openqa.selenium.chrome.ChromeDriver.<init>(ChromeDriver.java:181)
at org.openqa.selenium.chrome.ChromeDriver.<init>(ChromeDriver.java:168)
at org.openqa.selenium.chrome.ChromeDriver.<init>(ChromeDriver.java:123)
at browserSetup.baseBrowser.openChromeBrowser(baseBrowser.java:11)
at test.VerifyHeaderOfMainPage.launchBrowser(VerifyHeaderOfMainPage.java:28)
at java.base/jdk.internal.reflect.DirectMethodHandleAccessor.invoke(DirectMethodHandleAccessor.java:104)
at java.base/java.lang.reflect.Method.invoke(Method.java:577)
at org.testng.internal.MethodInvocationHelper.invokeMethod(MethodInvocationHelper.java:133)
at org.testng.internal.MethodInvocationHelper.invokeMethodConsideringTimeout(MethodInvocationHelper.java:62)
at org.testng.internal.ConfigInvoker.invokeConfigurationMethod(ConfigInvoker.java:385)
at org.testng.internal.ConfigInvoker.invokeConfigurations(ConfigInvoker.java:321)
at org.testng.TestRunner.invokeTestConfigurations(TestRunner.java:637)
at org.testng.TestRunner.beforeRun(TestRunner.java:627)
at org.testng.TestRunner.run(TestRunner.java:589)
at org.testng.SuiteRunner.runTest(SuiteRunner.java:377)
at org.testng.SuiteRunner.runSequentially(SuiteRunner.java:371)
at org.testng.SuiteRunner.privateRun(SuiteRunner.java:332)
at org.testng.SuiteRunner.run(SuiteRunner.java:276)
at org.testng.SuiteRunnerWorker.runSuite(SuiteRunnerWorker.java:53)
at org.testng.SuiteRunnerWorker.run(SuiteRunnerWorker.java:96)
at org.testng.TestNG.runSuitesSequentially(TestNG.java:1212)
at org.testng.TestNG.runSuitesLocally(TestNG.java:1134)
at org.testng.TestNG.runSuites(TestNG.java:1063)
at org.testng.TestNG.run(TestNG.java:1031)
at org.testng.remote.AbstractRemoteTestNG.run(AbstractRemoteTestNG.java:115)
at org.testng.remote.RemoteTestNG.initAndRun(RemoteTestNG.java:251)
at org.testng.remote.RemoteTestNG.main(RemoteTestNG.java:77)
]]>
            </full-stacktrace>
          </exception> <!-- org.openqa.selenium.SessionNotCreatedException -->
          <reporter-output>
          </reporter-output>
        </test-method> <!-- launchBrowser -->
        <test-method is-config="true" signature="objectPOMClass()[pri:0, instance:test.VerifyHeaderOfMainPage@a514af7]" started-at="2023-09-28T17:58:30 IST" name="objectPOMClass" finished-at="1970-01-01T05:30:00 IST" duration-ms="-1695904110483" status="SKIP">
          <reporter-output>
          </reporter-output>
        </test-method> <!-- objectPOMClass -->
        <test-method is-config="true" signature="getURL()[pri:0, instance:test.VerifyHeaderOfMainPage@a514af7]" started-at="2023-09-28T17:58:30 IST" name="getURL" finished-at="1970-01-01T05:30:00 IST" duration-ms="-1695904110490" status="SKIP">
          <reporter-output>
          </reporter-output>
        </test-method> <!-- getURL -->
        <test-method signature="verifyAllTab()[pri:1, instance:test.VerifyHeaderOfMainPage@a514af7]" started-at="2023-09-28T17:58:30 IST" name="verifyAllTab" finished-at="2023-09-28T17:58:30 IST" duration-ms="0" status="SKIP">
          <exception class="org.openqa.selenium.SessionNotCreatedException">
            <message>
              <![CDATA[session not created: This version of ChromeDriver only supports Chrome version 103
Current browser version is 117.0.5938.92 with binary path C:\Program Files\Google\Chrome\Application\chrome.exe
Build info: version: '3.141.59', revision: 'e82be7d358', time: '2018-11-14T08:17:03'
System info: host: 'LAPTOP-3JRU7OQF', ip: '192.168.1.113', os.name: 'Windows 11', os.arch: 'amd64', os.version: '10.0', java.version: '18.0.1.1'
Driver info: driver.version: ChromeDriver
remote stacktrace: Backtrace:
Ordinal0 [0x00645FD3+2187219]
Ordinal0 [0x005DE6D1+1763025]
Ordinal0 [0x004F3E78+802424]
Ordinal0 [0x005151F9+938489]
Ordinal0 [0x00510DDC+921052]
Ordinal0 [0x0050E691+910993]
Ordinal0 [0x005417F0+1120240]
Ordinal0 [0x0054144A+1119306]
Ordinal0 [0x0053C9A6+1100198]
Ordinal0 [0x00516F80+946048]
Ordinal0 [0x00517E76+949878]
GetHandleVerifier [0x008E90C2+2721218]
GetHandleVerifier [0x008DAAF0+2662384]
GetHandleVerifier [0x006D137A+526458]
GetHandleVerifier [0x006D0416+522518]
Ordinal0 [0x005E4EAB+1789611]
Ordinal0 [0x005E97A8+1808296]
Ordinal0 [0x005E9895+1808533]
Ordinal0 [0x005F26C1+1844929]
BaseThreadInitThunk [0x76C76839+25]
RtlGetFullPathName_UEx [0x77538F0F+1215]
RtlGetFullPathName_UEx [0x77538EDD+1165]
]]>
            </message>
            <full-stacktrace>
              <![CDATA[org.openqa.selenium.SessionNotCreatedException: session not created: This version of ChromeDriver only supports Chrome version 103
Current browser version is 117.0.5938.92 with binary path C:\Program Files\Google\Chrome\Application\chrome.exe
Build info: version: '3.141.59', revision: 'e82be7d358', time: '2018-11-14T08:17:03'
System info: host: 'LAPTOP-3JRU7OQF', ip: '192.168.1.113', os.name: 'Windows 11', os.arch: 'amd64', os.version: '10.0', java.version: '18.0.1.1'
Driver info: driver.version: ChromeDriver
remote stacktrace: Backtrace:
Ordinal0 [0x00645FD3+2187219]
Ordinal0 [0x005DE6D1+1763025]
Ordinal0 [0x004F3E78+802424]
Ordinal0 [0x005151F9+938489]
Ordinal0 [0x00510DDC+921052]
Ordinal0 [0x0050E691+910993]
Ordinal0 [0x005417F0+1120240]
Ordinal0 [0x0054144A+1119306]
Ordinal0 [0x0053C9A6+1100198]
Ordinal0 [0x00516F80+946048]
Ordinal0 [0x00517E76+949878]
GetHandleVerifier [0x008E90C2+2721218]
GetHandleVerifier [0x008DAAF0+2662384]
GetHandleVerifier [0x006D137A+526458]
GetHandleVerifier [0x006D0416+522518]
Ordinal0 [0x005E4EAB+1789611]
Ordinal0 [0x005E97A8+1808296]
Ordinal0 [0x005E9895+1808533]
Ordinal0 [0x005F26C1+1844929]
BaseThreadInitThunk [0x76C76839+25]
RtlGetFullPathName_UEx [0x77538F0F+1215]
RtlGetFullPathName_UEx [0x77538EDD+1165]

at java.base/jdk.internal.reflect.DirectConstructorHandleAccessor.newInstance(DirectConstructorHandleAccessor.java:67)
at java.base/java.lang.reflect.Constructor.newInstanceWithCaller(Constructor.java:499)
at java.base/java.lang.reflect.Constructor.newInstance(Constructor.java:483)
at org.openqa.selenium.remote.W3CHandshakeResponse.lambda$errorHandler$0(W3CHandshakeResponse.java:62)
at org.openqa.selenium.remote.HandshakeResponse.lambda$getResponseFunction$0(HandshakeResponse.java:30)
at org.openqa.selenium.remote.ProtocolHandshake.lambda$createSession$0(ProtocolHandshake.java:126)
at java.base/java.util.stream.ReferencePipeline$3$1.accept(ReferencePipeline.java:197)
at java.base/java.util.Spliterators$ArraySpliterator.tryAdvance(Spliterators.java:1002)
at java.base/java.util.stream.ReferencePipeline.forEachWithCancel(ReferencePipeline.java:129)
at java.base/java.util.stream.AbstractPipeline.copyIntoWithCancel(AbstractPipeline.java:527)
at java.base/java.util.stream.AbstractPipeline.copyInto(AbstractPipeline.java:513)
at java.base/java.util.stream.AbstractPipeline.wrapAndCopyInto(AbstractPipeline.java:499)
at java.base/java.util.stream.FindOps$FindOp.evaluateSequential(FindOps.java:150)
at java.base/java.util.stream.AbstractPipeline.evaluate(AbstractPipeline.java:234)
at java.base/java.util.stream.ReferencePipeline.findFirst(ReferencePipeline.java:647)
at org.openqa.selenium.remote.ProtocolHandshake.createSession(ProtocolHandshake.java:128)
at org.openqa.selenium.remote.ProtocolHandshake.createSession(ProtocolHandshake.java:74)
at org.openqa.selenium.remote.HttpCommandExecutor.execute(HttpCommandExecutor.java:136)
at org.openqa.selenium.remote.service.DriverCommandExecutor.execute(DriverCommandExecutor.java:83)
at org.openqa.selenium.remote.RemoteWebDriver.execute(RemoteWebDriver.java:552)
at org.openqa.selenium.remote.RemoteWebDriver.startSession(RemoteWebDriver.java:213)
at org.openqa.selenium.remote.RemoteWebDriver.<init>(RemoteWebDriver.java:131)
at org.openqa.selenium.chrome.ChromeDriver.<init>(ChromeDriver.java:181)
at org.openqa.selenium.chrome.ChromeDriver.<init>(ChromeDriver.java:168)
at org.openqa.selenium.chrome.ChromeDriver.<init>(ChromeDriver.java:123)
at browserSetup.baseBrowser.openChromeBrowser(baseBrowser.java:11)
at test.VerifyHeaderOfMainPage.launchBrowser(VerifyHeaderOfMainPage.java:28)
at java.base/jdk.internal.reflect.DirectMethodHandleAccessor.invoke(DirectMethodHandleAccessor.java:104)
at java.base/java.lang.reflect.Method.invoke(Method.java:577)
at org.testng.internal.MethodInvocationHelper.invokeMethod(MethodInvocationHelper.java:133)
at org.testng.internal.MethodInvocationHelper.invokeMethodConsideringTimeout(MethodInvocationHelper.java:62)
at org.testng.internal.ConfigInvoker.invokeConfigurationMethod(ConfigInvoker.java:385)
at org.testng.internal.ConfigInvoker.invokeConfigurations(ConfigInvoker.java:321)
at org.testng.TestRunner.invokeTestConfigurations(TestRunner.java:637)
at org.testng.TestRunner.beforeRun(TestRunner.java:627)
at org.testng.TestRunner.run(TestRunner.java:589)
at org.testng.SuiteRunner.runTest(SuiteRunner.java:377)
at org.testng.SuiteRunner.runSequentially(SuiteRunner.java:371)
at org.testng.SuiteRunner.privateRun(SuiteRunner.java:332)
at org.testng.SuiteRunner.run(SuiteRunner.java:276)
at org.testng.SuiteRunnerWorker.runSuite(SuiteRunnerWorker.java:53)
at org.testng.SuiteRunnerWorker.run(SuiteRunnerWorker.java:96)
at org.testng.TestNG.runSuitesSequentially(TestNG.java:1212)
at org.testng.TestNG.runSuitesLocally(TestNG.java:1134)
at org.testng.TestNG.runSuites(TestNG.java:1063)
at org.testng.TestNG.run(TestNG.java:1031)
at org.testng.remote.AbstractRemoteTestNG.run(AbstractRemoteTestNG.java:115)
at org.testng.remote.RemoteTestNG.initAndRun(RemoteTestNG.java:251)
at org.testng.remote.RemoteTestNG.main(RemoteTestNG.java:77)
]]>
            </full-stacktrace>
          </exception> <!-- org.openqa.selenium.SessionNotCreatedException -->
          <reporter-output>
          </reporter-output>
        </test-method> <!-- verifyAllTab -->
        <test-method is-config="true" signature="getURL()[pri:0, instance:test.VerifyHeaderOfMainPage@a514af7]" started-at="2023-09-28T17:58:30 IST" name="getURL" finished-at="1970-01-01T05:30:00 IST" duration-ms="-1695904110498" status="SKIP">
          <reporter-output>
          </reporter-output>
        </test-method> <!-- getURL -->
        <test-method signature="verifyBestSellerTab()[pri:2, instance:test.VerifyHeaderOfMainPage@a514af7]" started-at="2023-09-28T17:58:30 IST" name="verifyBestSellerTab" finished-at="2023-09-28T17:58:30 IST" duration-ms="0" status="SKIP">
          <exception class="org.openqa.selenium.SessionNotCreatedException">
            <message>
              <![CDATA[session not created: This version of ChromeDriver only supports Chrome version 103
Current browser version is 117.0.5938.92 with binary path C:\Program Files\Google\Chrome\Application\chrome.exe
Build info: version: '3.141.59', revision: 'e82be7d358', time: '2018-11-14T08:17:03'
System info: host: 'LAPTOP-3JRU7OQF', ip: '192.168.1.113', os.name: 'Windows 11', os.arch: 'amd64', os.version: '10.0', java.version: '18.0.1.1'
Driver info: driver.version: ChromeDriver
remote stacktrace: Backtrace:
Ordinal0 [0x00645FD3+2187219]
Ordinal0 [0x005DE6D1+1763025]
Ordinal0 [0x004F3E78+802424]
Ordinal0 [0x005151F9+938489]
Ordinal0 [0x00510DDC+921052]
Ordinal0 [0x0050E691+910993]
Ordinal0 [0x005417F0+1120240]
Ordinal0 [0x0054144A+1119306]
Ordinal0 [0x0053C9A6+1100198]
Ordinal0 [0x00516F80+946048]
Ordinal0 [0x00517E76+949878]
GetHandleVerifier [0x008E90C2+2721218]
GetHandleVerifier [0x008DAAF0+2662384]
GetHandleVerifier [0x006D137A+526458]
GetHandleVerifier [0x006D0416+522518]
Ordinal0 [0x005E4EAB+1789611]
Ordinal0 [0x005E97A8+1808296]
Ordinal0 [0x005E9895+1808533]
Ordinal0 [0x005F26C1+1844929]
BaseThreadInitThunk [0x76C76839+25]
RtlGetFullPathName_UEx [0x77538F0F+1215]
RtlGetFullPathName_UEx [0x77538EDD+1165]
]]>
            </message>
            <full-stacktrace>
              <![CDATA[org.openqa.selenium.SessionNotCreatedException: session not created: This version of ChromeDriver only supports Chrome version 103
Current browser version is 117.0.5938.92 with binary path C:\Program Files\Google\Chrome\Application\chrome.exe
Build info: version: '3.141.59', revision: 'e82be7d358', time: '2018-11-14T08:17:03'
System info: host: 'LAPTOP-3JRU7OQF', ip: '192.168.1.113', os.name: 'Windows 11', os.arch: 'amd64', os.version: '10.0', java.version: '18.0.1.1'
Driver info: driver.version: ChromeDriver
remote stacktrace: Backtrace:
Ordinal0 [0x00645FD3+2187219]
Ordinal0 [0x005DE6D1+1763025]
Ordinal0 [0x004F3E78+802424]
Ordinal0 [0x005151F9+938489]
Ordinal0 [0x00510DDC+921052]
Ordinal0 [0x0050E691+910993]
Ordinal0 [0x005417F0+1120240]
Ordinal0 [0x0054144A+1119306]
Ordinal0 [0x0053C9A6+1100198]
Ordinal0 [0x00516F80+946048]
Ordinal0 [0x00517E76+949878]
GetHandleVerifier [0x008E90C2+2721218]
GetHandleVerifier [0x008DAAF0+2662384]
GetHandleVerifier [0x006D137A+526458]
GetHandleVerifier [0x006D0416+522518]
Ordinal0 [0x005E4EAB+1789611]
Ordinal0 [0x005E97A8+1808296]
Ordinal0 [0x005E9895+1808533]
Ordinal0 [0x005F26C1+1844929]
BaseThreadInitThunk [0x76C76839+25]
RtlGetFullPathName_UEx [0x77538F0F+1215]
RtlGetFullPathName_UEx [0x77538EDD+1165]

at java.base/jdk.internal.reflect.DirectConstructorHandleAccessor.newInstance(DirectConstructorHandleAccessor.java:67)
at java.base/java.lang.reflect.Constructor.newInstanceWithCaller(Constructor.java:499)
at java.base/java.lang.reflect.Constructor.newInstance(Constructor.java:483)
at org.openqa.selenium.remote.W3CHandshakeResponse.lambda$errorHandler$0(W3CHandshakeResponse.java:62)
at org.openqa.selenium.remote.HandshakeResponse.lambda$getResponseFunction$0(HandshakeResponse.java:30)
at org.openqa.selenium.remote.ProtocolHandshake.lambda$createSession$0(ProtocolHandshake.java:126)
at java.base/java.util.stream.ReferencePipeline$3$1.accept(ReferencePipeline.java:197)
at java.base/java.util.Spliterators$ArraySpliterator.tryAdvance(Spliterators.java:1002)
at java.base/java.util.stream.ReferencePipeline.forEachWithCancel(ReferencePipeline.java:129)
at java.base/java.util.stream.AbstractPipeline.copyIntoWithCancel(AbstractPipeline.java:527)
at java.base/java.util.stream.AbstractPipeline.copyInto(AbstractPipeline.java:513)
at java.base/java.util.stream.AbstractPipeline.wrapAndCopyInto(AbstractPipeline.java:499)
at java.base/java.util.stream.FindOps$FindOp.evaluateSequential(FindOps.java:150)
at java.base/java.util.stream.AbstractPipeline.evaluate(AbstractPipeline.java:234)
at java.base/java.util.stream.ReferencePipeline.findFirst(ReferencePipeline.java:647)
at org.openqa.selenium.remote.ProtocolHandshake.createSession(ProtocolHandshake.java:128)
at org.openqa.selenium.remote.ProtocolHandshake.createSession(ProtocolHandshake.java:74)
at org.openqa.selenium.remote.HttpCommandExecutor.execute(HttpCommandExecutor.java:136)
at org.openqa.selenium.remote.service.DriverCommandExecutor.execute(DriverCommandExecutor.java:83)
at org.openqa.selenium.remote.RemoteWebDriver.execute(RemoteWebDriver.java:552)
at org.openqa.selenium.remote.RemoteWebDriver.startSession(RemoteWebDriver.java:213)
at org.openqa.selenium.remote.RemoteWebDriver.<init>(RemoteWebDriver.java:131)
at org.openqa.selenium.chrome.ChromeDriver.<init>(ChromeDriver.java:181)
at org.openqa.selenium.chrome.ChromeDriver.<init>(ChromeDriver.java:168)
at org.openqa.selenium.chrome.ChromeDriver.<init>(ChromeDriver.java:123)
at browserSetup.baseBrowser.openChromeBrowser(baseBrowser.java:11)
at test.VerifyHeaderOfMainPage.launchBrowser(VerifyHeaderOfMainPage.java:28)
at java.base/jdk.internal.reflect.DirectMethodHandleAccessor.invoke(DirectMethodHandleAccessor.java:104)
at java.base/java.lang.reflect.Method.invoke(Method.java:577)
at org.testng.internal.MethodInvocationHelper.invokeMethod(MethodInvocationHelper.java:133)
at org.testng.internal.MethodInvocationHelper.invokeMethodConsideringTimeout(MethodInvocationHelper.java:62)
at org.testng.internal.ConfigInvoker.invokeConfigurationMethod(ConfigInvoker.java:385)
at org.testng.internal.ConfigInvoker.invokeConfigurations(ConfigInvoker.java:321)
at org.testng.TestRunner.invokeTestConfigurations(TestRunner.java:637)
at org.testng.TestRunner.beforeRun(TestRunner.java:627)
at org.testng.TestRunner.run(TestRunner.java:589)
at org.testng.SuiteRunner.runTest(SuiteRunner.java:377)
at org.testng.SuiteRunner.runSequentially(SuiteRunner.java:371)
at org.testng.SuiteRunner.privateRun(SuiteRunner.java:332)
at org.testng.SuiteRunner.run(SuiteRunner.java:276)
at org.testng.SuiteRunnerWorker.runSuite(SuiteRunnerWorker.java:53)
at org.testng.SuiteRunnerWorker.run(SuiteRunnerWorker.java:96)
at org.testng.TestNG.runSuitesSequentially(TestNG.java:1212)
at org.testng.TestNG.runSuitesLocally(TestNG.java:1134)
at org.testng.TestNG.runSuites(TestNG.java:1063)
at org.testng.TestNG.run(TestNG.java:1031)
at org.testng.remote.AbstractRemoteTestNG.run(AbstractRemoteTestNG.java:115)
at org.testng.remote.RemoteTestNG.initAndRun(RemoteTestNG.java:251)
at org.testng.remote.RemoteTestNG.main(RemoteTestNG.java:77)
]]>
            </full-stacktrace>
          </exception> <!-- org.openqa.selenium.SessionNotCreatedException -->
          <reporter-output>
          </reporter-output>
        </test-method> <!-- verifyBestSellerTab -->
        <test-method is-config="true" signature="getURL()[pri:0, instance:test.VerifyHeaderOfMainPage@a514af7]" started-at="2023-09-28T17:58:30 IST" name="getURL" finished-at="1970-01-01T05:30:00 IST" duration-ms="-1695904110502" status="SKIP">
          <reporter-output>
          </reporter-output>
        </test-method> <!-- getURL -->
        <test-method signature="verifyBookTab()[pri:3, instance:test.VerifyHeaderOfMainPage@a514af7]" started-at="2023-09-28T17:58:30 IST" name="verifyBookTab" finished-at="2023-09-28T17:58:30 IST" duration-ms="0" status="SKIP">
          <exception class="org.openqa.selenium.SessionNotCreatedException">
            <message>
              <![CDATA[session not created: This version of ChromeDriver only supports Chrome version 103
Current browser version is 117.0.5938.92 with binary path C:\Program Files\Google\Chrome\Application\chrome.exe
Build info: version: '3.141.59', revision: 'e82be7d358', time: '2018-11-14T08:17:03'
System info: host: 'LAPTOP-3JRU7OQF', ip: '192.168.1.113', os.name: 'Windows 11', os.arch: 'amd64', os.version: '10.0', java.version: '18.0.1.1'
Driver info: driver.version: ChromeDriver
remote stacktrace: Backtrace:
Ordinal0 [0x00645FD3+2187219]
Ordinal0 [0x005DE6D1+1763025]
Ordinal0 [0x004F3E78+802424]
Ordinal0 [0x005151F9+938489]
Ordinal0 [0x00510DDC+921052]
Ordinal0 [0x0050E691+910993]
Ordinal0 [0x005417F0+1120240]
Ordinal0 [0x0054144A+1119306]
Ordinal0 [0x0053C9A6+1100198]
Ordinal0 [0x00516F80+946048]
Ordinal0 [0x00517E76+949878]
GetHandleVerifier [0x008E90C2+2721218]
GetHandleVerifier [0x008DAAF0+2662384]
GetHandleVerifier [0x006D137A+526458]
GetHandleVerifier [0x006D0416+522518]
Ordinal0 [0x005E4EAB+1789611]
Ordinal0 [0x005E97A8+1808296]
Ordinal0 [0x005E9895+1808533]
Ordinal0 [0x005F26C1+1844929]
BaseThreadInitThunk [0x76C76839+25]
RtlGetFullPathName_UEx [0x77538F0F+1215]
RtlGetFullPathName_UEx [0x77538EDD+1165]
]]>
            </message>
            <full-stacktrace>
              <![CDATA[org.openqa.selenium.SessionNotCreatedException: session not created: This version of ChromeDriver only supports Chrome version 103
Current browser version is 117.0.5938.92 with binary path C:\Program Files\Google\Chrome\Application\chrome.exe
Build info: version: '3.141.59', revision: 'e82be7d358', time: '2018-11-14T08:17:03'
System info: host: 'LAPTOP-3JRU7OQF', ip: '192.168.1.113', os.name: 'Windows 11', os.arch: 'amd64', os.version: '10.0', java.version: '18.0.1.1'
Driver info: driver.version: ChromeDriver
remote stacktrace: Backtrace:
Ordinal0 [0x00645FD3+2187219]
Ordinal0 [0x005DE6D1+1763025]
Ordinal0 [0x004F3E78+802424]
Ordinal0 [0x005151F9+938489]
Ordinal0 [0x00510DDC+921052]
Ordinal0 [0x0050E691+910993]
Ordinal0 [0x005417F0+1120240]
Ordinal0 [0x0054144A+1119306]
Ordinal0 [0x0053C9A6+1100198]
Ordinal0 [0x00516F80+946048]
Ordinal0 [0x00517E76+949878]
GetHandleVerifier [0x008E90C2+2721218]
GetHandleVerifier [0x008DAAF0+2662384]
GetHandleVerifier [0x006D137A+526458]
GetHandleVerifier [0x006D0416+522518]
Ordinal0 [0x005E4EAB+1789611]
Ordinal0 [0x005E97A8+1808296]
Ordinal0 [0x005E9895+1808533]
Ordinal0 [0x005F26C1+1844929]
BaseThreadInitThunk [0x76C76839+25]
RtlGetFullPathName_UEx [0x77538F0F+1215]
RtlGetFullPathName_UEx [0x77538EDD+1165]

at java.base/jdk.internal.reflect.DirectConstructorHandleAccessor.newInstance(DirectConstructorHandleAccessor.java:67)
at java.base/java.lang.reflect.Constructor.newInstanceWithCaller(Constructor.java:499)
at java.base/java.lang.reflect.Constructor.newInstance(Constructor.java:483)
at org.openqa.selenium.remote.W3CHandshakeResponse.lambda$errorHandler$0(W3CHandshakeResponse.java:62)
at org.openqa.selenium.remote.HandshakeResponse.lambda$getResponseFunction$0(HandshakeResponse.java:30)
at org.openqa.selenium.remote.ProtocolHandshake.lambda$createSession$0(ProtocolHandshake.java:126)
at java.base/java.util.stream.ReferencePipeline$3$1.accept(ReferencePipeline.java:197)
at java.base/java.util.Spliterators$ArraySpliterator.tryAdvance(Spliterators.java:1002)
at java.base/java.util.stream.ReferencePipeline.forEachWithCancel(ReferencePipeline.java:129)
at java.base/java.util.stream.AbstractPipeline.copyIntoWithCancel(AbstractPipeline.java:527)
at java.base/java.util.stream.AbstractPipeline.copyInto(AbstractPipeline.java:513)
at java.base/java.util.stream.AbstractPipeline.wrapAndCopyInto(AbstractPipeline.java:499)
at java.base/java.util.stream.FindOps$FindOp.evaluateSequential(FindOps.java:150)
at java.base/java.util.stream.AbstractPipeline.evaluate(AbstractPipeline.java:234)
at java.base/java.util.stream.ReferencePipeline.findFirst(ReferencePipeline.java:647)
at org.openqa.selenium.remote.ProtocolHandshake.createSession(ProtocolHandshake.java:128)
at org.openqa.selenium.remote.ProtocolHandshake.createSession(ProtocolHandshake.java:74)
at org.openqa.selenium.remote.HttpCommandExecutor.execute(HttpCommandExecutor.java:136)
at org.openqa.selenium.remote.service.DriverCommandExecutor.execute(DriverCommandExecutor.java:83)
at org.openqa.selenium.remote.RemoteWebDriver.execute(RemoteWebDriver.java:552)
at org.openqa.selenium.remote.RemoteWebDriver.startSession(RemoteWebDriver.java:213)
at org.openqa.selenium.remote.RemoteWebDriver.<init>(RemoteWebDriver.java:131)
at org.openqa.selenium.chrome.ChromeDriver.<init>(ChromeDriver.java:181)
at org.openqa.selenium.chrome.ChromeDriver.<init>(ChromeDriver.java:168)
at org.openqa.selenium.chrome.ChromeDriver.<init>(ChromeDriver.java:123)
at browserSetup.baseBrowser.openChromeBrowser(baseBrowser.java:11)
at test.VerifyHeaderOfMainPage.launchBrowser(VerifyHeaderOfMainPage.java:28)
at java.base/jdk.internal.reflect.DirectMethodHandleAccessor.invoke(DirectMethodHandleAccessor.java:104)
at java.base/java.lang.reflect.Method.invoke(Method.java:577)
at org.testng.internal.MethodInvocationHelper.invokeMethod(MethodInvocationHelper.java:133)
at org.testng.internal.MethodInvocationHelper.invokeMethodConsideringTimeout(MethodInvocationHelper.java:62)
at org.testng.internal.ConfigInvoker.invokeConfigurationMethod(ConfigInvoker.java:385)
at org.testng.internal.ConfigInvoker.invokeConfigurations(ConfigInvoker.java:321)
at org.testng.TestRunner.invokeTestConfigurations(TestRunner.java:637)
at org.testng.TestRunner.beforeRun(TestRunner.java:627)
at org.testng.TestRunner.run(TestRunner.java:589)
at org.testng.SuiteRunner.runTest(SuiteRunner.java:377)
at org.testng.SuiteRunner.runSequentially(SuiteRunner.java:371)
at org.testng.SuiteRunner.privateRun(SuiteRunner.java:332)
at org.testng.SuiteRunner.run(SuiteRunner.java:276)
at org.testng.SuiteRunnerWorker.runSuite(SuiteRunnerWorker.java:53)
at org.testng.SuiteRunnerWorker.run(SuiteRunnerWorker.java:96)
at org.testng.TestNG.runSuitesSequentially(TestNG.java:1212)
at org.testng.TestNG.runSuitesLocally(TestNG.java:1134)
at org.testng.TestNG.runSuites(TestNG.java:1063)
at org.testng.TestNG.run(TestNG.java:1031)
at org.testng.remote.AbstractRemoteTestNG.run(AbstractRemoteTestNG.java:115)
at org.testng.remote.RemoteTestNG.initAndRun(RemoteTestNG.java:251)
at org.testng.remote.RemoteTestNG.main(RemoteTestNG.java:77)
]]>
            </full-stacktrace>
          </exception> <!-- org.openqa.selenium.SessionNotCreatedException -->
          <reporter-output>
          </reporter-output>
        </test-method> <!-- verifyBookTab -->
        <test-method is-config="true" signature="getURL()[pri:0, instance:test.VerifyHeaderOfMainPage@a514af7]" started-at="2023-09-28T17:58:30 IST" name="getURL" finished-at="1970-01-01T05:30:00 IST" duration-ms="-1695904110507" status="SKIP">
          <reporter-output>
          </reporter-output>
        </test-method> <!-- getURL -->
        <test-method signature="verifyCustomerServiceTab()[pri:4, instance:test.VerifyHeaderOfMainPage@a514af7]" started-at="2023-09-28T17:58:30 IST" name="verifyCustomerServiceTab" finished-at="2023-09-28T17:58:30 IST" duration-ms="0" status="SKIP">
          <exception class="org.openqa.selenium.SessionNotCreatedException">
            <message>
              <![CDATA[session not created: This version of ChromeDriver only supports Chrome version 103
Current browser version is 117.0.5938.92 with binary path C:\Program Files\Google\Chrome\Application\chrome.exe
Build info: version: '3.141.59', revision: 'e82be7d358', time: '2018-11-14T08:17:03'
System info: host: 'LAPTOP-3JRU7OQF', ip: '192.168.1.113', os.name: 'Windows 11', os.arch: 'amd64', os.version: '10.0', java.version: '18.0.1.1'
Driver info: driver.version: ChromeDriver
remote stacktrace: Backtrace:
Ordinal0 [0x00645FD3+2187219]
Ordinal0 [0x005DE6D1+1763025]
Ordinal0 [0x004F3E78+802424]
Ordinal0 [0x005151F9+938489]
Ordinal0 [0x00510DDC+921052]
Ordinal0 [0x0050E691+910993]
Ordinal0 [0x005417F0+1120240]
Ordinal0 [0x0054144A+1119306]
Ordinal0 [0x0053C9A6+1100198]
Ordinal0 [0x00516F80+946048]
Ordinal0 [0x00517E76+949878]
GetHandleVerifier [0x008E90C2+2721218]
GetHandleVerifier [0x008DAAF0+2662384]
GetHandleVerifier [0x006D137A+526458]
GetHandleVerifier [0x006D0416+522518]
Ordinal0 [0x005E4EAB+1789611]
Ordinal0 [0x005E97A8+1808296]
Ordinal0 [0x005E9895+1808533]
Ordinal0 [0x005F26C1+1844929]
BaseThreadInitThunk [0x76C76839+25]
RtlGetFullPathName_UEx [0x77538F0F+1215]
RtlGetFullPathName_UEx [0x77538EDD+1165]
]]>
            </message>
            <full-stacktrace>
              <![CDATA[org.openqa.selenium.SessionNotCreatedException: session not created: This version of ChromeDriver only supports Chrome version 103
Current browser version is 117.0.5938.92 with binary path C:\Program Files\Google\Chrome\Application\chrome.exe
Build info: version: '3.141.59', revision: 'e82be7d358', time: '2018-11-14T08:17:03'
System info: host: 'LAPTOP-3JRU7OQF', ip: '192.168.1.113', os.name: 'Windows 11', os.arch: 'amd64', os.version: '10.0', java.version: '18.0.1.1'
Driver info: driver.version: ChromeDriver
remote stacktrace: Backtrace:
Ordinal0 [0x00645FD3+2187219]
Ordinal0 [0x005DE6D1+1763025]
Ordinal0 [0x004F3E78+802424]
Ordinal0 [0x005151F9+938489]
Ordinal0 [0x00510DDC+921052]
Ordinal0 [0x0050E691+910993]
Ordinal0 [0x005417F0+1120240]
Ordinal0 [0x0054144A+1119306]
Ordinal0 [0x0053C9A6+1100198]
Ordinal0 [0x00516F80+946048]
Ordinal0 [0x00517E76+949878]
GetHandleVerifier [0x008E90C2+2721218]
GetHandleVerifier [0x008DAAF0+2662384]
GetHandleVerifier [0x006D137A+526458]
GetHandleVerifier [0x006D0416+522518]
Ordinal0 [0x005E4EAB+1789611]
Ordinal0 [0x005E97A8+1808296]
Ordinal0 [0x005E9895+1808533]
Ordinal0 [0x005F26C1+1844929]
BaseThreadInitThunk [0x76C76839+25]
RtlGetFullPathName_UEx [0x77538F0F+1215]
RtlGetFullPathName_UEx [0x77538EDD+1165]

at java.base/jdk.internal.reflect.DirectConstructorHandleAccessor.newInstance(DirectConstructorHandleAccessor.java:67)
at java.base/java.lang.reflect.Constructor.newInstanceWithCaller(Constructor.java:499)
at java.base/java.lang.reflect.Constructor.newInstance(Constructor.java:483)
at org.openqa.selenium.remote.W3CHandshakeResponse.lambda$errorHandler$0(W3CHandshakeResponse.java:62)
at org.openqa.selenium.remote.HandshakeResponse.lambda$getResponseFunction$0(HandshakeResponse.java:30)
at org.openqa.selenium.remote.ProtocolHandshake.lambda$createSession$0(ProtocolHandshake.java:126)
at java.base/java.util.stream.ReferencePipeline$3$1.accept(ReferencePipeline.java:197)
at java.base/java.util.Spliterators$ArraySpliterator.tryAdvance(Spliterators.java:1002)
at java.base/java.util.stream.ReferencePipeline.forEachWithCancel(ReferencePipeline.java:129)
at java.base/java.util.stream.AbstractPipeline.copyIntoWithCancel(AbstractPipeline.java:527)
at java.base/java.util.stream.AbstractPipeline.copyInto(AbstractPipeline.java:513)
at java.base/java.util.stream.AbstractPipeline.wrapAndCopyInto(AbstractPipeline.java:499)
at java.base/java.util.stream.FindOps$FindOp.evaluateSequential(FindOps.java:150)
at java.base/java.util.stream.AbstractPipeline.evaluate(AbstractPipeline.java:234)
at java.base/java.util.stream.ReferencePipeline.findFirst(ReferencePipeline.java:647)
at org.openqa.selenium.remote.ProtocolHandshake.createSession(ProtocolHandshake.java:128)
at org.openqa.selenium.remote.ProtocolHandshake.createSession(ProtocolHandshake.java:74)
at org.openqa.selenium.remote.HttpCommandExecutor.execute(HttpCommandExecutor.java:136)
at org.openqa.selenium.remote.service.DriverCommandExecutor.execute(DriverCommandExecutor.java:83)
at org.openqa.selenium.remote.RemoteWebDriver.execute(RemoteWebDriver.java:552)
at org.openqa.selenium.remote.RemoteWebDriver.startSession(RemoteWebDriver.java:213)
at org.openqa.selenium.remote.RemoteWebDriver.<init>(RemoteWebDriver.java:131)
at org.openqa.selenium.chrome.ChromeDriver.<init>(ChromeDriver.java:181)
at org.openqa.selenium.chrome.ChromeDriver.<init>(ChromeDriver.java:168)
at org.openqa.selenium.chrome.ChromeDriver.<init>(ChromeDriver.java:123)
at browserSetup.baseBrowser.openChromeBrowser(baseBrowser.java:11)
at test.VerifyHeaderOfMainPage.launchBrowser(VerifyHeaderOfMainPage.java:28)
at java.base/jdk.internal.reflect.DirectMethodHandleAccessor.invoke(DirectMethodHandleAccessor.java:104)
at java.base/java.lang.reflect.Method.invoke(Method.java:577)
at org.testng.internal.MethodInvocationHelper.invokeMethod(MethodInvocationHelper.java:133)
at org.testng.internal.MethodInvocationHelper.invokeMethodConsideringTimeout(MethodInvocationHelper.java:62)
at org.testng.internal.ConfigInvoker.invokeConfigurationMethod(ConfigInvoker.java:385)
at org.testng.internal.ConfigInvoker.invokeConfigurations(ConfigInvoker.java:321)
at org.testng.TestRunner.invokeTestConfigurations(TestRunner.java:637)
at org.testng.TestRunner.beforeRun(TestRunner.java:627)
at org.testng.TestRunner.run(TestRunner.java:589)
at org.testng.SuiteRunner.runTest(SuiteRunner.java:377)
at org.testng.SuiteRunner.runSequentially(SuiteRunner.java:371)
at org.testng.SuiteRunner.privateRun(SuiteRunner.java:332)
at org.testng.SuiteRunner.run(SuiteRunner.java:276)
at org.testng.SuiteRunnerWorker.runSuite(SuiteRunnerWorker.java:53)
at org.testng.SuiteRunnerWorker.run(SuiteRunnerWorker.java:96)
at org.testng.TestNG.runSuitesSequentially(TestNG.java:1212)
at org.testng.TestNG.runSuitesLocally(TestNG.java:1134)
at org.testng.TestNG.runSuites(TestNG.java:1063)
at org.testng.TestNG.run(TestNG.java:1031)
at org.testng.remote.AbstractRemoteTestNG.run(AbstractRemoteTestNG.java:115)
at org.testng.remote.RemoteTestNG.initAndRun(RemoteTestNG.java:251)
at org.testng.remote.RemoteTestNG.main(RemoteTestNG.java:77)
]]>
            </full-stacktrace>
          </exception> <!-- org.openqa.selenium.SessionNotCreatedException -->
          <reporter-output>
          </reporter-output>
        </test-method> <!-- verifyCustomerServiceTab -->
        <test-method is-config="true" signature="romoveObject()[pri:0, instance:test.VerifyHeaderOfMainPage@a514af7]" started-at="2023-09-28T17:58:30 IST" name="romoveObject" finished-at="1970-01-01T05:30:00 IST" duration-ms="-1695904110512" status="SKIP">
          <reporter-output>
          </reporter-output>
        </test-method> <!-- romoveObject -->
        <test-method is-config="true" signature="closeBrowser()[pri:0, instance:test.VerifyHeaderOfMainPage@a514af7]" started-at="2023-09-28T17:58:30 IST" name="closeBrowser" finished-at="1970-01-01T05:30:00 IST" duration-ms="-1695904110513" status="SKIP">
          <reporter-output>
          </reporter-output>
        </test-method> <!-- closeBrowser -->
      </class> <!-- test.VerifyHeaderOfMainPage -->
      <class name="test.verifyBooksAdvanceSearch">
        <test-method is-config="true" signature="launchBrowser(java.lang.String)[pri:0, instance:test.verifyBooksAdvanceSearch@294425a7]" started-at="2023-09-28T17:58:30 IST" name="launchBrowser" finished-at="1970-01-01T05:30:00 IST" duration-ms="-1695904110465" status="SKIP">
          <reporter-output>
          </reporter-output>
        </test-method> <!-- launchBrowser -->
        <test-method is-config="true" signature="objectClass()[pri:0, instance:test.verifyBooksAdvanceSearch@294425a7]" started-at="2023-09-28T17:58:30 IST" name="objectClass" finished-at="1970-01-01T05:30:00 IST" duration-ms="-1695904110483" status="SKIP">
          <reporter-output>
          </reporter-output>
        </test-method> <!-- objectClass -->
        <test-method is-config="true" signature="openURL()[pri:0, instance:test.verifyBooksAdvanceSearch@294425a7]" started-at="2023-09-28T17:58:30 IST" name="openURL" finished-at="1970-01-01T05:30:00 IST" duration-ms="-1695904110490" status="SKIP">
          <reporter-output>
          </reporter-output>
        </test-method> <!-- openURL -->
        <test-method signature="verifyAdvanceSearch()[pri:0, instance:test.verifyBooksAdvanceSearch@294425a7]" started-at="2023-09-28T17:58:30 IST" name="verifyAdvanceSearch" finished-at="2023-09-28T17:58:30 IST" duration-ms="0" status="SKIP">
          <exception class="org.openqa.selenium.SessionNotCreatedException">
            <message>
              <![CDATA[session not created: This version of ChromeDriver only supports Chrome version 103
Current browser version is 117.0.5938.92 with binary path C:\Program Files\Google\Chrome\Application\chrome.exe
Build info: version: '3.141.59', revision: 'e82be7d358', time: '2018-11-14T08:17:03'
System info: host: 'LAPTOP-3JRU7OQF', ip: '192.168.1.113', os.name: 'Windows 11', os.arch: 'amd64', os.version: '10.0', java.version: '18.0.1.1'
Driver info: driver.version: ChromeDriver
remote stacktrace: Backtrace:
Ordinal0 [0x00645FD3+2187219]
Ordinal0 [0x005DE6D1+1763025]
Ordinal0 [0x004F3E78+802424]
Ordinal0 [0x005151F9+938489]
Ordinal0 [0x00510DDC+921052]
Ordinal0 [0x0050E691+910993]
Ordinal0 [0x005417F0+1120240]
Ordinal0 [0x0054144A+1119306]
Ordinal0 [0x0053C9A6+1100198]
Ordinal0 [0x00516F80+946048]
Ordinal0 [0x00517E76+949878]
GetHandleVerifier [0x008E90C2+2721218]
GetHandleVerifier [0x008DAAF0+2662384]
GetHandleVerifier [0x006D137A+526458]
GetHandleVerifier [0x006D0416+522518]
Ordinal0 [0x005E4EAB+1789611]
Ordinal0 [0x005E97A8+1808296]
Ordinal0 [0x005E9895+1808533]
Ordinal0 [0x005F26C1+1844929]
BaseThreadInitThunk [0x76C76839+25]
RtlGetFullPathName_UEx [0x77538F0F+1215]
RtlGetFullPathName_UEx [0x77538EDD+1165]
]]>
            </message>
            <full-stacktrace>
              <![CDATA[org.openqa.selenium.SessionNotCreatedException: session not created: This version of ChromeDriver only supports Chrome version 103
Current browser version is 117.0.5938.92 with binary path C:\Program Files\Google\Chrome\Application\chrome.exe
Build info: version: '3.141.59', revision: 'e82be7d358', time: '2018-11-14T08:17:03'
System info: host: 'LAPTOP-3JRU7OQF', ip: '192.168.1.113', os.name: 'Windows 11', os.arch: 'amd64', os.version: '10.0', java.version: '18.0.1.1'
Driver info: driver.version: ChromeDriver
remote stacktrace: Backtrace:
Ordinal0 [0x00645FD3+2187219]
Ordinal0 [0x005DE6D1+1763025]
Ordinal0 [0x004F3E78+802424]
Ordinal0 [0x005151F9+938489]
Ordinal0 [0x00510DDC+921052]
Ordinal0 [0x0050E691+910993]
Ordinal0 [0x005417F0+1120240]
Ordinal0 [0x0054144A+1119306]
Ordinal0 [0x0053C9A6+1100198]
Ordinal0 [0x00516F80+946048]
Ordinal0 [0x00517E76+949878]
GetHandleVerifier [0x008E90C2+2721218]
GetHandleVerifier [0x008DAAF0+2662384]
GetHandleVerifier [0x006D137A+526458]
GetHandleVerifier [0x006D0416+522518]
Ordinal0 [0x005E4EAB+1789611]
Ordinal0 [0x005E97A8+1808296]
Ordinal0 [0x005E9895+1808533]
Ordinal0 [0x005F26C1+1844929]
BaseThreadInitThunk [0x76C76839+25]
RtlGetFullPathName_UEx [0x77538F0F+1215]
RtlGetFullPathName_UEx [0x77538EDD+1165]

at java.base/jdk.internal.reflect.DirectConstructorHandleAccessor.newInstance(DirectConstructorHandleAccessor.java:67)
at java.base/java.lang.reflect.Constructor.newInstanceWithCaller(Constructor.java:499)
at java.base/java.lang.reflect.Constructor.newInstance(Constructor.java:483)
at org.openqa.selenium.remote.W3CHandshakeResponse.lambda$errorHandler$0(W3CHandshakeResponse.java:62)
at org.openqa.selenium.remote.HandshakeResponse.lambda$getResponseFunction$0(HandshakeResponse.java:30)
at org.openqa.selenium.remote.ProtocolHandshake.lambda$createSession$0(ProtocolHandshake.java:126)
at java.base/java.util.stream.ReferencePipeline$3$1.accept(ReferencePipeline.java:197)
at java.base/java.util.Spliterators$ArraySpliterator.tryAdvance(Spliterators.java:1002)
at java.base/java.util.stream.ReferencePipeline.forEachWithCancel(ReferencePipeline.java:129)
at java.base/java.util.stream.AbstractPipeline.copyIntoWithCancel(AbstractPipeline.java:527)
at java.base/java.util.stream.AbstractPipeline.copyInto(AbstractPipeline.java:513)
at java.base/java.util.stream.AbstractPipeline.wrapAndCopyInto(AbstractPipeline.java:499)
at java.base/java.util.stream.FindOps$FindOp.evaluateSequential(FindOps.java:150)
at java.base/java.util.stream.AbstractPipeline.evaluate(AbstractPipeline.java:234)
at java.base/java.util.stream.ReferencePipeline.findFirst(ReferencePipeline.java:647)
at org.openqa.selenium.remote.ProtocolHandshake.createSession(ProtocolHandshake.java:128)
at org.openqa.selenium.remote.ProtocolHandshake.createSession(ProtocolHandshake.java:74)
at org.openqa.selenium.remote.HttpCommandExecutor.execute(HttpCommandExecutor.java:136)
at org.openqa.selenium.remote.service.DriverCommandExecutor.execute(DriverCommandExecutor.java:83)
at org.openqa.selenium.remote.RemoteWebDriver.execute(RemoteWebDriver.java:552)
at org.openqa.selenium.remote.RemoteWebDriver.startSession(RemoteWebDriver.java:213)
at org.openqa.selenium.remote.RemoteWebDriver.<init>(RemoteWebDriver.java:131)
at org.openqa.selenium.chrome.ChromeDriver.<init>(ChromeDriver.java:181)
at org.openqa.selenium.chrome.ChromeDriver.<init>(ChromeDriver.java:168)
at org.openqa.selenium.chrome.ChromeDriver.<init>(ChromeDriver.java:123)
at browserSetup.baseBrowser.openChromeBrowser(baseBrowser.java:11)
at test.VerifyHeaderOfMainPage.launchBrowser(VerifyHeaderOfMainPage.java:28)
at java.base/jdk.internal.reflect.DirectMethodHandleAccessor.invoke(DirectMethodHandleAccessor.java:104)
at java.base/java.lang.reflect.Method.invoke(Method.java:577)
at org.testng.internal.MethodInvocationHelper.invokeMethod(MethodInvocationHelper.java:133)
at org.testng.internal.MethodInvocationHelper.invokeMethodConsideringTimeout(MethodInvocationHelper.java:62)
at org.testng.internal.ConfigInvoker.invokeConfigurationMethod(ConfigInvoker.java:385)
at org.testng.internal.ConfigInvoker.invokeConfigurations(ConfigInvoker.java:321)
at org.testng.TestRunner.invokeTestConfigurations(TestRunner.java:637)
at org.testng.TestRunner.beforeRun(TestRunner.java:627)
at org.testng.TestRunner.run(TestRunner.java:589)
at org.testng.SuiteRunner.runTest(SuiteRunner.java:377)
at org.testng.SuiteRunner.runSequentially(SuiteRunner.java:371)
at org.testng.SuiteRunner.privateRun(SuiteRunner.java:332)
at org.testng.SuiteRunner.run(SuiteRunner.java:276)
at org.testng.SuiteRunnerWorker.runSuite(SuiteRunnerWorker.java:53)
at org.testng.SuiteRunnerWorker.run(SuiteRunnerWorker.java:96)
at org.testng.TestNG.runSuitesSequentially(TestNG.java:1212)
at org.testng.TestNG.runSuitesLocally(TestNG.java:1134)
at org.testng.TestNG.runSuites(TestNG.java:1063)
at org.testng.TestNG.run(TestNG.java:1031)
at org.testng.remote.AbstractRemoteTestNG.run(AbstractRemoteTestNG.java:115)
at org.testng.remote.RemoteTestNG.initAndRun(RemoteTestNG.java:251)
at org.testng.remote.RemoteTestNG.main(RemoteTestNG.java:77)
]]>
            </full-stacktrace>
          </exception> <!-- org.openqa.selenium.SessionNotCreatedException -->
          <reporter-output>
          </reporter-output>
        </test-method> <!-- verifyAdvanceSearch -->
        <test-method is-config="true" signature="removeObject()[pri:0, instance:test.verifyBooksAdvanceSearch@294425a7]" started-at="2023-09-28T17:58:30 IST" name="removeObject" finished-at="1970-01-01T05:30:00 IST" duration-ms="-1695904110499" status="SKIP">
          <reporter-output>
          </reporter-output>
        </test-method> <!-- removeObject -->
        <test-method is-config="true" signature="closeBrowser()[pri:0, instance:test.verifyBooksAdvanceSearch@294425a7]" started-at="2023-09-28T17:58:30 IST" name="closeBrowser" finished-at="1970-01-01T05:30:00 IST" duration-ms="-1695904110514" status="SKIP">
          <reporter-output>
          </reporter-output>
        </test-method> <!-- closeBrowser -->
      </class> <!-- test.verifyBooksAdvanceSearch -->
      <class name="test.Verify_Search_MobilePage">
        <test-method is-config="true" signature="launchBrowser(java.lang.String)[pri:0, instance:test.Verify_Search_MobilePage@6379eb]" started-at="2023-09-28T17:58:30 IST" name="launchBrowser" finished-at="1970-01-01T05:30:00 IST" duration-ms="-1695904110465" status="SKIP">
          <reporter-output>
          </reporter-output>
        </test-method> <!-- launchBrowser -->
        <test-method is-config="true" signature="objectPOMClass()[pri:0, instance:test.Verify_Search_MobilePage@6379eb]" started-at="2023-09-28T17:58:30 IST" name="objectPOMClass" finished-at="1970-01-01T05:30:00 IST" duration-ms="-1695904110483" status="SKIP">
          <reporter-output>
          </reporter-output>
        </test-method> <!-- objectPOMClass -->
        <test-method is-config="true" signature="openURL()[pri:0, instance:test.Verify_Search_MobilePage@6379eb]" started-at="2023-09-28T17:58:30 IST" name="openURL" finished-at="1970-01-01T05:30:00 IST" duration-ms="-1695904110490" status="SKIP">
          <reporter-output>
          </reporter-output>
        </test-method> <!-- openURL -->
        <test-method signature="verifyWithoutExchangeIsSelected()[pri:0, instance:test.Verify_Search_MobilePage@6379eb]" started-at="2023-09-28T17:58:30 IST" name="verifyWithoutExchangeIsSelected" finished-at="2023-09-28T17:58:30 IST" duration-ms="0" status="SKIP">
          <exception class="org.openqa.selenium.SessionNotCreatedException">
            <message>
              <![CDATA[session not created: This version of ChromeDriver only supports Chrome version 103
Current browser version is 117.0.5938.92 with binary path C:\Program Files\Google\Chrome\Application\chrome.exe
Build info: version: '3.141.59', revision: 'e82be7d358', time: '2018-11-14T08:17:03'
System info: host: 'LAPTOP-3JRU7OQF', ip: '192.168.1.113', os.name: 'Windows 11', os.arch: 'amd64', os.version: '10.0', java.version: '18.0.1.1'
Driver info: driver.version: ChromeDriver
remote stacktrace: Backtrace:
Ordinal0 [0x00645FD3+2187219]
Ordinal0 [0x005DE6D1+1763025]
Ordinal0 [0x004F3E78+802424]
Ordinal0 [0x005151F9+938489]
Ordinal0 [0x00510DDC+921052]
Ordinal0 [0x0050E691+910993]
Ordinal0 [0x005417F0+1120240]
Ordinal0 [0x0054144A+1119306]
Ordinal0 [0x0053C9A6+1100198]
Ordinal0 [0x00516F80+946048]
Ordinal0 [0x00517E76+949878]
GetHandleVerifier [0x008E90C2+2721218]
GetHandleVerifier [0x008DAAF0+2662384]
GetHandleVerifier [0x006D137A+526458]
GetHandleVerifier [0x006D0416+522518]
Ordinal0 [0x005E4EAB+1789611]
Ordinal0 [0x005E97A8+1808296]
Ordinal0 [0x005E9895+1808533]
Ordinal0 [0x005F26C1+1844929]
BaseThreadInitThunk [0x76C76839+25]
RtlGetFullPathName_UEx [0x77538F0F+1215]
RtlGetFullPathName_UEx [0x77538EDD+1165]
]]>
            </message>
            <full-stacktrace>
              <![CDATA[org.openqa.selenium.SessionNotCreatedException: session not created: This version of ChromeDriver only supports Chrome version 103
Current browser version is 117.0.5938.92 with binary path C:\Program Files\Google\Chrome\Application\chrome.exe
Build info: version: '3.141.59', revision: 'e82be7d358', time: '2018-11-14T08:17:03'
System info: host: 'LAPTOP-3JRU7OQF', ip: '192.168.1.113', os.name: 'Windows 11', os.arch: 'amd64', os.version: '10.0', java.version: '18.0.1.1'
Driver info: driver.version: ChromeDriver
remote stacktrace: Backtrace:
Ordinal0 [0x00645FD3+2187219]
Ordinal0 [0x005DE6D1+1763025]
Ordinal0 [0x004F3E78+802424]
Ordinal0 [0x005151F9+938489]
Ordinal0 [0x00510DDC+921052]
Ordinal0 [0x0050E691+910993]
Ordinal0 [0x005417F0+1120240]
Ordinal0 [0x0054144A+1119306]
Ordinal0 [0x0053C9A6+1100198]
Ordinal0 [0x00516F80+946048]
Ordinal0 [0x00517E76+949878]
GetHandleVerifier [0x008E90C2+2721218]
GetHandleVerifier [0x008DAAF0+2662384]
GetHandleVerifier [0x006D137A+526458]
GetHandleVerifier [0x006D0416+522518]
Ordinal0 [0x005E4EAB+1789611]
Ordinal0 [0x005E97A8+1808296]
Ordinal0 [0x005E9895+1808533]
Ordinal0 [0x005F26C1+1844929]
BaseThreadInitThunk [0x76C76839+25]
RtlGetFullPathName_UEx [0x77538F0F+1215]
RtlGetFullPathName_UEx [0x77538EDD+1165]

at java.base/jdk.internal.reflect.DirectConstructorHandleAccessor.newInstance(DirectConstructorHandleAccessor.java:67)
at java.base/java.lang.reflect.Constructor.newInstanceWithCaller(Constructor.java:499)
at java.base/java.lang.reflect.Constructor.newInstance(Constructor.java:483)
at org.openqa.selenium.remote.W3CHandshakeResponse.lambda$errorHandler$0(W3CHandshakeResponse.java:62)
at org.openqa.selenium.remote.HandshakeResponse.lambda$getResponseFunction$0(HandshakeResponse.java:30)
at org.openqa.selenium.remote.ProtocolHandshake.lambda$createSession$0(ProtocolHandshake.java:126)
at java.base/java.util.stream.ReferencePipeline$3$1.accept(ReferencePipeline.java:197)
at java.base/java.util.Spliterators$ArraySpliterator.tryAdvance(Spliterators.java:1002)
at java.base/java.util.stream.ReferencePipeline.forEachWithCancel(ReferencePipeline.java:129)
at java.base/java.util.stream.AbstractPipeline.copyIntoWithCancel(AbstractPipeline.java:527)
at java.base/java.util.stream.AbstractPipeline.copyInto(AbstractPipeline.java:513)
at java.base/java.util.stream.AbstractPipeline.wrapAndCopyInto(AbstractPipeline.java:499)
at java.base/java.util.stream.FindOps$FindOp.evaluateSequential(FindOps.java:150)
at java.base/java.util.stream.AbstractPipeline.evaluate(AbstractPipeline.java:234)
at java.base/java.util.stream.ReferencePipeline.findFirst(ReferencePipeline.java:647)
at org.openqa.selenium.remote.ProtocolHandshake.createSession(ProtocolHandshake.java:128)
at org.openqa.selenium.remote.ProtocolHandshake.createSession(ProtocolHandshake.java:74)
at org.openqa.selenium.remote.HttpCommandExecutor.execute(HttpCommandExecutor.java:136)
at org.openqa.selenium.remote.service.DriverCommandExecutor.execute(DriverCommandExecutor.java:83)
at org.openqa.selenium.remote.RemoteWebDriver.execute(RemoteWebDriver.java:552)
at org.openqa.selenium.remote.RemoteWebDriver.startSession(RemoteWebDriver.java:213)
at org.openqa.selenium.remote.RemoteWebDriver.<init>(RemoteWebDriver.java:131)
at org.openqa.selenium.chrome.ChromeDriver.<init>(ChromeDriver.java:181)
at org.openqa.selenium.chrome.ChromeDriver.<init>(ChromeDriver.java:168)
at org.openqa.selenium.chrome.ChromeDriver.<init>(ChromeDriver.java:123)
at browserSetup.baseBrowser.openChromeBrowser(baseBrowser.java:11)
at test.VerifyHeaderOfMainPage.launchBrowser(VerifyHeaderOfMainPage.java:28)
at java.base/jdk.internal.reflect.DirectMethodHandleAccessor.invoke(DirectMethodHandleAccessor.java:104)
at java.base/java.lang.reflect.Method.invoke(Method.java:577)
at org.testng.internal.MethodInvocationHelper.invokeMethod(MethodInvocationHelper.java:133)
at org.testng.internal.MethodInvocationHelper.invokeMethodConsideringTimeout(MethodInvocationHelper.java:62)
at org.testng.internal.ConfigInvoker.invokeConfigurationMethod(ConfigInvoker.java:385)
at org.testng.internal.ConfigInvoker.invokeConfigurations(ConfigInvoker.java:321)
at org.testng.TestRunner.invokeTestConfigurations(TestRunner.java:637)
at org.testng.TestRunner.beforeRun(TestRunner.java:627)
at org.testng.TestRunner.run(TestRunner.java:589)
at org.testng.SuiteRunner.runTest(SuiteRunner.java:377)
at org.testng.SuiteRunner.runSequentially(SuiteRunner.java:371)
at org.testng.SuiteRunner.privateRun(SuiteRunner.java:332)
at org.testng.SuiteRunner.run(SuiteRunner.java:276)
at org.testng.SuiteRunnerWorker.runSuite(SuiteRunnerWorker.java:53)
at org.testng.SuiteRunnerWorker.run(SuiteRunnerWorker.java:96)
at org.testng.TestNG.runSuitesSequentially(TestNG.java:1212)
at org.testng.TestNG.runSuitesLocally(TestNG.java:1134)
at org.testng.TestNG.runSuites(TestNG.java:1063)
at org.testng.TestNG.run(TestNG.java:1031)
at org.testng.remote.AbstractRemoteTestNG.run(AbstractRemoteTestNG.java:115)
at org.testng.remote.RemoteTestNG.initAndRun(RemoteTestNG.java:251)
at org.testng.remote.RemoteTestNG.main(RemoteTestNG.java:77)
]]>
            </full-stacktrace>
          </exception> <!-- org.openqa.selenium.SessionNotCreatedException -->
          <reporter-output>
          </reporter-output>
        </test-method> <!-- verifyWithoutExchangeIsSelected -->
        <test-method is-config="true" signature="removeObject()[pri:0, instance:test.Verify_Search_MobilePage@6379eb]" started-at="2023-09-28T17:58:30 IST" name="removeObject" finished-at="1970-01-01T05:30:00 IST" duration-ms="-1695904110498" status="SKIP">
          <reporter-output>
          </reporter-output>
        </test-method> <!-- removeObject -->
        <test-method is-config="true" signature="closeBrowser()[pri:0, instance:test.Verify_Search_MobilePage@6379eb]" started-at="2023-09-28T17:58:30 IST" name="closeBrowser" finished-at="1970-01-01T05:30:00 IST" duration-ms="-1695904110514" status="SKIP">
          <reporter-output>
          </reporter-output>
        </test-method> <!-- closeBrowser -->
      </class> <!-- test.Verify_Search_MobilePage -->
    </test> <!-- Chrome -->
    <test started-at="2023-09-28T17:58:30 IST" name="Edge" finished-at="2023-09-28T17:58:33 IST" duration-ms="2596">
      <class name="test.VerifyHeaderOfMainPage">
        <test-method is-config="true" signature="launchBrowser(java.lang.String)[pri:0, instance:test.VerifyHeaderOfMainPage@7d8995e]" started-at="2023-09-28T17:58:30 IST" name="launchBrowser" finished-at="2023-09-28T17:58:33 IST" duration-ms="2545" status="FAIL">
          <params>
            <param index="0">
              <value>
                <![CDATA[Edge]]>
              </value>
            </param>
          </params>
          <exception class="org.openqa.selenium.SessionNotCreatedException">
            <message>
              <![CDATA[session not created: This version of Microsoft Edge WebDriver only supports Microsoft Edge version 105
Current browser version is 117.0.2045.43 with binary path C:\Program Files (x86)\Microsoft\Edge\Application\msedge.exe
Build info: version: '3.141.59', revision: 'e82be7d358', time: '2018-11-14T08:17:03'
System info: host: 'LAPTOP-3JRU7OQF', ip: '192.168.1.113', os.name: 'Windows 11', os.arch: 'amd64', os.version: '10.0', java.version: '18.0.1.1'
Driver info: driver.version: EdgeDriver
remote stacktrace: Backtrace:
Microsoft::Applications::Events::EventProperties::SetProperty [0x00007FF7DD6E1FE2+17554]
Microsoft::Applications::Events::EventProperty::EventProperty [0x00007FF7DD67E932+1438450]
Ordinal0 [0x00007FF7DD2A9345+627525]
Ordinal0 [0x00007FF7DD2D73D4+816084]
Ordinal0 [0x00007FF7DD2D28B3+796851]
Ordinal0 [0x00007FF7DD2CD9F0+776688]
Ordinal0 [0x00007FF7DD30969F+1021599]
Ordinal0 [0x00007FF7DD303A43+997955]
Ordinal0 [0x00007FF7DD2D94C0+824512]
Ordinal0 [0x00007FF7DD2DA9F8+829944]
Microsoft::Applications::Events::EventProperty::EventProperty [0x00007FF7DD540308+134344]
Microsoft::Applications::Events::EventProperty::EventProperty [0x00007FF7DD529C35+42485]
Microsoft::Applications::Events::EventProperty::EventProperty [0x00007FF7DD52CD1C+55004]
Ordinal0 [0x00007FF7DD394F14+1593108]
Microsoft::Applications::Events::EventProperty::EventProperty [0x00007FF7DD68407B+1460795]
Microsoft::Applications::Events::EventProperty::EventProperty [0x00007FF7DD688044+1477124]
Microsoft::Applications::Events::EventProperty::EventProperty [0x00007FF7DD68819D+1477469]
Microsoft::Applications::Events::EventProperty::EventProperty [0x00007FF7DD690169+1510185]
BaseThreadInitThunk [0x00007FFE55BE53E0+16]
RtlUserThreadStart [0x00007FFE5682485B+43]
]]>
            </message>
            <full-stacktrace>
              <![CDATA[org.openqa.selenium.SessionNotCreatedException: session not created: This version of Microsoft Edge WebDriver only supports Microsoft Edge version 105
Current browser version is 117.0.2045.43 with binary path C:\Program Files (x86)\Microsoft\Edge\Application\msedge.exe
Build info: version: '3.141.59', revision: 'e82be7d358', time: '2018-11-14T08:17:03'
System info: host: 'LAPTOP-3JRU7OQF', ip: '192.168.1.113', os.name: 'Windows 11', os.arch: 'amd64', os.version: '10.0', java.version: '18.0.1.1'
Driver info: driver.version: EdgeDriver
remote stacktrace: Backtrace:
Microsoft::Applications::Events::EventProperties::SetProperty [0x00007FF7DD6E1FE2+17554]
Microsoft::Applications::Events::EventProperty::EventProperty [0x00007FF7DD67E932+1438450]
Ordinal0 [0x00007FF7DD2A9345+627525]
Ordinal0 [0x00007FF7DD2D73D4+816084]
Ordinal0 [0x00007FF7DD2D28B3+796851]
Ordinal0 [0x00007FF7DD2CD9F0+776688]
Ordinal0 [0x00007FF7DD30969F+1021599]
Ordinal0 [0x00007FF7DD303A43+997955]
Ordinal0 [0x00007FF7DD2D94C0+824512]
Ordinal0 [0x00007FF7DD2DA9F8+829944]
Microsoft::Applications::Events::EventProperty::EventProperty [0x00007FF7DD540308+134344]
Microsoft::Applications::Events::EventProperty::EventProperty [0x00007FF7DD529C35+42485]
Microsoft::Applications::Events::EventProperty::EventProperty [0x00007FF7DD52CD1C+55004]
Ordinal0 [0x00007FF7DD394F14+1593108]
Microsoft::Applications::Events::EventProperty::EventProperty [0x00007FF7DD68407B+1460795]
Microsoft::Applications::Events::EventProperty::EventProperty [0x00007FF7DD688044+1477124]
Microsoft::Applications::Events::EventProperty::EventProperty [0x00007FF7DD68819D+1477469]
Microsoft::Applications::Events::EventProperty::EventProperty [0x00007FF7DD690169+1510185]
BaseThreadInitThunk [0x00007FFE55BE53E0+16]
RtlUserThreadStart [0x00007FFE5682485B+43]

at java.base/jdk.internal.reflect.DirectConstructorHandleAccessor.newInstance(DirectConstructorHandleAccessor.java:67)
at java.base/java.lang.reflect.Constructor.newInstanceWithCaller(Constructor.java:499)
at java.base/java.lang.reflect.Constructor.newInstance(Constructor.java:483)
at org.openqa.selenium.remote.W3CHandshakeResponse.lambda$errorHandler$0(W3CHandshakeResponse.java:62)
at org.openqa.selenium.remote.HandshakeResponse.lambda$getResponseFunction$0(HandshakeResponse.java:30)
at org.openqa.selenium.remote.ProtocolHandshake.lambda$createSession$0(ProtocolHandshake.java:126)
at java.base/java.util.stream.ReferencePipeline$3$1.accept(ReferencePipeline.java:197)
at java.base/java.util.Spliterators$ArraySpliterator.tryAdvance(Spliterators.java:1002)
at java.base/java.util.stream.ReferencePipeline.forEachWithCancel(ReferencePipeline.java:129)
at java.base/java.util.stream.AbstractPipeline.copyIntoWithCancel(AbstractPipeline.java:527)
at java.base/java.util.stream.AbstractPipeline.copyInto(AbstractPipeline.java:513)
at java.base/java.util.stream.AbstractPipeline.wrapAndCopyInto(AbstractPipeline.java:499)
at java.base/java.util.stream.FindOps$FindOp.evaluateSequential(FindOps.java:150)
at java.base/java.util.stream.AbstractPipeline.evaluate(AbstractPipeline.java:234)
at java.base/java.util.stream.ReferencePipeline.findFirst(ReferencePipeline.java:647)
at org.openqa.selenium.remote.ProtocolHandshake.createSession(ProtocolHandshake.java:128)
at org.openqa.selenium.remote.ProtocolHandshake.createSession(ProtocolHandshake.java:74)
at org.openqa.selenium.remote.HttpCommandExecutor.execute(HttpCommandExecutor.java:136)
at org.openqa.selenium.remote.service.DriverCommandExecutor.execute(DriverCommandExecutor.java:83)
at org.openqa.selenium.remote.RemoteWebDriver.execute(RemoteWebDriver.java:552)
at org.openqa.selenium.remote.RemoteWebDriver.startSession(RemoteWebDriver.java:213)
at org.openqa.selenium.remote.RemoteWebDriver.<init>(RemoteWebDriver.java:131)
at org.openqa.selenium.edge.EdgeDriver.<init>(EdgeDriver.java:141)
at org.openqa.selenium.edge.EdgeDriver.<init>(EdgeDriver.java:96)
at browserSetup.baseBrowser.openEdgeBrowser(baseBrowser.java:16)
at test.VerifyHeaderOfMainPage.launchBrowser(VerifyHeaderOfMainPage.java:31)
at java.base/jdk.internal.reflect.DirectMethodHandleAccessor.invoke(DirectMethodHandleAccessor.java:104)
at java.base/java.lang.reflect.Method.invoke(Method.java:577)
at org.testng.internal.MethodInvocationHelper.invokeMethod(MethodInvocationHelper.java:133)
at org.testng.internal.MethodInvocationHelper.invokeMethodConsideringTimeout(MethodInvocationHelper.java:62)
at org.testng.internal.ConfigInvoker.invokeConfigurationMethod(ConfigInvoker.java:385)
at org.testng.internal.ConfigInvoker.invokeConfigurations(ConfigInvoker.java:321)
at org.testng.TestRunner.invokeTestConfigurations(TestRunner.java:637)
at org.testng.TestRunner.beforeRun(TestRunner.java:627)
at org.testng.TestRunner.run(TestRunner.java:589)
at org.testng.SuiteRunner.runTest(SuiteRunner.java:377)
at org.testng.SuiteRunner.runSequentially(SuiteRunner.java:371)
at org.testng.SuiteRunner.privateRun(SuiteRunner.java:332)
at org.testng.SuiteRunner.run(SuiteRunner.java:276)
at org.testng.SuiteRunnerWorker.runSuite(SuiteRunnerWorker.java:53)
at org.testng.SuiteRunnerWorker.run(SuiteRunnerWorker.java:96)
at org.testng.TestNG.runSuitesSequentially(TestNG.java:1212)
at org.testng.TestNG.runSuitesLocally(TestNG.java:1134)
at org.testng.TestNG.runSuites(TestNG.java:1063)
at org.testng.TestNG.run(TestNG.java:1031)
at org.testng.remote.AbstractRemoteTestNG.run(AbstractRemoteTestNG.java:115)
at org.testng.remote.RemoteTestNG.initAndRun(RemoteTestNG.java:251)
at org.testng.remote.RemoteTestNG.main(RemoteTestNG.java:77)
]]>
            </full-stacktrace>
          </exception> <!-- org.openqa.selenium.SessionNotCreatedException -->
          <reporter-output>
          </reporter-output>
        </test-method> <!-- launchBrowser -->
        <test-method is-config="true" signature="objectPOMClass()[pri:0, instance:test.VerifyHeaderOfMainPage@7d8995e]" started-at="2023-09-28T17:58:33 IST" name="objectPOMClass" finished-at="1970-01-01T05:30:00 IST" duration-ms="-1695904113134" status="SKIP">
          <reporter-output>
          </reporter-output>
        </test-method> <!-- objectPOMClass -->
        <test-method is-config="true" signature="getURL()[pri:0, instance:test.VerifyHeaderOfMainPage@7d8995e]" started-at="2023-09-28T17:58:33 IST" name="getURL" finished-at="1970-01-01T05:30:00 IST" duration-ms="-1695904113135" status="SKIP">
          <reporter-output>
          </reporter-output>
        </test-method> <!-- getURL -->
        <test-method signature="verifyAllTab()[pri:1, instance:test.VerifyHeaderOfMainPage@7d8995e]" started-at="2023-09-28T17:58:33 IST" name="verifyAllTab" finished-at="2023-09-28T17:58:33 IST" duration-ms="0" status="SKIP">
          <exception class="org.openqa.selenium.SessionNotCreatedException">
            <message>
              <![CDATA[session not created: This version of Microsoft Edge WebDriver only supports Microsoft Edge version 105
Current browser version is 117.0.2045.43 with binary path C:\Program Files (x86)\Microsoft\Edge\Application\msedge.exe
Build info: version: '3.141.59', revision: 'e82be7d358', time: '2018-11-14T08:17:03'
System info: host: 'LAPTOP-3JRU7OQF', ip: '192.168.1.113', os.name: 'Windows 11', os.arch: 'amd64', os.version: '10.0', java.version: '18.0.1.1'
Driver info: driver.version: EdgeDriver
remote stacktrace: Backtrace:
Microsoft::Applications::Events::EventProperties::SetProperty [0x00007FF7DD6E1FE2+17554]
Microsoft::Applications::Events::EventProperty::EventProperty [0x00007FF7DD67E932+1438450]
Ordinal0 [0x00007FF7DD2A9345+627525]
Ordinal0 [0x00007FF7DD2D73D4+816084]
Ordinal0 [0x00007FF7DD2D28B3+796851]
Ordinal0 [0x00007FF7DD2CD9F0+776688]
Ordinal0 [0x00007FF7DD30969F+1021599]
Ordinal0 [0x00007FF7DD303A43+997955]
Ordinal0 [0x00007FF7DD2D94C0+824512]
Ordinal0 [0x00007FF7DD2DA9F8+829944]
Microsoft::Applications::Events::EventProperty::EventProperty [0x00007FF7DD540308+134344]
Microsoft::Applications::Events::EventProperty::EventProperty [0x00007FF7DD529C35+42485]
Microsoft::Applications::Events::EventProperty::EventProperty [0x00007FF7DD52CD1C+55004]
Ordinal0 [0x00007FF7DD394F14+1593108]
Microsoft::Applications::Events::EventProperty::EventProperty [0x00007FF7DD68407B+1460795]
Microsoft::Applications::Events::EventProperty::EventProperty [0x00007FF7DD688044+1477124]
Microsoft::Applications::Events::EventProperty::EventProperty [0x00007FF7DD68819D+1477469]
Microsoft::Applications::Events::EventProperty::EventProperty [0x00007FF7DD690169+1510185]
BaseThreadInitThunk [0x00007FFE55BE53E0+16]
RtlUserThreadStart [0x00007FFE5682485B+43]
]]>
            </message>
            <full-stacktrace>
              <![CDATA[org.openqa.selenium.SessionNotCreatedException: session not created: This version of Microsoft Edge WebDriver only supports Microsoft Edge version 105
Current browser version is 117.0.2045.43 with binary path C:\Program Files (x86)\Microsoft\Edge\Application\msedge.exe
Build info: version: '3.141.59', revision: 'e82be7d358', time: '2018-11-14T08:17:03'
System info: host: 'LAPTOP-3JRU7OQF', ip: '192.168.1.113', os.name: 'Windows 11', os.arch: 'amd64', os.version: '10.0', java.version: '18.0.1.1'
Driver info: driver.version: EdgeDriver
remote stacktrace: Backtrace:
Microsoft::Applications::Events::EventProperties::SetProperty [0x00007FF7DD6E1FE2+17554]
Microsoft::Applications::Events::EventProperty::EventProperty [0x00007FF7DD67E932+1438450]
Ordinal0 [0x00007FF7DD2A9345+627525]
Ordinal0 [0x00007FF7DD2D73D4+816084]
Ordinal0 [0x00007FF7DD2D28B3+796851]
Ordinal0 [0x00007FF7DD2CD9F0+776688]
Ordinal0 [0x00007FF7DD30969F+1021599]
Ordinal0 [0x00007FF7DD303A43+997955]
Ordinal0 [0x00007FF7DD2D94C0+824512]
Ordinal0 [0x00007FF7DD2DA9F8+829944]
Microsoft::Applications::Events::EventProperty::EventProperty [0x00007FF7DD540308+134344]
Microsoft::Applications::Events::EventProperty::EventProperty [0x00007FF7DD529C35+42485]
Microsoft::Applications::Events::EventProperty::EventProperty [0x00007FF7DD52CD1C+55004]
Ordinal0 [0x00007FF7DD394F14+1593108]
Microsoft::Applications::Events::EventProperty::EventProperty [0x00007FF7DD68407B+1460795]
Microsoft::Applications::Events::EventProperty::EventProperty [0x00007FF7DD688044+1477124]
Microsoft::Applications::Events::EventProperty::EventProperty [0x00007FF7DD68819D+1477469]
Microsoft::Applications::Events::EventProperty::EventProperty [0x00007FF7DD690169+1510185]
BaseThreadInitThunk [0x00007FFE55BE53E0+16]
RtlUserThreadStart [0x00007FFE5682485B+43]

at java.base/jdk.internal.reflect.DirectConstructorHandleAccessor.newInstance(DirectConstructorHandleAccessor.java:67)
at java.base/java.lang.reflect.Constructor.newInstanceWithCaller(Constructor.java:499)
at java.base/java.lang.reflect.Constructor.newInstance(Constructor.java:483)
at org.openqa.selenium.remote.W3CHandshakeResponse.lambda$errorHandler$0(W3CHandshakeResponse.java:62)
at org.openqa.selenium.remote.HandshakeResponse.lambda$getResponseFunction$0(HandshakeResponse.java:30)
at org.openqa.selenium.remote.ProtocolHandshake.lambda$createSession$0(ProtocolHandshake.java:126)
at java.base/java.util.stream.ReferencePipeline$3$1.accept(ReferencePipeline.java:197)
at java.base/java.util.Spliterators$ArraySpliterator.tryAdvance(Spliterators.java:1002)
at java.base/java.util.stream.ReferencePipeline.forEachWithCancel(ReferencePipeline.java:129)
at java.base/java.util.stream.AbstractPipeline.copyIntoWithCancel(AbstractPipeline.java:527)
at java.base/java.util.stream.AbstractPipeline.copyInto(AbstractPipeline.java:513)
at java.base/java.util.stream.AbstractPipeline.wrapAndCopyInto(AbstractPipeline.java:499)
at java.base/java.util.stream.FindOps$FindOp.evaluateSequential(FindOps.java:150)
at java.base/java.util.stream.AbstractPipeline.evaluate(AbstractPipeline.java:234)
at java.base/java.util.stream.ReferencePipeline.findFirst(ReferencePipeline.java:647)
at org.openqa.selenium.remote.ProtocolHandshake.createSession(ProtocolHandshake.java:128)
at org.openqa.selenium.remote.ProtocolHandshake.createSession(ProtocolHandshake.java:74)
at org.openqa.selenium.remote.HttpCommandExecutor.execute(HttpCommandExecutor.java:136)
at org.openqa.selenium.remote.service.DriverCommandExecutor.execute(DriverCommandExecutor.java:83)
at org.openqa.selenium.remote.RemoteWebDriver.execute(RemoteWebDriver.java:552)
at org.openqa.selenium.remote.RemoteWebDriver.startSession(RemoteWebDriver.java:213)
at org.openqa.selenium.remote.RemoteWebDriver.<init>(RemoteWebDriver.java:131)
at org.openqa.selenium.edge.EdgeDriver.<init>(EdgeDriver.java:141)
at org.openqa.selenium.edge.EdgeDriver.<init>(EdgeDriver.java:96)
at browserSetup.baseBrowser.openEdgeBrowser(baseBrowser.java:16)
at test.VerifyHeaderOfMainPage.launchBrowser(VerifyHeaderOfMainPage.java:31)
at java.base/jdk.internal.reflect.DirectMethodHandleAccessor.invoke(DirectMethodHandleAccessor.java:104)
at java.base/java.lang.reflect.Method.invoke(Method.java:577)
at org.testng.internal.MethodInvocationHelper.invokeMethod(MethodInvocationHelper.java:133)
at org.testng.internal.MethodInvocationHelper.invokeMethodConsideringTimeout(MethodInvocationHelper.java:62)
at org.testng.internal.ConfigInvoker.invokeConfigurationMethod(ConfigInvoker.java:385)
at org.testng.internal.ConfigInvoker.invokeConfigurations(ConfigInvoker.java:321)
at org.testng.TestRunner.invokeTestConfigurations(TestRunner.java:637)
at org.testng.TestRunner.beforeRun(TestRunner.java:627)
at org.testng.TestRunner.run(TestRunner.java:589)
at org.testng.SuiteRunner.runTest(SuiteRunner.java:377)
at org.testng.SuiteRunner.runSequentially(SuiteRunner.java:371)
at org.testng.SuiteRunner.privateRun(SuiteRunner.java:332)
at org.testng.SuiteRunner.run(SuiteRunner.java:276)
at org.testng.SuiteRunnerWorker.runSuite(SuiteRunnerWorker.java:53)
at org.testng.SuiteRunnerWorker.run(SuiteRunnerWorker.java:96)
at org.testng.TestNG.runSuitesSequentially(TestNG.java:1212)
at org.testng.TestNG.runSuitesLocally(TestNG.java:1134)
at org.testng.TestNG.runSuites(TestNG.java:1063)
at org.testng.TestNG.run(TestNG.java:1031)
at org.testng.remote.AbstractRemoteTestNG.run(AbstractRemoteTestNG.java:115)
at org.testng.remote.RemoteTestNG.initAndRun(RemoteTestNG.java:251)
at org.testng.remote.RemoteTestNG.main(RemoteTestNG.java:77)
]]>
            </full-stacktrace>
          </exception> <!-- org.openqa.selenium.SessionNotCreatedException -->
          <reporter-output>
          </reporter-output>
        </test-method> <!-- verifyAllTab -->
        <test-method is-config="true" signature="getURL()[pri:0, instance:test.VerifyHeaderOfMainPage@7d8995e]" started-at="2023-09-28T17:58:33 IST" name="getURL" finished-at="1970-01-01T05:30:00 IST" duration-ms="-1695904113141" status="SKIP">
          <reporter-output>
          </reporter-output>
        </test-method> <!-- getURL -->
        <test-method signature="verifyBestSellerTab()[pri:2, instance:test.VerifyHeaderOfMainPage@7d8995e]" started-at="2023-09-28T17:58:33 IST" name="verifyBestSellerTab" finished-at="2023-09-28T17:58:33 IST" duration-ms="0" status="SKIP">
          <exception class="org.openqa.selenium.SessionNotCreatedException">
            <message>
              <![CDATA[session not created: This version of Microsoft Edge WebDriver only supports Microsoft Edge version 105
Current browser version is 117.0.2045.43 with binary path C:\Program Files (x86)\Microsoft\Edge\Application\msedge.exe
Build info: version: '3.141.59', revision: 'e82be7d358', time: '2018-11-14T08:17:03'
System info: host: 'LAPTOP-3JRU7OQF', ip: '192.168.1.113', os.name: 'Windows 11', os.arch: 'amd64', os.version: '10.0', java.version: '18.0.1.1'
Driver info: driver.version: EdgeDriver
remote stacktrace: Backtrace:
Microsoft::Applications::Events::EventProperties::SetProperty [0x00007FF7DD6E1FE2+17554]
Microsoft::Applications::Events::EventProperty::EventProperty [0x00007FF7DD67E932+1438450]
Ordinal0 [0x00007FF7DD2A9345+627525]
Ordinal0 [0x00007FF7DD2D73D4+816084]
Ordinal0 [0x00007FF7DD2D28B3+796851]
Ordinal0 [0x00007FF7DD2CD9F0+776688]
Ordinal0 [0x00007FF7DD30969F+1021599]
Ordinal0 [0x00007FF7DD303A43+997955]
Ordinal0 [0x00007FF7DD2D94C0+824512]
Ordinal0 [0x00007FF7DD2DA9F8+829944]
Microsoft::Applications::Events::EventProperty::EventProperty [0x00007FF7DD540308+134344]
Microsoft::Applications::Events::EventProperty::EventProperty [0x00007FF7DD529C35+42485]
Microsoft::Applications::Events::EventProperty::EventProperty [0x00007FF7DD52CD1C+55004]
Ordinal0 [0x00007FF7DD394F14+1593108]
Microsoft::Applications::Events::EventProperty::EventProperty [0x00007FF7DD68407B+1460795]
Microsoft::Applications::Events::EventProperty::EventProperty [0x00007FF7DD688044+1477124]
Microsoft::Applications::Events::EventProperty::EventProperty [0x00007FF7DD68819D+1477469]
Microsoft::Applications::Events::EventProperty::EventProperty [0x00007FF7DD690169+1510185]
BaseThreadInitThunk [0x00007FFE55BE53E0+16]
RtlUserThreadStart [0x00007FFE5682485B+43]
]]>
            </message>
            <full-stacktrace>
              <![CDATA[org.openqa.selenium.SessionNotCreatedException: session not created: This version of Microsoft Edge WebDriver only supports Microsoft Edge version 105
Current browser version is 117.0.2045.43 with binary path C:\Program Files (x86)\Microsoft\Edge\Application\msedge.exe
Build info: version: '3.141.59', revision: 'e82be7d358', time: '2018-11-14T08:17:03'
System info: host: 'LAPTOP-3JRU7OQF', ip: '192.168.1.113', os.name: 'Windows 11', os.arch: 'amd64', os.version: '10.0', java.version: '18.0.1.1'
Driver info: driver.version: EdgeDriver
remote stacktrace: Backtrace:
Microsoft::Applications::Events::EventProperties::SetProperty [0x00007FF7DD6E1FE2+17554]
Microsoft::Applications::Events::EventProperty::EventProperty [0x00007FF7DD67E932+1438450]
Ordinal0 [0x00007FF7DD2A9345+627525]
Ordinal0 [0x00007FF7DD2D73D4+816084]
Ordinal0 [0x00007FF7DD2D28B3+796851]
Ordinal0 [0x00007FF7DD2CD9F0+776688]
Ordinal0 [0x00007FF7DD30969F+1021599]
Ordinal0 [0x00007FF7DD303A43+997955]
Ordinal0 [0x00007FF7DD2D94C0+824512]
Ordinal0 [0x00007FF7DD2DA9F8+829944]
Microsoft::Applications::Events::EventProperty::EventProperty [0x00007FF7DD540308+134344]
Microsoft::Applications::Events::EventProperty::EventProperty [0x00007FF7DD529C35+42485]
Microsoft::Applications::Events::EventProperty::EventProperty [0x00007FF7DD52CD1C+55004]
Ordinal0 [0x00007FF7DD394F14+1593108]
Microsoft::Applications::Events::EventProperty::EventProperty [0x00007FF7DD68407B+1460795]
Microsoft::Applications::Events::EventProperty::EventProperty [0x00007FF7DD688044+1477124]
Microsoft::Applications::Events::EventProperty::EventProperty [0x00007FF7DD68819D+1477469]
Microsoft::Applications::Events::EventProperty::EventProperty [0x00007FF7DD690169+1510185]
BaseThreadInitThunk [0x00007FFE55BE53E0+16]
RtlUserThreadStart [0x00007FFE5682485B+43]

at java.base/jdk.internal.reflect.DirectConstructorHandleAccessor.newInstance(DirectConstructorHandleAccessor.java:67)
at java.base/java.lang.reflect.Constructor.newInstanceWithCaller(Constructor.java:499)
at java.base/java.lang.reflect.Constructor.newInstance(Constructor.java:483)
at org.openqa.selenium.remote.W3CHandshakeResponse.lambda$errorHandler$0(W3CHandshakeResponse.java:62)
at org.openqa.selenium.remote.HandshakeResponse.lambda$getResponseFunction$0(HandshakeResponse.java:30)
at org.openqa.selenium.remote.ProtocolHandshake.lambda$createSession$0(ProtocolHandshake.java:126)
at java.base/java.util.stream.ReferencePipeline$3$1.accept(ReferencePipeline.java:197)
at java.base/java.util.Spliterators$ArraySpliterator.tryAdvance(Spliterators.java:1002)
at java.base/java.util.stream.ReferencePipeline.forEachWithCancel(ReferencePipeline.java:129)
at java.base/java.util.stream.AbstractPipeline.copyIntoWithCancel(AbstractPipeline.java:527)
at java.base/java.util.stream.AbstractPipeline.copyInto(AbstractPipeline.java:513)
at java.base/java.util.stream.AbstractPipeline.wrapAndCopyInto(AbstractPipeline.java:499)
at java.base/java.util.stream.FindOps$FindOp.evaluateSequential(FindOps.java:150)
at java.base/java.util.stream.AbstractPipeline.evaluate(AbstractPipeline.java:234)
at java.base/java.util.stream.ReferencePipeline.findFirst(ReferencePipeline.java:647)
at org.openqa.selenium.remote.ProtocolHandshake.createSession(ProtocolHandshake.java:128)
at org.openqa.selenium.remote.ProtocolHandshake.createSession(ProtocolHandshake.java:74)
at org.openqa.selenium.remote.HttpCommandExecutor.execute(HttpCommandExecutor.java:136)
at org.openqa.selenium.remote.service.DriverCommandExecutor.execute(DriverCommandExecutor.java:83)
at org.openqa.selenium.remote.RemoteWebDriver.execute(RemoteWebDriver.java:552)
at org.openqa.selenium.remote.RemoteWebDriver.startSession(RemoteWebDriver.java:213)
at org.openqa.selenium.remote.RemoteWebDriver.<init>(RemoteWebDriver.java:131)
at org.openqa.selenium.edge.EdgeDriver.<init>(EdgeDriver.java:141)
at org.openqa.selenium.edge.EdgeDriver.<init>(EdgeDriver.java:96)
at browserSetup.baseBrowser.openEdgeBrowser(baseBrowser.java:16)
at test.VerifyHeaderOfMainPage.launchBrowser(VerifyHeaderOfMainPage.java:31)
at java.base/jdk.internal.reflect.DirectMethodHandleAccessor.invoke(DirectMethodHandleAccessor.java:104)
at java.base/java.lang.reflect.Method.invoke(Method.java:577)
at org.testng.internal.MethodInvocationHelper.invokeMethod(MethodInvocationHelper.java:133)
at org.testng.internal.MethodInvocationHelper.invokeMethodConsideringTimeout(MethodInvocationHelper.java:62)
at org.testng.internal.ConfigInvoker.invokeConfigurationMethod(ConfigInvoker.java:385)
at org.testng.internal.ConfigInvoker.invokeConfigurations(ConfigInvoker.java:321)
at org.testng.TestRunner.invokeTestConfigurations(TestRunner.java:637)
at org.testng.TestRunner.beforeRun(TestRunner.java:627)
at org.testng.TestRunner.run(TestRunner.java:589)
at org.testng.SuiteRunner.runTest(SuiteRunner.java:377)
at org.testng.SuiteRunner.runSequentially(SuiteRunner.java:371)
at org.testng.SuiteRunner.privateRun(SuiteRunner.java:332)
at org.testng.SuiteRunner.run(SuiteRunner.java:276)
at org.testng.SuiteRunnerWorker.runSuite(SuiteRunnerWorker.java:53)
at org.testng.SuiteRunnerWorker.run(SuiteRunnerWorker.java:96)
at org.testng.TestNG.runSuitesSequentially(TestNG.java:1212)
at org.testng.TestNG.runSuitesLocally(TestNG.java:1134)
at org.testng.TestNG.runSuites(TestNG.java:1063)
at org.testng.TestNG.run(TestNG.java:1031)
at org.testng.remote.AbstractRemoteTestNG.run(AbstractRemoteTestNG.java:115)
at org.testng.remote.RemoteTestNG.initAndRun(RemoteTestNG.java:251)
at org.testng.remote.RemoteTestNG.main(RemoteTestNG.java:77)
]]>
            </full-stacktrace>
          </exception> <!-- org.openqa.selenium.SessionNotCreatedException -->
          <reporter-output>
          </reporter-output>
        </test-method> <!-- verifyBestSellerTab -->
        <test-method is-config="true" signature="getURL()[pri:0, instance:test.VerifyHeaderOfMainPage@7d8995e]" started-at="2023-09-28T17:58:33 IST" name="getURL" finished-at="1970-01-01T05:30:00 IST" duration-ms="-1695904113146" status="SKIP">
          <reporter-output>
          </reporter-output>
        </test-method> <!-- getURL -->
        <test-method signature="verifyBookTab()[pri:3, instance:test.VerifyHeaderOfMainPage@7d8995e]" started-at="2023-09-28T17:58:33 IST" name="verifyBookTab" finished-at="2023-09-28T17:58:33 IST" duration-ms="0" status="SKIP">
          <exception class="org.openqa.selenium.SessionNotCreatedException">
            <message>
              <![CDATA[session not created: This version of Microsoft Edge WebDriver only supports Microsoft Edge version 105
Current browser version is 117.0.2045.43 with binary path C:\Program Files (x86)\Microsoft\Edge\Application\msedge.exe
Build info: version: '3.141.59', revision: 'e82be7d358', time: '2018-11-14T08:17:03'
System info: host: 'LAPTOP-3JRU7OQF', ip: '192.168.1.113', os.name: 'Windows 11', os.arch: 'amd64', os.version: '10.0', java.version: '18.0.1.1'
Driver info: driver.version: EdgeDriver
remote stacktrace: Backtrace:
Microsoft::Applications::Events::EventProperties::SetProperty [0x00007FF7DD6E1FE2+17554]
Microsoft::Applications::Events::EventProperty::EventProperty [0x00007FF7DD67E932+1438450]
Ordinal0 [0x00007FF7DD2A9345+627525]
Ordinal0 [0x00007FF7DD2D73D4+816084]
Ordinal0 [0x00007FF7DD2D28B3+796851]
Ordinal0 [0x00007FF7DD2CD9F0+776688]
Ordinal0 [0x00007FF7DD30969F+1021599]
Ordinal0 [0x00007FF7DD303A43+997955]
Ordinal0 [0x00007FF7DD2D94C0+824512]
Ordinal0 [0x00007FF7DD2DA9F8+829944]
Microsoft::Applications::Events::EventProperty::EventProperty [0x00007FF7DD540308+134344]
Microsoft::Applications::Events::EventProperty::EventProperty [0x00007FF7DD529C35+42485]
Microsoft::Applications::Events::EventProperty::EventProperty [0x00007FF7DD52CD1C+55004]
Ordinal0 [0x00007FF7DD394F14+1593108]
Microsoft::Applications::Events::EventProperty::EventProperty [0x00007FF7DD68407B+1460795]
Microsoft::Applications::Events::EventProperty::EventProperty [0x00007FF7DD688044+1477124]
Microsoft::Applications::Events::EventProperty::EventProperty [0x00007FF7DD68819D+1477469]
Microsoft::Applications::Events::EventProperty::EventProperty [0x00007FF7DD690169+1510185]
BaseThreadInitThunk [0x00007FFE55BE53E0+16]
RtlUserThreadStart [0x00007FFE5682485B+43]
]]>
            </message>
            <full-stacktrace>
              <![CDATA[org.openqa.selenium.SessionNotCreatedException: session not created: This version of Microsoft Edge WebDriver only supports Microsoft Edge version 105
Current browser version is 117.0.2045.43 with binary path C:\Program Files (x86)\Microsoft\Edge\Application\msedge.exe
Build info: version: '3.141.59', revision: 'e82be7d358', time: '2018-11-14T08:17:03'
System info: host: 'LAPTOP-3JRU7OQF', ip: '192.168.1.113', os.name: 'Windows 11', os.arch: 'amd64', os.version: '10.0', java.version: '18.0.1.1'
Driver info: driver.version: EdgeDriver
remote stacktrace: Backtrace:
Microsoft::Applications::Events::EventProperties::SetProperty [0x00007FF7DD6E1FE2+17554]
Microsoft::Applications::Events::EventProperty::EventProperty [0x00007FF7DD67E932+1438450]
Ordinal0 [0x00007FF7DD2A9345+627525]
Ordinal0 [0x00007FF7DD2D73D4+816084]
Ordinal0 [0x00007FF7DD2D28B3+796851]
Ordinal0 [0x00007FF7DD2CD9F0+776688]
Ordinal0 [0x00007FF7DD30969F+1021599]
Ordinal0 [0x00007FF7DD303A43+997955]
Ordinal0 [0x00007FF7DD2D94C0+824512]
Ordinal0 [0x00007FF7DD2DA9F8+829944]
Microsoft::Applications::Events::EventProperty::EventProperty [0x00007FF7DD540308+134344]
Microsoft::Applications::Events::EventProperty::EventProperty [0x00007FF7DD529C35+42485]
Microsoft::Applications::Events::EventProperty::EventProperty [0x00007FF7DD52CD1C+55004]
Ordinal0 [0x00007FF7DD394F14+1593108]
Microsoft::Applications::Events::EventProperty::EventProperty [0x00007FF7DD68407B+1460795]
Microsoft::Applications::Events::EventProperty::EventProperty [0x00007FF7DD688044+1477124]
Microsoft::Applications::Events::EventProperty::EventProperty [0x00007FF7DD68819D+1477469]
Microsoft::Applications::Events::EventProperty::EventProperty [0x00007FF7DD690169+1510185]
BaseThreadInitThunk [0x00007FFE55BE53E0+16]
RtlUserThreadStart [0x00007FFE5682485B+43]

at java.base/jdk.internal.reflect.DirectConstructorHandleAccessor.newInstance(DirectConstructorHandleAccessor.java:67)
at java.base/java.lang.reflect.Constructor.newInstanceWithCaller(Constructor.java:499)
at java.base/java.lang.reflect.Constructor.newInstance(Constructor.java:483)
at org.openqa.selenium.remote.W3CHandshakeResponse.lambda$errorHandler$0(W3CHandshakeResponse.java:62)
at org.openqa.selenium.remote.HandshakeResponse.lambda$getResponseFunction$0(HandshakeResponse.java:30)
at org.openqa.selenium.remote.ProtocolHandshake.lambda$createSession$0(ProtocolHandshake.java:126)
at java.base/java.util.stream.ReferencePipeline$3$1.accept(ReferencePipeline.java:197)
at java.base/java.util.Spliterators$ArraySpliterator.tryAdvance(Spliterators.java:1002)
at java.base/java.util.stream.ReferencePipeline.forEachWithCancel(ReferencePipeline.java:129)
at java.base/java.util.stream.AbstractPipeline.copyIntoWithCancel(AbstractPipeline.java:527)
at java.base/java.util.stream.AbstractPipeline.copyInto(AbstractPipeline.java:513)
at java.base/java.util.stream.AbstractPipeline.wrapAndCopyInto(AbstractPipeline.java:499)
at java.base/java.util.stream.FindOps$FindOp.evaluateSequential(FindOps.java:150)
at java.base/java.util.stream.AbstractPipeline.evaluate(AbstractPipeline.java:234)
at java.base/java.util.stream.ReferencePipeline.findFirst(ReferencePipeline.java:647)
at org.openqa.selenium.remote.ProtocolHandshake.createSession(ProtocolHandshake.java:128)
at org.openqa.selenium.remote.ProtocolHandshake.createSession(ProtocolHandshake.java:74)
at org.openqa.selenium.remote.HttpCommandExecutor.execute(HttpCommandExecutor.java:136)
at org.openqa.selenium.remote.service.DriverCommandExecutor.execute(DriverCommandExecutor.java:83)
at org.openqa.selenium.remote.RemoteWebDriver.execute(RemoteWebDriver.java:552)
at org.openqa.selenium.remote.RemoteWebDriver.startSession(RemoteWebDriver.java:213)
at org.openqa.selenium.remote.RemoteWebDriver.<init>(RemoteWebDriver.java:131)
at org.openqa.selenium.edge.EdgeDriver.<init>(EdgeDriver.java:141)
at org.openqa.selenium.edge.EdgeDriver.<init>(EdgeDriver.java:96)
at browserSetup.baseBrowser.openEdgeBrowser(baseBrowser.java:16)
at test.VerifyHeaderOfMainPage.launchBrowser(VerifyHeaderOfMainPage.java:31)
at java.base/jdk.internal.reflect.DirectMethodHandleAccessor.invoke(DirectMethodHandleAccessor.java:104)
at java.base/java.lang.reflect.Method.invoke(Method.java:577)
at org.testng.internal.MethodInvocationHelper.invokeMethod(MethodInvocationHelper.java:133)
at org.testng.internal.MethodInvocationHelper.invokeMethodConsideringTimeout(MethodInvocationHelper.java:62)
at org.testng.internal.ConfigInvoker.invokeConfigurationMethod(ConfigInvoker.java:385)
at org.testng.internal.ConfigInvoker.invokeConfigurations(ConfigInvoker.java:321)
at org.testng.TestRunner.invokeTestConfigurations(TestRunner.java:637)
at org.testng.TestRunner.beforeRun(TestRunner.java:627)
at org.testng.TestRunner.run(TestRunner.java:589)
at org.testng.SuiteRunner.runTest(SuiteRunner.java:377)
at org.testng.SuiteRunner.runSequentially(SuiteRunner.java:371)
at org.testng.SuiteRunner.privateRun(SuiteRunner.java:332)
at org.testng.SuiteRunner.run(SuiteRunner.java:276)
at org.testng.SuiteRunnerWorker.runSuite(SuiteRunnerWorker.java:53)
at org.testng.SuiteRunnerWorker.run(SuiteRunnerWorker.java:96)
at org.testng.TestNG.runSuitesSequentially(TestNG.java:1212)
at org.testng.TestNG.runSuitesLocally(TestNG.java:1134)
at org.testng.TestNG.runSuites(TestNG.java:1063)
at org.testng.TestNG.run(TestNG.java:1031)
at org.testng.remote.AbstractRemoteTestNG.run(AbstractRemoteTestNG.java:115)
at org.testng.remote.RemoteTestNG.initAndRun(RemoteTestNG.java:251)
at org.testng.remote.RemoteTestNG.main(RemoteTestNG.java:77)
]]>
            </full-stacktrace>
          </exception> <!-- org.openqa.selenium.SessionNotCreatedException -->
          <reporter-output>
          </reporter-output>
        </test-method> <!-- verifyBookTab -->
        <test-method is-config="true" signature="getURL()[pri:0, instance:test.VerifyHeaderOfMainPage@7d8995e]" started-at="2023-09-28T17:58:33 IST" name="getURL" finished-at="1970-01-01T05:30:00 IST" duration-ms="-1695904113153" status="SKIP">
          <reporter-output>
          </reporter-output>
        </test-method> <!-- getURL -->
        <test-method signature="verifyCustomerServiceTab()[pri:4, instance:test.VerifyHeaderOfMainPage@7d8995e]" started-at="2023-09-28T17:58:33 IST" name="verifyCustomerServiceTab" finished-at="2023-09-28T17:58:33 IST" duration-ms="0" status="SKIP">
          <exception class="org.openqa.selenium.SessionNotCreatedException">
            <message>
              <![CDATA[session not created: This version of Microsoft Edge WebDriver only supports Microsoft Edge version 105
Current browser version is 117.0.2045.43 with binary path C:\Program Files (x86)\Microsoft\Edge\Application\msedge.exe
Build info: version: '3.141.59', revision: 'e82be7d358', time: '2018-11-14T08:17:03'
System info: host: 'LAPTOP-3JRU7OQF', ip: '192.168.1.113', os.name: 'Windows 11', os.arch: 'amd64', os.version: '10.0', java.version: '18.0.1.1'
Driver info: driver.version: EdgeDriver
remote stacktrace: Backtrace:
Microsoft::Applications::Events::EventProperties::SetProperty [0x00007FF7DD6E1FE2+17554]
Microsoft::Applications::Events::EventProperty::EventProperty [0x00007FF7DD67E932+1438450]
Ordinal0 [0x00007FF7DD2A9345+627525]
Ordinal0 [0x00007FF7DD2D73D4+816084]
Ordinal0 [0x00007FF7DD2D28B3+796851]
Ordinal0 [0x00007FF7DD2CD9F0+776688]
Ordinal0 [0x00007FF7DD30969F+1021599]
Ordinal0 [0x00007FF7DD303A43+997955]
Ordinal0 [0x00007FF7DD2D94C0+824512]
Ordinal0 [0x00007FF7DD2DA9F8+829944]
Microsoft::Applications::Events::EventProperty::EventProperty [0x00007FF7DD540308+134344]
Microsoft::Applications::Events::EventProperty::EventProperty [0x00007FF7DD529C35+42485]
Microsoft::Applications::Events::EventProperty::EventProperty [0x00007FF7DD52CD1C+55004]
Ordinal0 [0x00007FF7DD394F14+1593108]
Microsoft::Applications::Events::EventProperty::EventProperty [0x00007FF7DD68407B+1460795]
Microsoft::Applications::Events::EventProperty::EventProperty [0x00007FF7DD688044+1477124]
Microsoft::Applications::Events::EventProperty::EventProperty [0x00007FF7DD68819D+1477469]
Microsoft::Applications::Events::EventProperty::EventProperty [0x00007FF7DD690169+1510185]
BaseThreadInitThunk [0x00007FFE55BE53E0+16]
RtlUserThreadStart [0x00007FFE5682485B+43]
]]>
            </message>
            <full-stacktrace>
              <![CDATA[org.openqa.selenium.SessionNotCreatedException: session not created: This version of Microsoft Edge WebDriver only supports Microsoft Edge version 105
Current browser version is 117.0.2045.43 with binary path C:\Program Files (x86)\Microsoft\Edge\Application\msedge.exe
Build info: version: '3.141.59', revision: 'e82be7d358', time: '2018-11-14T08:17:03'
System info: host: 'LAPTOP-3JRU7OQF', ip: '192.168.1.113', os.name: 'Windows 11', os.arch: 'amd64', os.version: '10.0', java.version: '18.0.1.1'
Driver info: driver.version: EdgeDriver
remote stacktrace: Backtrace:
Microsoft::Applications::Events::EventProperties::SetProperty [0x00007FF7DD6E1FE2+17554]
Microsoft::Applications::Events::EventProperty::EventProperty [0x00007FF7DD67E932+1438450]
Ordinal0 [0x00007FF7DD2A9345+627525]
Ordinal0 [0x00007FF7DD2D73D4+816084]
Ordinal0 [0x00007FF7DD2D28B3+796851]
Ordinal0 [0x00007FF7DD2CD9F0+776688]
Ordinal0 [0x00007FF7DD30969F+1021599]
Ordinal0 [0x00007FF7DD303A43+997955]
Ordinal0 [0x00007FF7DD2D94C0+824512]
Ordinal0 [0x00007FF7DD2DA9F8+829944]
Microsoft::Applications::Events::EventProperty::EventProperty [0x00007FF7DD540308+134344]
Microsoft::Applications::Events::EventProperty::EventProperty [0x00007FF7DD529C35+42485]
Microsoft::Applications::Events::EventProperty::EventProperty [0x00007FF7DD52CD1C+55004]
Ordinal0 [0x00007FF7DD394F14+1593108]
Microsoft::Applications::Events::EventProperty::EventProperty [0x00007FF7DD68407B+1460795]
Microsoft::Applications::Events::EventProperty::EventProperty [0x00007FF7DD688044+1477124]
Microsoft::Applications::Events::EventProperty::EventProperty [0x00007FF7DD68819D+1477469]
Microsoft::Applications::Events::EventProperty::EventProperty [0x00007FF7DD690169+1510185]
BaseThreadInitThunk [0x00007FFE55BE53E0+16]
RtlUserThreadStart [0x00007FFE5682485B+43]

at java.base/jdk.internal.reflect.DirectConstructorHandleAccessor.newInstance(DirectConstructorHandleAccessor.java:67)
at java.base/java.lang.reflect.Constructor.newInstanceWithCaller(Constructor.java:499)
at java.base/java.lang.reflect.Constructor.newInstance(Constructor.java:483)
at org.openqa.selenium.remote.W3CHandshakeResponse.lambda$errorHandler$0(W3CHandshakeResponse.java:62)
at org.openqa.selenium.remote.HandshakeResponse.lambda$getResponseFunction$0(HandshakeResponse.java:30)
at org.openqa.selenium.remote.ProtocolHandshake.lambda$createSession$0(ProtocolHandshake.java:126)
at java.base/java.util.stream.ReferencePipeline$3$1.accept(ReferencePipeline.java:197)
at java.base/java.util.Spliterators$ArraySpliterator.tryAdvance(Spliterators.java:1002)
at java.base/java.util.stream.ReferencePipeline.forEachWithCancel(ReferencePipeline.java:129)
at java.base/java.util.stream.AbstractPipeline.copyIntoWithCancel(AbstractPipeline.java:527)
at java.base/java.util.stream.AbstractPipeline.copyInto(AbstractPipeline.java:513)
at java.base/java.util.stream.AbstractPipeline.wrapAndCopyInto(AbstractPipeline.java:499)
at java.base/java.util.stream.FindOps$FindOp.evaluateSequential(FindOps.java:150)
at java.base/java.util.stream.AbstractPipeline.evaluate(AbstractPipeline.java:234)
at java.base/java.util.stream.ReferencePipeline.findFirst(ReferencePipeline.java:647)
at org.openqa.selenium.remote.ProtocolHandshake.createSession(ProtocolHandshake.java:128)
at org.openqa.selenium.remote.ProtocolHandshake.createSession(ProtocolHandshake.java:74)
at org.openqa.selenium.remote.HttpCommandExecutor.execute(HttpCommandExecutor.java:136)
at org.openqa.selenium.remote.service.DriverCommandExecutor.execute(DriverCommandExecutor.java:83)
at org.openqa.selenium.remote.RemoteWebDriver.execute(RemoteWebDriver.java:552)
at org.openqa.selenium.remote.RemoteWebDriver.startSession(RemoteWebDriver.java:213)
at org.openqa.selenium.remote.RemoteWebDriver.<init>(RemoteWebDriver.java:131)
at org.openqa.selenium.edge.EdgeDriver.<init>(EdgeDriver.java:141)
at org.openqa.selenium.edge.EdgeDriver.<init>(EdgeDriver.java:96)
at browserSetup.baseBrowser.openEdgeBrowser(baseBrowser.java:16)
at test.VerifyHeaderOfMainPage.launchBrowser(VerifyHeaderOfMainPage.java:31)
at java.base/jdk.internal.reflect.DirectMethodHandleAccessor.invoke(DirectMethodHandleAccessor.java:104)
at java.base/java.lang.reflect.Method.invoke(Method.java:577)
at org.testng.internal.MethodInvocationHelper.invokeMethod(MethodInvocationHelper.java:133)
at org.testng.internal.MethodInvocationHelper.invokeMethodConsideringTimeout(MethodInvocationHelper.java:62)
at org.testng.internal.ConfigInvoker.invokeConfigurationMethod(ConfigInvoker.java:385)
at org.testng.internal.ConfigInvoker.invokeConfigurations(ConfigInvoker.java:321)
at org.testng.TestRunner.invokeTestConfigurations(TestRunner.java:637)
at org.testng.TestRunner.beforeRun(TestRunner.java:627)
at org.testng.TestRunner.run(TestRunner.java:589)
at org.testng.SuiteRunner.runTest(SuiteRunner.java:377)
at org.testng.SuiteRunner.runSequentially(SuiteRunner.java:371)
at org.testng.SuiteRunner.privateRun(SuiteRunner.java:332)
at org.testng.SuiteRunner.run(SuiteRunner.java:276)
at org.testng.SuiteRunnerWorker.runSuite(SuiteRunnerWorker.java:53)
at org.testng.SuiteRunnerWorker.run(SuiteRunnerWorker.java:96)
at org.testng.TestNG.runSuitesSequentially(TestNG.java:1212)
at org.testng.TestNG.runSuitesLocally(TestNG.java:1134)
at org.testng.TestNG.runSuites(TestNG.java:1063)
at org.testng.TestNG.run(TestNG.java:1031)
at org.testng.remote.AbstractRemoteTestNG.run(AbstractRemoteTestNG.java:115)
at org.testng.remote.RemoteTestNG.initAndRun(RemoteTestNG.java:251)
at org.testng.remote.RemoteTestNG.main(RemoteTestNG.java:77)
]]>
            </full-stacktrace>
          </exception> <!-- org.openqa.selenium.SessionNotCreatedException -->
          <reporter-output>
          </reporter-output>
        </test-method> <!-- verifyCustomerServiceTab -->
        <test-method is-config="true" signature="romoveObject()[pri:0, instance:test.VerifyHeaderOfMainPage@7d8995e]" started-at="2023-09-28T17:58:33 IST" name="romoveObject" finished-at="1970-01-01T05:30:00 IST" duration-ms="-1695904113157" status="SKIP">
          <reporter-output>
          </reporter-output>
        </test-method> <!-- romoveObject -->
        <test-method is-config="true" signature="closeBrowser()[pri:0, instance:test.VerifyHeaderOfMainPage@7d8995e]" started-at="2023-09-28T17:58:33 IST" name="closeBrowser" finished-at="1970-01-01T05:30:00 IST" duration-ms="-1695904113159" status="SKIP">
          <reporter-output>
          </reporter-output>
        </test-method> <!-- closeBrowser -->
      </class> <!-- test.VerifyHeaderOfMainPage -->
      <class name="test.verifyBooksAdvanceSearch">
        <test-method is-config="true" signature="launchBrowser(java.lang.String)[pri:0, instance:test.verifyBooksAdvanceSearch@42a48628]" started-at="2023-09-28T17:58:33 IST" name="launchBrowser" finished-at="1970-01-01T05:30:00 IST" duration-ms="-1695904113117" status="SKIP">
          <reporter-output>
          </reporter-output>
        </test-method> <!-- launchBrowser -->
        <test-method is-config="true" signature="objectClass()[pri:0, instance:test.verifyBooksAdvanceSearch@42a48628]" started-at="2023-09-28T17:58:33 IST" name="objectClass" finished-at="1970-01-01T05:30:00 IST" duration-ms="-1695904113119" status="SKIP">
          <reporter-output>
          </reporter-output>
        </test-method> <!-- objectClass -->
        <test-method is-config="true" signature="openURL()[pri:0, instance:test.verifyBooksAdvanceSearch@42a48628]" started-at="2023-09-28T17:58:33 IST" name="openURL" finished-at="1970-01-01T05:30:00 IST" duration-ms="-1695904113121" status="SKIP">
          <reporter-output>
          </reporter-output>
        </test-method> <!-- openURL -->
        <test-method signature="verifyAdvanceSearch()[pri:0, instance:test.verifyBooksAdvanceSearch@42a48628]" started-at="2023-09-28T17:58:33 IST" name="verifyAdvanceSearch" finished-at="2023-09-28T17:58:33 IST" duration-ms="0" status="SKIP">
          <exception class="org.openqa.selenium.SessionNotCreatedException">
            <message>
              <![CDATA[session not created: This version of Microsoft Edge WebDriver only supports Microsoft Edge version 105
Current browser version is 117.0.2045.43 with binary path C:\Program Files (x86)\Microsoft\Edge\Application\msedge.exe
Build info: version: '3.141.59', revision: 'e82be7d358', time: '2018-11-14T08:17:03'
System info: host: 'LAPTOP-3JRU7OQF', ip: '192.168.1.113', os.name: 'Windows 11', os.arch: 'amd64', os.version: '10.0', java.version: '18.0.1.1'
Driver info: driver.version: EdgeDriver
remote stacktrace: Backtrace:
Microsoft::Applications::Events::EventProperties::SetProperty [0x00007FF7DD6E1FE2+17554]
Microsoft::Applications::Events::EventProperty::EventProperty [0x00007FF7DD67E932+1438450]
Ordinal0 [0x00007FF7DD2A9345+627525]
Ordinal0 [0x00007FF7DD2D73D4+816084]
Ordinal0 [0x00007FF7DD2D28B3+796851]
Ordinal0 [0x00007FF7DD2CD9F0+776688]
Ordinal0 [0x00007FF7DD30969F+1021599]
Ordinal0 [0x00007FF7DD303A43+997955]
Ordinal0 [0x00007FF7DD2D94C0+824512]
Ordinal0 [0x00007FF7DD2DA9F8+829944]
Microsoft::Applications::Events::EventProperty::EventProperty [0x00007FF7DD540308+134344]
Microsoft::Applications::Events::EventProperty::EventProperty [0x00007FF7DD529C35+42485]
Microsoft::Applications::Events::EventProperty::EventProperty [0x00007FF7DD52CD1C+55004]
Ordinal0 [0x00007FF7DD394F14+1593108]
Microsoft::Applications::Events::EventProperty::EventProperty [0x00007FF7DD68407B+1460795]
Microsoft::Applications::Events::EventProperty::EventProperty [0x00007FF7DD688044+1477124]
Microsoft::Applications::Events::EventProperty::EventProperty [0x00007FF7DD68819D+1477469]
Microsoft::Applications::Events::EventProperty::EventProperty [0x00007FF7DD690169+1510185]
BaseThreadInitThunk [0x00007FFE55BE53E0+16]
RtlUserThreadStart [0x00007FFE5682485B+43]
]]>
            </message>
            <full-stacktrace>
              <![CDATA[org.openqa.selenium.SessionNotCreatedException: session not created: This version of Microsoft Edge WebDriver only supports Microsoft Edge version 105
Current browser version is 117.0.2045.43 with binary path C:\Program Files (x86)\Microsoft\Edge\Application\msedge.exe
Build info: version: '3.141.59', revision: 'e82be7d358', time: '2018-11-14T08:17:03'
System info: host: 'LAPTOP-3JRU7OQF', ip: '192.168.1.113', os.name: 'Windows 11', os.arch: 'amd64', os.version: '10.0', java.version: '18.0.1.1'
Driver info: driver.version: EdgeDriver
remote stacktrace: Backtrace:
Microsoft::Applications::Events::EventProperties::SetProperty [0x00007FF7DD6E1FE2+17554]
Microsoft::Applications::Events::EventProperty::EventProperty [0x00007FF7DD67E932+1438450]
Ordinal0 [0x00007FF7DD2A9345+627525]
Ordinal0 [0x00007FF7DD2D73D4+816084]
Ordinal0 [0x00007FF7DD2D28B3+796851]
Ordinal0 [0x00007FF7DD2CD9F0+776688]
Ordinal0 [0x00007FF7DD30969F+1021599]
Ordinal0 [0x00007FF7DD303A43+997955]
Ordinal0 [0x00007FF7DD2D94C0+824512]
Ordinal0 [0x00007FF7DD2DA9F8+829944]
Microsoft::Applications::Events::EventProperty::EventProperty [0x00007FF7DD540308+134344]
Microsoft::Applications::Events::EventProperty::EventProperty [0x00007FF7DD529C35+42485]
Microsoft::Applications::Events::EventProperty::EventProperty [0x00007FF7DD52CD1C+55004]
Ordinal0 [0x00007FF7DD394F14+1593108]
Microsoft::Applications::Events::EventProperty::EventProperty [0x00007FF7DD68407B+1460795]
Microsoft::Applications::Events::EventProperty::EventProperty [0x00007FF7DD688044+1477124]
Microsoft::Applications::Events::EventProperty::EventProperty [0x00007FF7DD68819D+1477469]
Microsoft::Applications::Events::EventProperty::EventProperty [0x00007FF7DD690169+1510185]
BaseThreadInitThunk [0x00007FFE55BE53E0+16]
RtlUserThreadStart [0x00007FFE5682485B+43]

at java.base/jdk.internal.reflect.DirectConstructorHandleAccessor.newInstance(DirectConstructorHandleAccessor.java:67)
at java.base/java.lang.reflect.Constructor.newInstanceWithCaller(Constructor.java:499)
at java.base/java.lang.reflect.Constructor.newInstance(Constructor.java:483)
at org.openqa.selenium.remote.W3CHandshakeResponse.lambda$errorHandler$0(W3CHandshakeResponse.java:62)
at org.openqa.selenium.remote.HandshakeResponse.lambda$getResponseFunction$0(HandshakeResponse.java:30)
at org.openqa.selenium.remote.ProtocolHandshake.lambda$createSession$0(ProtocolHandshake.java:126)
at java.base/java.util.stream.ReferencePipeline$3$1.accept(ReferencePipeline.java:197)
at java.base/java.util.Spliterators$ArraySpliterator.tryAdvance(Spliterators.java:1002)
at java.base/java.util.stream.ReferencePipeline.forEachWithCancel(ReferencePipeline.java:129)
at java.base/java.util.stream.AbstractPipeline.copyIntoWithCancel(AbstractPipeline.java:527)
at java.base/java.util.stream.AbstractPipeline.copyInto(AbstractPipeline.java:513)
at java.base/java.util.stream.AbstractPipeline.wrapAndCopyInto(AbstractPipeline.java:499)
at java.base/java.util.stream.FindOps$FindOp.evaluateSequential(FindOps.java:150)
at java.base/java.util.stream.AbstractPipeline.evaluate(AbstractPipeline.java:234)
at java.base/java.util.stream.ReferencePipeline.findFirst(ReferencePipeline.java:647)
at org.openqa.selenium.remote.ProtocolHandshake.createSession(ProtocolHandshake.java:128)
at org.openqa.selenium.remote.ProtocolHandshake.createSession(ProtocolHandshake.java:74)
at org.openqa.selenium.remote.HttpCommandExecutor.execute(HttpCommandExecutor.java:136)
at org.openqa.selenium.remote.service.DriverCommandExecutor.execute(DriverCommandExecutor.java:83)
at org.openqa.selenium.remote.RemoteWebDriver.execute(RemoteWebDriver.java:552)
at org.openqa.selenium.remote.RemoteWebDriver.startSession(RemoteWebDriver.java:213)
at org.openqa.selenium.remote.RemoteWebDriver.<init>(RemoteWebDriver.java:131)
at org.openqa.selenium.edge.EdgeDriver.<init>(EdgeDriver.java:141)
at org.openqa.selenium.edge.EdgeDriver.<init>(EdgeDriver.java:96)
at browserSetup.baseBrowser.openEdgeBrowser(baseBrowser.java:16)
at test.VerifyHeaderOfMainPage.launchBrowser(VerifyHeaderOfMainPage.java:31)
at java.base/jdk.internal.reflect.DirectMethodHandleAccessor.invoke(DirectMethodHandleAccessor.java:104)
at java.base/java.lang.reflect.Method.invoke(Method.java:577)
at org.testng.internal.MethodInvocationHelper.invokeMethod(MethodInvocationHelper.java:133)
at org.testng.internal.MethodInvocationHelper.invokeMethodConsideringTimeout(MethodInvocationHelper.java:62)
at org.testng.internal.ConfigInvoker.invokeConfigurationMethod(ConfigInvoker.java:385)
at org.testng.internal.ConfigInvoker.invokeConfigurations(ConfigInvoker.java:321)
at org.testng.TestRunner.invokeTestConfigurations(TestRunner.java:637)
at org.testng.TestRunner.beforeRun(TestRunner.java:627)
at org.testng.TestRunner.run(TestRunner.java:589)
at org.testng.SuiteRunner.runTest(SuiteRunner.java:377)
at org.testng.SuiteRunner.runSequentially(SuiteRunner.java:371)
at org.testng.SuiteRunner.privateRun(SuiteRunner.java:332)
at org.testng.SuiteRunner.run(SuiteRunner.java:276)
at org.testng.SuiteRunnerWorker.runSuite(SuiteRunnerWorker.java:53)
at org.testng.SuiteRunnerWorker.run(SuiteRunnerWorker.java:96)
at org.testng.TestNG.runSuitesSequentially(TestNG.java:1212)
at org.testng.TestNG.runSuitesLocally(TestNG.java:1134)
at org.testng.TestNG.runSuites(TestNG.java:1063)
at org.testng.TestNG.run(TestNG.java:1031)
at org.testng.remote.AbstractRemoteTestNG.run(AbstractRemoteTestNG.java:115)
at org.testng.remote.RemoteTestNG.initAndRun(RemoteTestNG.java:251)
at org.testng.remote.RemoteTestNG.main(RemoteTestNG.java:77)
]]>
            </full-stacktrace>
          </exception> <!-- org.openqa.selenium.SessionNotCreatedException -->
          <reporter-output>
          </reporter-output>
        </test-method> <!-- verifyAdvanceSearch -->
        <test-method is-config="true" signature="removeObject()[pri:0, instance:test.verifyBooksAdvanceSearch@42a48628]" started-at="2023-09-28T17:58:33 IST" name="removeObject" finished-at="1970-01-01T05:30:00 IST" duration-ms="-1695904113124" status="SKIP">
          <reporter-output>
          </reporter-output>
        </test-method> <!-- removeObject -->
        <test-method is-config="true" signature="closeBrowser()[pri:0, instance:test.verifyBooksAdvanceSearch@42a48628]" started-at="2023-09-28T17:58:33 IST" name="closeBrowser" finished-at="1970-01-01T05:30:00 IST" duration-ms="-1695904113163" status="SKIP">
          <reporter-output>
          </reporter-output>
        </test-method> <!-- closeBrowser -->
      </class> <!-- test.verifyBooksAdvanceSearch -->
      <class name="test.Verify_Search_MobilePage">
        <test-method is-config="true" signature="launchBrowser(java.lang.String)[pri:0, instance:test.Verify_Search_MobilePage@130d63be]" started-at="2023-09-28T17:58:33 IST" name="launchBrowser" finished-at="1970-01-01T05:30:00 IST" duration-ms="-1695904113116" status="SKIP">
          <reporter-output>
          </reporter-output>
        </test-method> <!-- launchBrowser -->
        <test-method is-config="true" signature="objectPOMClass()[pri:0, instance:test.Verify_Search_MobilePage@130d63be]" started-at="2023-09-28T17:58:33 IST" name="objectPOMClass" finished-at="1970-01-01T05:30:00 IST" duration-ms="-1695904113127" status="SKIP">
          <reporter-output>
          </reporter-output>
        </test-method> <!-- objectPOMClass -->
        <test-method is-config="true" signature="openURL()[pri:0, instance:test.Verify_Search_MobilePage@130d63be]" started-at="2023-09-28T17:58:33 IST" name="openURL" finished-at="1970-01-01T05:30:00 IST" duration-ms="-1695904113129" status="SKIP">
          <reporter-output>
          </reporter-output>
        </test-method> <!-- openURL -->
        <test-method signature="verifyWithoutExchangeIsSelected()[pri:0, instance:test.Verify_Search_MobilePage@130d63be]" started-at="2023-09-28T17:58:33 IST" name="verifyWithoutExchangeIsSelected" finished-at="2023-09-28T17:58:33 IST" duration-ms="0" status="SKIP">
          <exception class="org.openqa.selenium.SessionNotCreatedException">
            <message>
              <![CDATA[session not created: This version of Microsoft Edge WebDriver only supports Microsoft Edge version 105
Current browser version is 117.0.2045.43 with binary path C:\Program Files (x86)\Microsoft\Edge\Application\msedge.exe
Build info: version: '3.141.59', revision: 'e82be7d358', time: '2018-11-14T08:17:03'
System info: host: 'LAPTOP-3JRU7OQF', ip: '192.168.1.113', os.name: 'Windows 11', os.arch: 'amd64', os.version: '10.0', java.version: '18.0.1.1'
Driver info: driver.version: EdgeDriver
remote stacktrace: Backtrace:
Microsoft::Applications::Events::EventProperties::SetProperty [0x00007FF7DD6E1FE2+17554]
Microsoft::Applications::Events::EventProperty::EventProperty [0x00007FF7DD67E932+1438450]
Ordinal0 [0x00007FF7DD2A9345+627525]
Ordinal0 [0x00007FF7DD2D73D4+816084]
Ordinal0 [0x00007FF7DD2D28B3+796851]
Ordinal0 [0x00007FF7DD2CD9F0+776688]
Ordinal0 [0x00007FF7DD30969F+1021599]
Ordinal0 [0x00007FF7DD303A43+997955]
Ordinal0 [0x00007FF7DD2D94C0+824512]
Ordinal0 [0x00007FF7DD2DA9F8+829944]
Microsoft::Applications::Events::EventProperty::EventProperty [0x00007FF7DD540308+134344]
Microsoft::Applications::Events::EventProperty::EventProperty [0x00007FF7DD529C35+42485]
Microsoft::Applications::Events::EventProperty::EventProperty [0x00007FF7DD52CD1C+55004]
Ordinal0 [0x00007FF7DD394F14+1593108]
Microsoft::Applications::Events::EventProperty::EventProperty [0x00007FF7DD68407B+1460795]
Microsoft::Applications::Events::EventProperty::EventProperty [0x00007FF7DD688044+1477124]
Microsoft::Applications::Events::EventProperty::EventProperty [0x00007FF7DD68819D+1477469]
Microsoft::Applications::Events::EventProperty::EventProperty [0x00007FF7DD690169+1510185]
BaseThreadInitThunk [0x00007FFE55BE53E0+16]
RtlUserThreadStart [0x00007FFE5682485B+43]
]]>
            </message>
            <full-stacktrace>
              <![CDATA[org.openqa.selenium.SessionNotCreatedException: session not created: This version of Microsoft Edge WebDriver only supports Microsoft Edge version 105
Current browser version is 117.0.2045.43 with binary path C:\Program Files (x86)\Microsoft\Edge\Application\msedge.exe
Build info: version: '3.141.59', revision: 'e82be7d358', time: '2018-11-14T08:17:03'
System info: host: 'LAPTOP-3JRU7OQF', ip: '192.168.1.113', os.name: 'Windows 11', os.arch: 'amd64', os.version: '10.0', java.version: '18.0.1.1'
Driver info: driver.version: EdgeDriver
remote stacktrace: Backtrace:
Microsoft::Applications::Events::EventProperties::SetProperty [0x00007FF7DD6E1FE2+17554]
Microsoft::Applications::Events::EventProperty::EventProperty [0x00007FF7DD67E932+1438450]
Ordinal0 [0x00007FF7DD2A9345+627525]
Ordinal0 [0x00007FF7DD2D73D4+816084]
Ordinal0 [0x00007FF7DD2D28B3+796851]
Ordinal0 [0x00007FF7DD2CD9F0+776688]
Ordinal0 [0x00007FF7DD30969F+1021599]
Ordinal0 [0x00007FF7DD303A43+997955]
Ordinal0 [0x00007FF7DD2D94C0+824512]
Ordinal0 [0x00007FF7DD2DA9F8+829944]
Microsoft::Applications::Events::EventProperty::EventProperty [0x00007FF7DD540308+134344]
Microsoft::Applications::Events::EventProperty::EventProperty [0x00007FF7DD529C35+42485]
Microsoft::Applications::Events::EventProperty::EventProperty [0x00007FF7DD52CD1C+55004]
Ordinal0 [0x00007FF7DD394F14+1593108]
Microsoft::Applications::Events::EventProperty::EventProperty [0x00007FF7DD68407B+1460795]
Microsoft::Applications::Events::EventProperty::EventProperty [0x00007FF7DD688044+1477124]
Microsoft::Applications::Events::EventProperty::EventProperty [0x00007FF7DD68819D+1477469]
Microsoft::Applications::Events::EventProperty::EventProperty [0x00007FF7DD690169+1510185]
BaseThreadInitThunk [0x00007FFE55BE53E0+16]
RtlUserThreadStart [0x00007FFE5682485B+43]

at java.base/jdk.internal.reflect.DirectConstructorHandleAccessor.newInstance(DirectConstructorHandleAccessor.java:67)
at java.base/java.lang.reflect.Constructor.newInstanceWithCaller(Constructor.java:499)
at java.base/java.lang.reflect.Constructor.newInstance(Constructor.java:483)
at org.openqa.selenium.remote.W3CHandshakeResponse.lambda$errorHandler$0(W3CHandshakeResponse.java:62)
at org.openqa.selenium.remote.HandshakeResponse.lambda$getResponseFunction$0(HandshakeResponse.java:30)
at org.openqa.selenium.remote.ProtocolHandshake.lambda$createSession$0(ProtocolHandshake.java:126)
at java.base/java.util.stream.ReferencePipeline$3$1.accept(ReferencePipeline.java:197)
at java.base/java.util.Spliterators$ArraySpliterator.tryAdvance(Spliterators.java:1002)
at java.base/java.util.stream.ReferencePipeline.forEachWithCancel(ReferencePipeline.java:129)
at java.base/java.util.stream.AbstractPipeline.copyIntoWithCancel(AbstractPipeline.java:527)
at java.base/java.util.stream.AbstractPipeline.copyInto(AbstractPipeline.java:513)
at java.base/java.util.stream.AbstractPipeline.wrapAndCopyInto(AbstractPipeline.java:499)
at java.base/java.util.stream.FindOps$FindOp.evaluateSequential(FindOps.java:150)
at java.base/java.util.stream.AbstractPipeline.evaluate(AbstractPipeline.java:234)
at java.base/java.util.stream.ReferencePipeline.findFirst(ReferencePipeline.java:647)
at org.openqa.selenium.remote.ProtocolHandshake.createSession(ProtocolHandshake.java:128)
at org.openqa.selenium.remote.ProtocolHandshake.createSession(ProtocolHandshake.java:74)
at org.openqa.selenium.remote.HttpCommandExecutor.execute(HttpCommandExecutor.java:136)
at org.openqa.selenium.remote.service.DriverCommandExecutor.execute(DriverCommandExecutor.java:83)
at org.openqa.selenium.remote.RemoteWebDriver.execute(RemoteWebDriver.java:552)
at org.openqa.selenium.remote.RemoteWebDriver.startSession(RemoteWebDriver.java:213)
at org.openqa.selenium.remote.RemoteWebDriver.<init>(RemoteWebDriver.java:131)
at org.openqa.selenium.edge.EdgeDriver.<init>(EdgeDriver.java:141)
at org.openqa.selenium.edge.EdgeDriver.<init>(EdgeDriver.java:96)
at browserSetup.baseBrowser.openEdgeBrowser(baseBrowser.java:16)
at test.VerifyHeaderOfMainPage.launchBrowser(VerifyHeaderOfMainPage.java:31)
at java.base/jdk.internal.reflect.DirectMethodHandleAccessor.invoke(DirectMethodHandleAccessor.java:104)
at java.base/java.lang.reflect.Method.invoke(Method.java:577)
at org.testng.internal.MethodInvocationHelper.invokeMethod(MethodInvocationHelper.java:133)
at org.testng.internal.MethodInvocationHelper.invokeMethodConsideringTimeout(MethodInvocationHelper.java:62)
at org.testng.internal.ConfigInvoker.invokeConfigurationMethod(ConfigInvoker.java:385)
at org.testng.internal.ConfigInvoker.invokeConfigurations(ConfigInvoker.java:321)
at org.testng.TestRunner.invokeTestConfigurations(TestRunner.java:637)
at org.testng.TestRunner.beforeRun(TestRunner.java:627)
at org.testng.TestRunner.run(TestRunner.java:589)
at org.testng.SuiteRunner.runTest(SuiteRunner.java:377)
at org.testng.SuiteRunner.runSequentially(SuiteRunner.java:371)
at org.testng.SuiteRunner.privateRun(SuiteRunner.java:332)
at org.testng.SuiteRunner.run(SuiteRunner.java:276)
at org.testng.SuiteRunnerWorker.runSuite(SuiteRunnerWorker.java:53)
at org.testng.SuiteRunnerWorker.run(SuiteRunnerWorker.java:96)
at org.testng.TestNG.runSuitesSequentially(TestNG.java:1212)
at org.testng.TestNG.runSuitesLocally(TestNG.java:1134)
at org.testng.TestNG.runSuites(TestNG.java:1063)
at org.testng.TestNG.run(TestNG.java:1031)
at org.testng.remote.AbstractRemoteTestNG.run(AbstractRemoteTestNG.java:115)
at org.testng.remote.RemoteTestNG.initAndRun(RemoteTestNG.java:251)
at org.testng.remote.RemoteTestNG.main(RemoteTestNG.java:77)
]]>
            </full-stacktrace>
          </exception> <!-- org.openqa.selenium.SessionNotCreatedException -->
          <reporter-output>
          </reporter-output>
        </test-method> <!-- verifyWithoutExchangeIsSelected -->
        <test-method is-config="true" signature="removeObject()[pri:0, instance:test.Verify_Search_MobilePage@130d63be]" started-at="2023-09-28T17:58:33 IST" name="removeObject" finished-at="1970-01-01T05:30:00 IST" duration-ms="-1695904113133" status="SKIP">
          <reporter-output>
          </reporter-output>
        </test-method> <!-- removeObject -->
        <test-method is-config="true" signature="closeBrowser()[pri:0, instance:test.Verify_Search_MobilePage@130d63be]" started-at="2023-09-28T17:58:33 IST" name="closeBrowser" finished-at="1970-01-01T05:30:00 IST" duration-ms="-1695904113161" status="SKIP">
          <reporter-output>
          </reporter-output>
        </test-method> <!-- closeBrowser -->
      </class> <!-- test.Verify_Search_MobilePage -->
    </test> <!-- Edge -->
  </suite> <!-- 456 -->
</testng-results>
