<?xml version="1.0" encoding="UTF-8"?>
<!-- Generated by org.testng.reporters.JUnitReportReporter -->
<testsuite hostname="LAPTOP-3JRU7OQF" failures="0" tests="10" name="test.VerifyHeaderOfMainPage" time="3.488" errors="2" timestamp="2023-09-28T17:58:33 IST" skipped="8">
  <testcase classname="test.VerifyHeaderOfMainPage" name="launchBrowser" time="0.943">
    <error message="session not created: This version of ChromeDriver only supports Chrome version 103
Current browser version is 117.0.5938.92 with binary path C:\Program Files\Google\Chrome\Application\chrome.exe
Build info: version: &#039;3.141.59&#039;, revision: &#039;e82be7d358&#039;, time: &#039;2018-11-14T08:17:03&#039;
System info: host: &#039;LAPTOP-3JRU7OQF&#039;, ip: &#039;192.168.1.113&#039;, os.name: &#039;Windows 11&#039;, os.arch: &#039;amd64&#039;, os.version: &#039;10.0&#039;, java.version: &#039;18.0.1.1&#039;
Driver info: driver.version: ChromeDriver
remote stacktrace: Backtrace:
	Ordinal0 [0x00645FD3+2187219]
	Ordinal0 [0x005DE6D1+1763025]
	Ordinal0 [0x004F3E78+802424]
	Ordinal0 [0x005151F9+938489]
	Ordinal0 [0x00510DDC+921052]
	Ordinal0 [0x0050E691+910993]
	Ordinal0 [0x005417F0+1120240]
	Ordinal0 [0x0054144A+1119306]
	Ordinal0 [0x0053C9A6+1100198]
	Ordinal0 [0x00516F80+946048]
	Ordinal0 [0x00517E76+949878]
	GetHandleVerifier [0x008E90C2+2721218]
	GetHandleVerifier [0x008DAAF0+2662384]
	GetHandleVerifier [0x006D137A+526458]
	GetHandleVerifier [0x006D0416+522518]
	Ordinal0 [0x005E4EAB+1789611]
	Ordinal0 [0x005E97A8+1808296]
	Ordinal0 [0x005E9895+1808533]
	Ordinal0 [0x005F26C1+1844929]
	BaseThreadInitThunk [0x76C76839+25]
	RtlGetFullPathName_UEx [0x77538F0F+1215]
	RtlGetFullPathName_UEx [0x77538EDD+1165]
" type="org.openqa.selenium.SessionNotCreatedException">
      <![CDATA[org.openqa.selenium.SessionNotCreatedException: session not created: This version of ChromeDriver only supports Chrome version 103
Current browser version is 117.0.5938.92 with binary path C:\Program Files\Google\Chrome\Application\chrome.exe
Build info: version: '3.141.59', revision: 'e82be7d358', time: '2018-11-14T08:17:03'
System info: host: 'LAPTOP-3JRU7OQF', ip: '192.168.1.113', os.name: 'Windows 11', os.arch: 'amd64', os.version: '10.0', java.version: '18.0.1.1'
Driver info: driver.version: ChromeDriver
remote stacktrace: Backtrace:
Ordinal0 [0x00645FD3+2187219]
Ordinal0 [0x005DE6D1+1763025]
Ordinal0 [0x004F3E78+802424]
Ordinal0 [0x005151F9+938489]
Ordinal0 [0x00510DDC+921052]
Ordinal0 [0x0050E691+910993]
Ordinal0 [0x005417F0+1120240]
Ordinal0 [0x0054144A+1119306]
Ordinal0 [0x0053C9A6+1100198]
Ordinal0 [0x00516F80+946048]
Ordinal0 [0x00517E76+949878]
GetHandleVerifier [0x008E90C2+2721218]
GetHandleVerifier [0x008DAAF0+2662384]
GetHandleVerifier [0x006D137A+526458]
GetHandleVerifier [0x006D0416+522518]
Ordinal0 [0x005E4EAB+1789611]
Ordinal0 [0x005E97A8+1808296]
Ordinal0 [0x005E9895+1808533]
Ordinal0 [0x005F26C1+1844929]
BaseThreadInitThunk [0x76C76839+25]
RtlGetFullPathName_UEx [0x77538F0F+1215]
RtlGetFullPathName_UEx [0x77538EDD+1165]

at java.base/jdk.internal.reflect.DirectConstructorHandleAccessor.newInstance(DirectConstructorHandleAccessor.java:67)
at java.base/java.lang.reflect.Constructor.newInstanceWithCaller(Constructor.java:499)
at java.base/java.lang.reflect.Constructor.newInstance(Constructor.java:483)
at org.openqa.selenium.remote.W3CHandshakeResponse.lambda$errorHandler$0(W3CHandshakeResponse.java:62)
at org.openqa.selenium.remote.HandshakeResponse.lambda$getResponseFunction$0(HandshakeResponse.java:30)
at org.openqa.selenium.remote.ProtocolHandshake.lambda$createSession$0(ProtocolHandshake.java:126)
at java.base/java.util.stream.ReferencePipeline$3$1.accept(ReferencePipeline.java:197)
at java.base/java.util.Spliterators$ArraySpliterator.tryAdvance(Spliterators.java:1002)
at java.base/java.util.stream.ReferencePipeline.forEachWithCancel(ReferencePipeline.java:129)
at java.base/java.util.stream.AbstractPipeline.copyIntoWithCancel(AbstractPipeline.java:527)
at java.base/java.util.stream.AbstractPipeline.copyInto(AbstractPipeline.java:513)
at java.base/java.util.stream.AbstractPipeline.wrapAndCopyInto(AbstractPipeline.java:499)
at java.base/java.util.stream.FindOps$FindOp.evaluateSequential(FindOps.java:150)
at java.base/java.util.stream.AbstractPipeline.evaluate(AbstractPipeline.java:234)
at java.base/java.util.stream.ReferencePipeline.findFirst(ReferencePipeline.java:647)
at org.openqa.selenium.remote.ProtocolHandshake.createSession(ProtocolHandshake.java:128)
at org.openqa.selenium.remote.ProtocolHandshake.createSession(ProtocolHandshake.java:74)
at org.openqa.selenium.remote.HttpCommandExecutor.execute(HttpCommandExecutor.java:136)
at org.openqa.selenium.remote.service.DriverCommandExecutor.execute(DriverCommandExecutor.java:83)
at org.openqa.selenium.remote.RemoteWebDriver.execute(RemoteWebDriver.java:552)
at org.openqa.selenium.remote.RemoteWebDriver.startSession(RemoteWebDriver.java:213)
at org.openqa.selenium.remote.RemoteWebDriver.<init>(RemoteWebDriver.java:131)
at org.openqa.selenium.chrome.ChromeDriver.<init>(ChromeDriver.java:181)
at org.openqa.selenium.chrome.ChromeDriver.<init>(ChromeDriver.java:168)
at org.openqa.selenium.chrome.ChromeDriver.<init>(ChromeDriver.java:123)
at browserSetup.baseBrowser.openChromeBrowser(baseBrowser.java:11)
at test.VerifyHeaderOfMainPage.launchBrowser(VerifyHeaderOfMainPage.java:28)
at java.base/jdk.internal.reflect.DirectMethodHandleAccessor.invoke(DirectMethodHandleAccessor.java:104)
at java.base/java.lang.reflect.Method.invoke(Method.java:577)
at org.testng.internal.MethodInvocationHelper.invokeMethod(MethodInvocationHelper.java:133)
at org.testng.internal.MethodInvocationHelper.invokeMethodConsideringTimeout(MethodInvocationHelper.java:62)
at org.testng.internal.ConfigInvoker.invokeConfigurationMethod(ConfigInvoker.java:385)
at org.testng.internal.ConfigInvoker.invokeConfigurations(ConfigInvoker.java:321)
at org.testng.TestRunner.invokeTestConfigurations(TestRunner.java:637)
at org.testng.TestRunner.beforeRun(TestRunner.java:627)
at org.testng.TestRunner.run(TestRunner.java:589)
at org.testng.SuiteRunner.runTest(SuiteRunner.java:377)
at org.testng.SuiteRunner.runSequentially(SuiteRunner.java:371)
at org.testng.SuiteRunner.privateRun(SuiteRunner.java:332)
at org.testng.SuiteRunner.run(SuiteRunner.java:276)
at org.testng.SuiteRunnerWorker.runSuite(SuiteRunnerWorker.java:53)
at org.testng.SuiteRunnerWorker.run(SuiteRunnerWorker.java:96)
at org.testng.TestNG.runSuitesSequentially(TestNG.java:1212)
at org.testng.TestNG.runSuitesLocally(TestNG.java:1134)
at org.testng.TestNG.runSuites(TestNG.java:1063)
at org.testng.TestNG.run(TestNG.java:1031)
at org.testng.remote.AbstractRemoteTestNG.run(AbstractRemoteTestNG.java:115)
at org.testng.remote.RemoteTestNG.initAndRun(RemoteTestNG.java:251)
at org.testng.remote.RemoteTestNG.main(RemoteTestNG.java:77)
]]>
    </error>
  </testcase> <!-- launchBrowser -->
  <system-out/>
  <testcase classname="test.VerifyHeaderOfMainPage" name="launchBrowser" time="2.545">
    <error message="session not created: This version of Microsoft Edge WebDriver only supports Microsoft Edge version 105
Current browser version is 117.0.2045.43 with binary path C:\Program Files (x86)\Microsoft\Edge\Application\msedge.exe
Build info: version: &#039;3.141.59&#039;, revision: &#039;e82be7d358&#039;, time: &#039;2018-11-14T08:17:03&#039;
System info: host: &#039;LAPTOP-3JRU7OQF&#039;, ip: &#039;192.168.1.113&#039;, os.name: &#039;Windows 11&#039;, os.arch: &#039;amd64&#039;, os.version: &#039;10.0&#039;, java.version: &#039;18.0.1.1&#039;
Driver info: driver.version: EdgeDriver
remote stacktrace: Backtrace:
	Microsoft::Applications::Events::EventProperties::SetProperty [0x00007FF7DD6E1FE2+17554]
	Microsoft::Applications::Events::EventProperty::EventProperty [0x00007FF7DD67E932+1438450]
	Ordinal0 [0x00007FF7DD2A9345+627525]
	Ordinal0 [0x00007FF7DD2D73D4+816084]
	Ordinal0 [0x00007FF7DD2D28B3+796851]
	Ordinal0 [0x00007FF7DD2CD9F0+776688]
	Ordinal0 [0x00007FF7DD30969F+1021599]
	Ordinal0 [0x00007FF7DD303A43+997955]
	Ordinal0 [0x00007FF7DD2D94C0+824512]
	Ordinal0 [0x00007FF7DD2DA9F8+829944]
	Microsoft::Applications::Events::EventProperty::EventProperty [0x00007FF7DD540308+134344]
	Microsoft::Applications::Events::EventProperty::EventProperty [0x00007FF7DD529C35+42485]
	Microsoft::Applications::Events::EventProperty::EventProperty [0x00007FF7DD52CD1C+55004]
	Ordinal0 [0x00007FF7DD394F14+1593108]
	Microsoft::Applications::Events::EventProperty::EventProperty [0x00007FF7DD68407B+1460795]
	Microsoft::Applications::Events::EventProperty::EventProperty [0x00007FF7DD688044+1477124]
	Microsoft::Applications::Events::EventProperty::EventProperty [0x00007FF7DD68819D+1477469]
	Microsoft::Applications::Events::EventProperty::EventProperty [0x00007FF7DD690169+1510185]
	BaseThreadInitThunk [0x00007FFE55BE53E0+16]
	RtlUserThreadStart [0x00007FFE5682485B+43]
" type="org.openqa.selenium.SessionNotCreatedException">
      <![CDATA[org.openqa.selenium.SessionNotCreatedException: session not created: This version of Microsoft Edge WebDriver only supports Microsoft Edge version 105
Current browser version is 117.0.2045.43 with binary path C:\Program Files (x86)\Microsoft\Edge\Application\msedge.exe
Build info: version: '3.141.59', revision: 'e82be7d358', time: '2018-11-14T08:17:03'
System info: host: 'LAPTOP-3JRU7OQF', ip: '192.168.1.113', os.name: 'Windows 11', os.arch: 'amd64', os.version: '10.0', java.version: '18.0.1.1'
Driver info: driver.version: EdgeDriver
remote stacktrace: Backtrace:
Microsoft::Applications::Events::EventProperties::SetProperty [0x00007FF7DD6E1FE2+17554]
Microsoft::Applications::Events::EventProperty::EventProperty [0x00007FF7DD67E932+1438450]
Ordinal0 [0x00007FF7DD2A9345+627525]
Ordinal0 [0x00007FF7DD2D73D4+816084]
Ordinal0 [0x00007FF7DD2D28B3+796851]
Ordinal0 [0x00007FF7DD2CD9F0+776688]
Ordinal0 [0x00007FF7DD30969F+1021599]
Ordinal0 [0x00007FF7DD303A43+997955]
Ordinal0 [0x00007FF7DD2D94C0+824512]
Ordinal0 [0x00007FF7DD2DA9F8+829944]
Microsoft::Applications::Events::EventProperty::EventProperty [0x00007FF7DD540308+134344]
Microsoft::Applications::Events::EventProperty::EventProperty [0x00007FF7DD529C35+42485]
Microsoft::Applications::Events::EventProperty::EventProperty [0x00007FF7DD52CD1C+55004]
Ordinal0 [0x00007FF7DD394F14+1593108]
Microsoft::Applications::Events::EventProperty::EventProperty [0x00007FF7DD68407B+1460795]
Microsoft::Applications::Events::EventProperty::EventProperty [0x00007FF7DD688044+1477124]
Microsoft::Applications::Events::EventProperty::EventProperty [0x00007FF7DD68819D+1477469]
Microsoft::Applications::Events::EventProperty::EventProperty [0x00007FF7DD690169+1510185]
BaseThreadInitThunk [0x00007FFE55BE53E0+16]
RtlUserThreadStart [0x00007FFE5682485B+43]

at java.base/jdk.internal.reflect.DirectConstructorHandleAccessor.newInstance(DirectConstructorHandleAccessor.java:67)
at java.base/java.lang.reflect.Constructor.newInstanceWithCaller(Constructor.java:499)
at java.base/java.lang.reflect.Constructor.newInstance(Constructor.java:483)
at org.openqa.selenium.remote.W3CHandshakeResponse.lambda$errorHandler$0(W3CHandshakeResponse.java:62)
at org.openqa.selenium.remote.HandshakeResponse.lambda$getResponseFunction$0(HandshakeResponse.java:30)
at org.openqa.selenium.remote.ProtocolHandshake.lambda$createSession$0(ProtocolHandshake.java:126)
at java.base/java.util.stream.ReferencePipeline$3$1.accept(ReferencePipeline.java:197)
at java.base/java.util.Spliterators$ArraySpliterator.tryAdvance(Spliterators.java:1002)
at java.base/java.util.stream.ReferencePipeline.forEachWithCancel(ReferencePipeline.java:129)
at java.base/java.util.stream.AbstractPipeline.copyIntoWithCancel(AbstractPipeline.java:527)
at java.base/java.util.stream.AbstractPipeline.copyInto(AbstractPipeline.java:513)
at java.base/java.util.stream.AbstractPipeline.wrapAndCopyInto(AbstractPipeline.java:499)
at java.base/java.util.stream.FindOps$FindOp.evaluateSequential(FindOps.java:150)
at java.base/java.util.stream.AbstractPipeline.evaluate(AbstractPipeline.java:234)
at java.base/java.util.stream.ReferencePipeline.findFirst(ReferencePipeline.java:647)
at org.openqa.selenium.remote.ProtocolHandshake.createSession(ProtocolHandshake.java:128)
at org.openqa.selenium.remote.ProtocolHandshake.createSession(ProtocolHandshake.java:74)
at org.openqa.selenium.remote.HttpCommandExecutor.execute(HttpCommandExecutor.java:136)
at org.openqa.selenium.remote.service.DriverCommandExecutor.execute(DriverCommandExecutor.java:83)
at org.openqa.selenium.remote.RemoteWebDriver.execute(RemoteWebDriver.java:552)
at org.openqa.selenium.remote.RemoteWebDriver.startSession(RemoteWebDriver.java:213)
at org.openqa.selenium.remote.RemoteWebDriver.<init>(RemoteWebDriver.java:131)
at org.openqa.selenium.edge.EdgeDriver.<init>(EdgeDriver.java:141)
at org.openqa.selenium.edge.EdgeDriver.<init>(EdgeDriver.java:96)
at browserSetup.baseBrowser.openEdgeBrowser(baseBrowser.java:16)
at test.VerifyHeaderOfMainPage.launchBrowser(VerifyHeaderOfMainPage.java:31)
at java.base/jdk.internal.reflect.DirectMethodHandleAccessor.invoke(DirectMethodHandleAccessor.java:104)
at java.base/java.lang.reflect.Method.invoke(Method.java:577)
at org.testng.internal.MethodInvocationHelper.invokeMethod(MethodInvocationHelper.java:133)
at org.testng.internal.MethodInvocationHelper.invokeMethodConsideringTimeout(MethodInvocationHelper.java:62)
at org.testng.internal.ConfigInvoker.invokeConfigurationMethod(ConfigInvoker.java:385)
at org.testng.internal.ConfigInvoker.invokeConfigurations(ConfigInvoker.java:321)
at org.testng.TestRunner.invokeTestConfigurations(TestRunner.java:637)
at org.testng.TestRunner.beforeRun(TestRunner.java:627)
at org.testng.TestRunner.run(TestRunner.java:589)
at org.testng.SuiteRunner.runTest(SuiteRunner.java:377)
at org.testng.SuiteRunner.runSequentially(SuiteRunner.java:371)
at org.testng.SuiteRunner.privateRun(SuiteRunner.java:332)
at org.testng.SuiteRunner.run(SuiteRunner.java:276)
at org.testng.SuiteRunnerWorker.runSuite(SuiteRunnerWorker.java:53)
at org.testng.SuiteRunnerWorker.run(SuiteRunnerWorker.java:96)
at org.testng.TestNG.runSuitesSequentially(TestNG.java:1212)
at org.testng.TestNG.runSuitesLocally(TestNG.java:1134)
at org.testng.TestNG.runSuites(TestNG.java:1063)
at org.testng.TestNG.run(TestNG.java:1031)
at org.testng.remote.AbstractRemoteTestNG.run(AbstractRemoteTestNG.java:115)
at org.testng.remote.RemoteTestNG.initAndRun(RemoteTestNG.java:251)
at org.testng.remote.RemoteTestNG.main(RemoteTestNG.java:77)
]]>
    </error>
  </testcase> <!-- launchBrowser -->
  <system-out/>
  <testcase classname="test.VerifyHeaderOfMainPage" name="verifyAllTab" time="0.000">
    <skipped/>
  </testcase> <!-- verifyAllTab -->
  <system-out/>
  <testcase classname="test.VerifyHeaderOfMainPage" name="verifyAllTab" time="0.000">
    <skipped/>
  </testcase> <!-- verifyAllTab -->
  <system-out/>
  <testcase classname="test.VerifyHeaderOfMainPage" name="verifyBestSellerTab" time="0.000">
    <skipped/>
  </testcase> <!-- verifyBestSellerTab -->
  <system-out/>
  <testcase classname="test.VerifyHeaderOfMainPage" name="verifyBestSellerTab" time="0.000">
    <skipped/>
  </testcase> <!-- verifyBestSellerTab -->
  <system-out/>
  <testcase classname="test.VerifyHeaderOfMainPage" name="verifyBookTab" time="0.000">
    <skipped/>
  </testcase> <!-- verifyBookTab -->
  <system-out/>
  <testcase classname="test.VerifyHeaderOfMainPage" name="verifyBookTab" time="0.000">
    <skipped/>
  </testcase> <!-- verifyBookTab -->
  <system-out/>
  <testcase classname="test.VerifyHeaderOfMainPage" name="verifyCustomerServiceTab" time="0.000">
    <skipped/>
  </testcase> <!-- verifyCustomerServiceTab -->
  <system-out/>
  <testcase classname="test.VerifyHeaderOfMainPage" name="verifyCustomerServiceTab" time="0.000">
    <skipped/>
  </testcase> <!-- verifyCustomerServiceTab -->
  <system-out/>
</testsuite> <!-- test.VerifyHeaderOfMainPage -->
